# bitfield for header selection is:  0x40
 msrdata
 0xcb2218b1
 0xcb2231f6
 0xcb22541b
 0xcb227cc2
 0xcb229ea5
 0xcb22be10
 0xcb22d9e4
 0xcb22f257
 0xcb230bc5
 0xcb2324bd
 0xcb233d8e
 0xcb235710
 0xcb23707d
 0xcb238bc5
 0xcb23a496
 0xcb23bdad
 0xcb23d914
 0xcb23f1d9
 0xcb240a30
 0xcb24234f
 0xcb243cb7
 0xcb245659
 0xcb246ef2
 0xcb2489db
 0xcb24a330
 0xcb24bf6e
 0xcb24dced
 0xcb2504b9
 0xcb251d83
 0xcb2537b0
 0xcb2550b9
 0xcb2568f8
 0xcb2581bd
 0xcb259a7c
 0xcb25b2c5
 0xcb25cb47
 0xcb25e4a2
 0xcb25fe98
 0xcb2617dc
 0xcb2630b1
 0xcb2648fb
 0xcb266397
 0xcb267bf0
 0xcb269633
 0xcb26af99
 0xcb26cc9b
 0xcb26e5ed
 0xcb2705aa
 0xcb271e2d
 0xcb273726
 0xcb274fe7
 0xcb27687e
 0xcb27817f
 0xcb27a06b
 0xcb27b97f
 0xcb27d2eb
 0xcb27ee13
 0xcb280643
 0xcb282039
 0xcb2839c9
 0xcb2852cf
 0xcb286b5a
 0xcb2884b3
 0xcb289db6
 0xcb28b61e
 0xcb28d447
 0xcb28f0c7
 0xcb290b93
 0xcb2924c3
 0xcb293e79
 0xcb295616
 0xcb296e8d
 0xcb298816
 0xcb29a158
 0xcb29bc68
 0xcb29d595
 0xcb29ee2e
 0xcb2a080e
 0xcb2a2160
 0xcb2a3cc1
 0xcb2a55cb
 0xcb2a6f77
 0xcb2a8869
 0xcb2aa0a3
 0xcb2aba4c
 0xcb2ad70a
 0xcb2af083
 0xcb2b085d
 0xcb2b2346
 0xcb2b3bc9
 0xcb2b554b
 0xcb2b6d6d
 0xcb2b85f3
 0xcb2b9ec5
 0xcb2bb842
 0xcb2bd16f
 0xcb2becb8
 0xcb2c053a
 0xcb2c1c0d
 0xcb2c361e
 0xcb2c4ff5
 0xcb2c686a
 0xcb2c812f
 0xcb2c9a78
 0xcb2cb990
 0xcb2cdebd
 0xcb2d0041
 0xcb2d2222
 0xcb2d42c5
 0xcb2d5c53
 0xcb2d74de
 0xcb2d8e54
 0xcb2da812
 0xcb2dc10e
 0xcb2dda91
 0xcb2df213
 0xcb2e0c9a
 0xcb2e252b
 0xcb2e3de2
 0xcb2e5634
 0xcb2e6f99
 0xcb2e8955
 0xcb2ea28d
 0xcb2ebafa
 0xcb2ed3f4
 0xcb2ef163
 0xcb2f0b63
 0xcb2f24a8
 0xcb2f3d32
 0xcb2f55e0
 0xcb2f6f93
 0xcb2f87a9
 0xcb2fa105
 0xcb2fb95a
 0xcb2fd223
 0xcb2feaeb
 0xcb30054f
 0xcb301d2b
 0xcb3036f2
 0xcb305081
 0xcb307407
 0xcb308d9a
 0xcb30a718
 0xcb30c0e9
 0xcb30d9b7
 0xcb30f5a9
 0xcb311085
 0xcb3129ab
 0xcb31423e
 0xcb315b0e
 0xcb31734a
 0xcb318cfc
 0xcb31a59d
 0xcb31c06b
 0xcb31dba9
 0xcb31f472
 0xcb320d9e
 0xcb322765
 0xcb324493
 0xcb325f97
 0xcb32791a
 0xcb32941a
 0xcb32ad2c
 0xcb32c5c2
 0xcb32e1f3
 0xcb3301ed
 0xcb3324fc
 0xcb333ecc
 0xcb3358d9
 0xcb3370fd
 0xcb338aae
 0xcb33a44e
 0xcb33bd90
 0xcb33e72d
 0xcb34014c
 0xcb3418e9
 0xcb34358f
 0xcb344eda
 0xcb346820
 0xcb34808e
 0xcb349893
 0xcb34b1f2
 0xcb34cae8
 0xcb34e32b
 0xcb34fbf2
 0xcb351851
 0xcb353351
 0xcb354bf7
 0xcb356549
 0xcb357e40
 0xcb359657
 0xcb35afe3
 0xcb35c843
 0xcb35e279
 0xcb35faf2
 0xcb3613c7
 0xcb362d77
 0xcb3646a5
 0xcb36600b
 0xcb367937
 0xcb369285
 0xcb36aaf4
 0xcb36c411
 0xcb36de0e
 0xcb36f9f8
 0xcb3712d7
 0xcb372e66
 0xcb374809
 0xcb3760eb
 0xcb377a8e
 0xcb3795e7
 0xcb37aff2
 0xcb37cb34
 0xcb37e4c8
 0xcb37fd9b
 0xcb381731
 0xcb38321f
 0xcb384bb1
 0xcb386486
 0xcb387e57
 0xcb38972a
 0xcb38af84
 0xcb38c839
 0xcb38e34d
 0xcb38ffb7
 0xcb39188b
 0xcb393277
 0xcb394cf6
 0xcb396561
 0xcb397f1b
 0xcb39975b
 0xcb39afc1
 0xcb39c9d6
 0xcb39e202
 0xcb39fabb
 0xcb3a1324
 0xcb3a2cc1
 0xcb3a46e5
 0xcb3a5f0c
 0xcb3a7889
 0xcb3a9176
 0xcb3aaa82
 0xcb3ac262
 0xcb3adc43
 0xcb3af980
 0xcb3b13af
 0xcb3b2c01
 0xcb3b4c57
 0xcb3b65cf
 0xcb3b7eed
 0xcb3b96c7
 0xcb3badb0
 0xcb3bc96e
 0xcb3be271
 0xcb3bfb2d
 0xcb3c154c
 0xcb3c2d5b
 0xcb3c45bf
 0xcb3c5f3c
 0xcb3c77f1
 0xcb3c9124
 0xcb3caa0b
 0xcb3cc320
 0xcb3cdb6f
 0xcb3cf78b
 0xcb3d169f
 0xcb3d3069
 0xcb3d4a30
 0xcb3d6306
 0xcb3d7bcc
 0xcb3d9430
 0xcb3dac8b
 0xcb3dc5f8
 0xcb3ddf1d
 0xcb3df6fe
 0xcb3e0fca
 0xcb3e3022
 0xcb3e47c8
 0xcb3e61a2
 0xcb3e79b7
 0xcb3e92b2
 0xcb3eac3c
 0xcb3ec53b
 0xcb3edd96
 0xcb3efc94
 0xcb3f16bc
 0xcb3f3f33
 0xcb3f692a
 0xcb3f859f
 0xcb3f9dd7
 0xcb3fc7a8
 0xcb3fe082
 0xcb3ff904
 0xcb4011a3
 0xcb402fec
 0xcb404997
 0xcb406206
 0xcb407bbb
 0xcb40941b
 0xcb40acb7
 0xcb40c5c6
 0xcb40de57
 0xcb40f82d
 0xcb411158
 0xcb413555
 0xcb415ce6
 0xcb417701
 0xcb418eb2
 0xcb41a900
 0xcb41c1c4
 0xcb41da7d
 0xcb41f31b
 0xcb420c91
 0xcb422547
 0xcb423ed7
 0xcb425954
 0xcb4271a4
 0xcb428acb
 0xcb42a274
 0xcb42bb57
 0xcb42d48d
 0xcb42ec77
 0xcb4304e9
 0xcb431e26
 0xcb433cc1
 0xcb436625
 0xcb438e72
 0xcb43a866
 0xcb43c0c0
 0xcb43dbf1
 0xcb43f4fb
 0xcb440e21
 0xcb4425e4
 0xcb443f02
 0xcb445862
 0xcb44737f
 0xcb448c2d
 0xcb44a5bf
 0xcb44be24
 0xcb44d770
 0xcb44ef8e
 0xcb45082f
 0xcb4521ba
 0xcb453a2e
 0xcb455789
 0xcb4571de
 0xcb45899e
 0xcb45a653
 0xcb45bfd0
 0xcb45d9cc
 0xcb45f072
 0xcb460a48
 0xcb462432
 0xcb463c9a
 0xcb465530
 0xcb466e70
 0xcb4687e6
 0xcb469fd1
 0xcb46b99e
 0xcb46d2cd
 0xcb46eb0c
 0xcb470402
 0xcb471ca0
 0xcb4735c9
 0xcb475533
 0xcb476ea8
 0xcb478713
 0xcb47a0ad
 0xcb47b934
 0xcb47d0bf
 0xcb47eabc
 0xcb480348
 0xcb481b79
 0xcb48348a
 0xcb484d14
 0xcb4867e9
 0xcb4881de
 0xcb489b10
 0xcb48b35b
 0xcb48cc60
 0xcb48e544
 0xcb48fe26
 0xcb49167f
 0xcb492f15
 0xcb494ae5
 0xcb4964d5
 0xcb497dc3
 0xcb49963e
 0xcb49af91
 0xcb49c898
 0xcb49eeab
 0xcb4a1521
 0xcb4a2e1b
 0xcb4a4753
 0xcb4a5f47
 0xcb4a7927
 0xcb4a92b0
 0xcb4aaaed
 0xcb4ac410
 0xcb4adce3
 0xcb4af476
 0xcb4b0d34
 0xcb4b26f2
 0xcb4b448f
 0xcb4b5ee2
 0xcb4b784c
 0xcb4b95e9
 0xcb4bb004
 0xcb4bc95f
 0xcb4be0f5
 0xcb4bfb00
 0xcb4c1486
 0xcb4c2daf
 0xcb4c466b
 0xcb4c5fdf
 0xcb4c7a2d
 0xcb4c92e8
 0xcb4cabfa
 0xcb4cc446
 0xcb4cddf0
 0xcb4cf6af
 0xcb4d0fa9
 0xcb4d28c2
 0xcb4d410b
 0xcb4d5e4a
 0xcb4d7b72
 0xcb4d946b
 0xcb4dad80
 0xcb4dc6a3
 0xcb4dde78
 0xcb4df747
 0xcb4e124a
 0xcb4e2b0b
 0xcb4e4470
 0xcb4e5d58
 0xcb4e7664
 0xcb4e9019
 0xcb4eb4e1
 0xcb4ed00f
 0xcb4eeab6
 0xcb4f02f4
 0xcb4f1c49
 0xcb4f3478
 0xcb4f4def
 0xcb4f6aec
 0xcb4f83ba
 0xcb4f9e18
 0xcb4fb744
 0xcb4fda81
 0xcb5004cd
 0xcb5024b7
 0xcb503edb
 0xcb5058a8
 0xcb5071b7
 0xcb508a90
 0xcb50a338
 0xcb50bc95
 0xcb50d5b4
 0xcb50ef0b
 0xcb510793
 0xcb512087
 0xcb5138dc
 0xcb5152ca
 0xcb516eda
 0xcb5188c3
 0xcb51a32d
 0xcb51bb92
 0xcb51d3e0
 0xcb51ec6e
 0xcb52058d
 0xcb521da9
 0xcb523730
 0xcb52508f
 0xcb526884
 0xcb5282f7
 0xcb529bca
 0xcb52b45a
 0xcb52cd24
 0xcb52e5b8
 0xcb52fe19
 0xcb531800
 0xcb5330b4
 0xcb534929
 0xcb53672e
 0xcb538069
 0xcb539866
 0xcb53b2c2
 0xcb53cb87
 0xcb53e433
 0xcb53fdaf
 0xcb541746
 0xcb542fca
 0xcb544803
 0xcb546269
 0xcb547b73
 0xcb5497c2
 0xcb54aff9
 0xcb54c7bb
 0xcb54e2dd
 0xcb54fb55
 0xcb5513cb
 0xcb552d53
 0xcb55459b
 0xcb555f0e
 0xcb557a53
 0xcb5599be
 0xcb55b1e9
 0xcb55cb23
 0xcb55e370
 0xcb55fc74
 0xcb56155f
 0xcb562e55
 0xcb564760
 0xcb5660a0
 0xcb567a06
 0xcb569895
 0xcb56b3f5
 0xcb56cc52
 0xcb56e4e6
 0xcb56feb2
 0xcb571727
 0xcb572fed
 0xcb574878
 0xcb576584
 0xcb577dda
 0xcb579d3d
 0xcb57b7af
 0xcb57d04c
 0xcb57f20e
 0xcb580b93
 0xcb58249f
 0xcb583d4d
 0xcb585593
 0xcb586f8c
 0xcb5887c1
 0xcb58a35d
 0xcb58bc4e
 0xcb58d557
 0xcb58ee97
 0xcb59070b
 0xcb592026
 0xcb5938a4
 0xcb595221
 0xcb596ead
 0xcb5988a3
 0xcb59a488
 0xcb59be6e
 0xcb59d746
 0xcb59f019
 0xcb5a0801
 0xcb5a213e
 0xcb5a39db
 0xcb5a5376
 0xcb5a6d46
 0xcb5a8610
 0xcb5a9f46
 0xcb5ab852
 0xcb5ad117
 0xcb5ae9ba
 0xcb5b0259
 0xcb5b1acf
 0xcb5b338c
 0xcb5b4c19
 0xcb5b6686
 0xcb5b8246
 0xcb5b9b04
 0xcb5bb368
 0xcb5bcc77
 0xcb5be5fd
 0xcb5bff2a
 0xcb5c16be
 0xcb5c301d
 0xcb5c4949
 0xcb5c622f
 0xcb5c7bea
 0xcb5c94de
 0xcb5cadba
 0xcb5cc593
 0xcb5cdef5
 0xcb5cfa61
 0xcb5d12ab
 0xcb5d2b24
 0xcb5d43bf
 0xcb5d6161
 0xcb5d7c9d
 0xcb5d9514
 0xcb5daee3
 0xcb5dc6bd
 0xcb5dde5d
 0xcb5df896
 0xcb5e1154
 0xcb5e2a79
 0xcb5e4279
 0xcb5e5ba8
 0xcb5e7486
 0xcb5e8dba
 0xcb5ea6d3
 0xcb5ec02a
 0xcb5ed817
 0xcb5ef126
 0xcb5f0a95
 0xcb5f23d1
 0xcb5f3cad
 0xcb5f58cd
 0xcb5f7695
 0xcb5f9956
 0xcb5fbcd4
 0xcb5fd4f7
 0xcb5feecb
 0xcb60076b
 0xcb601ff0
 0xcb60377e
 0xcb60518a
 0xcb606a22
 0xcb608430
 0xcb60a0e9
 0xcb60c85b
 0xcb60e0e4
 0xcb60f8b3
 0xcb611279
 0xcb613de3
 0xcb615900
 0xcb6171d1
 0xcb618f19
 0xcb61a849
 0xcb61c19a
 0xcb61d9d0
 0xcb61f0e2
 0xcb620b8c
 0xcb622352
 0xcb623cb1
 0xcb625595
 0xcb626efe
 0xcb6287c9
 0xcb629fcf
 0xcb62b9ac
 0xcb62d296
 0xcb62ea21
 0xcb63037e
 0xcb631c56
 0xcb63376e
 0xcb635128
 0xcb636a23
 0xcb638670
 0xcb63a0e9
 0xcb63c079
 0xcb63d9c1
 0xcb63f22d
 0xcb640af4
 0xcb64236d
 0xcb643bf3
 0xcb6455e6
 0xcb646e5b
 0xcb6486aa
 0xcb64a366
 0xcb64bdd5
 0xcb64d6e3
 0xcb64f08c
 0xcb650a54
 0xcb652299
 0xcb653c63
 0xcb65549e
 0xcb656e2c
 0xcb658a2f
 0xcb65a8a1
 0xcb65c168
 0xcb65daa8
 0xcb65f3f8
 0xcb660bdb
 0xcb66255f
 0xcb663e60
 0xcb66573d
 0xcb66705b
 0xcb66899a
 0xcb66a338
 0xcb66bf3a
 0xcb66d886
 0xcb66f191
 0xcb670a1d
 0xcb672321
 0xcb673bd4
 0xcb6754b1
 0xcb676e6d
 0xcb678ad6
 0xcb67a381
 0xcb67bd01
 0xcb67d637
 0xcb67ef93
 0xcb68072c
 0xcb6820bf
 0xcb683999
 0xcb6852bd
 0xcb686c97
 0xcb6885db
 0xcb68a0f2
 0xcb68b9ad
 0xcb68d286
 0xcb68eb8f
 0xcb69052f
 0xcb691dcd
 0xcb693719
 0xcb6953f8
 0xcb696c55
 0xcb698906
 0xcb69a73c
 0xcb69c031
 0xcb69d941
 0xcb69f1c7
 0xcb6a0a95
 0xcb6a2312
 0xcb6a3bd9
 0xcb6a5516
 0xcb6a6da7
 0xcb6a86d6
 0xcb6a9f66
 0xcb6ab884
 0xcb6ad202
 0xcb6aeacc
 0xcb6b03f2
 0xcb6b1cff
 0xcb6b34bc
 0xcb6b4e32
 0xcb6b671d
 0xcb6b8385
 0xcb6b9df1
 0xcb6bb6fb
 0xcb6bd790
 0xcb6bf103
 0xcb6c08ef
 0xcb6c220d
 0xcb6c3b4e
 0xcb6c53c9
 0xcb6c6c91
 0xcb6c84af
 0xcb6c9f62
 0xcb6cb892
 0xcb6cd101
 0xcb6cebc3
 0xcb6d04e7
 0xcb6d1d3b
 0xcb6d3572
 0xcb6d4e98
 0xcb6d66e1
 0xcb6d839c
 0xcb6d9e1a
 0xcb6db709
 0xcb6dcfb8
 0xcb6de862
 0xcb6e0131
 0xcb6e1a9e
 0xcb6e331b
 0xcb6e4c27
 0xcb6e661c
 0xcb6e7ea8
 0xcb6e9864
 0xcb6eb159
 0xcb6ec996
 0xcb6ee3c6
 0xcb6efcb4
 0xcb6f1505
 0xcb6f2c6a
 0xcb6f45ba
 0xcb6f5e6e
 0xcb6f7ade
 0xcb6f996d
 0xcb6fb423
 0xcb6fcbe4
 0xcb6fe5a3
 0xcb6ffe5f
 0xcb7016be
 0xcb702fe0
 0xcb705a67
 0xcb7072aa
 0xcb708b1f
 0xcb70a528
 0xcb70be12
 0xcb70d789
 0xcb70f0f5
 0xcb710a68
 0xcb71232f
 0xcb713a9f
 0xcb7153ff
 0xcb7170a0
 0xcb718973
 0xcb71a750
 0xcb71c03f
 0xcb71da52
 0xcb71f2ef
 0xcb720c2b
 0xcb7224bb
 0xcb723cb9
 0xcb7256e0
 0xcb727115
 0xcb728a35
 0xcb72a347
 0xcb72bba5
 0xcb72d522
 0xcb72ef1e
 0xcb730905
 0xcb732178
 0xcb733a4f
 0xcb7353f8
 0xcb736c8e
 0xcb7388e5
 0xcb73a1b7
 0xcb73bb9d
 0xcb73d3ea
 0xcb73ed25
 0xcb7405eb
 0xcb741e2c
 0xcb7438f3
 0xcb7451b4
 0xcb746b28
 0xcb748428
 0xcb74a06a
 0xcb74b7ec
 0xcb74d12e
 0xcb74ed9b
 0xcb7506d6
 0xcb7520ac
 0xcb75396b
 0xcb755225
 0xcb756b7b
 0xcb7586f9
 0xcb75a334
 0xcb75bd1d
 0xcb75d65a
 0xcb75ef2d
 0xcb760871
 0xcb762450
 0xcb763dae
 0xcb7656f0
 0xcb766f07
 0xcb7687da
 0xcb76a094
 0xcb76b9ee
 0xcb76d137
 0xcb76ea79
 0xcb770367
 0xcb771cba
 0xcb77347a
 0xcb774eef
 0xcb776be0
 0xcb7785a2
 0xcb779ea7
 0xcb77b82a
 0xcb77cfa5
 0xcb77e8d2
 0xcb78013b
 0xcb781990
 0xcb783349
 0xcb784b03
 0xcb78655a
 0xcb787eb0
 0xcb7898e3
 0xcb78b1d8
 0xcb78ca29
 0xcb78e2c0
 0xcb78fc80
 0xcb791568
 0xcb792fa3
 0xcb79481d
 0xcb796108
 0xcb798047
 0xcb7999fb
 0xcb79b371
 0xcb79cc91
 0xcb79e3c0
 0xcb79fdfb
 0xcb7a16a8
 0xcb7a2f34
 0xcb7a48a8
 0xcb7a6134
 0xcb7a7ac9
 0xcb7a9a05
 0xcb7ab3e3
 0xcb7acc67
 0xcb7ae489
 0xcb7afe93
 0xcb7b17b3
 0xcb7b3119
 0xcb7b49de
 0xcb7b652d
 0xcb7b7f6d
 0xcb7b97cf
 0xcb7bb2d5
 0xcb7bcae5
 0xcb7be514
 0xcb7bfe99
 0xcb7c18ab
 0xcb7c36b4
 0xcb7c4ec2
 0xcb7c6732
 0xcb7c825c
 0xcb7c9af3
 0xcb7cb39b
 0xcb7ccc2e
 0xcb7ce3f3
 0xcb7cfd72
 0xcb7d1581
 0xcb7d30f2
 0xcb7d4944
 0xcb7d64f0
 0xcb7d804b
 0xcb7d9842
 0xcb7db178
 0xcb7dcab9
 0xcb7de313
 0xcb7dfc1c
 0xcb7e1431
 0xcb7e2ce0
 0xcb7e455d
 0xcb7e5f4a
 0xcb7e77d6
 0xcb7e9019
 0xcb7eaa7c
 0xcb7ec29e
 0xcb7edbbf
 0xcb7ef4db
 0xcb7f0d6d
 0xcb7f2598
 0xcb7f406c
 0xcb7f5bda
 0xcb7f7448
 0xcb7f8dc0
 0xcb7fa6cd
 0xcb7fbed2
 0xcb7fd766
 0xcb7ff0a2
 0xcb800860
 0xcb802143
 0xcb803a11
 0xcb8052cc
 0xcb806d00
 0xcb808538
 0xcb809f11
 0xcb80b7f3
 0xcb80d214
 0xcb80eaf0
 0xcb81035e
 0xcb811c49
 0xcb8136ad
 0xcb815228
 0xcb816c0f
 0xcb81851d
 0xcb819f54
 0xcb81b887
 0xcb81d106
 0xcb81e941
 0xcb8201dd
 0xcb821b5c
 0xcb82364e
 0xcb824e43
 0xcb82671a
 0xcb828016
 0xcb829931
 0xcb82b146
 0xcb82ca1d
 0xcb82e2a2
 0xcb82fb2f
 0xcb83148d
 0xcb832ccd
 0xcb834b04
 0xcb836339
 0xcb837cbf
 0xcb8397df
 0xcb83b000
 0xcb83c95d
 0xcb83e122
 0xcb83facb
 0xcb841362
 0xcb842ccb
 0xcb8445a1
 0xcb845fd9
 0xcb847b0d
 0xcb849480
 0xcb84adfa
 0xcb84c6d3
 0xcb84de14
 0xcb84f7f3
 0xcb85105a
 0xcb852959
 0xcb8545eb
 0xcb8561bf
 0xcb857a3d
 0xcb859319
 0xcb85abc4
 0xcb85c340
 0xcb85dd4f
 0xcb85f4fc
 0xcb860ef5
 0xcb862866
 0xcb8648fd
 0xcb866cc1
 0xcb868680
 0xcb86a007
 0xcb86b871
 0xcb86d22d
 0xcb86ea44
 0xcb8703ba
 0xcb871d76
 0xcb8735b5
 0xcb875349
 0xcb876b9d
 0xcb8783d6
 0xcb879db8
 0xcb87b73d
 0xcb87cf7c
 0xcb87e8ac
 0xcb880079
 0xcb881a2f
 0xcb8833ba
 0xcb884cff
 0xcb886b95
 0xcb88837d
 0xcb889c93
 0xcb88b6a5
 0xcb88cfef
 0xcb88e8cf
 0xcb890137
 0xcb8919d3
 0xcb893347
 0xcb894eaa
 0xcb896b1c
 0xcb898405
 0xcb899dc6
 0xcb89b6de
 0xcb89cf17
 0xcb89e7d2
 0xcb8a003c
 0xcb8a1971
 0xcb8a31f8
 0xcb8a4b17
 0xcb8a6397
 0xcb8a7cbb
 0xcb8a951c
 0xcb8aae3f
 0xcb8ac75a
 0xcb8ae03b
 0xcb8af7e9
 0xcb8b1265
 0xcb8b2b40
 0xcb8b4850
 0xcb8b62df
 0xcb8b7c6f
 0xcb8b95fa
 0xcb8bae97
 0xcb8bc72f
 0xcb8be037
 0xcb8bf848
 0xcb8c11ba
 0xcb8c2a83
 0xcb8c43f8
 0xcb8c5df8
 0xcb8c7656
 0xcb8c8ffd
 0xcb8ca948
 0xcb8cc2a3
 0xcb8cdbd6
 0xcb8cf424
 0xcb8d0e6c
 0xcb8d2773
 0xcb8d4448
 0xcb8d5e48
 0xcb8d77fd
 0xcb8d90ed
 0xcb8da96e
 0xcb8dc1a6
 0xcb8dda04
 0xcb8df28c
 0xcb8e0c47
 0xcb8e24e5
 0xcb8e3e01
 0xcb8e56e9
 0xcb8e6fd4
 0xcb8e88b4
 0xcb8ea27d
 0xcb8ebaec
 0xcb8ed2a7
 0xcb8eef83
 0xcb8f0857
 0xcb8f2372
 0xcb8f3daa
 0xcb8f5bb0
 0xcb8f765d
 0xcb8f8f09
 0xcb8fa985
 0xcb8fc197
 0xcb8fdac5
 0xcb8ff2f3
 0xcb900c5a
 0xcb9025bc
 0xcb903d73
 0xcb905794
 0xcb9070c9
 0xcb908a74
 0xcb90a2f2
 0xcb90bab3
 0xcb90d555
 0xcb90edfc
 0xcb9106b8
 0xcb9123c9
 0xcb913ce2
 0xcb91579b
 0xcb917033
 0xcb918a23
 0xcb91a357
 0xcb91bbfc
 0xcb91d3b8
 0xcb91ece3
 0xcb9206bd
 0xcb921fc3
 0xcb92395e
 0xcb92514d
 0xcb9268fd
 0xcb92899f
 0xcb92a309
 0xcb92bb12
 0xcb92d181
 0xcb92ec41
 0xcb93053a
 0xcb932712
 0xcb934036
 0xcb9358d9
 0xcb9372c8
 0xcb938c76
 0xcb93a56e
 0xcb93bcd9
 0xcb93d61f
 0xcb93ef5e
 0xcb9407e3
 0xcb9420bc
 0xcb943a0c
 0xcb9455f2
 0xcb946e53
 0xcb948668
 0xcb949f4e
 0xcb94b8bb
 0xcb94d0d6
 0xcb94eaa6
 0xcb950b43
 0xcb9527e2
 0xcb9541f0
 0xcb955d5e
 0xcb9575f0
 0xcb958fc2
 0xcb95a7fb
 0xcb95c110
 0xcb95d964
 0xcb95f2d5
 0xcb960bc8
 0xcb96253d
 0xcb963e05
 0xcb9656b8
 0xcb966f92
 0xcb9688bc
 0xcb96a17c
 0xcb96ba7b
 0xcb96d2ce
 0xcb96eb97
 0xcb9703d9
 0xcb97203e
 0xcb973a59
 0xcb9752bd
 0xcb976b9e
 0xcb978488
 0xcb979dfc
 0xcb97b655
 0xcb97cf54
 0xcb97e81c
 0xcb9800c5
 0xcb9819a8
 0xcb9833d4
 0xcb984cdd
 0xcb9866f3
 0xcb988010
 0xcb9898fd
 0xcb98b2b9
 0xcb98cbe4
 0xcb98e423
 0xcb98fcea
 0xcb9919c2
 0xcb993515
 0xcb9954ae
 0xcb996d02
 0xcb99856f
 0xcb999e5c
 0xcb99b7e7
 0xcb99cfcd
 0xcb99e864
 0xcb9a00c6
 0xcb9a197e
 0xcb9a3393
 0xcb9a4bee
 0xcb9a64bd
 0xcb9a7dd7
 0xcb9a9789
 0xcb9aafae
 0xcb9ac837
 0xcb9ae1bc
 0xcb9af9cb
 0xcb9b16aa
 0xcb9b2fa5
 0xcb9b4838
 0xcb9b6154
 0xcb9b79c5
 0xcb9b9295
 0xcb9babbf
 0xcb9bc38c
 0xcb9bdb49
 0xcb9bf4c9
 0xcb9c0e88
 0xcb9c289e
 0xcb9c4110
 0xcb9c59d8
 0xcb9c7278
 0xcb9c8b34
 0xcb9cbd96
 0xcb9cd976
 0xcb9cf191
 0xcb9d0abd
 0xcb9d27b5
 0xcb9d41a1
 0xcb9d5abf
 0xcb9d75bd
 0xcb9d8de5
 0xcb9da769
 0xcb9dc11a
 0xcb9dd87e
 0xcb9df235
 0xcb9e0b42
 0xcb9e236b
 0xcb9e3cd3
 0xcb9e56c3
 0xcb9e6e91
 0xcb9e882e
 0xcb9ea11c
 0xcb9eba12
 0xcb9ed2a0
 0xcb9eec5b
 0xcb9f0555
 0xcb9f209f
 0xcb9f3b73
 0xcb9f5543
 0xcb9f7091
 0xcb9f899d
 0xcb9fa2de
 0xcb9fbb5b
 0xcb9fd44d
 0xcb9fed72
 0xcba00760
 0xcba0214d
 0xcba03a7f
 0xcba05361
 0xcba06cef
 0xcba085f5
 0xcba09f51
 0xcba0b782
 0xcba0d0a7
 0xcba0ea1d
 0xcba103c4
 0xcba120f5
 0xcba13f84
 0xcba15871
 0xcba171ec
 0xcba18b55
 0xcba1a4a2
 0xcba1bd11
 0xcba1d6aa
 0xcba1ef5e
 0xcba20908
 0xcba22202
 0xcba23aeb
 0xcba25370
 0xcba26d21
 0xcba285f6
 0xcba29ee2
 0xcba2b73d
 0xcba2d0e2
 0xcba2e8d1
 0xcba30288
 0xcba31ef6
 0xcba33774
 0xcba35090
 0xcba36d01
 0xcba384df
 0xcba39e2f
 0xcba3b792
 0xcba3d152
 0xcba3e9da
 0xcba402e4
 0xcba41b7b
 0xcba436ce
 0xcba44fbd
 0xcba46900
 0xcba48180
 0xcba49b0b
 0xcba4b3df
 0xcba4cd20
 0xcba4e6be
 0xcba4ff11
 0xcba51c49
 0xcba536bb
 0xcba54fdc
 0xcba56956
 0xcba581df
 0xcba59ad1
 0xcba5b316
 0xcba5cbd7
 0xcba5e5c2
 0xcba5fe1d
 0xcba61859
 0xcba630b0
 0xcba64977
 0xcba66292
 0xcba67bf7
 0xcba6942e
 0xcba6aeac
 0xcba6c746
 0xcba6e010
 0xcba6f84c
 0xcba71527
 0xcba72fa6
 0xcba749ec
 0xcba765b6
 0xcba77e7c
 0xcba797bd
 0xcba7b062
 0xcba7ce5c
 0xcba7e98a
 0xcba80250
 0xcba81c0c
 0xcba837a9
 0xcba84eee
 0xcba869b4
 0xcba8832c
 0xcba89bc1
 0xcba8b492
 0xcba8ce18
 0xcba8e6a8
 0xcba8ff7a
 0xcba91c81
 0xcba9375f
 0xcba9501c
 0xcba96816
 0xcba981ed
 0xcba99ada
 0xcba9b3ef
 0xcba9cc08
 0xcba9e5e2
 0xcbaa0021
 0xcbaa1950
 0xcbaa320d
 0xcbaa4a7f
 0xcbaa62d9
 0xcbaa7bcf
 0xcbaa94e2
 0xcbaaae93
 0xcbaac6b3
 0xcbaadf69
 0xcbaaf94f
 0xcbab1622
 0xcbab34d3
 0xcbab4ee4
 0xcbab678d
 0xcbab808a
 0xcbab9949
 0xcbabb1b7
 0xcbabc9d5
 0xcbabf456
 0xcbac0e39
 0xcbac26b2
 0xcbac4232
 0xcbac5b67
 0xcbac7440
 0xcbac8c2e
 0xcbaca57e
 0xcbacbdc5
 0xcbacd6eb
 0xcbacefa1
 0xcbad087c
 0xcbad2493
 0xcbad42ec
 0xcbad5af5
 0xcbad7343
 0xcbad8ccc
 0xcbada623
 0xcbadbe8f
 0xcbadd8c5
 0xcbadf1ef
 0xcbae0d59
 0xcbae26b5
 0xcbae3ec5
 0xcbae581d
 0xcbae7029
 0xcbae8895
 0xcbaea182
 0xcbaebab2
 0xcbaed314
 0xcbaeecb5
 0xcbaf0846
 0xcbaf2153
 0xcbaf3ba5
 0xcbaf5607
 0xcbaf6e2d
 0xcbaf8801
 0xcbaf9fa5
 0xcbafb8ca
 0xcbafd259
 0xcbafeac8
 0xcbb0038d
 0xcbb01dfc
 0xcbb03814
 0xcbb0512d
 0xcbb069d3
 0xcbb082a1
 0xcbb09b91
 0xcbb0b44f
 0xcbb0cbaf
 0xcbb0e52c
 0xcbb100bf
 0xcbb11970
 0xcbb133d7
 0xcbb14d38
 0xcbb165cc
 0xcbb17f5d
 0xcbb19765
 0xcbb1b0e8
 0xcbb1c994
 0xcbb1e1b7
 0xcbb1fbc6
 0xcbb215a1
 0xcbb22e9a
 0xcbb24838
 0xcbb2605b
 0xcbb27855
 0xcbb2916e
 0xcbb2aaf1
 0xcbb2c2f3
 0xcbb2dc6e
 0xcbb2f4fb
 0xcbb310ef
 0xcbb32bee
 0xcbb344ae
 0xcbb35d3b
 0xcbb376a2
 0xcbb38f84
 0xcbb3a7f9
 0xcbb3c14d
 0xcbb3da41
 0xcbb3f2aa
 0xcbb40e47
 0xcbb42831
 0xcbb44043
 0xcbb458b1
 0xcbb47181
 0xcbb489c9
 0xcbb4a315
 0xcbb4bc64
 0xcbb4d428
 0xcbb4f067
 0xcbb50b91
 0xcbb52691
 0xcbb53e2e
 0xcbb556b6
 0xcbb57064
 0xcbb589cf
 0xcbb5a2e7
 0xcbb5bc1d
 0xcbb5d508
 0xcbb5ed75
 0xcbb605ce
 0xcbb62584
 0xcbb63fb1
 0xcbb6582b
 0xcbb670e5
 0xcbb689cc
 0xcbb6a2ea
 0xcbb6bbd7
 0xcbb6d4b5
 0xcbb6f3ab
 0xcbb70ca5
 0xcbb724f2
 0xcbb73f91
 0xcbb7581e
 0xcbb7718b
 0xcbb78abc
 0xcbb7a2a8
 0xcbb7bbb9
 0xcbb7d4d5
 0xcbb7ec2b
 0xcbb80800
 0xcbb82700
 0xcbb84040
 0xcbb858da
 0xcbb87204
 0xcbb889ab
 0xcbb8a382
 0xcbb8bd94
 0xcbb8d4d9
 0xcbb8ef60
 0xcbb90f1b
 0xcbb9277a
 0xcbb941ac
 0xcbb95977
 0xcbb97244
 0xcbb98b2a
 0xcbb9a350
 0xcbb9bbf0
 0xcbb9d725
 0xcbb9f068
 0xcbba09c5
 0xcbba2326
 0xcbba402c
 0xcbba583a
 0xcbba703b
 0xcbba88c1
 0xcbbaa120
 0xcbbaba53
 0xcbbad32b
 0xcbbaefc3
 0xcbbb07ed
 0xcbbb2112
 0xcbbb39f7
 0xcbbb5315
 0xcbbb6aa6
 0xcbbb8351
 0xcbbb9b02
 0xcbbbb48d
 0xcbbbcd8c
 0xcbbbe651
 0xcbbc01bb
 0xcbbc1aff
 0xcbbc334c
 0xcbbc4bdf
 0xcbbc657f
 0xcbbc7d73
 0xcbbc96c3
 0xcbbcaf95
 0xcbbcc903
 0xcbbce512
 0xcbbd004a
 0xcbbd18c2
 0xcbbd3549
 0xcbbd4dc9
 0xcbbd65da
 0xcbbd7e6b
 0xcbbd9758
 0xcbbdafd9
 0xcbbdc8ff
 0xcbbde1eb
 0xcbbdfa4a
 0xcbbe12db
 0xcbbe2baf
 0xcbbe45c8
 0xcbbe5eb3
 0xcbbe770e
 0xcbbe8f01
 0xcbbea8f7
 0xcbbec1bf
 0xcbbede18
 0xcbbef89a
 0xcbbf1152
 0xcbbf2ab6
 0xcbbf443f
 0xcbbf5c70
 0xcbbf7473
 0xcbbf8d9c
 0xcbbfa69f
 0xcbbfbf8a
 0xcbbfd862
 0xcbbff242
 0xcbc00be1
 0xcbc02631
 0xcbc042ca
 0xcbc05b0c
 0xcbc0740a
 0xcbc08c8e
 0xcbc0a4ad
 0xcbc0be01
 0xcbc0da1e
 0xcbc0f426
 0xcbc10d2c
 0xcbc126bd
 0xcbc13f76
 0xcbc15885
 0xcbc1703c
 0xcbc18930
 0xcbc1a189
 0xcbc1bb16
 0xcbc1d3d9
 0xcbc1ec66
 0xcbc205f0
 0xcbc21e58
 0xcbc23bd7
 0xcbc28431
 0xcbc2a46c
 0xcbc2c935
 0xcbc2e281
 0xcbc2fad4
 0xcbc31806
 0xcbc3319f
 0xcbc35078
 0xcbc36a71
 0xcbc3836c
 0xcbc39cfa
 0xcbc3b53f
 0xcbc3ce67
 0xcbc3e777
 0xcbc40136
 0xcbc41a91
 0xcbc433ac
 0xcbc44d36
 0xcbc46604
 0xcbc47ee8
 0xcbc497f7
 0xcbc4b124
 0xcbc4c9d3
 0xcbc4e277
 0xcbc4fcae
 0xcbc5197c
 0xcbc53956
 0xcbc551d1
 0xcbc56a5e
 0xcbc58283
 0xcbc59c71
 0xcbc5b4e3
 0xcbc5ce27
 0xcbc5e6b4
 0xcbc5ffb4
 0xcbc618ba
 0xcbc631af
 0xcbc64ac2
 0xcbc663de
 0xcbc67d16
 0xcbc6958d
 0xcbc6af50
 0xcbc6c7f4
 0xcbc6e10d
 0xcbc6fa06
 0xcbc71ab8
 0xcbc7322d
 0xcbc74ca0
 0xcbc765b9
 0xcbc77e38
 0xcbc79714
 0xcbc7af82
 0xcbc7c883
 0xcbc7e55c
 0xcbc7fdb0
 0xcbc8165b
 0xcbc831fb
 0xcbc84af4
 0xcbc86348
 0xcbc87bfa
 0xcbc894a9
 0xcbc8ad8d
 0xcbc8c6a0
 0xcbc8df9b
 0xcbc8fb2a
 0xcbc9149f
 0xcbc93109
 0xcbc949f8
 0xcbc96264
 0xcbc97b81
 0xcbc99453
 0xcbc9ad30
 0xcbc9c596
 0xcbc9de3a
 0xcbc9f79c
 0xcbca0fc6
 0xcbca2835
 0xcbca4004
 0xcbca5982
 0xcbca716e
 0xcbca8a74
 0xcbcaa44d
 0xcbcabce2
 0xcbcad5e5
 0xcbcaeed8
 0xcbcb0aec
 0xcbcb24c1
 0xcbcb3ebe
 0xcbcb5702
 0xcbcb7167
 0xcbcb8b0f
 0xcbcba40c
 0xcbcbbd44
 0xcbcbd5da
 0xcbcbef49
 0xcbcc0802
 0xcbcc2446
 0xcbcc3ce1
 0xcbcc5581
 0xcbcc6e6d
 0xcbcc8629
 0xcbcca27e
 0xcbccbdf3
 0xcbccd666
 0xcbccef9f
 0xcbcd0b9c
 0xcbcd257c
 0xcbcd3e9a
 0xcbcd57b5
 0xcbcd705e
 0xcbcd879c
 0xcbcda1bf
 0xcbcdb9f6
 0xcbcdd20e
 0xcbcdeb5c
 0xcbce044a
 0xcbce1cc3
 0xcbce3592
 0xcbce4da3
 0xcbce6521
 0xcbce7f61
 0xcbce96d2
 0xcbceb187
 0xcbcec953
 0xcbcee626
 0xcbcefef9
 0xcbcf1dd6
 0xcbcf3805
 0xcbcf5047
 0xcbcf6c75
 0xcbcf8554
 0xcbcf9de9
 0xcbcfb680
 0xcbcfcece
 0xcbcfe76d
 0xcbcfff1a
 0xcbd0198d
 0xcbd0326b
 0xcbd04abb
 0xcbd06339
 0xcbd07c13
 0xcbd095b1
 0xcbd0afb1
 0xcbd0c78f
 0xcbd0e428
 0xcbd0fcc2
 0xcbd11965
 0xcbd1339a
 0xcbd14be4
 0xcbd16494
 0xcbd17d75
 0xcbd19767
 0xcbd1afc4
 0xcbd1c89d
 0xcbd1e130
 0xcbd1f9c9
 0xcbd21364
 0xcbd22c8b
 0xcbd24de6
 0xcbd26690
 0xcbd27f01
 0xcbd2983c
 0xcbd2affe
 0xcbd2ca23
 0xcbd2e412
 0xcbd302cf
 0xcbd31be4
 0xcbd33521
 0xcbd350f5
 0xcbd36a8c
 0xcbd38251
 0xcbd39b3f
 0xcbd3b35f
 0xcbd3cb4d
 0xcbd3e45a
 0xcbd3fe16
 0xcbd41504
 0xcbd42f28
 0xcbd447a0
 0xcbd45ff5
 0xcbd478e7
 0xcbd49118
 0xcbd4aab3
 0xcbd4c472
 0xcbd4e0a5
 0xcbd4fa6d
 0xcbd513f9
 0xcbd52d6e
 0xcbd545a4
 0xcbd55f64
 0xcbd57865
 0xcbd59060
 0xcbd5a993
 0xcbd5c304
 0xcbd5db99
 0xcbd5f36a
 0xcbd60cdf
 0xcbd62459
 0xcbd63dd4
 0xcbd65605
 0xcbd66eed
 0xcbd68745
 0xcbd6a06d
 0xcbd6bade
 0xcbd70620
 0xcbd7266e
 0xcbd73fba
 0xcbd7592a
 0xcbd77135
 0xcbd78a56
 0xcbd7a2be
 0xcbd7bad7
 0xcbd7d36a
 0xcbd7eb12
 0xcbd80435
 0xcbd81e63
 0xcbd83705
 0xcbd84eb7
 0xcbd86787
 0xcbd880a0
 0xcbd89928
 0xcbd8b16f
 0xcbd8caa5
 0xcbd8e30a
 0xcbd9003d
 0xcbd91a0a
 0xcbd932b5
 0xcbd9594e
 0xcbd973fa
 0xcbd98edc
 0xcbd9a84e
 0xcbd9c081
 0xcbd9d788
 0xcbd9f101
 0xcbda09e0
 0xcbda225e
 0xcbda3b9b
 0xcbda531e
 0xcbda6b47
 0xcbda8488
 0xcbda9df4
 0xcbdab624
 0xcbdacf07
 0xcbdae754
 0xcbdb0382
 0xcbdb1c55
 0xcbdb3b79
 0xcbdb5550
 0xcbdb6d62
 0xcbdb860e
 0xcbdb9e81
 0xcbdbb58d
 0xcbdbceee
 0xcbdbe7c6
 0xcbdc0072
 0xcbdc1c59
 0xcbdc38df
 0xcbdc5fa1
 0xcbdc7783
 0xcbdc9097
 0xcbdca960
 0xcbdcc19a
 0xcbdcda37
 0xcbdcf2a3
 0xcbdd1080
 0xcbdd2e7f
 0xcbdd46ed
 0xcbdd5f3f
 0xcbdd763e
 0xcbdd9039
 0xcbdda866
 0xcbddc220
 0xcbddda86
 0xcbddf29e
 0xcbde0bd7
 0xcbde2516
 0xcbde3e37
 0xcbde5763
 0xcbde704b
 0xcbde88e3
 0xcbdea174
 0xcbdebb1f
 0xcbded3c2
 0xcbdeec85
 0xcbdf0acf
 0xcbdf237c
 0xcbdf3c53
 0xcbdf56aa
 0xcbdf6f04
 0xcbdf884b
 0xcbdfa47f
 0xcbdfbd39
 0xcbdfd607
 0xcbdfee98
 0xcbe00760
 0xcbe020d1
 0xcbe039f6
 0xcbe0518f
 0xcbe06ae4
 0xcbe083c0
 0xcbe09ca6
 0xcbe0b51c
 0xcbe0cd31
 0xcbe0e71d
 0xcbe10441
 0xcbe11f8a
 0xcbe138d3
 0xcbe15106
 0xcbe16908
 0xcbe18211
 0xcbe19ae2
 0xcbe1b235
 0xcbe1cb97
 0xcbe1e49b
 0xcbe1fd98
 0xcbe2164a
 0xcbe22f02
 0xcbe247da
 0xcbe26101
 0xcbe27975
 0xcbe29246
 0xcbe2ab10
 0xcbe2c3ae
 0xcbe2dbdc
 0xcbe2f874
 0xcbe3114f
 0xcbe329b8
 0xcbe35412
 0xcbe37aa7
 0xcbe3a255
 0xcbe3c6bd
 0xcbe3defd
 0xcbe3f713
 0xcbe41067
 0xcbe42953
 0xcbe44265
 0xcbe45c61
 0xcbe47529
 0xcbe48ead
 0xcbe4a8fa
 0xcbe4c2c2
 0xcbe4db82
 0xcbe4f412
 0xcbe50cd5
 0xcbe52867
 0xcbe5428b
 0xcbe55c07
 0xcbe57537
 0xcbe58e81
 0xcbe5a751
 0xcbe5bf91
 0xcbe5d7fa
 0xcbe5f0e7
 0xcbe609df
 0xcbe621de
 0xcbe63b0a
 0xcbe65394
 0xcbe66d9c
 0xcbe6866a
 0xcbe69ec0
 0xcbe6b7a4
 0xcbe6d04d
 0xcbe6e842
 0xcbe70154
 0xcbe71e1a
 0xcbe73b40
 0xcbe7538d
 0xcbe76e2d
 0xcbe78699
 0xcbe79f61
 0xcbe7b8c0
 0xcbe7d0b3
 0xcbe7f8d1
 0xcbe811b6
 0xcbe82a6a
 0xcbe842d4
 0xcbe85cc0
 0xcbe8761c
 0xcbe88ee7
 0xcbe8a88a
 0xcbe8c121
 0xcbe8d99a
 0xcbe8f354
 0xcbe90b77
 0xcbe9283f
 0xcbe94667
 0xcbe95f56
 0xcbe97819
 0xcbe990e3
 0xcbe9a9a3
 0xcbe9c248
 0xcbe9dad1
 0xcbe9f455
 0xcbea0d49
 0xcbea26be
 0xcbea3fb5
 0xcbea5730
 0xcbea70e1
 0xcbea8a75
 0xcbeaa344
 0xcbeabc45
 0xcbead54e
 0xcbeaedce
 0xcbeb0677
 0xcbeb23eb
 0xcbeb3cc9
 0xcbeb5659
 0xcbeb6e4f
 0xcbeb8d9a
 0xcbeba4d9
 0xcbebbe6a
 0xcbebd726
 0xcbebf0af
 0xcbec0937
 0xcbec21eb
 0xcbec3e13
 0xcbec575a
 0xcbec6f88
 0xcbec885c
 0xcbeca0ee
 0xcbecba28
 0xcbecd3b5
 0xcbececc3
 0xcbed0638
 0xcbed20eb
 0xcbed3bc3
 0xcbed54df
 0xcbed6d6d
 0xcbed86c4
 0xcbed9fb1
 0xcbedb7cd
 0xcbedd047
 0xcbede8e8
 0xcbee028a
 0xcbee2607
 0xcbee468e
 0xcbee5f7c
 0xcbee7741
 0xcbee90ba
 0xcbeea9af
 0xcbeec21b
 0xcbeeda79
 0xcbeef45c
 0xcbef11b6
 0xcbef2b63
 0xcbef45d8
 0xcbef5ebb
 0xcbef7779
 0xcbef9118
 0xcbefaab2
 0xcbefc38d
 0xcbefdba9
 0xcbeff5fb
 0xcbf00fab
 0xcbf02bd9
 0xcbf05380
 0xcbf06c66
 0xcbf08547
 0xcbf09d43
 0xcbf0b797
 0xcbf0cfe4
 0xcbf0e9ab
 0xcbf102a9
 0xcbf11c53
 0xcbf13a62
 0xcbf15476
 0xcbf16dc2
 0xcbf186ed
 0xcbf19fdb
 0xcbf1b859
 0xcbf1d1eb
 0xcbf1e9fc
 0xcbf20367
 0xcbf21cf8
 0xcbf2346e
 0xcbf254a0
 0xcbf27047
 0xcbf28c4a
 0xcbf2a572
 0xcbf2bd8c
 0xcbf2d6c9
 0xcbf2ef09
 0xcbf308b1
 0xcbf32e41
 0xcbf34ab6
 0xcbf36429
 0xcbf37dae
 0xcbf39539
 0xcbf3b509
 0xcbf3cfe6
 0xcbf3e97c
 0xcbf4013c
 0xcbf419ae
 0xcbf4334e
 0xcbf44d89
 0xcbf465c0
 0xcbf47e71
 0xcbf49756
 0xcbf4b0a6
 0xcbf4c917
 0xcbf4e21f
 0xcbf4fbcf
 0xcbf5135c
 0xcbf53146
 0xcbf55b8c
 0xcbf57624
 0xcbf58f11
 0xcbf5a75f
 0xcbf5c0b6
 0xcbf5d922
 0xcbf5f28a
 0xcbf60b89
 0xcbf62344
 0xcbf63c85
 0xcbf65583
 0xcbf66df3
 0xcbf68691
 0xcbf69f94
 0xcbf6b7ff
 0xcbf6d0d4
 0xcbf6e97b
 0xcbf7026a
 0xcbf71ad0
 0xcbf73b0f
 0xcbf753bd
 0xcbf76cd7
 0xcbf78771
 0xcbf79ffc
 0xcbf7b856
 0xcbf7d252
 0xcbf7eb56
 0xcbf803e6
 0xcbf81d89
 0xcbf836d5
 0xcbf851c3
 0xcbf86a2d
 0xcbf882bf
 0xcbf89bcf
 0xcbf8b4cb
 0xcbf8e13c
 0xcbf8fb33
 0xcbf91406
 0xcbf92d2d
 0xcbf94f98
 0xcbf973a2
 0xcbf98d7c
 0xcbf9a72a
 0xcbf9c013
 0xcbf9d920
 0xcbf9f1c2
 0xcbfa0b21
 0xcbfa252d
 0xcbfa3db4
 0xcbfa56d1
 0xcbfa7164
 0xcbfa8aa5
 0xcbfaa3b2
 0xcbfabd60
 0xcbfad664
 0xcbfaef1f
 0xcbfb0734
 0xcbfb1fbb
 0xcbfb37dd
 0xcbfb5565
 0xcbfb70b2
 0xcbfb8886
 0xcbfba24d
 0xcbfbbaee
 0xcbfbd343
 0xcbfbeb57
 0xcbfc03a7
 0xcbfc1e46
 0xcbfc35f6
 0xcbfc4f5a
 0xcbfc68ce
 0xcbfc8254
 0xcbfc9aee
 0xcbfcb36d
 0xcbfccf84
 0xcbfce7c4
 0xcbfcff22
 0xcbfd18e0
 0xcbfd34e6
 0xcbfd4dd8
 0xcbfd6742
 0xcbfd7f9b
 0xcbfd993b
 0xcbfdb194
 0xcbfdcb8c
 0xcbfde3c8
 0xcbfdfc62
 0xcbfe1a2f
 0xcbfe42b4
 0xcbfe5c56
 0xcbfe7566
 0xcbfe8e78
 0xcbfea84e
 0xcbfec120
 0xcbfed9ec
 0xcbfef2d9
 0xcbff0c6e
 0xcbff262f
 0xcbff40e8
 0xcbff5eb9
 0xcbff77c3
 0xcbff9695
 0xcbffaea0
 0xcbffc91a
 0xcbffe14b
 0xcbfff9bd
 0xcc0012b0
 0xcc002ae3
 0xcc0044e5
 0xcc005da7
 0xcc00797f
 0xcc00924f
 0xcc00ab79
 0xcc00c442
 0xcc00dcec
 0xcc00f5c5
 0xcc010f40
 0xcc012863
 0xcc01415d
 0xcc015cc2
 0xcc01787a
 0xcc019265
 0xcc01aa62
 0xcc01c38a
 0xcc01dc0b
 0xcc01f44a
 0xcc020d90
 0xcc0226cf
 0xcc023f90
 0xcc025937
 0xcc0271a4
 0xcc02899b
 0xcc02a313
 0xcc02bbf0
 0xcc02d43f
 0xcc02ecfe
 0xcc030633
 0xcc031f25
 0xcc03368f
 0xcc0354a5
 0xcc036d22
 0xcc038630
 0xcc03a0b2
 0xcc03bac0
 0xcc03d314
 0xcc03ee39
 0xcc040653
 0xcc0420bc
 0xcc0439bd
 0xcc045302
 0xcc046c7e
 0xcc048584
 0xcc049ef4
 0xcc04b772
 0xcc04d15a
 0xcc04e98a
 0xcc050268
 0xcc051b4d
 0xcc053430
 0xcc0551bc
 0xcc056c27
 0xcc0584b7
 0xcc059d1c
 0xcc05b655
 0xcc05cf71
 0xcc05e76d
 0xcc0600ad
 0xcc0619ae
 0xcc0631eb
 0xcc064beb
 0xcc0665dc
 0xcc067dd1
 0xcc06973b
 0xcc06b054
 0xcc06c941
 0xcc06e2af
 0xcc06fbab
 0xcc071556
 0xcc072ed7
 0xcc074bef
 0xcc0764b1
 0xcc077e45
 0xcc0797b9
 0xcc07b0be
 0xcc07c9dc
 0xcc07e2bb
 0xcc07f916
 0xcc0814a3
 0xcc082df7
 0xcc084bbc
 0xcc086895
 0xcc0881d2
 0xcc089a29
 0xcc08b2f3
 0xcc08cc9c
 0xcc08e68f
 0xcc08ff84
 0xcc09187c
 0xcc09369a
 0xcc095c33
 0xcc097711
 0xcc0990a5
 0xcc09a91a
 0xcc09c2ec
 0xcc09dbb1
 0xcc09f36e
 0xcc0a0c27
 0xcc0a256c
 0xcc0a3e88
 0xcc0a57ab
 0xcc0a712a
 0xcc0a899a
 0xcc0aa391
 0xcc0abbb5
 0xcc0ad45e
 0xcc0aed38
 0xcc0b0668
 0xcc0b1f87
 0xcc0b386b
 0xcc0b6015
 0xcc0b7db3
 0xcc0b97a2
 0xcc0bb03a
 0xcc0bc949
 0xcc0be239
 0xcc0bfd53
 0xcc0c15e3
 0xcc0c2f02
 0xcc0c47d3
 0xcc0c600c
 0xcc0c7de1
 0xcc0c9648
 0xcc0cadf3
 0xcc0cc703
 0xcc0cdf2f
 0xcc0cf822
 0xcc0d1120
 0xcc0d29cd
 0xcc0d4429
 0xcc0d5f7e
 0xcc0d7a8e
 0xcc0d928b
 0xcc0dabc6
 0xcc0dc55d
 0xcc0ddd92
 0xcc0df643
 0xcc0e0f1b
 0xcc0e27f0
 0xcc0e4148
 0xcc0e59ff
 0xcc0e7192
 0xcc0e8cc1
 0xcc0ea485
 0xcc0ebd58
 0xcc0ed65e
 0xcc0eee39
 0xcc0f0675
 0xcc0f1fba
 0xcc0f3cc3
 0xcc0f5608
 0xcc0f6ed3
 0xcc0f87e4
 0xcc0f9ff6
 0xcc0fb940
 0xcc0fd21b
 0xcc0fe91e
 0xcc100c70
 0xcc1026e5
 0xcc10405d
 0xcc105a10
 0xcc1072de
 0xcc108c8d
 0xcc10a5ee
 0xcc10bed2
 0xcc10d6fd
 0xcc10ef79
 0xcc1107fa
 0xcc112090
 0xcc113d87
 0xcc115a76
 0xcc1173b7
 0xcc118ca1
 0xcc11a3ad
 0xcc11bc4a
 0xcc11d7ec
 0xcc11f12b
 0xcc120b20
 0xcc1223c2
 0xcc123c12
 0xcc12553a
 0xcc126f24
 0xcc128b8e
 0xcc12bafb
 0xcc12d4e2
 0xcc12ede3
 0xcc130655
 0xcc13205d
 0xcc1338d0
 0xcc13546b
 0xcc1372cb
 0xcc138c22
 0xcc13a639
 0xcc13befe
 0xcc13d7b5
 0xcc13eeb2
 0xcc1407a9
 0xcc142105
 0xcc1439d6
 0xcc1452d4
 0xcc146daa
 0xcc148521
 0xcc149f5a
 0xcc14b805
 0xcc14d1e0
 0xcc14ea93
 0xcc1503dd
 0xcc151caf
 0xcc15354b
 0xcc1553a1
 0xcc156fd7
 0xcc1587b4
 0xcc15a0cf
 0xcc15ba82
 0xcc15d383
 0xcc15ecf1
 0xcc1605cd
 0xcc161ec4
 0xcc1637cc
 0xcc165135
 0xcc1669b9
 0xcc1682c4
 0xcc169bac
 0xcc16b508
 0xcc16cf29
 0xcc16e83d
 0xcc16ffff
 0xcc1718b5
 0xcc1731a3
 0xcc174f8e
 0xcc176739
 0xcc17807b
 0xcc179991
 0xcc17b15b
 0xcc17cafb
 0xcc17e440
 0xcc17fbd0
 0xcc1815b6
 0xcc182e6c
 0xcc184b4e
 0xcc1864ae
 0xcc187d59
 0xcc1896d0
 0xcc18b095
 0xcc18ca88
 0xcc18e2d2
 0xcc18fc48
 0xcc19152c
 0xcc192cdc
 0xcc194904
 0xcc196359
 0xcc197be9
 0xcc19952b
 0xcc19ad28
 0xcc19c6aa
 0xcc19df3b
 0xcc19f8d8
 0xcc1a108a
 0xcc1a29c8
 0xcc1a42d6
 0xcc1a5d01
 0xcc1a7624
 0xcc1a8e98
 0xcc1aa70b
 0xcc1ac0c0
 0xcc1adc4c
 0xcc1af413
 0xcc1b0d84
 0xcc1b2685
 0xcc1b4234
 0xcc1b5cca
 0xcc1b74fc
 0xcc1b8ef8
 0xcc1ba746
 0xcc1bc097
 0xcc1bd94e
 0xcc1bf1c6
 0xcc1c0b1d
 0xcc1c2358
 0xcc1c3cf9
 0xcc1c588f
 0xcc1c7092
 0xcc1c8b03
 0xcc1ca3c4
 0xcc1cbc63
 0xcc1cd627
 0xcc1ceee9
 0xcc1d067c
 0xcc1d1f83
 0xcc1d3d4d
 0xcc1d5665
 0xcc1d7657
 0xcc1d8f9a
 0xcc1da864
 0xcc1dc08a
 0xcc1dd81a
 0xcc1df0c9
 0xcc1e0952
 0xcc1e21e9
 0xcc1e3b71
 0xcc1e5678
 0xcc1e705f
 0xcc1e88aa
 0xcc1ea1e1
 0xcc1ec30e
 0xcc1edc71
 0xcc1ef458
 0xcc1f0cc8
 0xcc1f246c
 0xcc1f4a44
 0xcc1f6d43
 0xcc1f86c3
 0xcc1fa299
 0xcc1fba58
 0xcc1fd389
 0xcc1feb21
 0xcc20043a
 0xcc201d4a
 0xcc203607
 0xcc204eba
 0xcc20698f
 0xcc208280
 0xcc209bdb
 0xcc20b514
 0xcc20cde8
 0xcc20e742
 0xcc20ff52
 0xcc21179f
 0xcc213078
 0xcc2150e0
 0xcc217685
 0xcc218dc4
 0xcc21abbf
 0xcc21cca7
 0xcc21e559
 0xcc21fe46
 0xcc2215a9
 0xcc223030
 0xcc2248bb
 0xcc2261a3
 0xcc227a13
 0xcc229315
 0xcc22ab1d
 0xcc22c3a3
 0xcc22dca3
 0xcc22f3ec
 0xcc230f30
 0xcc232702
 0xcc233f2b
 0xcc235c97
 0xcc2374bf
 0xcc238e74
 0xcc23a6ce
 0xcc23bfb7
 0xcc23d80a
 0xcc23f0c5
 0xcc24092d
 0xcc243bc0
 0xcc24553c
 0xcc246f0e
 0xcc248adf
 0xcc24a3b5
 0xcc24bcab
 0xcc24d54e
 0xcc24eec4
 0xcc2508a8
 0xcc252382
 0xcc253d80
 0xcc255617
 0xcc257268
 0xcc258df8
 0xcc25a6a8
 0xcc25beb7
 0xcc25d79f
 0xcc25f14a
 0xcc260925
 0xcc2622e6
 0xcc263b5f
 0xcc2654c1
 0xcc266e0d
 0xcc26877b
 0xcc26a136
 0xcc26b9bc
 0xcc26d333
 0xcc26ebb6
 0xcc270487
 0xcc271ed5
 0xcc276443
 0xcc278104
 0xcc279a4e
 0xcc27b3cc
 0xcc27ce4e
 0xcc27e67b
 0xcc27fe43
 0xcc28179f
 0xcc283089
 0xcc284940
 0xcc2861d2
 0xcc287b18
 0xcc2894db
 0xcc28b03f
 0xcc28c97b
 0xcc28e2bf
 0xcc28fb1b
 0xcc29136e
 0xcc292c3f
 0xcc2944ed
 0xcc295e5f
 0xcc2976e8
 0xcc299223
 0xcc29b2f3
 0xcc29cc14
 0xcc29e445
 0xcc29fe26
 0xcc2a16d0
 0xcc2a2fe4
 0xcc2a4850
 0xcc2a60d3
 0xcc2a7ab5
 0xcc2a935e
 0xcc2aac87
 0xcc2ac586
 0xcc2ade79
 0xcc2af834
 0xcc2b10cd
 0xcc2b2a9f
 0xcc2b4305
 0xcc2b5d61
 0xcc2b79e7
 0xcc2b9221
 0xcc2bb160
 0xcc2bcc25
 0xcc2be33b
 0xcc2bfd66
 0xcc2c1601
 0xcc2c2e88
 0xcc2c4776
 0xcc2c5f5a
 0xcc2c7dd2
 0xcc2c9771
 0xcc2cb3e6
 0xcc2ccd5c
 0xcc2ce68a
 0xcc2d0025
 0xcc2d18c6
 0xcc2d3235
 0xcc2d4ba8
 0xcc2d642b
 0xcc2d811b
 0xcc2d9ab9
 0xcc2db441
 0xcc2dcb39
 0xcc2de703
 0xcc2dfe60
 0xcc2e17d0
 0xcc2e3129
 0xcc2e4954
 0xcc2e60c7
 0xcc2e7aaa
 0xcc2e9357
 0xcc2eac65
 0xcc2ec742
 0xcc2edf5f
 0xcc2ef7cb
 0xcc2f10de
 0xcc2f297d
 0xcc2f4bd6
 0xcc2f6ca4
 0xcc2f8973
 0xcc2fa329
 0xcc2fbb0e
 0xcc2fd45b
 0xcc2fec93
 0xcc30044f
 0xcc301e33
 0xcc303686
 0xcc304fd4
 0xcc306809
 0xcc3080c8
 0xcc309bb8
 0xcc30b86f
 0xcc30d0a7
 0xcc30e81e
 0xcc310202
 0xcc311a22
 0xcc313318
 0xcc314c2e
 0xcc316437
 0xcc31823a
 0xcc31a05b
 0xcc31ba80
 0xcc31e3b1
 0xcc31fbf3
 0xcc32157c
 0xcc322e1e
 0xcc3246da
 0xcc3260ad
 0xcc3278d5
 0xcc32922a
 0xcc32aa80
 0xcc32c434
 0xcc32dd73
 0xcc32f53e
 0xcc330ea7
 0xcc3326c0
 0xcc33401c
 0xcc33596e
 0xcc3372a7
 0xcc3399dc
 0xcc33b8d3
 0xcc33d133
 0xcc33ea7c
 0xcc340390
 0xcc341b3a
 0xcc3431ee
 0xcc344b4e
 0xcc346406
 0xcc347bfa
 0xcc3494c2
 0xcc34afc8
 0xcc34c80d
 0xcc34e0e2
 0xcc34f9d1
 0xcc3511e8
 0xcc352b65
 0xcc35446e
 0xcc355c7d
 0xcc35760b
 0xcc3595e2
 0xcc35bab3
 0xcc35d9ff
 0xcc35f444
 0xcc360c3b
 0xcc362554
 0xcc363dcd
 0xcc365620
 0xcc366f61
 0xcc368803
 0xcc36a0ff
 0xcc36b96c
 0xcc36d21c
 0xcc36eabf
 0xcc370440
 0xcc371d2b
 0xcc3734f8
 0xcc374df6
 0xcc37678f
 0xcc37803a
 0xcc379c90
 0xcc37b5ac
 0xcc37d2b9
 0xcc37ec74
 0xcc3804d7
 0xcc381e61
 0xcc38363d
 0xcc384fc4
 0xcc38683c
 0xcc38804f
 0xcc389851
 0xcc38b377
 0xcc38ccfc
 0xcc38e5e0
 0xcc38fef9
 0xcc39170a
 0xcc3930cd
 0xcc394ab0
 0xcc3963d8
 0xcc397d19
 0xcc3999e8
 0xcc39b39c
 0xcc39cfeb
 0xcc39ebef
 0xcc3a042a
 0xcc3a1dcb
 0xcc3a3656
 0xcc3a4fba
 0xcc3a6875
 0xcc3a8163
 0xcc3a99d7
 0xcc3ab307
 0xcc3ace96
 0xcc3b1a59
 0xcc3b37cf
 0xcc3b51ba
 0xcc3b6b3a
 0xcc3b8390
 0xcc3b9dc7
 0xcc3bb83c
 0xcc3bd3ad
 0xcc3bef34
 0xcc3c0772
 0xcc3c21de
 0xcc3c3aaf
 0xcc3c53ca
 0xcc3c6c21
 0xcc3c83d4
 0xcc3c9ce6
 0xcc3cb61e
 0xcc3ccf0b
 0xcc3ceb76
 0xcc3d0409
 0xcc3d1d3b
 0xcc3d3642
 0xcc3d4e69
 0xcc3d6723
 0xcc3d7f89
 0xcc3d9843
 0xcc3db136
 0xcc3dcca0
 0xcc3de6bb
 0xcc3dff60
 0xcc3e1c41
 0xcc3e34cb
 0xcc3e4e72
 0xcc3e664d
 0xcc3e7eec
 0xcc3e9714
 0xcc3eb0ce
 0xcc3ec975
 0xcc3ee2ab
 0xcc3efba7
 0xcc3f14c2
 0xcc3f2c68
 0xcc3f46f5
 0xcc3f5f6a
 0xcc3f77e2
 0xcc3f9180
 0xcc3fa9c0
 0xcc3fc752
 0xcc3fe0ae
 0xcc3ff993
 0xcc4013fd
 0xcc402c97
 0xcc4045d6
 0xcc405e0c
 0xcc407848
 0xcc4090c5
 0xcc40ab35
 0xcc40c652
 0xcc40e342
 0xcc40fc59
 0xcc411910
 0xcc4131e7
 0xcc414ba4
 0xcc4165ce
 0xcc417e94
 0xcc41989b
 0xcc41b674
 0xcc41d08d
 0xcc41ebfb
 0xcc420455
 0xcc421ec9
 0xcc423946
 0xcc42538d
 0xcc426c25
 0xcc4284c6
 0xcc429de9
 0xcc42b68b
 0xcc42cf39
 0xcc42e8fe
 0xcc430157
 0xcc4318ed
 0xcc4332ad
 0xcc434c25
 0xcc436416
 0xcc437c5d
 0xcc4395b8
 0xcc43aefc
 0xcc43cc4f
 0xcc43e55f
 0xcc43fea8
 0xcc4417d7
 0xcc443181
 0xcc444878
 0xcc446300
 0xcc447c29
 0xcc449407
 0xcc44b029
 0xcc44c9cc
 0xcc44e458
 0xcc44fd69
 0xcc451676
 0xcc45307d
 0xcc454edf
 0xcc45689c
 0xcc458133
 0xcc4599de
 0xcc45b328
 0xcc45d05f
 0xcc45eb64
 0xcc460349
 0xcc461b51
 0xcc463384
 0xcc464dca
 0xcc46692f
 0xcc4681b3
 0xcc469b89
 0xcc46b22e
 0xcc46cd37
 0xcc46e5c3
 0xcc46fefd
 0xcc4717e4
 0xcc473155
 0xcc4749be
 0xcc476342
 0xcc477c10
 0xcc479455
 0xcc47b07c
 0xcc47cb98
 0xcc47e5be
 0xcc480041
 0xcc48195b
 0xcc4831f6
 0xcc484b42
 0xcc4865d8
 0xcc487f98
 0xcc4898aa
 0xcc48b19e
 0xcc48cacc
 0xcc48e5c1
 0xcc48feb8
 0xcc4916ef
 0xcc492efb
 0xcc49491b
 0xcc49619e
 0xcc497af7
 0xcc499539
 0xcc49b4b1
 0xcc49d841
 0xcc49f290
 0xcc4a0b88
 0xcc4a243a
 0xcc4a3c95
 0xcc4a552a
 0xcc4a6d96
 0xcc4a877a
 0xcc4a9fda
 0xcc4ab80b
 0xcc4ad182
 0xcc4aec8e
 0xcc4b0506
 0xcc4b1e1f
 0xcc4b36cd
 0xcc4b4ee3
 0xcc4b66f9
 0xcc4b82f6
 0xcc4b9bad
 0xcc4bb4d1
 0xcc4bdbc9
 0xcc4bf793
 0xcc4c0ffa
 0xcc4c299a
 0xcc4c41d0
 0xcc4c5aa5
 0xcc4c7342
 0xcc4c8be0
 0xcc4ca578
 0xcc4cbeca
 0xcc4cd872
 0xcc4cf281
 0xcc4d0bdb
 0xcc4d24d0
 0xcc4d3dbe
 0xcc4d565b
 0xcc4d6e71
 0xcc4d875a
 0xcc4da088
 0xcc4dbba5
 0xcc4dd6bb
 0xcc4df4f7
 0xcc4e0fec
 0xcc4e2909
 0xcc4e415d
 0xcc4e5a52
 0xcc4e73b9
 0xcc4e8c72
 0xcc4ea54a
 0xcc4ebd94
 0xcc4ed83a
 0xcc4ef0d2
 0xcc4f0988
 0xcc4f2341
 0xcc4f3b6d
 0xcc4f5719
 0xcc4f6f97
 0xcc4fb6ad
 0xcc4fe05e
 0xcc500569
 0xcc50228c
 0xcc503cc0
 0xcc50567c
 0xcc506f3c
 0xcc5088ab
 0xcc50a1ef
 0xcc50bb25
 0xcc50d52b
 0xcc50f0b8
 0xcc510a65
 0xcc512638
 0xcc513e64
 0xcc51587e
 0xcc5170f6
 0xcc518a35
 0xcc51a0f0
 0xcc51bb5b
 0xcc51d46e
 0xcc51edfd
 0xcc5208b9
 0xcc522444
 0xcc523ca5
 0xcc5255c3
 0xcc526eff
 0xcc5287b0
 0xcc52a0da
 0xcc52b94c
 0xcc52d252
 0xcc52ebc4
 0xcc5303be
 0xcc531dbb
 0xcc5335e7
 0xcc535016
 0xcc5368d1
 0xcc5381e9
 0xcc5399a7
 0xcc53b2a3
 0xcc53cb9b
 0xcc53e4cf
 0xcc540113
 0xcc5419e7
 0xcc5431da
 0xcc544c4d
 0xcc5464a5
 0xcc547ed4
 0xcc549639
 0xcc54af9d
 0xcc54c8a0
 0xcc54e2cf
 0xcc54fc4b
 0xcc5515fe
 0xcc552f8f
 0xcc554860
 0xcc55615f
 0xcc557aa6
 0xcc559329
 0xcc55abb6
 0xcc55c5d0
 0xcc55ded7
 0xcc55fc4e
 0xcc561796
 0xcc563159
 0xcc5649b9
 0xcc566236
 0xcc567b51
 0xcc569499
 0xcc56ad84
 0xcc56c610
 0xcc56df51
 0xcc56f91f
 0xcc571265
 0xcc572bcb
 0xcc5744e6
 0xcc5760a3
 0xcc57799f
 0xcc579227
 0xcc57abdd
 0xcc57c474
 0xcc57dd0c
 0xcc57f95d
 0xcc5812d1
 0xcc582a48
 0xcc58449e
 0xcc585c48
 0xcc587599
 0xcc588e9c
 0xcc58a653
 0xcc58be64
 0xcc58d894
 0xcc58f187
 0xcc590d17
 0xcc592574
 0xcc593f43
 0xcc595785
 0xcc597171
 0xcc598a38
 0xcc59a22b
 0xcc59bad2
 0xcc59d398
 0xcc59f0f6
 0xcc5a0ace
 0xcc5a2a6b
 0xcc5a43d3
 0xcc5a5bdc
 0xcc5a756f
 0xcc5a8df8
 0xcc5aa5d5
 0xcc5abe82
 0xcc5ad772
 0xcc5af25f
 0xcc5b0aa0
 0xcc5b23cd
 0xcc5b3cef
 0xcc5b55d7
 0xcc5b6f35
 0xcc5b8956
 0xcc5ba190
 0xcc5bba0b
 0xcc5bd2da
 0xcc5bf043
 0xcc5c0e4c
 0xcc5c31dd
 0xcc5c544e
 0xcc5c6df5
 0xcc5c872e
 0xcc5c9fe7
 0xcc5cb931
 0xcc5cd2e3
 0xcc5ced0b
 0xcc5d0700
 0xcc5d23dc
 0xcc5d3bb9
 0xcc5d55e7
 0xcc5d6e0c
 0xcc5d8b3f
 0xcc5da38f
 0xcc5dbc04
 0xcc5dd453
 0xcc5dec38
 0xcc5e0923
 0xcc5e23a2
 0xcc5e3d25
 0xcc5e55b9
 0xcc5e6e69
 0xcc5e87b8
 0xcc5ea11b
 0xcc5eb9f1
 0xcc5ed4e1
 0xcc5eeee4
 0xcc5f072e
 0xcc5f2040
 0xcc5f38bd
 0xcc5f570d
 0xcc5f6ed0
 0xcc5f8888
 0xcc5fa427
 0xcc5fbd3b
 0xcc5fd710
 0xcc5ff263
 0xcc600f6c
 0xcc602765
 0xcc60421f
 0xcc605b1f
 0xcc60751c
 0xcc608e06
 0xcc60a5dc
 0xcc60be06
 0xcc60e8ec
 0xcc6100ba
 0xcc611b95
 0xcc613605
 0xcc614ecd
 0xcc616860
 0xcc618175
 0xcc6199c5
 0xcc61b35c
 0xcc61cb3b
 0xcc61e487
 0xcc6200b3
 0xcc621af0
 0xcc623580
 0xcc624d8e
 0xcc626771
 0xcc627f94
 0xcc6299f7
 0xcc62b3c9
 0xcc62cb91
 0xcc62e58f
 0xcc62fe74
 0xcc631895
 0xcc63322f
 0xcc634b0a
 0xcc6362d0
 0xcc637ba7
 0xcc6395bc
 0xcc63ae72
 0xcc63c771
 0xcc63e097
 0xcc63f8d9
 0xcc6415d2
 0xcc642f9e
 0xcc644c33
 0xcc64651a
 0xcc647ebc
 0xcc6497b8
 0xcc64b06c
 0xcc64c999
 0xcc64e247
 0xcc64faaf
 0xcc651466
 0xcc652f16
 0xcc6548a6
 0xcc65615a
 0xcc6579d8
 0xcc659344
 0xcc65ac5f
 0xcc65c3df
 0xcc65dd56
 0xcc65f644
 0xcc66126a
 0xcc6633ba
 0xcc664d71
 0xcc6665ac
 0xcc667e90
 0xcc66974d
 0xcc66affb
 0xcc66c8ae
 0xcc66e1c6
 0xcc66f9ea
 0xcc6713db
 0xcc672cd0
 0xcc6746c6
 0xcc675fa0
 0xcc677818
 0xcc67908a
 0xcc67a9aa
 0xcc67c2d1
 0xcc67dbb9
 0xcc67f51e
 0xcc680f15
 0xcc68281d
 0xcc684248
 0xcc685ab6
 0xcc6871ea
 0xcc688be7
 0xcc68a47d
 0xcc68bcf5
 0xcc68d762
 0xcc68f0dc
 0xcc69092e
 0xcc692334
 0xcc693b51
 0xcc695429
 0xcc696d4a
 0xcc698649
 0xcc699f81
 0xcc69b77f
 0xcc69d11c
 0xcc69edd1
 0xcc6a07d7
 0xcc6a2245
 0xcc6a3bbc
 0xcc6a5398
 0xcc6a6c3e
 0xcc6a8577
 0xcc6a9e40
 0xcc6ab72e
 0xcc6ad0aa
 0xcc6ae9e0
 0xcc6b028d
 0xcc6b1bcc
 0xcc6b33e1
 0xcc6b4ee2
 0xcc6b675f
 0xcc6b7f9e
 0xcc6b98c7
 0xcc6bb198
 0xcc6bca50
 0xcc6be425
 0xcc6c008a
 0xcc6c1978
 0xcc6c32d1
 0xcc6c4c37
 0xcc6c641d
 0xcc6c7d19
 0xcc6c9688
 0xcc6caf54
 0xcc6cc7f0
 0xcc6ce14a
 0xcc6cfb53
 0xcc6d1473
 0xcc6d2ce3
 0xcc6d4612
 0xcc6d656f
 0xcc6d7e7f
 0xcc6d977f
 0xcc6db054
 0xcc6dc949
 0xcc6de4e6
 0xcc6e0229
 0xcc6e1d65
 0xcc6e3592
 0xcc6e4e59
 0xcc6e677e
 0xcc6e7fd7
 0xcc6e97b7
 0xcc6eb092
 0xcc6ec8b8
 0xcc6ee0e2
 0xcc6efaea
 0xcc6f141a
 0xcc6f2c73
 0xcc6f45a9
 0xcc6f5ea2
 0xcc6f77c2
 0xcc6f911e
 0xcc6fa9bf
 0xcc6fc290
 0xcc6fe063
 0xcc6ff9b9
 0xcc701377
 0xcc702d0e
 0xcc70460e
 0xcc706183
 0xcc707a9c
 0xcc7092d7
 0xcc70ab65
 0xcc70c48a
 0xcc70dd15
 0xcc70f7ed
 0xcc711083
 0xcc712995
 0xcc7140e4
 0xcc715bbd
 0xcc717499
 0xcc718e36
 0xcc71a6d7
 0xcc71bfdb
 0xcc71dcf1
 0xcc71f636
 0xcc720ece
 0xcc722b7f
 0xcc7243e0
 0xcc725bec
 0xcc7274e4
 0xcc728e21
 0xcc72a6c4
 0xcc72beb7
 0xcc72d7f6
 0xcc72f154
 0xcc730ad7
 0xcc73231a
 0xcc733bf8
 0xcc73542d
 0xcc736ce6
 0xcc738649
 0xcc739eff
 0xcc73b89c
 0xcc73e210
 0xcc740272
 0xcc741e3b
 0xcc743593
 0xcc745007
 0xcc74689d
 0xcc7480d3
 0xcc749a11
 0xcc74b2ab
 0xcc74ca1b
 0xcc74e3ff
 0xcc74fde1
 0xcc7516bc
 0xcc752fb7
 0xcc7548fb
 0xcc756128
 0xcc757ad7
 0xcc759301
 0xcc75ac3b
 0xcc75c409
 0xcc75e097
 0xcc75fa6e
 0xcc761410
 0xcc762d2d
 0xcc7644f7
 0xcc765ec4
 0xcc767a1b
 0xcc7692c9
 0xcc76ab5d
 0xcc76c340
 0xcc76dc45
 0xcc76f5bf
 0xcc770e7e
 0xcc77272d
 0xcc773f40
 0xcc775889
 0xcc777036
 0xcc77b083
 0xcc77d9a2
 0xcc77ff7e
 0xcc781c30
 0xcc783536
 0xcc785815
 0xcc787116
 0xcc7889dc
 0xcc78a286
 0xcc78bb53
 0xcc78d48f
 0xcc78ed06
 0xcc7905b9
 0xcc791ecd
 0xcc79391c
 0xcc79519c
 0xcc796b1e
 0xcc798250
 0xcc799b67
 0xcc79b489
 0xcc79cd9a
 0xcc79e766
 0xcc7a0049
 0xcc7a1cb4
 0xcc7a37fe
 0xcc7a512f
 0xcc7a69cb
 0xcc7a82d3
 0xcc7a99dd
 0xcc7ab3f3
 0xcc7ace26
 0xcc7ae659
 0xcc7afe6f
 0xcc7b182e
 0xcc7b30db
 0xcc7b4a1a
 0xcc7b67b6
 0xcc7b7ff1
 0xcc7b99a0
 0xcc7bb295
 0xcc7bccb5
 0xcc7be568
 0xcc7bfe93
 0xcc7c1af3
 0xcc7c3354
 0xcc7c4cbf
 0xcc7c6a59
 0xcc7c831f
 0xcc7c9c93
 0xcc7cb51b
 0xcc7ccdcb
 0xcc7ce6fd
 0xcc7cfef1
 0xcc7d1797
 0xcc7d3376
 0xcc7d4bd1
 0xcc7d65b5
 0xcc7d7e2c
 0xcc7d972d
 0xcc7daf5f
 0xcc7dc81f
 0xcc7de282
 0xcc7dfb7e
 0xcc7e17b8
 0xcc7e3219
 0xcc7e4a8b
 0xcc7e6327
 0xcc7e7c3a
 0xcc7e9435
 0xcc7eae0e
 0xcc7ec607
 0xcc7ede62
 0xcc7ef7aa
 0xcc7f1083
 0xcc7f28ca
 0xcc7f4243
 0xcc7f5afa
 0xcc7f73c4
 0xcc7f8bc6
 0xcc7fa43f
 0xcc7fbd9c
 0xcc7fd829
 0xcc7ff169
 0xcc800d04
 0xcc802b20
 0xcc804502
 0xcc805d38
 0xcc807623
 0xcc808e34
 0xcc80a793
 0xcc80bec5
 0xcc80d8c6
 0xcc80f12d
 0xcc810a97
 0xcc812554
 0xcc813cc3
 0xcc81574e
 0xcc81700c
 0xcc8188b6
 0xcc81a1dc
 0xcc81ba18
 0xcc81d290
 0xcc81f689
 0xcc820e1d
 0xcc8227d9
 0xcc8240da
 0xcc825a12
 0xcc82726c
 0xcc828baf
 0xcc82a3f4
 0xcc82bc95
 0xcc82d533
 0xcc82ee74
 0xcc830778
 0xcc832092
 0xcc833a11
 0xcc835392
 0xcc837010
 0xcc8389a9
 0xcc83a231
 0xcc83ba99
 0xcc83d477
 0xcc83edef
 0xcc840971
 0xcc8421fa
 0xcc843cb8
 0xcc845619
 0xcc846dfe
 0xcc848714
 0xcc849fc7
 0xcc84b731
 0xcc84d015
 0xcc84e8c0
 0xcc8501a2
 0xcc851bca
 0xcc85348c
 0xcc854c84
 0xcc8565e3
 0xcc857ed4
 0xcc8596da
 0xcc85b070
 0xcc85c8ef
 0xcc85e2da
 0xcc85fd45
 0xcc8619a8
 0xcc8631ae
 0xcc86497d
 0xcc86623e
 0xcc867b4a
 0xcc86931c
 0xcc86ac5e
 0xcc86c471
 0xcc86dcaf
 0xcc86f678
 0xcc870f5a
 0xcc87277e
 0xcc8740f2
 0xcc8759d8
 0xcc8772a2
 0xcc878b9c
 0xcc87a467
 0xcc87bcef
 0xcc87da32
 0xcc87f4a5
 0xcc880cfa
 0xcc8826b3
 0xcc883f05
 0xcc8857b1
 0xcc886fe8
 0xcc8887f7
 0xcc88a041
 0xcc88b8d0
 0xcc88d11d
 0xcc88eac9
 0xcc8902fc
 0xcc891ae6
 0xcc893426
 0xcc894d27
 0xcc8968f7
 0xcc898154
 0xcc8999a2
 0xcc89b22a
 0xcc89c9ad
 0xcc89e9a5
 0xcc8a08ec
 0xcc8a214d
 0xcc8a3a93
 0xcc8a53ca
 0xcc8a6c60
 0xcc8a852e
 0xcc8a9d93
 0xcc8ab5b2
 0xcc8acde0
 0xcc8ae788
 0xcc8affce
 0xcc8b194a
 0xcc8b31f8
 0xcc8b4b3a
 0xcc8b6370
 0xcc8b846e
 0xcc8b9d0b
 0xcc8bb605
 0xcc8bcff0
 0xcc8bfad3
 0xcc8c364a
 0xcc8c697b
 0xcc8c8276
 0xcc8c9b96
 0xcc8cb3f5
 0xcc8ccc69
 0xcc8ce46a
 0xcc8cfd83
 0xcc8d15ba
 0xcc8d31f5
 0xcc8d4b24
 0xcc8d63d4
 0xcc8d7b74
 0xcc8d9515
 0xcc8dadf0
 0xcc8dc6b1
 0xcc8ddf62
 0xcc8df788
 0xcc8e134b
 0xcc8e2f16
 0xcc8e48cd
 0xcc8e6126
 0xcc8e79ad
 0xcc8e92bf
 0xcc8eab8d
 0xcc8ec44e
 0xcc8edc85
 0xcc8ef5a1
 0xcc8f0e75
 0xcc8f2700
 0xcc8f3f36
 0xcc8f5915
 0xcc8f7151
 0xcc8f8a1b
 0xcc8fa34f
 0xcc8fbec4
 0xcc8fd774
 0xcc8fefe5
 0xcc900d13
 0xcc902412
 0xcc903dfa
 0xcc905984
 0xcc907291
 0xcc908c5c
 0xcc90a4fa
 0xcc90bd21
 0xcc90d6ba
 0xcc90ee8b
 0xcc910467
 0xcc9120a8
 0xcc913968
 0xcc9150e4
 0xcc916a0f
 0xcc918315
 0xcc919b5f
 0xcc91b3d1
 0xcc91cca4
 0xcc91e62f
 0xcc92029e
 0xcc921d3c
 0xcc9236b6
 0xcc92509f
 0xcc926923
 0xcc92824f
 0xcc929be7
 0xcc92b38e
 0xcc92cbc6
 0xcc92e405
 0xcc92fd7e
 0xcc931754
 0xcc932fbb
 0xcc93483e
 0xcc936442
 0xcc937e8e
 0xcc9396ab
 0xcc93af3a
 0xcc93caba
 0xcc93e2fb
 0xcc93fe50
 0xcc94183b
 0xcc942ffc
 0xcc944a7b
 0xcc9462f4
 0xcc947c30
 0xcc949525
 0xcc94adaa
 0xcc94c572
 0xcc94de9c
 0xcc94f7e8
 0xcc95112a
 0xcc9529ce
 0xcc954385
 0xcc955b89
 0xcc957463
 0xcc958cc1
 0xcc95a56e
 0xcc95be8d
 0xcc95dad6
 0xcc95f7e1
 0xcc961287
 0xcc96318e
 0xcc964a2c
 0xcc96640a
 0xcc967d13
 0xcc969536
 0xcc96ad5a
 0xcc96c691
 0xcc96deb4
 0xcc96f839
 0xcc971117
 0xcc972a05
 0xcc974208
 0xcc975b50
 0xcc9774dd
 0xcc978d41
 0xcc97a5c3
 0xcc97be4e
 0xcc97d748
 0xcc97f3a0
 0xcc98107a
 0xcc982a77
 0xcc9855ec
 0xcc987f82
 0xcc98ab61
 0xcc98d19f
 0xcc98f7d7
 0xcc991df1
 0xcc9943fd
 0xcc996d26
 0xcc999894
 0xcc99bead
 0xcc99e4f4
 0xcc9a0b06
 0xcc9a33ea
 0xcc9a5a35
 0xcc9a8330
 0xcc9aa9a4
 0xcc9ad2ff
 0xcc9afcf4
 0xcc9b26f3
 0xcc9b5042
 0xcc9b76aa
 0xcc9b9a32
 0xcc9bbe13
 0xcc9be446
 0xcc9c07ed
 0xcc9c2e99
 0xcc9c5747
 0xcc9c7fd5
 0xcc9ca36d
 0xcc9cca1b
 0xcc9cf026
 0xcc9d166a
 0xcc9d3cd5
 0xcc9d6045
 0xcc9d8662
 0xcc9dac7b
 0xcc9dd2c0
 0xcc9dfc82
 0xcc9e2836
 0xcc9e4ea1
 0xcc9e6898
 0xcc9e801f
 0xcc9e9be4
 0xcc9eb50c
 0xcc9ecdf0
 0xcc9ef562
 0xcc9f0e14
 0xcc9f2675
 0xcc9f41ef
 0xcc9f5a4d
 0xcc9f73e2
 0xcc9f8b62
 0xcc9fa564
 0xcc9fbe61
 0xcc9fd77a
 0xcc9feff2
 0xcca00978
 0xcca02694
 0xcca04213
 0xcca05abb
 0xcca073cf
 0xcca08af0
 0xcca0a73f
 0xcca0bfb8
 0xcca0d7f3
 0xcca0f1a0
 0xcca1091b
 0xcca1220a
 0xcca13c5a
 0xcca154b0
 0xcca16c9c
 0xcca18687
 0xcca19f9f
 0xcca1b88a
 0xcca1d070
 0xcca1e88d
 0xcca2027f
 0xcca21ec8
 0xcca237c9
 0xcca2507b
 0xcca26aec
 0xcca283ef
 0xcca29ccb
 0xcca2b684
 0xcca2cf46
 0xcca2e7ef
 0xcca3010a
 0xcca319cd
 0xcca336c7
 0xcca3500b
 0xcca369eb
 0xcca382f3
 0xcca39a31
 0xcca3b4eb
 0xcca3ce1a
 0xcca3e6dc
 0xcca403f4
 0xcca41d03
 0xcca43c96
 0xcca45606
 0xcca46e93
 0xcca48777
 0xcca4a1fc
 0xcca4bd85
 0xcca4d657
 0xcca4eea5
 0xcca50ad8
 0xcca52470
 0xcca53dc1
 0xcca5559a
 0xcca56fb6
 0xcca5887c
 0xcca5a077
 0xcca5b95b
 0xcca5d1d5
 0xcca5eaf1
 0xcca6035b
 0xcca621c0
 0xcca63ebe
 0xcca65748
 0xcca67053
 0xcca6888a
 0xcca6a221
 0xcca6ba59
 0xcca6d42f
 0xcca6ec7c
 0xcca704fa
 0xcca71e50
 0xcca737dd
 0xcca7518b
 0xcca76a24
 0xcca7832d
 0xcca79c59
 0xcca7b523
 0xcca7ccfb
 0xcca7e515
 0xcca7ff33
 0xcca82565
 0xcca8444b
 0xcca85e63
 0xcca87628
 0xcca88fa3
 0xcca8a7b5
 0xcca8c158
 0xcca8daf2
 0xcca8f3e6
 0xcca90c83
 0xcca92552
 0xcca93ddb
 0xcca956d1
 0xcca96f86
 0xcca9885d
 0xcca9a01d
 0xcca9b958
 0xcca9d229
 0xcca9eaf1
 0xccaa056b
 0xccaa1fce
 0xccaa380b
 0xccaa535d
 0xccaa6be8
 0xccaa8421
 0xccaa9c8e
 0xccaab5ee
 0xccaace7c
 0xccaaee82
 0xccab06b8
 0xccab1fb8
 0xccab3966
 0xccab5243
 0xccab6a77
 0xccab8379
 0xccab9b81
 0xccabb4a2
 0xccabccd3
 0xccabe604
 0xccac036e
 0xccac1cf2
 0xccac3633
 0xccac4eda
 0xccac66b0
 0xccac8017
 0xccac98a7
 0xccacb1a8
 0xccaccaa0
 0xccace3cf
 0xccacfc62
 0xccad1527
 0xccad2df6
 0xccad46fd
 0xccad5fa0
 0xccad7854
 0xccad9081
 0xccada901
 0xccadc238
 0xccadda5e
 0xccadf5b5
 0xccae1069
 0xccae28a3
 0xccae426d
 0xccae5b6e
 0xccae73c4
 0xccae8c3d
 0xccaea55a
 0xccaebd44
 0xccaed6f6
 0xccaeef3f
 0xccaf0a5b
 0xccaf230d
 0xccaf3a9b
 0xccaf53a5
 0xccaf6d29
 0xccaf8679
 0xccaf9f6c
 0xccafb7db
 0xccafd0f6
 0xccafec75
 0xccb004e6
 0xccb02591
 0xccb03f71
 0xccb057bb
 0xccb070b5
 0xccb089e4
 0xccb0a20c
 0xccb0bada
 0xccb0d430
 0xccb0ef80
 0xccb10809
 0xccb1221b
 0xccb13b47
 0xccb15427
 0xccb16d54
 0xccb185c5
 0xccb19d61
 0xccb1b612
 0xccb1ce34
 0xccb1eb44
 0xccb204fd
 0xccb21d6f
 0xccb23591
 0xccb24e41
 0xccb26755
 0xccb27fb9
 0xccb298dd
 0xccb2b1b0
 0xccb2ca31
 0xccb2e345
 0xccb2fe2d
 0xccb317f2
 0xccb33322
 0xccb34b8e
 0xccb36435
 0xccb37d40
 0xccb396aa
 0xccb3afd8
 0xccb3c919
 0xccb3e65f
 0xccb3ffba
 0xccb41820
 0xccb43253
 0xccb44a40
 0xccb463a6
 0xccb47c26
 0xccb49597
 0xccb4ae21
 0xccb4c6ad
 0xccb4df12
 0xccb509db
 0xccb523a4
 0xccb53d01
 0xccb55655
 0xccb56f77
 0xccb588ba
 0xccb5a1f8
 0xccb5ba78
 0xccb5d366
 0xccb5ef83
 0xccb606de
 0xccb61f87
 0xccb63909
 0xccb652ee
 0xccb66bd6
 0xccb683ad
 0xccb69d3b
 0xccb6b5d8
 0xccb6ce9e
 0xccb6e798
 0xccb7015b
 0xccb71c97
 0xccb7345a
 0xccb74de3
 0xccb76670
 0xccb77f7a
 0xccb797d1
 0xccb7b085
 0xccb7c9aa
 0xccb7e620
 0xccb80108
 0xccb81a53
 0xccb83258
 0xccb84ccf
 0xccb86527
 0xccb87e7c
 0xccb8977d
 0xccb8b049
 0xccb8c943
 0xccb8e1a1
 0xccb8fbcf
 0xccb9155b
 0xccb92e42
 0xccb946ba
 0xccb95f8c
 0xccb977f8
 0xccb991fc
 0xccb9aa87
 0xccb9c3de
 0xccb9e178
 0xccb9f964
 0xccba1331
 0xccba2e14
 0xccba45cb
 0xccba5f0d
 0xccba77c0
 0xccba90af
 0xccbaa997
 0xccbac29b
 0xccbadacf
 0xccbaf5f3
 0xccbb0f0f
 0xccbb275f
 0xccbb406d
 0xccbb58fc
 0xccbb71a4
 0xccbb8abf
 0xccbba36d
 0xccbbbd88
 0xccbbd96d
 0xccbbf44c
 0xccbc0dab
 0xccbc25e5
 0xccbc3fea
 0xccbc586c
 0xccbc7164
 0xccbc89ee
 0xccbca33d
 0xccbcbbdc
 0xccbcd5d5
 0xccbceed3
 0xccbd08dc
 0xccbd229d
 0xccbd3aef
 0xccbd5415
 0xccbd6ca6
 0xccbd887a
 0xccbda121
 0xccbdb99e
 0xccbdd6bd
 0xccbdf4da
 0xccbe0ee1
 0xccbe27fc
 0xccbe40bf
 0xccbe5aab
 0xccbe72ab
 0xccbe8d00
 0xccbea9f5
 0xccbec269
 0xccbedade
 0xccbef58a
 0xccbf0e6e
 0xccbf2816
 0xccbf3f7a
 0xccbf58ec
 0xccbf7129
 0xccbf8b61
 0xccbfa407
 0xccbfbcf0
 0xccbfd8a0
 0xccbff340
 0xccc00c6f
 0xccc02a50
 0xccc043dd
 0xccc05d32
 0xccc075c8
 0xccc08e99
 0xccc0a7de
 0xccc0c08e
 0xccc0e521
 0xccc0fb4c
 0xccc11598
 0xccc12f10
 0xccc14777
 0xccc16040
 0xccc17a4c
 0xccc191fd
 0xccc1ab83
 0xccc1c560
 0xccc1e0eb
 0xccc1f95a
 0xccc2138c
 0xccc22b8c
 0xccc244e1
 0xccc25dd5
 0xccc2760f
 0xccc28e3b
 0xccc2a7a4
 0xccc2c15e
 0xccc2db19
 0xccc2f791
 0xccc31068
 0xccc32968
 0xccc3420f
 0xccc35ba3
 0xccc374be
 0xccc38d12
 0xccc3a53f
 0xccc3c431
 0xccc3dd31
 0xccc3f85a
 0xccc40f4a
 0xccc42935
 0xccc4415b
 0xccc45db6
 0xccc476b6
 0xccc49007
 0xccc4a8d5
 0xccc4c1df
 0xccc4dab2
 0xccc4f367
 0xccc50bec
 0xccc524de
 0xccc53f69
 0xccc5575a
 0xccc5706e
 0xccc58873
 0xccc5a18c
 0xccc5ba4e
 0xccc5d7ee
 0xccc5f0a1
 0xccc60aed
 0xccc62317
 0xccc63c30
 0xccc65377
 0xccc66c6a
 0xccc6848f
 0xccc69ce4
 0xccc6b5b0
 0xccc6ce08
 0xccc6e981
 0xccc7041e
 0xccc71d22
 0xccc73569
 0xccc74e4f
 0xccc767e3
 0xccc77fc4
 0xccc79910
 0xccc7b412
 0xccc7ce59
 0xccc7eee5
 0xccc80881
 0xccc820e2
 0xccc83953
 0xccc852c6
 0xccc86a86
 0xccc883b5
 0xccc89b8d
 0xccc8b2fd
 0xccc8cc65
 0xccc8e5c6
 0xccc8fdb5
 0xccc91680
 0xccc92f56
 0xccc948f9
 0xccc9615e
 0xccc97b23
 0xccc992b7
 0xccc9b112
 0xccc9cd90
 0xccc9e617
 0xccc9fea8
 0xccca171c
 0xccca2f8a
 0xccca4977
 0xccca62aa
 0xccca7b35
 0xccca93b0
 0xcccaab1f
 0xcccad108
 0xcccaf788
 0xcccb104c
 0xcccb298a
 0xcccb4204
 0xcccb5ba5
 0xcccb73c6
 0xcccb8c12
 0xcccba512
 0xcccbbdfb
 0xcccbdbfd
 0xcccbf52f
 0xcccc0ee6
 0xcccc270c
 0xcccc4066
 0xcccc59a1
 0xcccc71f2
 0xcccc8a6a
 0xcccca2e8
 0xccccbce3
 0xccccd5c0
 0xcccceec4
 0xcccd07e5
 0xcccd2070
 0xcccd397f
 0xcccd5242
 0xcccd6ca3
 0xcccd853f
 0xcccd9d91
 0xcccdb9f0
 0xcccdd23d
 0xcccde9de
 0xccce03e2
 0xccce1cbd
 0xccce35b0
 0xccce4f12
 0xccce6720
 0xccce80bd
 0xccce9941
 0xccceb31b
 0xcccecd43
 0xcccee74a
 0xcccf00a0
 0xcccf1980
 0xcccf3263
 0xcccf4b23
 0xcccf62ba
 0xcccf7cf3
 0xcccf9541
 0xcccfb283
 0xcccfcc88
 0xcccfe6ca
 0xcccfff10
 0xccd017a8
 0xccd02ff6
 0xccd0490e
 0xccd061fc
 0xccd07a76
 0xccd0933e
 0xccd0abdb
 0xccd0c465
 0xccd0ddc1
 0xccd0f6c6
 0xccd10ee4
 0xccd127e0
 0xccd140e8
 0xccd15ac6
 0xccd1736e
 0xccd18c13
 0xccd1a974
 0xccd1c227
 0xccd1db70
 0xccd1f5c6
 0xccd20ec9
 0xccd22898
 0xccd24116
 0xccd2591b
 0xccd270a8
 0xccd28a8a
 0xccd2a2cd
 0xccd2bc61
 0xccd2d5d9
 0xccd2ef66
 0xccd3082f
 0xccd32128
 0xccd339a5
 0xccd352a6
 0xccd36b57
 0xccd38517
 0xccd3a25e
 0xccd3bcf6
 0xccd3d637
 0xccd3eeaf
 0xccd40843
 0xccd4210f
 0xccd43970
 0xccd4515f
 0xccd46b08
 0xccd483b9
 0xccd49ca6
 0xccd4b70d
 0xccd4d011
 0xccd4e932
 0xccd502a2
 0xccd51be4
 0xccd5340f
 0xccd54cfc
 0xccd567cb
 0xccd5801f
 0xccd59c3d
 0xccd5bad1
 0xccd5d40b
 0xccd5f174
 0xccd608ee
 0xccd621ed
 0xccd63bad
 0xccd6545c
 0xccd66e66
 0xccd686b9
 0xccd6a027
 0xccd6c018
 0xccd6d905
 0xccd6f125
 0xccd70b84
 0xccd72522
 0xccd73dd7
 0xccd75682
 0xccd77019
 0xccd78a32
 0xccd7a8f0
 0xccd7c3d8
 0xccd7dcb7
 0xccd7f662
 0xccd80d5d
 0xccd82756
 0xccd8403e
 0xccd85836
 0xccd8709e
 0xccd88bf0
 0xccd8a4e4
 0xccd8bf53
 0xccd8d759
 0xccd8effd
 0xccd9086e
 0xccd921a1
 0xccd93b32
 0xccd952f9
 0xccd96b02
 0xccd984f4
 0xccd9a171
 0xccd9bae9
 0xccd9d3a8
 0xccd9ec89
 0xccda0480
 0xccda1e3d
 0xccda3691
 0xccda4fe1
 0xccda77fc
 0xccda914b
 0xccdaab10
 0xccdac707
 0xccdae005
 0xccdaf8ff
 0xccdb1140
 0xccdb2ac0
 0xccdb43ce
 0xccdb5bf7
 0xccdb7528
 0xccdb8fe1
 0xccdbaad5
 0xccdbc6f4
 0xccdbe1aa
 0xccdbfac8
 0xccdc130e
 0xccdc2b67
 0xccdc4422
 0xccdc5d2b
 0xccdc7501
 0xccdc8d33
 0xccdcaa17
 0xccdcc335
 0xccdcdd3b
 0xccdcf641
 0xccdd0eac
 0xccdd2865
 0xccdd417b
 0xccdd59ea
 0xccdd7305
 0xccdd8b27
 0xccdda9a3
 0xccddc27d
 0xccdddc55
 0xccddf4be
 0xccde0d17
 0xccde26fc
 0xccde406c
 0xccde58fc
 0xccde71d8
 0xccde8a89
 0xccdea388
 0xccdebdeb
 0xccded6e5
 0xccdeefa9
 0xccdf08d3
 0xccdf2276
 0xccdf3b0c
 0xccdf5404
 0xccdf6c0e
 0xccdf855c
 0xccdfae78
 0xccdfd1e6
 0xccdff688
 0xcce00f5b
 0xcce028d6
 0xcce0419e
 0xcce05aeb
 0xcce073ed
 0xcce08c55
 0xcce0a48b
 0xcce0be12
 0xcce0d5ef
 0xcce0f033
 0xcce108c4
 0xcce12161
 0xcce13bbc
 0xcce15406
 0xcce16dee
 0xcce1979a
 0xcce1b3ee
 0xcce1cd81
 0xcce1ec28
 0xcce205b7
 0xcce21e1c
 0xcce23729
 0xcce25050
 0xcce2682d
 0xcce28143
 0xcce29a21
 0xcce2b26e
 0xcce2cbc2
 0xcce2e61f
 0xcce3028f
 0xcce31b9d
 0xcce340da
 0xcce35ead
 0xcce37703
 0xcce38f99
 0xcce3a818
 0xcce3c831
 0xcce3eab1
 0xcce405e2
 0xcce41e78
 0xcce436ea
 0xcce4512a
 0xcce46aa0
 0xcce48382
 0xcce49c18
 0xcce4b4cc
 0xcce4ce1a
 0xcce4e79e
 0xcce500b8
 0xcce519c2
 0xcce531e8
 0xcce54bbe
 0xcce56482
 0xcce57d0e
 0xcce59639
 0xcce5ae98
 0xcce5c7bd
 0xcce5e579
 0xcce5ff2a
 0xcce61a62
 0xcce632b3
 0xcce64bee
 0xcce6640e
 0xcce67c88
 0xcce694c1
 0xcce6adae
 0xcce6c683
 0xcce6e1fb
 0xcce701c8
 0xcce71a97
 0xcce733ae
 0xcce74b97
 0xcce765cf
 0xcce77f18
 0xcce798cf
 0xcce7b14a
 0xcce7cd58
 0xcce7e9f1
 0xcce803dd
 0xcce81e07
 0xcce8364f
 0xcce84ff2
 0xcce86869
 0xcce88168
 0xcce899f0
 0xcce8b231
 0xcce8cb46
 0xcce8e36f
 0xcce8fde4
 0xcce91833
 0xcce9312a
 0xcce9497b
 0xcce96273
 0xcce97bd5
 0xcce9946f
 0xcce9ad67
 0xcce9c8f2
 0xcce9e2f8
 0xcce9fbaa
 0xccea163c
 0xccea2ecf
 0xccea46c4
 0xccea5f38
 0xccea7746
 0xccea8fc0
 0xcceaa6ae
 0xcceac0a5
 0xcceadb43
 0xcceaf52e
 0xcceb0dff
 0xcceb26c5
 0xcceb3f94
 0xcceb58b4
 0xcceb7069
 0xcceb8948
 0xcceba122
 0xccebba99
 0xccebd80a
 0xccebf608
 0xccec0e8c
 0xccec2868
 0xccec4146
 0xccec5a26
 0xccec72cd
 0xccec8aea
 0xcceca432
 0xccecbc8e
 0xccecd7ea
 0xccecf138
 0xcced098e
 0xcced216e
 0xcced3b04
 0xcced5413
 0xcced6cbe
 0xcced8408
 0xcced9d07
 0xccedb9f8
 0xccedd432
 0xccedf02b
 0xccee09c8
 0xccee2311
 0xccee3b94
 0xccee54b5
 0xccee6d18
 0xccee85c3
 0xccee9eac
 0xcceeb750
 0xcceed1d7
 0xcceef08a
 0xccef161b
 0xccef3145
 0xccef4a3c
 0xccef6266
 0xccef7bac
 0xccef942b
 0xccefad5c
 0xccefca43
 0xccefe490
 0xcceffd50
 0xccf015de
 0xccf02f67
 0xccf04826
 0xccf06186
 0xccf07a3d
 0xccf092e6
 0xccf0accc
 0xccf0c45a
 0xccf0dd5f
 0xccf0f6b4
 0xccf10fbf
 0xccf1276b
 0xccf159cd
 0xccf176af
 0xccf1901f
 0xccf1a8ef
 0xccf1c183
 0xccf1e00f
 0xccf1f94e
 0xccf211a7
 0xccf22b0a
 0xccf243ff
 0xccf25d15
 0xccf2765e
 0xccf28f10
 0xccf2a7b4
 0xccf2bfc2
 0xccf2d93c
 0xccf2f43e
 0xccf30ec3
 0xccf32683
 0xccf33fc2
 0xccf3592d
 0xccf37180
 0xccf38af8
 0xccf3a425
 0xccf3bc5e
 0xccf3d9c3
 0xccf3f8a3
 0xccf41292
 0xccf42bee
 0xccf443e5
 0xccf45e91
 0xccf47a51
 0xccf493c4
 0xccf4ac1b
 0xccf4c438
 0xccf4dd67
 0xccf4f664
 0xccf50f16
 0xccf5290e
 0xccf54199
 0xccf55afe
 0xccf57729
 0xccf59005
 0xccf5a88f
 0xccf5c0b6
 0xccf5dd98
 0xccf5f78d
 0xccf60fc0
 0xccf62961
 0xccf6416c
 0xccf65ae2
 0xccf674e9
 0xccf68dd6
 0xccf6a944
 0xccf6c3aa
 0xccf6dbd7
 0xccf6f635
 0xccf70f6e
 0xccf7286b
 0xccf740c3
 0xccf759f0
 0xccf771bf
 0xccf78aee
 0xccf7a374
 0xccf7bc27
 0xccf7d8e3
 0xccf7f383
 0xccf80d1c
 0xccf825c8
 0xccf83ef5
 0xccf8576f
 0xccf870cf
 0xccf88a59
 0xccf8a33d
 0xccf8bbb4
 0xccf8d436
 0xccf8ee47
 0xccf9079a
 0xccf92028
 0xccf93867
 0xccf95178
 0xccf96a17
 0xccf983b1
 0xccf99c01
 0xccf9b405
 0xccf9d24f
 0xccf9ebfa
 0xccfa04dc
 0xccfa1e85
 0xccfa36b1
 0xccfa4fb8
 0xccfa686d
 0xccfa821e
 0xccfa9a18
 0xccfab2fc
 0xccfacbd4
 0xccfae761
 0xccfb01e7
 0xccfb1ab0
 0xccfb3384
 0xccfb4cc9
 0xccfb6530
 0xccfb7da7
 0xccfb9672
 0xccfbb310
 0xccfbcc6a
 0xccfbe708
 0xccfc00bc
 0xccfc1917
 0xccfc317e
 0xccfc4a38
 0xccfc6223
 0xccfc7bf1
 0xccfc94e0
 0xccfcac8e
 0xccfcc600
 0xccfce083
 0xccfd00f6
 0xccfd1a61
 0xccfd3307
 0xccfd4b97
 0xccfd654a
 0xccfd7e3c
 0xccfd95f6
 0xccfdb500
 0xccfdcfe0
 0xccfdeff0
 0xccfe0898
 0xccfe2112
 0xccfe3985
 0xccfe52b3
 0xccfe6b0d
 0xccfe84fa
 0xccfe9d32
 0xccfeb652
 0xccfece46
 0xccfee958
 0xccff0368
 0xccff1c0a
 0xccff346f
 0xccff4d3c
 0xccff665b
 0xccff7eef
 0xccff97ee
 0xccffb13f
 0xccffcd6f
 0xccffe7e5
 0xcd000293
 0xcd001b50
 0xcd0033fe
 0xcd004bee
 0xcd0063b8
 0xcd007c49
 0xcd009701
 0xcd00af5a
 0xcd00c74e
 0xcd00e14e
 0xcd00fa43
 0xcd011320
 0xcd012afe
 0xcd014461
 0xcd015c91
 0xcd01766e
 0xcd018ea8
 0xcd01aafd
 0xcd01c5dc
 0xcd01de49
 0xcd01f791
 0xcd0213ca
 0xcd022c0a
 0xcd0245aa
 0xcd025e01
 0xcd02775b
 0xcd02914b
 0xcd02aaad
 0xcd02c351
 0xcd02dcce
 0xcd02f6d5
 0xcd030ee5
 0xcd032719
 0xcd03411b
 0xcd035905
 0xcd03710f
 0xcd0389f6
 0xcd03a864
 0xcd03c19d
 0xcd03db17
 0xcd03f363
 0xcd040c1c
 0xcd042571
 0xcd043e75
 0xcd04570d
 0xcd047001
 0xcd048763
 0xcd04a0ff
 0xcd04bb27
 0xcd04d3c7
 0xcd04ecc4
 0xcd0504fc
 0xcd051e7b
 0xcd05380d
 0xcd05508f
 0xcd056a23
 0xcd0582c5
 0xcd05a223
 0xcd05beb6
 0xcd05db82
 0xcd05f513
 0xcd060ec6
 0xcd062766
 0xcd06412c
 0xcd06595f
 0xcd067159
 0xcd068a73
 0xcd06a494
 0xcd06be4d
 0xcd06d706
 0xcd06f036
 0xcd070992
 0xcd072819
 0xcd074ebf
 0xcd07677e
 0xcd0780ee
 0xcd0799de
 0xcd07b58b
 0xcd07d21b
 0xcd07eab6
 0xcd08030b
 0xcd081c03
 0xcd0836da
 0xcd085651
 0xcd086ee0
 0xcd088869
 0xcd08a084
 0xcd08b961
 0xcd08d267
 0xcd08eb56
 0xcd0904f4
 0xcd091d33
 0xcd093613
 0xcd094e99
 0xcd0967f9
 0xcd09813e
 0xcd099936
 0xcd09b93c
 0xcd09d3ff
 0xcd09ebfe
 0xcd0a05fb
 0xcd0a1ee9
 0xcd0a36f4
 0xcd0a4f07
 0xcd0a68c4
 0xcd0a81d0
 0xcd0a9b6e
 0xcd0ab416
 0xcd0acf3c
 0xcd0aea69
 0xcd0b0396
 0xcd0b1bef
 0xcd0b3567
 0xcd0b4e82
 0xcd0b6752
 0xcd0b808b
 0xcd0b992a
 0xcd0bb60d
 0xcd0bd13e
 0xcd0beb51
 0xcd0c03a1
 0xcd0c1d01
 0xcd0c357b
 0xcd0c4e0b
 0xcd0c6777
 0xcd0c7fea
 0xcd0c983c
 0xcd0cb0a9
 0xcd0cc9b2
 0xcd0ce23f
 0xcd0cfa7d
 0xcd0d1463
 0xcd0d2c3c
 0xcd0d4555
 0xcd0d5e7c
 0xcd0d76ce
 0xcd0d8fad
 0xcd0daa84
 0xcd0dc45f
 0xcd0ddd4a
 0xcd0df61d
 0xcd0e0d28
 0xcd0e2899
 0xcd0e4093
 0xcd0e59fb
 0xcd0e73f7
 0xcd0e8be4
 0xcd0ea4c8
 0xcd0ec09d
 0xcd0ed9ef
 0xcd0ef35c
 0xcd0f0bc6
 0xcd0f23ec
 0xcd0f3cba
 0xcd0f5523
 0xcd0f6ea2
 0xcd0f871c
 0xcd0fa3c4
 0xcd0fbe13
 0xcd0fdc8b
 0xcd0ff461
 0xcd100d94
 0xcd1026b3
 0xcd104079
 0xcd105926
 0xcd10735f
 0xcd108a42
 0xcd10a5d3
 0xcd10bef1
 0xcd10d885
 0xcd10f281
 0xcd110b26
 0xcd112480
 0xcd113f2a
 0xcd11585b
 0xcd116f2d
 0xcd118a49
 0xcd11a68e
 0xcd11bf71
 0xcd11d85d
 0xcd11f1c0
 0xcd120a4a
 0xcd1224b5
 0xcd123d5d
 0xcd1255bd
 0xcd126f8a
 0xcd128755
 0xcd129f5d
 0xcd12befd
 0xcd12d9fd
 0xcd12f3e1
 0xcd131da2
 0xcd13378d
 0xcd135054
 0xcd13683b
 0xcd138253
 0xcd139a9e
 0xcd13b7c9
 0xcd13d238
 0xcd13eac4
 0xcd14015d
 0xcd141bac
 0xcd14341a
 0xcd144d5a
 0xcd146518
 0xcd148bd1
 0xcd14a780
 0xcd14c064
 0xcd14d84d
 0xcd14f19f
 0xcd150c0c
 0xcd1524df
 0xcd153e05
 0xcd155692
 0xcd156ea9
 0xcd158b6c
 0xcd15a766
 0xcd15c445
 0xcd15df70
 0xcd15f842
 0xcd1610d5
 0xcd162a02
 0xcd16421f
 0xcd165ab8
 0xcd167364
 0xcd169cb1
 0xcd16b73d
 0xcd16cf94
 0xcd16e9b1
 0xcd170371
 0xcd171b5f
 0xcd1735b2
 0xcd174ea7
 0xcd1766f7
 0xcd17801e
 0xcd1798ae
 0xcd17b17a
 0xcd17cd74
 0xcd17ebc4
 0xcd18053f
 0xcd182632
 0xcd1842f0
 0xcd185cd4
 0xcd1875d8
 0xcd188e55
 0xcd18a84b
 0xcd18c0a9
 0xcd18d9c3
 0xcd18f40d
 0xcd190d66
 0xcd19257b
 0xcd19405e
 0xcd195a0c
 0xcd1972e1
 0xcd198ab4
 0xcd19a41d
 0xcd19bc83
 0xcd19dc6b
 0xcd19f54c
 0xcd1a0d8b
 0xcd1a2810
 0xcd1a40d0
 0xcd1a5b6c
 0xcd1a77bc
 0xcd1a91d4
 0xcd1aaea1
 0xcd1ac7f6
 0xcd1ae116
 0xcd1afc3f
 0xcd1b15e0
 0xcd1b2de6
 0xcd1b4777
 0xcd1b6163
 0xcd1b7a45
 0xcd1b9200
 0xcd1babd7
 0xcd1bc851
 0xcd1be781
 0xcd1c0339
 0xcd1c1c88
 0xcd1c35e0
 0xcd1c4ea2
 0xcd1c675f
 0xcd1c7fd7
 0xcd1c98d4
 0xcd1cb1dd
 0xcd1cca8a
 0xcd1ce296
 0xcd1cfbc2
 0xcd1d16a0
 0xcd1d2f93
 0xcd1d4823
 0xcd1d685e
 0xcd1d8018
 0xcd1d9c09
 0xcd1db671
 0xcd1dd66e
 0xcd1df11d
 0xcd1e0ae8
 0xcd1e2535
 0xcd1e3da5
 0xcd1e562f
 0xcd1e6fdb
 0xcd1e8839
 0xcd1ea1c6
 0xcd1eba2a
 0xcd1ed33d
 0xcd1eebdf
 0xcd1f0726
 0xcd1f21a1
 0xcd1f39ec
 0xcd1f527a
 0xcd1f6d7c
 0xcd1f8989
 0xcd1fa25d
 0xcd1fba88
 0xcd1fd3bd
 0xcd1ff06c
 0xcd200b27
 0xcd20235d
 0xcd203cc1
 0xcd2054f6
 0xcd206df3
 0xcd2085b1
 0xcd20a013
 0xcd20b8bf
 0xcd20cff5
 0xcd20e981
 0xcd210e5c
 0xcd212887
 0xcd214163
 0xcd2159c1
 0xcd217540
 0xcd218f0f
 0xcd21a824
 0xcd21c09e
 0xcd21dd18
 0xcd21f5a9
 0xcd220da4
 0xcd2227e3
 0xcd224015
 0xcd2258a2
 0xcd2271c1
 0xcd228ab6
 0xcd22a351
 0xcd22bc3e
 0xcd22d39c
 0xcd22ed3d
 0xcd230e6e
 0xcd23280d
 0xcd234043
 0xcd235a12
 0xcd2372d4
 0xcd238d72
 0xcd23a6d3
 0xcd23bef6
 0xcd23dd30
 0xcd23f8e6
 0xcd24161d
 0xcd242f19
 0xcd2447c2
 0xcd246076
 0xcd2479d4
 0xcd24920b
 0xcd24ad21
 0xcd24c681
 0xcd24defb
 0xcd24f7fe
 0xcd25114a
 0xcd252b2a
 0xcd254351
 0xcd255bc0
 0xcd25754e
 0xcd258f12
 0xcd25a79b
 0xcd25bf26
 0xcd25dfab
 0xcd25f8db
 0xcd2611d1
 0xcd262b03
 0xcd264436
 0xcd265cc6
 0xcd267585
 0xcd268ddf
 0xcd26a823
 0xcd26c0b0
 0xcd26d906
 0xcd26f2bf
 0xcd270b40
 0xcd2724fc
 0xcd273d4a
 0xcd275504
 0xcd276e7e
 0xcd278648
 0xcd27a217
 0xcd27bb80
 0xcd27dab6
 0xcd280580
 0xcd282040
 0xcd283ce3
 0xcd2855e1
 0xcd286f3c
 0xcd28888e
 0xcd28a089
 0xcd28b9e4
 0xcd28d239
 0xcd28ea85
 0xcd290347
 0xcd291e1f
 0xcd2936da
 0xcd294fb5
 0xcd29694a
 0xcd298208
 0xcd299a9d
 0xcd29b544
 0xcd29cd9a
 0xcd29ecea
 0xcd2a0921
 0xcd2a2281
 0xcd2a3c4c
 0xcd2a5435
 0xcd2a6c42
 0xcd2a84e1
 0xcd2a9d9d
 0xcd2ab6a9
 0xcd2acf52
 0xcd2ae734
 0xcd2b017b
 0xcd2b1b8f
 0xcd2b34fd
 0xcd2b4dfb
 0xcd2b6630
 0xcd2b7f38
 0xcd2b9758
 0xcd2baffa
 0xcd2bc8c6
 0xcd2be466
 0xcd2bffe5
 0xcd2c1919
 0xcd2c30cf
 0xcd2c4c22
 0xcd2c65df
 0xcd2c7dae
 0xcd2c96bb
 0xcd2caedc
 0xcd2cc7bd
 0xcd2cdf31
 0xcd2cf898
 0xcd2d11c1
 0xcd2d2a96
 0xcd2d5440
 0xcd2d72a7
 0xcd2d8b6b
 0xcd2da460
 0xcd2dbde7
 0xcd2dd94c
 0xcd2df5e8
 0xcd2e103e
 0xcd2e3005
 0xcd2e494f
 0xcd2e62c6
 0xcd2e7b9a
 0xcd2e9440
 0xcd2ead89
 0xcd2ec53b
 0xcd2edd47
 0xcd2ef68b
 0xcd2f120e
 0xcd2f2b16
 0xcd2f443a
 0xcd2f5c4f
 0xcd2f7610
 0xcd2f8ee6
 0xcd2fa745
 0xcd2fc020
 0xcd2fd9a9
 0xcd2ff668
 0xcd3013f3
 0xcd302cd2
 0xcd3045cf
 0xcd305e90
 0xcd307716
 0xcd308ef0
 0xcd30a864
 0xcd30c0ce
 0xcd30d8d9
 0xcd30f1b6
 0xcd310a34
 0xcd3122b2
 0xcd313c20
 0xcd315456
 0xcd316db6
 0xcd318777
 0xcd319f67
 0xcd31b877
 0xcd31cfb0
 0xcd31f120
 0xcd3209e0
 0xcd3222e3
 0xcd323c45
 0xcd325497
 0xcd326d20
 0xcd3285f4
 0xcd329ed5
 0xcd32b754
 0xcd32d076
 0xcd32e9ad
 0xcd330411
 0xcd331d7c
 0xcd3335e8
 0xcd334e28
 0xcd3366e0
 0xcd337f57
 0xcd33984c
 0xcd33b10c
 0xcd33ca07
 0xcd33e7c2
 0xcd3401ab
 0xcd341a26
 0xcd34329e
 0xcd344af8
 0xcd34645c
 0xcd347cea
 0xcd34965a
 0xcd34af4f
 0xcd34c7ad
 0xcd34e031
 0xcd34f8ea
 0xcd3512e7
 0xcd352b2d
 0xcd35445b
 0xcd355cc0
 0xcd35759f
 0xcd358df7
 0xcd35a710
 0xcd35bf5b
 0xcd35db66
 0xcd35f813
 0xcd360fdf
 0xcd36294f
 0xcd36425d
 0xcd365b50
 0xcd367348
 0xcd368c9a
 0xcd36a4ac
 0xcd36bd8a
 0xcd36d60c
 0xcd36f10d
 0xcd370a38
 0xcd37236f
 0xcd373be8
 0xcd3753b2
 0xcd37730a
 0xcd378c2d
 0xcd37a40b
 0xcd37bd66
 0xcd37d9c3
 0xcd37f522
 0xcd380ddf
 0xcd3825f4
 0xcd383dfc
 0xcd385647
 0xcd386e78
 0xcd38879f
 0xcd38a099
 0xcd38b8ab
 0xcd38d1f8
 0xcd38e98b
 0xcd3903fa
 0xcd391cc0
 0xcd39342b
 0xcd394ddc
 0xcd3965b5
 0xcd397e5a
 0xcd39976b
 0xcd39b050
 0xcd39cbe9
 0xcd39eb0f
 0xcd3a052f
 0xcd3a1d11
 0xcd3a3585
 0xcd3a4f05
 0xcd3a6821
 0xcd3a8347
 0xcd3a9be8
 0xcd3ab31a
 0xcd3acc3b
 0xcd3ae6f9
 0xcd3b0019
 0xcd3b19df
 0xcd3b3262
 0xcd3b4c7d
 0xcd3b64fd
 0xcd3b7e8f
 0xcd3b96c2
 0xcd3bb503
 0xcd3bcfe0
 0xcd3beb20
 0xcd3c0505
 0xcd3c1e1b
 0xcd3c3626
 0xcd3c4e30
 0xcd3c6720
 0xcd3c809c
 0xcd3c9863
 0xcd3cb0d1
 0xcd3cca1d
 0xcd3ced5d
 0xcd3d0df3
 0xcd3d2690
 0xcd3d3edf
 0xcd3d584f
 0xcd3d7002
 0xcd3d89dc
 0xcd3da292
 0xcd3dbf8f
 0xcd3ddb8b
 0xcd3df473
 0xcd3e0e1d
 0xcd3e2751
 0xcd3e3f6f
 0xcd3e56a2
 0xcd3e6f8d
 0xcd3e8898
 0xcd3ea077
 0xcd3eb8da
 0xcd3ed1da
 0xcd3eed8b
 0xcd3f06ab
 0xcd3f1f88
 0xcd3f382c
 0xcd3f50d1
 0xcd3f68b1
 0xcd3f8122
 0xcd3f990a
 0xcd3fb363
 0xcd3fcf6d
 0xcd3fe9c4
 0xcd40023f
 0xcd401b69
 0xcd403481
 0xcd404caa
 0xcd406581
 0xcd407e98
 0xcd4098db
 0xcd40b1ce
 0xcd40ca44
 0xcd40e246
 0xcd40fba6
 0xcd4114f4
 0xcd412c71
 0xcd41457d
 0xcd415e4f
 0xcd417737
 0xcd419dbb
 0xcd41cae1
 0xcd41e4e0
 0xcd41fd6d
 0xcd4215f8
 0xcd422f8d
 0xcd4248d7
 0xcd426a78
 0xcd428c1f
 0xcd42a47c
 0xcd42bce9
 0xcd42d51e
 0xcd42f0b4
 0xcd430a8f
 0xcd432517
 0xcd433e35
 0xcd43570e
 0xcd437080
 0xcd4388a1
 0xcd439ffe
 0xcd43ba9d
 0xcd43d817
 0xcd43f1d2
 0xcd440ae8
 0xcd442360
 0xcd443c93
 0xcd445551
 0xcd446e7e
 0xcd4487db
 0xcd44a11a
 0xcd44b9a2
 0xcd44d1bc
 0xcd44eb03
 0xcd45146d
 0xcd452e7a
 0xcd4546e0
 0xcd456046
 0xcd4579fb
 0xcd4592ca
 0xcd45ac09
 0xcd45c34a
 0xcd45e6c6
 0xcd460180
 0xcd461a7f
 0xcd4633a4
 0xcd464d05
 0xcd46654d
 0xcd467ded
 0xcd469829
 0xcd46b064
 0xcd46c8d7
 0xcd46e426
 0xcd46fedb
 0xcd471771
 0xcd4730c5
 0xcd474964
 0xcd4761ec
 0xcd477b48
 0xcd479243
 0xcd47ab5f
 0xcd47c440
 0xcd47e15f
 0xcd47fc24
 0xcd481380
 0xcd482cf5
 0xcd484512
 0xcd485f50
 0xcd4878fb
 0xcd4890e8
 0xcd48aa29
 0xcd48c2b6
 0xcd48da4f
 0xcd48f3cf
 0xcd490ca3
 0xcd4925c1
 0xcd493e9c
 0xcd49570b
 0xcd496f6c
 0xcd4987ee
 0xcd49a0f8
 0xcd49b9d9
 0xcd49d8ed
 0xcd49f219
 0xcd4a0a62
 0xcd4a22ab
 0xcd4a3d00
 0xcd4a56db
 0xcd4a6fd6
 0xcd4a8948
 0xcd4aa365
 0xcd4abe23
 0xcd4ad6a7
 0xcd4af03e
 0xcd4b16e5
 0xcd4b3435
 0xcd4b4d7c
 0xcd4b65e9
 0xcd4b7e6e
 0xcd4b9718
 0xcd4bb0cb
 0xcd4bc92d
 0xcd4be529
 0xcd4c00cc
 0xcd4c19b8
 0xcd4c312f
 0xcd4c4cfc
 0xcd4c669a
 0xcd4c80f8
 0xcd4c997f
 0xcd4cb272
 0xcd4ccb45
 0xcd4ce49a
 0xcd4cff76
 0xcd4d1989
 0xcd4d31bf
 0xcd4d4c91
 0xcd4d6567
 0xcd4d7d66
 0xcd4d96e3
 0xcd4dafa4
 0xcd4dc748
 0xcd4de347
 0xcd4e01cc
 0xcd4e1af6
 0xcd4e3ac6
 0xcd4e53a2
 0xcd4e6cb9
 0xcd4e8551
 0xcd4ea260
 0xcd4ecb73
 0xcd4ee3fc
 0xcd4efb14
 0xcd4f14cd
 0xcd4f2d2d
 0xcd4f465d
 0xcd4f60dd
 0xcd4f7d77
 0xcd4f9696
 0xcd4faf31
 0xcd4fc910
 0xcd4fe194
 0xcd4ffe01
 0xcd5018f6
 0xcd503102
 0xcd504957
 0xcd506276
 0xcd507af6
 0xcd509339
 0xcd50ac98
 0xcd50c5a0
 0xcd50de57
 0xcd50f724
 0xcd510edf
 0xcd5127fb
 0xcd514133
 0xcd515a6b
 0xcd517361
 0xcd518c23
 0xcd51a48f
 0xcd51be20
 0xcd51d6d8
 0xcd51f429
 0xcd520ce2
 0xcd522530
 0xcd523f54
 0xcd5257c4
 0xcd526ff6
 0xcd52890c
 0xcd52a2bd
 0xcd52cb31
 0xcd52e675
 0xcd52febf
 0xcd531ae4
 0xcd53341b
 0xcd534daa
 0xcd5366c4
 0xcd537f0a
 0xcd53988b
 0xcd53b120
 0xcd53caff
 0xcd53e3ff
 0xcd54007f
 0xcd541c10
 0xcd543498
 0xcd544c30
 0xcd5465e3
 0xcd547e76
 0xcd549769
 0xcd54b030
 0xcd54c9ab
 0xcd54e1b5
 0xcd54fa24
 0xcd551347
 0xcd552beb
 0xcd5543c5
 0xcd555cb5
 0xcd5575b0
 0xcd558e78
 0xcd55a727
 0xcd55c05b
 0xcd55dd57
 0xcd55f7b6
 0xcd56101a
 0xcd562a81
 0xcd5642ae
 0xcd565b7b
 0xcd5674b1
 0xcd568c7b
 0xcd56a4ee
 0xcd56bf6a
 0xcd56d76a
 0xcd56f12a
 0xcd570cf9
 0xcd57263a
 0xcd573f40
 0xcd575914
 0xcd57760d
 0xcd579b5b
 0xcd57b30f
 0xcd57cbde
 0xcd57e8d5
 0xcd580226
 0xcd5821f4
 0xcd583ac6
 0xcd585414
 0xcd586c6f
 0xcd5885fb
 0xcd589e22
 0xcd58b702
 0xcd58cf55
 0xcd58e99a
 0xcd590331
 0xcd591c98
 0xcd5936f2
 0xcd594fce
 0xcd596834
 0xcd598172
 0xcd599ab8
 0xcd59b33e
 0xcd59cbaf
 0xcd59e941
 0xcd5a0365
 0xcd5a2058
 0xcd5a3d75
 0xcd5a55e9
 0xcd5a6dd4
 0xcd5a87de
 0xcd5aa07b
 0xcd5ab91c
 0xcd5ad2cb
 0xcd5aeb7f
 0xcd5b047d
 0xcd5b1dba
 0xcd5b374d
 0xcd5b4f81
 0xcd5b6828
 0xcd5b821f
 0xcd5b9a1c
 0xcd5bb39b
 0xcd5bccd7
 0xcd5be92f
 0xcd5c031e
 0xcd5c1c7a
 0xcd5c33e2
 0xcd5c4d4e
 0xcd5c6601
 0xcd5c7f92
 0xcd5c990f
 0xcd5cb24b
 0xcd5cca85
 0xcd5ce3de
 0xcd5cfc42
 0xcd5d13f4
 0xcd5d2dbf
 0xcd5d4766
 0xcd5d5fe6
 0xcd5d7894
 0xcd5d910f
 0xcd5daa11
 0xcd5dd24b
 0xcd5df07c
 0xcd5e0912
 0xcd5e217c
 0xcd5e3b1b
 0xcd5e5336
 0xcd5e6c25
 0xcd5e8573
 0xcd5e9e6d
 0xcd5eb6c4
 0xcd5ecfec
 0xcd5eedcc
 0xcd5f07df
 0xcd5f2142
 0xcd5f3aac
 0xcd5f53c2
 0xcd5f6cad
 0xcd5f8492
 0xcd5f9d5b
 0xcd5fb7e6
 0xcd5fd108
 0xcd5fec28
 0xcd600a25
 0xcd6026ad
 0xcd6040b2
 0xcd6058af
 0xcd60705a
 0xcd608911
 0xcd60a194
 0xcd60b982
 0xcd60d160
 0xcd60eb9c
 0xcd6104f0
 0xcd611e6d
 0xcd613898
 0xcd615127
 0xcd616a78
 0xcd618361
 0xcd619ba8
 0xcd61b4f0
 0xcd61cce6
 0xcd61e925
 0xcd6201fd
 0xcd621b0b
 0xcd62353f
 0xcd624e56
 0xcd62666f
 0xcd627e76
 0xcd6296f2
 0xcd62afc4
 0xcd62c83b
 0xcd62e0eb
 0xcd62fb34
 0xcd6314ee
 0xcd632de2
 0xcd6346fa
 0xcd635f8b
 0xcd637878
 0xcd638fcf
 0xcd63a846
 0xcd63c0a0
 0xcd63ddb3
 0xcd63f7e5
 0xcd641909
 0xcd6433b0
 0xcd644ab7
 0xcd646411
 0xcd647d60
 0xcd6495dc
 0xcd64af73
 0xcd64c711
 0xcd64e091
 0xcd64f938
 0xcd651a83
 0xcd653202
 0xcd654cd1
 0xcd656579
 0xcd657e92
 0xcd659702
 0xcd65b034
 0xcd65c85d
 0xcd65e6b3
 0xcd66044f
 0xcd661c58
 0xcd66360e
 0xcd664e87
 0xcd6666a0
 0xcd667ebd
 0xcd6697bc
 0xcd66b064
 0xcd66ca5f
 0xcd66e27e
 0xcd66fd7a
 0xcd671815
 0xcd673123
 0xcd674a2b
 0xcd676324
 0xcd677a22
 0xcd679483
 0xcd67ad87
 0xcd67c647
 0xcd67e33f
 0xcd67fdd0
 0xcd6816cd
 0xcd682f94
 0xcd6847fe
 0xcd68611e
 0xcd687a07
 0xcd689191
 0xcd68aa66
 0xcd68c2cd
 0xcd68dbb6
 0xcd68f452
 0xcd690d4e
 0xcd693456
 0xcd69549b
 0xcd696c8e
 0xcd69851d
 0xcd699e0d
 0xcd69b870
 0xcd69d132
 0xcd69edaa
 0xcd6a072b
 0xcd6a1fe3
 0xcd6a39fe
 0xcd6a5292
 0xcd6a6ba1
 0xcd6a84b4
 0xcd6a9ca4
 0xcd6ab582
 0xcd6acdf0
 0xcd6ae54f
 0xcd6b00e1
 0xcd6b196c
 0xcd6b3286
 0xcd6b4b4e
 0xcd6b63e3
 0xcd6b7c9f
 0xcd6b95fd
 0xcd6baf49
 0xcd6bc7ca
 0xcd6be50d
 0xcd6bff7b
 0xcd6c1736
 0xcd6c30d5
 0xcd6c4c96
 0xcd6c64dd
 0xcd6c7d2f
 0xcd6c9772
 0xcd6cb274
 0xcd6ccb30
 0xcd6ce578
 0xcd6cfda0
 0xcd6d1671
 0xcd6d2fa0
 0xcd6d4900
 0xcd6d6262
 0xcd6d7a88
 0xcd6d92cb
 0xcd6dab2f
 0xcd6dc5ab
 0xcd6de0e0
 0xcd6df983
 0xcd6e1254
 0xcd6e2b23
 0xcd6e43ca
 0xcd6e5c28
 0xcd6e7588
 0xcd6e8ebd
 0xcd6ea6af
 0xcd6ec1c4
 0xcd6ed973
 0xcd6ef78a
 0xcd6f14a3
 0xcd6f2e33
 0xcd6f47f4
 0xcd6f62df
 0xcd6f7cf4
 0xcd6f956b
 0xcd6fb212
 0xcd6fcb8a
 0xcd6fea5f
 0xcd700562
 0xcd7024d5
 0xcd703da3
 0xcd705639
 0xcd706ee2
 0xcd7087f2
 0xcd70a03c
 0xcd70b8b3
 0xcd70d1ae
 0xcd70eab1
 0xcd710316
 0xcd711bc4
 0xcd71350f
 0xcd714ee2
 0xcd7167fe
 0xcd718114
 0xcd719ae2
 0xcd71b32b
 0xcd71cbf9
 0xcd71e9a0
 0xcd720262
 0xcd721b80
 0xcd7234b6
 0xcd724d72
 0xcd726726
 0xcd727ff6
 0xcd729822
 0xcd72b0a1
 0xcd72c932
 0xcd72e516
 0xcd72ff3a
 0xcd73189c
 0xcd7330ff
 0xcd7349ab
 0xcd736a95
 0xcd738338
 0xcd739c52
 0xcd73b64f
 0xcd73d0dc
 0xcd73eb4b
 0xcd74066e
 0xcd741e8b
 0xcd743787
 0xcd744f5a
 0xcd746ad8
 0xcd7483b2
 0xcd749c80
 0xcd74b51a
 0xcd74cdab
 0xcd74e63a
 0xcd750040
 0xcd751a3c
 0xcd7532a5
 0xcd754bb4
 0xcd75642d
 0xcd757bce
 0xcd759599
 0xcd75aeb8
 0xcd75c69e
 0xcd75e38f
 0xcd75fd75
 0xcd7616e0
 0xcd762fb9
 0xcd764806
 0xcd766052
 0xcd767888
 0xcd76910d
 0xcd76a99d
 0xcd76c24f
 0xcd76da91
 0xcd76f616
 0xcd770f55
 0xcd772737
 0xcd77402d
 0xcd77597a
 0xcd7772b0
 0xcd778bd2
 0xcd77a445
 0xcd77bc3f
 0xcd77d7ec
 0xcd77f208
 0xcd780b90
 0xcd782426
 0xcd783d10
 0xcd78557b
 0xcd786e39
 0xcd7886b9
 0xcd789fcf
 0xcd78b876
 0xcd78d17d
 0xcd78ebd6
 0xcd79050e
 0xcd791d37
 0xcd79360d
 0xcd794e86
 0xcd796b26
 0xcd7985a5
 0xcd799c9e
 0xcd79ba5b
 0xcd79d4ea
 0xcd79ec46
 0xcd7a0692
 0xcd7a1f7c
 0xcd7a378b
 0xcd7a5121
 0xcd7a6a21
 0xcd7a8247
 0xcd7a9bc3
 0xcd7ab439
 0xcd7acd10
 0xcd7ae88e
 0xcd7b0271
 0xcd7b1a30
 0xcd7b332c
 0xcd7b4be5
 0xcd7b63c0
 0xcd7b7d34
 0xcd7b95f1
 0xcd7bb289
 0xcd7bcbaa
 0xcd7be5cc
 0xcd7bffe4
 0xcd7c1813
 0xcd7c2f53
 0xcd7c48f1
 0xcd7c61a9
 0xcd7c7a3c
 0xcd7c91ae
 0xcd7cab43
 0xcd7cc3b5
 0xcd7cdc6e
 0xcd7cf5bd
 0xcd7d0dc7
 0xcd7d26b2
