# bitfield for header selection is:  0x8000
 daperf
 395270
 55747
 14268343
 13997162
 26251
 26811
 24953
 76610
 75470
 27999
 27583
 41249
 42109
 39462
 42925
 38719
 25843
 39215
 26278
 70314
 24503
 25153
 21721
 23585
 36144
 24032
 37772
 24442
 23343
 23953
 23763
 23728
 23580
 23453
 24356
 23358
 23824
 23668
 24541
 24808
 24575
 23384
 24080
 23789
 24416
 24255
 24466
 216018
 123048
 25858
 26264
 25059
 24831
 110818
 25247
 24359
 24287
 36410
 24569
 25376
 23927
 23974
 23474
 23382
 34949
 35640
 37657
 44662
 23857
 23237
 24329
 24107
 23369
 37261
 23379
 23341
 23371
 23451
 23795
 24475
 24879
 23550
 23415
 23649
 36631
 24876
 25026
 24787
 111095
 25396
 25250
 38236
 24432
 35856
 25143
 25962
 24693
 24757
 24785
 24666
 37732
 26017
 24028
 23587
 7241717
 24617
 25433
 26309
 24892
 24707
 25779
 24667
 25531
 25980
 34752
 36227
 35775
 23560
 24682
 23950
 36290
 24137
 23994
 23754
 24569
 24557
 23905
 22816
 44676
 25333
 24541
 24841
 24194
 24734
 24198
 37262
 24820
 23592
 24413
 24742
 25108
 41474
 35711
 23952
 24421
 24383
 24819
 24617
 23613
 24157
 23471
 24498
 23860
 24036
 24677
 24261
 23810
 23662
 24149
 34532
 24424
 25205
 24015
 37051
 24434
 39275
 164500
 112369
 25485
 25143
 24824
 24214
 36310
 24772
 25997
 25761
 23887
 24187
 70473
 24909
 23950
 22646
 24729
 24165
 26439
 85237
 65180
 24509
 24887
 24164
 25505
 25094
 25103
 38044
 21447
 23794
 24282
 24074
 24189
 24069
 24270
 147939
 23676
 23795
 24308
 24856
 108452
 77928
 24902
 24455
 24102
 26124
 24403
 24067
 38045
 24059
 24027
 25091
 25240
 24837
 24172
 23258
 23488
 23286
 23422
 22015
 23734
 24426
 23833
 23403
 19313
 24309
 24212
 23492
 23603
 24265
 24431
 23950
 23561
 24391
 24023
 23849
 23471
 23385
 25353
 24191
 24339
 55943
 24821
 53226
 23169
 24470
 23685
 33283
 24615
 23863
 24515
 25053
 23673
 24528
 25839
 24574
 23321
 23415
 23600
 25145
 24492
 24227
 21383
 22140
 22867
 24577
 25096
 24271
 24105
 24152
 265103
 24593
 24765
 21873
 24854
 38301
 37134
 24296
 37483
 25596
 25296
 115843
 75600
 37110
 40126
 30638
 37752
 34806
 43225
 36176
 26069
 34996
 24591
 32745
 25306
 34127
 23376
 37253
 34642
 24853
 25100
 43632
 96487
 39604
 39705
 24907
 36717
 23162
 24274
 38233
 25919
 24671
 38209
 24766
 36980
 24788
 24638
 23794
 24677
 25414
 24605
 112107
 26012
 22012
 25183
 40615
 38150
 32560
 60383
 25003
 26433
 38530
 36180
 91568
 25573
 38876
 22062
 37192
 38141
 36606
 25246
 36087
 38457
 24795
 35898
 24898
 33680
 24266
 36386
 36354
 35648
 35941
 33645
 37024
 34754
 34268
 32491
 23595
 25470
 25026
 44799
 115957
 38989
 25116
 24780
 24999
 35148
 24421
 24281
 23271
 24588
 24293
 24295
 24515
 32468
 40787
 68888
 24212
 34517
 25958
 26148
 146105
 25483
 25091
 36051
 22502
 140285
 25001
 37595
 35676
 38391
 135907
 24582
 25617
 27123
 27304
 120401
 24887
 23215
 34782
 107640
 205663
 25519
 26242
 24704
 39744
 108973
 24883
 24817
 38955
 22673
 117160
 26666
 24435
 37646
 24947
 109422
 24191
 24218
 25235
 25648
 22561
 120961
 25474
 39485
 24764
 24854
 218197
 26300
 36797
 26305
 26559
 122524
 35173
 39181
 37745
 36596
 123663
 38563
 38973
 87447
 21252
 123158
 38499
 24630
 38096
 28279
 107522
 37149
 36461
 38076
 37438
 127115
 38152
 35582
 37065
 24185
 113671
 25699
 36020
 25089
 24620
 110274
 37332
 25310
 37421
 25018
 119394
 24294
 24156
 25100
 22373
 127143
 37227
 33440
 37710
 29809
 125642
 25026
 37407
 115556
 24566
 121300
 35267
 34811
 36791
 24707
 134667
 25527
 38351
 25252
 25317
 133739
 37092
 61433
 35740
 25058
 135862
 31119
 37195
 39152
 37407
 136644
 37932
 38004
 37284
 25643
 109499
 35746
 25268
 22648
 25178
 113333
 24289
 24193
 24491
 24356
 124900
 24036
 25145
 131012
 53684
 99830
 44282
 39494
 25107
 24583
 121027
 21939
 37178
 41220
 38242
 126636
 35040
 35074
 33503
 29807
 128590
 24085
 22225
 616055
 24418
 125521
 22682
 38458
 38054
 25057
 132413
 33238
 35418
 38933
 24635
 137438
 34120
 25193
 25251
 24304
 118707
 22861
 25709
 106303
 136876
 127888
 34024
 24043
 24388
 23928
 108779
 25197
 27165
 27080
 37985
 146474
 22950
 40342
 37459
 36586
 139348
 24666
 24769
 37572
 37723
 135634
 23724
 38305
 36998
 38343
 122136
 24335
 34116
 37339
 36272
 129678
 86274
 33437
 25194
 37589
 113818
 87389
 41450
 110059
 48540
 127089
 22445
 24148
 26254
 25348
 108962
 24443
 24963
 24676
 24222
 112110
 23868
 24667
 35182
 24166
 115624
 26334
 25556
 38034
 35288
 116219
 25236
 37251
 37802
 34456
 119120
 24562
 40298
 22531
 34389
 120697
 24749
 42621
 36241
 24043
 74966
 154378
 149820
 184724
 101089
 97267
 188448
 155671
 83987
 84544
 93714
 180519
 302422
 262083
 103190
 145874
 170626
 86163
 19734
 89456
 25526
 172235
 50829
 27984
 27906
 27662
 115740
 26678
 26534
 26685
 27104
 130563
 25202
 38033
 25319
 24853
 113394
 38219
 24198
 24414
 35886
 122042
 37571
 87719
 47403
 24942
 125610
 40766
 26033
 37516
 35509
 121876
 26228
 87271
 36778
 25108
 126526
 36211
 102253
 25165
 38467
 128047
 27306
 37125
 37383
 25471
 137413
 24772
 24988
 24527
 24395
 123605
 24229
 24975
 25581
 25118
 120851
 25073
 23564
 24893
 25728
 135746
 25743
 103543
 40664
 25177
 129469
 35442
 37074
 23609
 38202
 122285
 24266
 37010
 24247
 24712
 108138
 38723
 29729
 24761
 37921
 119456
 58814
 36715
 37889
 39503
 127188
 24898
 35467
 37391
 25715
 109984
 23975
 36513
 37863
 24011
 107266
 24314
 24258
 24195
 22469
 298502
 94673
 24576
 24007
 25103
 109429
 22062
 24549
 54198
 26297
 126190
 35975
 22261
 38004
 38488
 113649
 36537
 24546
 33026
 25035
 136454
 44594
 36384
 36185
 39261
 136999
 24502
 33691
 25188
 22605
 120475
 23978
 37015
 37586
 81870
 108204
 37469
 23893
 24731
 37125
 127040
 121791
 23999
 24118
 38375
 118932
 24240
 25571
 24410
 24613
 114846
 39705
 24656
 24394
 24442
 129894
 24024
 24517
 24517
 22645
 129446
 25347
 24789
 37579
 38924
 126047
 23815
 33805
 26061
 22851
 141688
 24234
 36208
 34923
 36941
 120268
 23961
 24389
 37263
 25325
 129258
 102053
 48734
 38961
 41986
 142289
 24509
 21583
 36804
 23574
 111816
 19336
 38088
 37842
 24401
 37475
 170905
 36525
 23974
 24628
 22364
 115211
 25236
 23750
 24491
 25060
 108972
 23789
 22289
 37296
 146998
 144532
 26214
 38040
 36346
 36909
 120829
 42521
 35930
 22848
 26467
 194629
 44359
 36909
 38010
 37534
 89997
 24467
 23898
 37605
 25378
 125549
 37746
 37590
 38147
 36642
 121053
 24178
 39260
 38119
 24685
 123703
 36806
 36599
 38758
 21732
 121514
 24043
 38319
 24390
 26699
 124493
 24716
 27398
 25049
 24678
 120952
 21687
 37180
 27506
 38002
 203956
 45357
 34964
 37380
 38265
 141845
 24566
 38649
 24837
 38494
 136583
 24345
 36553
 24112
 39407
 120930
 24256
 36727
 38275
 40605
 127972
 40244
 38720
 42310
 38101
 126758
 24589
 25217
 37085
 37059
 142990
 41166
 36620
 38040
 24136
 133585
 36223
 24733
 25756
 24518
 181263
 24409
 24452
 24472
 23953
 124168
 36437
 34567
 35173
 39871
 132616
 37267
 34807
 24819
 37603
 109792
 34865
 36906
 40931
 38442
 123253
 34865
 23908
 24040
 36149
 119064
 38737
 36454
 22923
 25992
 123990
 36477
 24019
 38984
 24852
 119347
 24872
 37592
 25042
 37986
 193529
 36931
 24281
 38045
 37901
 118735
 35892
 36283
 24586
 25533
 111270
 24204
 23919
 24685
 24962
 106005
 35003
 22167
 40062
 25358
 132595
 56597
 25324
 36524
 58742
 125207
 24718
 33643
 36537
 37896
 117877
 22074
 24243
 33585
 37847
 118652
 33129
 36019
 25179
 134284
 124386
 23923
 38215
 36954
 37670
 141395
 25064
 33965
 36611
 37504
 134742
 23717
 24092
 38538
 24321
 136546
 24468
 25156
 26601
 25337
 112424
 24395
 24487
 24265
 24067
 35772
 84929
 36585
 36969
 39760
 24711
 217331
 37863
 34375
 36723
 37304
 129905
 24341
 37367
 109825
 24537
 124328
 37857
 37144
 37225
 37016
 108038
 37629
 37025
 38025
 37942
 124102
 36993
 36551
 36625
 38483
 121510
 39395
 37818
 41611
 25243
 124728
 37965
 38935
 37559
 35397
 121302
 36403
 23781
 38509
 24396
 111953
 24101
 23977
 35879
 34926
 127367
 26640
 38142
 121918
 46127
 124340
 36701
 35916
 39218
 36081
 119678
 22010
 24335
 36824
 38122
 124458
 37539
 37080
 37672
 24902
 138676
 22646
 38127
 41434
 38089
 127612
 40873
 38982
 36336
 41744
 135375
 37955
 38480
 24129
 38375
 131194
 24159
 38275
 38350
 36394
 120265
 25255
 39647
 99044
 25202
 108122
 23992
 23913
 34938
 35910
 136503
 24186
 22086
 37061
 38328
 127490
 37132
 35438
 37178
 37117
 103175
 25112
 86396
 54258
 37285
 115021
 40286
 41434
 24505
 35767
 119733
 36686
 24252
 38625
 38306
 120365
 34316
 24001
 36971
 40877
 132284
 25018
 24684
 96544
 24725
 134372
 25060
 37765
 36329
 23873
 134955
 37367
 38186
 36313
 37041
 123426
 25279
 38582
 38811
 33531
 92116
 41049
 27713
 36213
 38688
 112139
 36773
 36149
 36373
 37506
 121670
 36032
 34435
 35740
 35116
 137160
 23447
 23958
 35756
 36000
 142401
 24414
 36906
 633671
 36497
 122627
 36420
 37761
 36631
 38645
 122725
 36546
 38208
 36877
 36728
 122389
 36273
 37325
 37833
 35872
 117130
 37678
 47314
 61861
 50282
 107045
 22185
 23418
 25273
 24685
 111238
 24237
 37936
 22839
 24761
 114118
 23105
 25375
 24486
 24474
 123535
 25989
 24774
 103104
 39214
 22553
 116375
 24033
 37145
 35158
 36689
 213754
 38075
 37860
 24067
 36694
 122013
 103893
 37580
 38105
 38330
 122917
 102875
 24265
 25585
 25419
 125602
 24113
 24207
 24165
 24034
 108517
 24309
 24296
 24995
 25663
 121988
 24907
 25100
 24664
 38149
 126930
 25235
 119539
 24926
 24927
 125169
 26616
 21976
 25323
 25178
 133548
 25652
 25019
 25049
 25179
 110245
 24365
 21805
 24683
 35691
 111202
 26882
 37184
 36432
 37751
 123131
 35007
 38088
 38486
 40914
 127506
 25274
 25073
 22239
 23980
 107884
 36899
 24828
 24711
 37762
 286965
 107935
 24914
 24235
 24405
 135114
 24412
 25758
 26472
 25127
 144376
 26051
 26572
 24947
 25284
 135414
 24241
 24587
 24291
 24072
 112627
 23733
 24129
 23779
 24172
 107165
 24094
 24401
 38413
 38186
 136998
 24202
 37156
 36139
 36799
 122770
 40574
 37120
 63047
 25303
 142393
 113190
 23823
 24017
 37449
 114677
 36874
 24482
 24334
 24211
 126670
 25112
 24414
 24307
 36938
 112663
 36575
 25051
 24963
 38574
 115830
 37650
 24846
 24923
 38410
 120469
 34405
 23809
 24594
 25033
 127201
 26434
 25297
 24059
 24008
 108215
 24115
 24311
 23929
 24539
 143000
 99582
 48029
 37048
 40169
 124697
 39079
 37840
 22464
 36784
 116710
 24954
 24657
 23899
 37809
 123248
 23885
 24121
 24874
 24832
 113704
 27365
 24393
 24449
 26771
 164944
 24828
 25566
 38026
 25456
 149163
 23006
 39330
 25538
 22994
 113649
 24047
 24206
 24321
 40389
 110302
 104035
 25522
 24307
 25467
 108283
 24705
 23795
 24045
 35792
 89177
 22357
 38094
 37133
 24793
 133996
 24163
 24143
 24275
 24266
 23730
 101201
 24057
 24685
 21789
 25257
 212373
 24098
 24042
 23596
 24545
 114384
 26261
 22741
 24897
 23839
 99293
 24652
 24402
 24728
 24965
 190248
 25186
 25829
 25877
 22626
 110518
 24111
 24002
 22001
 24999
 111326
 24633
 25268
 24755
 24652
 126699
 24437
 23935
 25062
 67979
 121396
 25385
 51085
 41046
 38152
 106577
 24434
 23906
 24129
 24217
 123176
 22455
 24433
 24031
 24423
 126420
 24183
 24096
 24677
 24887
 195700
 24559
 24998
 25123
 25214
 129412
 38237
 24163
 25008
 36727
 121073
 25948
 26808
 24867
 24046
 111327
 24327
 25151
 26360
 24739
 126721
 25288
 24736
 23947
 24000
 125083
 24390
 35577
 23855
 37507
 132633
 23819
 22916
 40803
 39957
 116162
 25804
 24148
 24775
 24573
 248559
 23718
 24004
 24303
 23595
 123278
 23561
 24178
 23731
 23908
 122174
 24473
 25600
 24787
 24479
 108163
 23797
 36233
 25729
 26148
 137664
 24119
 22081
 25925
 25071
 112573
 23982
 24380
 24267
 24194
 108770
 47391
 24342
 24804
 23599
 108840
 24763
 25253
 25472
 95790
 109947
 36826
 24988
 26563
 25766
 117479
 45717
 39493
 24928
 25457
 126992
 24328
 24006
 24045
 24934
 107509
 24303
 26668
 22416
 22661
 134028
 24483
 24736
 26518
 26765
 118736
 25300
 24720
 24889
 25071
 132434
 25123
 25479
 24888
 24923
 120622
 24076
 24834
 39166
 101485
 117050
 24623
 24553
 25619
 25158
 118373
 23923
 23735
 24641
 25357
 111575
 37469
 37921
 37539
 22033
 111200
 23901
 24603
 25871
 25215
 109934
 24264
 24296
 24235
 23925
 124657
 24016
 23951
 24512
 24239
 111470
 24914
 26142
 22675
 26442
 25255
 115028
 24819
 25173
 111223
 25839
 212862
 24988
 25148
 25321
 25077
 113924
 24210
 24520
 24933
 25147
 110878
 24399
 24025
 24487
 23673
 109271
 25715
 25417
 25745
 24664
 110830
 33901
 38865
 50094
 22886
 109698
 24087
 32448
 24064
 20941
 112187
 24228
 24032
 24738
 21814
 123653
 22624
 22866
 106168
 25867
 118090
 24423
 24722
 25517
 26405
 128610
 23993
 24368
 25103
 25354
 98648
 24235
 25035
 35748
 24470
 123626
 25620
 26652
 25739
 25188
 124088
 24439
 24893
 25039
 24011
 111474
 21632
 24819
 24746
 23782
 123287
 24018
 33207
 24262
 24541
 91249
 26115
 25964
 111805
 26633
 126174
 23953
 21941
 21817
 26367
 127325
 25274
 25676
 34404
 38308
 122292
 35873
 30487
 34642
 38840
 162754
 25806
 25831
 40750
 29066
 89664
 40937
 33036
 39312
 38629
 114521
 37007
 35923
 38088
 35488
 122458
 25154
 36781
 37941
 36566
 140446
 26989
 76206
 125610
 39891
 141810
 26590
 25529
 23730
 26118
 133865
 24679
 39045
 25152
 26950
 121662
 37751
 34898
 25386
 25290
 113982
 23251
 48705
 44545
 41818
 167686
 24447
 41644
 39019
 35572
 124367
 24738
 24891
 34075
 38284
 142401
 23831
 35694
 36100
 35481
 137540
 26245
 38582
 117674
 38071
 122669
 24808
 37914
 36546
 38862
 124558
 37483
 39137
 37752
 37865
 129425
 35675
 24785
 24707
 24359
 112004
 24688
 22923
 25382
 25449
 126433
 25519
 25562
 24862
 24818
 117022
 22776
 34862
 26706
 27265
 144275
 24978
 30980
 35757
 30002
 115125
 25326
 25562
 81573
 33030
 122431
 23212
 26274
 37248
 24570
 134962
 20537
 41036
 38619
 38259
 39416
 183508
 38892
 39199
 37344
 38628
 126305
 38613
 591944
 38112
 23579
 114097
 37471
 24939
 25127
 37320
 112838
 24427
 26944
 28607
 24808
 116691
 21700
 24315
 24236
 25190
 414064
 110495
 113430
 41593
 25633
 137260
 34140
 43435
 27946
 36435
 125459
 38699
 37950
 34711
 26220
 110986
 36496
 61461
 35120
 24629
 129695
 26452
 38586
 33415
 24794
 127794
 36103
 40789
 37705
 50070
 126564
 38778
 110621
 38425
 24772
 110183
 24450
 24773
 24975
 39731
 114262
 105580
 25373
 685927
 24555
 122373
 24329
 24422
 24763
 25192
 144045
 34785
 33837
 38175
 25210
 137257
 35658
 38236
 42248
 22264
 199386
 38142
 27873
 39923
 27662
 129443
 37249
 38976
 37023
 40086
 135671
 40273
 37606
 37716
 65281
 121987
 38144
 61337
 37652
 25581
 174547
 298408
 108751
 255843
 82644
 182042
 93909
 85899
 98288
 83679
 209762
 99193
 84465
 85000
 411840
 239850
 245851
 89716
 148377
 5879227
 236866
 108576
 94593
 95419
 290912
 123175
 32941
 36879
 39607
 61264
 250390
 52245
 28255
 42029
 42580
 144580
 34641
 37477
 128524
 38405
 126089
 100243
 56918
 38012
 41342
 135551
 37304
 35804
 37612
 36409
 130485
 51930
 37707
 22444
 67913
 172953
 85404
 96647
 6916079
 81453
 195564
 86067
 81956
 85592
 82089
 331586
 81654
 19021
 94820
 98671
 203382
 86290
 191255
 24016
 36850
 133818
 22043
 36097
 209090
 133423
 138848
 101049
 26673
 37204
 38022
 330903
 84937
 121807
 95953
 96623
 178173
 86270
 98451
 97718
 4510304
 158350
 25231
 111701
 35208
 25033
 185140
 37400
 39619
 26912
 27389
 90411
 69014
 27784
 27080
 27230
 68744
 202886
 25277
 25264
 219406
 24374
 117991
 24541
 116626
 136167
 25288
 196079
 25757
 38705
 23779
 59996
 120978
 24969
 47253
 24238
 37878
 133700
 40117
 25126
 25986
 33215
 185264
 32902
 24965
 37960
 38243
 121726
 38100
 34470
 40238
 37669
 198034
 405447
 38795
 73666
 37373
 125770
 26437
 27972
 27541
 26416
 114183
 26207
 38902
 28253
 188992
 209615
 23943
 23707
 24504
 22086
 123352
 36031
 24843
 25914
 38837
 130441
 31932
 36176
 37259
 24368
 109738
 24134
 35775
 38922
 25544
 123852
 36621
 35413
 38675
 37556
 136602
 38940
 24819
 24737
 38189
 135930
 38355
 38790
 40366
 35500
 137092
 103177
 36922
 39147
 39451
 272298
 585051
 217375
 25116
 27798
 117478
 27093
 23051
 40094
 27884
 116196
 28661
 25031
 28593
 23949
 141710
 27051
 37554
 28959
 43012
 165330
 51202
 35916
 41416
 26322
 127162
 36822
 24013
 33610
 36571
 120998
 38677
 37342
 37781
 38461
 121801
 35475
 22818
 37438
 110607
 124327
 37358
 21466
 36900
 37846
 126087
 36458
 37110
 23406
 25426
 120656
 36501
 93084
 24710
 23838
 124448
 24332
 35260
 24979
 39380
 121644
 24050
 25419
 25960
 38640
 125283
 33609
 24772
 36523
 25010
 139381
 24474
 22667
 36386
 29787
 135261
 24363
 37112
 37928
 122668
 123617
 23797
 25110
 37105
 39575
 138948
 24141
 24425
 23042
 34726
 140164
 24180
 37428
 36716
 37077
 124655
 26922
 22948
 40371
 26790
 110739
 24179
 23631
 24137
 24062
 111537
 24167
 39979
 24175
 38219
 116064
 24894
 24001
 21939
 34681
 129119
 24552
 25177
 24897
 116659
 44113
 125996
 24507
 38141
 24177
 39660
 214412
 34921
 24953
 27827
 25245
 132851
 24626
 39813
 37666
 39196
 135740
 41396
 23304
 39974
 37943
 123881
 38767
 46289
 35427
 41685
 123799
 33336
 25226
 24970
 22822
 122678
 39836
 24453
 24655
 22074
 108644
 22680
 38588
 110210
 22355
 109107
 26272
 26608
 38852
 37567
 125436
 35155
 25016
 37195
 37886
 130809
 24095
 24432
 35471
 34632
 118890
 38659
 25824
 37345
 37759
 126121
 25001
 38199
 37095
 39107
 132379
 36429
 37149
 38991
 37434
 112287
 40982
 41830
 37109
 39368
 110504
 24644
 24575
 104965
 25365
 108417
 23804
 24481
 24699
 24349
 115153
 24970
 38699
 25101
 24691
 111046
 37527
 35405
 38142
 25066
 124966
 37424
 45388
 38082
 36845
 127075
 23727
 36423
 34203
 34414
 121447
 36014
 23966
 25004
 38207
 109986
 36421
 24185
 38785
 24507
 107642
 37462
 25541
 116385
 37005
 122199
 25264
 37420
 38436
 37247
 126783
 35140
 24638
 24090
 23924
 110312
 34047
 24446
 24701
 25070
 113641
 25159
 189830
 24895
 26033
 111256
 36401
 25719
 37244
 36435
 126774
 37770
 36992
 36619
 34681
 111556
 28878
 26171
 37013
 24542
 149050
 25391
 45547
 83516
 40830
 144306
 24257
 37195
 38507
 38610
 119689
 24258
 39824
 24800
 39497
 110678
 38293
 24495
 37376
 38195
 112428
 24698
 24728
 25287
 24697
 113018
 25185
 24283
 25078
 24111
 107996
 25613
 23179
 24095
 24067
 117962
 23828
 36167
 21911
 37889
 114408
 23675
 123499
 24803
 36503
 127700
 23906
 36804
 34881
 41773
 127773
 24700
 38744
 38044
 37820
 136198
 24191
 36337
 24336
 23993
 37943
 86479
 46851
 38098
 36694
 36482
 202786
 38495
 24366
 23954
 36303
 121778
 24142
 23943
 24375
 25445
 109367
 23727
 849850
 22762
 25126
 116519
 87125
 23685
 22153
 22415
 124922
 23974
 37453
 25661
 36323
 108637
 34446
 37687
 38664
 25372
 126198
 35371
 119950
 39215
 36079
 377774
 25742
 24973
 39317
 24804
 125457
 39371
 36844
 36885
 24813
 126995
 37335
 37956
 36955
 24851
 120130
 38810
 37213
 25464
 40107
 101671
 690696
 24185
 37727
 24324
 127001
 24051
 23742
 24944
 34295
 114773
 25570
 26281
 643414
 24710
 133880
 36388
 37609
 35139
 34364
 178345
 40407
 150978
 38396
 39654
 135465
 27059
 37117
 38376
 26369
 131617
 37468
 24653
 24128
 23626
 125506
 37132
 40895
 36534
 22631
 122526
 111740
 43541
 36036
 37451
 133454
 38222
 36765
 37683
 23963
 114178
 39183
 24602
 102933
 23766
 124282
 24297
 24485
 24453
 24816
 112223
 24886
 25064
 35613
 106908
 125412
 35503
 36232
 39413
 25397
 111814
 37247
 35132
 36875
 38130
 103810
 36398
 21684
 35249
 26352
 104487
 109367
 44385
 36516
 24360
 122161
 36332
 37709
 36713
 23986
 125802
 38041
 22317
 24151
 39864
 109827
 38653
 37702
 24502
 39774
 307758
 25310
 24767
 37670
 39745
 111560
 23919
 24207
 24281
 24595
 126050
 25428
 36374
 37111
 37655
 119743
 35036
 38866
 36195
 25560
 144502
 99312
 37412
 37163
 38398
 135873
 24084
 36130
 23987
 24694
 128827
 23849
 37725
 37015
 39302
 495017
 129097
 24133
 35720
 25915
 192965
 27757
 39313
 38030
 26485
 136626
 26827
 38121
 26510
 26390
 121558
 22938
 25130
 39839
 26408
 25934
 114845
 25321
 24358
 24879
 23473
 262272
 36184
 36813
 37788
 37883
 124562
 37060
 37433
 38677
 38381
 126040
 38701
 35851
 36263
 34499
 120256
 36324
 25012
 34575
 38775
 258149
 99296
 95615
 95321
 93077
 181517
 97183
 82435
 105599
 97778
 184115
 99408
 86887
 37962
 23881
 119862
 24328
 37538
 38698
 24427
 296698
 22072
 37905
 38020
 38123
 122350
 24673
 24710
 24635
 25564
 128949
 36821
 38164
 36301
 38005
 122434
 35744
 23035
 39352
 25083
 138626
 183145
 38105
 38537
 35766
 122105
 36387
 38373
 38669
 24160
 140588
 40229
 37444
 39176
 36521
 135024
 39074
 35574
 38402
 129792
 125760
 37091
 37062
 37855
 38040
 137950
 37191
 22375
 135394
 97284
 151385
 26566
 23824
 37489
 38383
 136146
 23565
 24682
 25254
 28026
 126112
 37456
 37259
 36850
 37395
 142987
 24112
 37549
 25278
 37391
 134011
 35199
 34908
 37706
 35133
 122684
 38176
 26693
 27293
 107235
 108984
 26078
 39871
 38670
 23897
 122485
 36785
 36167
 38807
 21463
 124634
 37190
 23938
 37302
 36650
 123865
 24881
 39271
 38289
 40849
 123981
 37087
 38627
 20387
 39207
 119979
 24174
 26675
 25293
 38238
 128514
 51149
 38245
 36135
 34159
 126953
 38065
 63911
 25168
 105939
 110699
 34975
 36393
 35599
 35155
 123100
 36077
 36769
 24721
 27078
 124082
 24338
 24078
 38329
 37122
 135307
 24294
 25261
 24734
 33833
 122042
 35377
 38390
 37935
 39399
 120263
 40086
 36155
 23818
 40483
 123057
 36990
 455620
 23885
 25695
 122222
 39896
 84920
 23984
 125941
 141390
 40037
 42877
 29047
 39452
 145861
 27849
 38284
 28403
 38655
 40396
 185026
 38148
 36846
 34594
 38375
 120786
 25335
 38652
 24850
 36997
 123328
 37489
 41184
 36327
 35364
 120041
 37093
 38321
 39461
 36020
 120910
 37610
 37312
 38349
 38047
 132760
 38195
 25297
 119477
 36972
 119575
 37359
 35743
 33791
 79772
 122266
 21676
 39962
 24844
 37322
 127251
 38119
 24728
 34983
 24621
 107681
 25685
 48487
 25019
 25088
 123996
 36621
 36687
 24456
 24472
 124648
 24918
 64389
 37615
 25454
 150183
 24334
 36588
 59740
 40283
 119551
 24373
 37529
 116443
 37614
 131448
 24115
 24046
 24544
 25680
 116434
 24581
 41184
 23340
 24595
 127359
 24268
 24245
 24541
 21777
 130684
 27083
 252406
 25418
 24799
 128330
 40532
 25559
 25451
 25209
 125078
 25454
 37144
 24941
 25280
 108315
 24060
 23638
 23805
 24491
 111744
 25046
 25516
 84250
 24630
 124774
 24648
 37628
 37851
 39078
 123674
 25906
 22920
 35764
 37537
 102837
 39244
 24394
 24403
 20381
 128392
 37040
 25270
 24645
 21445
 111256
 24385
 24135
 24237
 23995
 123094
 24120
 25725
 25282
 24502
 142995
 36060
 25104
 25059
 38375
 115625
 25420
 108957
 24540
 25450
 128382
 24641
 24431
 25215
 25983
 127921
 24634
 25441
 25946
 37940
 122632
 36421
 37285
 37153
 37283
 113328
 24156
 43912
 37019
 37872
 109980
 24471
 24335
 24117
 33798
 109710
 37084
 51655
 25454
 24643
 112143
 24696
 25685
 23448
 24555
 112749
 25199
 126461
 24884
 25235
 115848
 25504
 22888
 25031
 24814
 109823
 25931
 24948
 24419
 24253
 113751
 24065
 24604
 24312
 24441
 112489
 79016
 24977
 25270
 23683
 130162
 25006
 37409
 38037
 35455
 24457
 126035
 24193
 37147
 37049
 37344
 213268
 35885
 24441
 24116
 24282
 108201
 100515
 47414
 24353
 24094
 108169
 24411
 23957
 22656
 21875
 128626
 24751
 25853
 24711
 35316
 108262
 23979
 24173
 24532
 25007
 113002
 24981
 25103
 25332
 25137
 122818
 24909
 25416
 24125
 24063
 121660
 36586
 24919
 24617
 25259
 125410
 36564
 38061
 23914
 21688
 127674
 100627
 24565
 24032
 24252
 127665
 24079
 24028
 24378
 24260
 125805
 23785
 24200
 24037
 42874
 127003
 23765
 24367
 24212
 25244
 145136
 25490
 26830
 25049
 25204
 126631
 23993
 24347
 23567
 24745
 108115
 24579
 25103
 25139
 24307
 108695
 24412
 50077
 23904
 25512
 116512
 87279
 25197
 24507
 24284
 124261
 21898
 36999
 37079
 36023
 133878
 23844
 36576
 24191
 24346
 119797
 23671
 25686
 25025
 24202
 119241
 515436
 25502
 24013
 24241
 125574
 24373
 24154
 24243
 23967
 107530
 24363
 25258
 25121
 38121
 112911
 24637
 24612
 24209
 24803
 133644
 127733
 24893
 24947
 25209
 108015
 24361
 23678
 24195
 24274
 112925
 24282
 24311
 24245
 24235
 121163
 24210
 36343
 36899
 25571
 125341
 37201
 49673
 24054
 26855
 110300
 24242
 24408
 24003
 37737
 116067
 24505
 23932
 24777
 24108
 157130
 25956
 25357
 38987
 25622
 1030847
 107750
 27663
 28169
 27956
 124807
 27285
 28476
 28314
 28131
 149615
 24601
 37318
 24752
 24503
 123467
 24178
 24404
 24416
 37591
 121342
 24695
 25574
 24224
 25061
 119436
 22063
 23871
 36675
 37007
 108264
 36713
 24742
 24615
 39540
 110721
 24969
 24794
 24595
 24955
 108145
 68458
 25407
 24070
 24019
 24187
 74530
 25390
 22641
 34557
 25906
 258315
 25560
 25696
 25024
 25087
 110225
 26575
 24595
 26351
 26257
 206211
 23773
 24682
 25459
 24542
 108465
 24312
 24166
 24277
 25361
 108712
 25110
 24285
 23941
 24237
 108346
 24740
 22054
 26378
 121664
 139485
 24029
 24330
 23638
 23681
 122350
 24727
 23763
 24389
 24583
 126559
 23983
 37561
 24103
 24473
 108872
 24481
 26017
 24275
 38798
 111820
 24471
 27166
 24977
 25041
 130065
 22187
 23962
 23969
 23798
 128870
 26828
 25308
 25573
 22598
 125261
 22022
 24182
 25065
 108077
 127271
 24517
 33606
 25498
 24944
 121794
 23997
 24769
 24455
 25670
 126288
 24311
 24199
 25554
 24249
 124258
 24223
 22231
 22567
 24754
 129732
 21806
 24303
 24534
 24065
 130130
 24137
 35142
 24061
 25684
 112409
 23971
 24554
 25314
 24549
 128155
 24806
 25346
 22994
 107381
 107825
 21769
 22312
 34151
 23003
 125329
 33262
 24488
 22954
 38259
 127041
 34359
 23481
 40680
 25508
 136859
 35779
 38418
 239764
 47205
 129755
 38488
 40872
 24527
 33263
 125263
 33357
 66665
 21499
 24395
 125451
 24518
 22362
 22274
 24666
 126599
 34480
 22523
 24869
 113565
 162032
 25033
 24821
 63113
 24873
 144647
 24545
 36912
 26144
 65064
 132784
 24202
 25259
 38728
 33463
 132302
 24508
 24706
 25375
 36620
 127735
 34002
 38163
 39204
 32986
 122302
 34825
 24038
 38812
 25125
 112581
 24436
 24916
 24938
 22819
 132079
 24839
 25321
 26077
 105720
 129393
 24488
 24975
 39609
 38956
 140636
 27321
 35248
 25053
 36332
 132660
 25377
 24880
 35797
 29779
 135371
 25964
 27474
 47067
 41752
 38249
 180508
 26444
 38926
 35641
 34941
 111034
 35982
 39151
 37062
 38620
 124991
 40528
 36189
 35023
 41309
 124440
 36177
 37610
 103886
 25141
 131048
 37004
 25357
 35754
 24862
 114167
 22117
 25089
 25492
 25674
 117215
 22965
 37613
 36523
 38748
 126136
 36830
 93661
 47772
 40501
 136046
 36906
 38856
 39251
 37730
 125859
 38065
 38287
 37532
 25242
 124774
 25361
 36444
 36881
 33871
 98913
 25218
 49327
 80003
 29659
 79376
 18457
 27178
 28519
 25604
 65403
 28087
 30442
 18275
 27487
 77442
 18327
 18287
 18292
 18237
 78658
 18364
 18418
 18150
 18209
 87574
 28023
 47781
 25228
 29770
 83941
 18152
 27133
 30873
 25599
 76275
 29155
 29037
 28953
 28463
 62457
 18357
 18615
 60335
 36357
 109123
 40206
 25334
 35846
 42720
 112609
 38618
 26311
 37157
 36344
 127422
 39252
 25303
 25228
 24690
 121705
 24844
 25145
 25442
 26804
 110018
 22027
 24079
 23883
 24183
 110367
 25033
 24741
 40443
 34230
 112529
 38917
 39435
 30118
 38860
 113411
 34508
 89682
 22943
 24935
 135974
 24083
 38610
 33964
 37604
 133749
 24862
 35602
 35529
 45115
 127388
 36297
 37532
 36861
 38240
 122264
 269794
 49322
 25465
 40794
 131672
 37297
 25505
 25259
 25041
 111640
 35050
 24884
 25003
 24790
 130501
 25876
 21932
 24534
 49928
 111576
 26514
 139838
 25393
 36717
 147501
 24688
 37840
 25342
 39240
 139968
 35704
 34685
 38002
 58132
 128468
 24571
 23741
 37479
 35720
 123774
 26491
 34638
 35202
 34312
 34987
 138225
 36837
 38258
 37784
 22614
 119994
 38529
 40739
 37637
 38443
 128058
 24936
 23613
 24420
 25114
 125436
 119223
 43474
 24559
 23740
 113983
 24525
 24673
 27869
 24500
 111914
 25206
 39271
 40481
 37542
 120120
 24485
 25047
 24303
 39433
 119047
 45506
 38421
 37904
 38272
 134222
 38098
 36852
 36050
 25550
 112558
 38245
 25640
 37557
 25518
 129402
 33255
 33148
 34504
 22929
 113075
 112144
 46755
 35223
 24934
 108073
 23658
 24341
 26824
 22776
 114349
 25031
 24852
 24990
 24666
 126002
 24872
 24456
 24939
 24776
 170031
 69238
 50020
 42292
 24956
 148498
 32292
 33759
 38217
 26352
 127564
 37975
 38173
 38090
 25017
 125798
 24400
 34458
 24231
 35508
 113369
 108602
 42695
 36496
 25758
 120971
 35693
 37862
 35711
 37538
 128977
 25762
 25892
 36940
 24988
 121552
 34796
 24954
 25399
 24666
 143255
 33357
 25104
 25627
 26646
 123114
 24212
 24127
 24546
 24768
 139437
 35482
 37103
 39360
 38094
 124582
 32693
 37437
 24605
 38038
 140254
 217721
 44116
 38192
 25409
 140036
 32324
 33531
 38727
 25445
 128654
 35673
 37911
 36349
 25769
 122464
 24728
 33852
 35268
 38805
 123843
 141338
 36979
 25218
 37997
 96078
 25141
 25053
 24931
 35458
 123362
 24165
 24196
 24594
 41057
 108686
 33473
 24079
 25384
 27599
 141727
 612182
 39164
 37337
 38210
 139745
 24324
 37735
 38561
 37119
 123480
 24801
 32874
 39516
 40006
 136055
 24184
 41769
 23235
 36695
 125914
 122628
 25294
 38715
 25870
 137171
 25425
 33948
 36842
 35516
 125784
 25622
 39713
 23113
 25511
 118015
 23487
 25351
 36530
 25787
 100444
 130152
 22854
 24965
 25552
 24908
 114436
 27330
 25631
 33980
 27331
 166630
 25254
 37876
 37154
 37958
 113316
 36853
 34176
 24924
 39186
 788209
 23790
 36975
 37156
 34582
 121536
 33810
 25874
 71423
 28194
 129337
 48543
 37894
 42442
 39598
 125317
 40162
 25442
 37462
 91531
 154757
 24967
 24637
 25029
 24855
 124490
 24804
 25382
 24975
 26454
 124697
 23078
 25793
 25837
 25895
 91624
 22786
 25879
 25089
 41944
 129047
 37277
 38548
 40515
 40387
 109670
 36408
 24557
 30094
 24594
 139222
 344866
 100884
 160181
 89770
 193627
 102097
 101179
 24150
 119101
 141421
 143791
 36646
 36637
 24344
 143413
 37475
 36719
 74300
 40634
 157235
 149570
 28361
 28201
 26880
 113318
 27192
 25926
 150736
 53403
 138983
 24350
 25026
 24717
 24816
 127345
 32650
 37518
 24365
 40010
 144324
 32519
 97377
 38276
 39038
 121102
 35080
 64619
 87045
 187087
 198773
 91604
 97173
 96412
 97259
 202897
 94496
 93498
 124439
 25758
 124268
 35181
 24973
 37824
 23989
 121844
 34537
 37640
 25708
 36119
 139029
 35042
 25252
 24754
 24363
 119262
 23946
 24540
 24155
 24232
 121554
 24969
 24550
 25195
 24727
 133432
 24652
 24787
 25163
 115473
 147617
 24383
 25495
 102886
 37699
 133288
 22253
 36335
 25541
 24952
 133279
 24684
 25324
 39815
 39253
 120841
 22353
 38673
 36820
 38094
 135268
 34144
 24811
 37417
 34270
 132085
 25766
 37933
 36549
 40194
 114229
 24575
 23865
 25450
 24815
 111346
 24336
 37376
 38908
 68088
 122594
 25195
 24651
 24777
 24224
 133564
 24673
 36042
 34433
 38118
 129497
 23615
 25459
 25128
 34871
 37443
 140522
 25456
 38778
 37441
 35525
 123622
 26536
 38696
 37426
 39140
 122221
 23100
 38361
 37413
 38018
 126066
 24410
 37649
 37358
 35731
 108652
 38102
 48009
 84825
 25050
 126453
 24862
 24274
 24745
 24421
 123379
 25435
 25301
 25329
 24997
 110138
 25098
 25001
 24563
 35173
 109030
 23135
 40021
 36454
 38361
 125230
 37281
 34597
 35750
 38252
 131798
 24708
 24955
 39080
 24471
 120901
 32788
 38451
 36295
 36019
 121750
 24756
 37711
 122618
 37995
 133387
 38001
 37583
 25476
 41346
 133863
 21057
 39446
 38123
 39230
 134380
 24295
 37147
 24161
 35533
 132551
 25333
 24498
 24273
 24227
 125538
 24167
 21933
 36354
 36843
 149713
 24968
 25260
 38373
 26168
 140320
 37257
 24867
 36830
 36292
 112897
 25521
 121952
 24375
 35305
 116868
 37065
 35865
 25418
 37451
 121120
 37364
 24786
 34143
 37641
 123556
 38597
 24657
 37227
 35177
 100978
 292080
 25814
 25235
 36683
 133741
 25007
 24791
 37947
 35913
 120136
 24959
 24581
 24041
 25081
 112473
 24114
 35598
 37810
 37507
 112562
 36423
 131313
 50229
 36492
 140797
 24041
 34665
 41043
 34419
 122802
 38390
 22448
 37176
 25058
 139266
 24536
 37564
 37725
 35399
 116289
 25256
 37956
 38009
 35911
 136262
 24777
 21850
 24068
 35783
 135903
 24743
 37363
 24835
 37133
 109534
 36709
 36103
 24783
 36195
 111218
 25618
 97074
 25757
 24105
 108824
 25644
 35897
 26294
 36466
 125084
 23533
 26566
 37929
 63170
 132180
 24581
 32788
 36209
 37117
 131407
 22702
 38083
 38152
 36953
 143521
 25220
 36046
 37096
 56395
 139720
 25054
 24224
 39929
 38075
 35993
 181640
 36472
 35943
 35716
 43141
 125114
 120945
 24821
 37101
 37133
 127489
 37644
 36358
 35820
 35394
 114491
 42299
 22862
 24271
 24834
 123778
 34733
 35293
 36007
 38004
 350465
 48558
 38632
 38978
 36400
 125420
 36486
 38168
 34981
 36861
 126138
 24353
 36949
 37554
 37121
 122279
 37255
 37593
 37075
 25680
 126353
 98888
 45263
 36543
 37118
 125682
 36095
 35393
 37347
 24861
 134757
 41354
 40662
 41400
 40789
 125621
 38081
 36561
 38138
 25522
 136092
 36748
 36809
 22885
 38982
 137900
 37220
 37080
 36620
 37067
 135500
 24539
 37652
 39207
 37690
 150868
 24091
 38691
 25360
 37838
 122651
 102452
 34961
 36836
 24500
 165708
 39255
 37925
 36287
 24741
 37612
 38607
 38827
 37079
 37664
 38269
 36113
 35421
 35618
 38299
 47858
 39367
 39447
 23133
 23674
 118565
 24386
 23684
 24046
 23505
 24357
 25100
 24244
 24674
 25392
 25041
 21336
 23983
 23682
 24696
 24536
 117636
 25127
 24857
 25203
 24598
 35822
 22899
 25761
 24535
 23741
 24436
 24119
 23255
 23497
 36197
 36685
 23711
 35861
 37335
 37804
 36379
 38094
 34998
 37353
 38253
 35705
 37351
 24753
 23665
 24315
 24873
 24407
 23418
 37020
 23559
 23533
 23261
 23674
 54566
 23327
 44034
 24839
 23900
 39363
 24813
 24460
 25062
 24979
 23737
 38116
 37186
 24710
 24315
 38335
 23552
 23207
 33792
 25136
 25058
 25361
 23589
 24318
 23550
 37276
 36428
 23789
 36045
 92896
 94886
 151975
 25453
 37599
 35849
 38455
 21509
 36088
 174284
 25036
 213540
 111020
 24769
 23965
 23736
 23700
 23809
 19946
 25813
 23662
 23640
 24249
 23539
 21541
 25523
 26742
 23958
 34403
 24002
 82580
 24633
 572887
 124882
 24935
 25639
 25860
 24898
 25386
 25355
 24817
 23513
 23491
 24466
 24564
 24698
 25515
 23170
 35413
 36112
 25341
 38138
 146106
 58110
 38603
 36607
 24513
 38084
 36594
 24729
 24124
 36200
 25038
 25101
 24053
 24123
 24031
 23699
 36213
 24637
 25018
 25153
 24649
 24586
 23643
 24945
 24594
 24970
 24211
 130327
 25510
 25969
 41168
 26467
 103886
 24590
 25057
 25045
 24578
 673693
 35889
 23254
 185520
 28305
 27405
 27672
 28671
 28923
 28883
 27051
 41476
 26676
 40381
 44051
 27074
 25767
 41781
 38425
 25889
 26601
 26931
 41535
 27317
 40287
 26039
 22561
 27222
 26390
 28081
 24507
 26317
 27101
 24552
 24959
 28154
 31392
 28147
 23628
 28959
 37609
 113616
 24911
 103516
 37851
 35255
 25050
 25586
 25781
 25125
 24553
 87915
 25476
 25639
 25427
 24193
 24865
 24934
 24075
 23992
 37043
 113869
 41156
 37749
 35865
 36726
 36618
 37618
 35373
 24020
 35779
 35362
 23825
 23823
 24199
 36215
 23300
 24730
 23905
 23747
 22979
 58046
 21986
 99893
 25026
 24551
 25053
 24726
 25035
 24551
 24964
 24516
 38110
 24270
 25085
 24033
 25598
 25906
 24641
 23826
 25758
 24904
 236462
 25489
 24650
 25316
 24928
 25163
 25934
 27974
 38046
 37248
 21642
 38476
 38328
 23274
 37803
 39469
 37823
 23489
 24251
 23966
 36712
 106052
 38917
 23715
 23742
 36155
 24627
 24179
 23707
 24577
 22826
 64237
 24554
 24423
 24864
 24885
 25861
 24093
 83671
 42162
 25770
 24975
 25076
 20501
 25739
 24943
 24874
 25292
 23127
 23813
 23707
 24384
 23656
 24009
 23598
 24235
 24691
 25083
 83251
 25474
 25246
 118712
 75205
 96373
 95858
 82750
 593043
 170412
 98799
 199186
 85001
 227550
 113093
 83226
 82600
 83410
 82398
 86628
 5909015
 96715
 25330
 9796858
 403882
 86193
 146809
 83198
 83885
 83997
 84783
 82984
 83246
 86290
 275802
 86255
 97159
 83985
 83894
 142622
 5944845
 98703
 163755
 84039
 81508
 391306
 98809
 118643
 920952
 99346
 82412
 86585
 128449
 146190
 369369
 105337
 102886
 114481
 89333
 6109519
 98885
 94523
 95365
 89380
 102824
 186973
 89321
 90316
 88954
 90876
 94488
 27228
 56522
 93383
 91686
 527346
 25293
 26196
 25028
 94954
 625176
 24934
 114576
 24651
 25245
 24447
 24462
 24625
 24622
 24877
 88392
 24888
 73868
 27749
 27964
 283174
 27419
 28752
 27295
 27937
 24909
 28374
 40565
 40006
 38989
 38187
 26773
 26175
 26631
 26758
 26872
 138901
 29680
 28044
 27354
 27298
 24556
 27601
 27321
 27553
 27647
 25472
 130295
 46809
 25306
 25657
 35892
 26271
 25303
 25278
 24658
 7333752
 209087
 36700
 25315
 24585
 24697
 23775
 24225
 26165
 24875
 21752
 25880
 22124
 24449
 23646
 23689
 23711
 24037
 23556
 23796
 23311
 24398
 40632
 24426
 36175
 23377
 23155
 24187
 23896
 36713
 23877
 79855
 25308
 24107
 24313
 24401
 24319
 24455
 24165
 24111
 22302
 24028
 25066
 24873
 24215
 24746
 153488
 86978
 6151661
 86368
 84973
 200172
 89940
 83275
 93621
 82778
 149397
 112465
 83449
 83755
 83413
 86984
 94683
 82403
 84958
 85698
 289123
 100004
 5578346
 86177
 79125
 185298
 25477
 37117
 38011
 25177
 24862
 36734
 24343
 25216
 21549
 23763
 24467
 24907
 25529
 24184
 205948
 25161
 89659
 25472
 25829
 26086
 26069
 26385
 25394
 37270
 25063
 24425
 24249
 24359
 23898
 25961
 24847606
 2134827
 128683
 85889
 85796
 260097
 6489379
 85081
 84451
 192333
 85539
 125735
 84098
 83154
 82456
 83346
 108685
 80632
 84267
 81638
 84416
 149338
 23641
 24905
 25680
 200849
 88193
 27594
 29621
 23873
 24284
 53449
 24592
 24185
 33808
 24503
 24835
 24308
 24574
 24575
 24670
 25146
 24718
 24668
 23657
 24100
 118279
 27375
 24902
 99457
 24814
 24675
 25179
 25037
 23863
 24193
 25613
 24597
 23559
 23852
 23702
 24132
 24351
 24049
 24355
 24755
 23988
 24810
 23923
 24179
 23271
 23173
 23501
 23984
 23305
 23577
 21038
 23148
 21037
 21546
 27208
 24954
 25240
 23924
 24721
 24718
 27205
 26425
 44461
 152322
 48272
 37971
 39446
 38237
 32455
 24567
 33284
 38407
 25644
 31939
 24011
 34375
 7194161
 33471
 33335
 34704
 34377
 25092
 38971
 33428
 34805
 33714
 39765
 23760
 32665
 36028
 34975
 40113
 38034
 35168
 38923
 25357
 24088
 23538
 23614
 23236
 20955
 24331
 64332
 26174
 24873
 24541
 38912
 22453
 24557
 24151
 38110
 36876
 29675
 23932
 37614
 38383
 24261
 66624
 24730
 34003
 24724
 24022
 36294
 24155
 35608
 37835
 37298
 33324
 24261
 33489
 37545
 33995
 23990
 24250
 33917
 36478
 40786
 100403
 24552
 35248
 25768
 38268
 120516
 44290
 25012
 24794
 37397
 25179
 24973
 25529
 26835
 23876
 35355
 25168
 24494
 25064
 24205
 24538
 25019
 41654
 24037
 28001
 40609
 26439
 37479
 37477
 38179
 39314
 41582
 28265
 40436
 37986
 37516
 38985
 26095
 24948
 24979
 38274
 19811486
 14111725
 25114
 25519
 108366
 43278
 33326
 36143
 37327
 34431
 34225
 33143
 35145
 21693
 32224
 24586
 23912
 24125
 24813
 24448
 36143
 24210
 22064
 24360
 25228
 36954
 23185
 25478
 27469
 24875
 24844
 28869
 37193
 22094
 37429
 24790
 31700
 35891
 39571
 40663
 29469
 5482167
 97030
 84928
 183221
 120960
 228966
 91000
 95780
 97336
 125051
 99539
 113582
 85090
 72417
 27765
 24882
 36002
 36990
 26228
 32869
 101632
 38528
 25964
 37200
 25373
 186939
 25060
 25192
 25321
 25575
 22627
 25976
 25421
 25667
 24300
 24584
 26702
 25602
 26132
 30201
 33110
 37836
 37529
 122738
 44675
 33171
 25749
 40862
 25561
 25036
 32272
 38988
 24448
 36723
 22520
 34038
 34197
 38904
 33891
 38408
 33135
 104642
 39528
 35374
 34874
 37003
 83699
 36998
 37013
 27073
 36968
 26299
 26762
 31285
 24844
 37792
 25146
 24655
 24715
 25725
 33519
 39596
 27996
 7294329
 23394
 24301
 196126
 22531
 20752
 40377
 24371
 36899
 37887
 25216
 24031
 39409
 25384
 36512
 39224
 29703
 23854
 34686
 39083
 37922
 36516
 23745
 33613
 118626
 40135
 36787
 24313
 34398
 23943
 33858
 36257
 23760
 24072
 36282
 24405
 32209
 32485
 36115
 36661
 87054
 24756
 23979
 25270
 22089
 24584
 39613
 41114
 24281
 24552
 24261
 36096
 24428
 24303
 24553
 37482
 45084
 20645
 35277
 25520
 42882
 24367
 24719
 40283
 37134
 24404
 24533
 33198
 39126
 33129
 24208
 34071
 33250
 24243
 33619
 33100
 36015
 24043
 32762
 119034
 24624
 25936
 34458
 38194
 37305
 34206
 39651
 25489
 36068
 24621
 34530
 35822
 26782
 22463
 26217
 23660
 23936
 24532
 23686
 22531
 116601
 25780
 25432
 21198
 43475
 35859
 36035
 37953
 35524
 35365
 23858
 35759
 38312
 37195
 38120
 38563
 35554
 21398
 32435
 582026
 84387
 38412
 38015
 25023
 38085
 25208
 34217
 36956
 33042
 33730
 33968
 25159
 34884
 37328
 33771
 32223
 32487
 36297
 36020
 38373
 120640
 36384
 24525
 36160
 26603
 25828
 23854
 24355
 24303
 23507
 24053
 23737
 24589
 25605
 22437
 41091
 39191
 23328
 36479
 112265
 45940
 36407
 36489
 36869
 38326
 36942
 37116
 34393
 34157
 23278
 32180
 38180
 101237
 36537
 38514
 26836
 37927
 696292
 22347
 41524
 39277
 27280
 36514
 40014
 23106
 37368
 36110
 33985
 35893
 23237
 34256
 24028
 23633
 37042
 24278
 23777
 23603
 32514
 69282
 112229
 28399
 27511
 28301
 23133
 40144
 27512
 43630
 40412
 78977
 38486
 33812
 25098
 37060
 36939
 60055
 30097
 37772
 24303
 24987
 52117
 70892
 42198
 37586
 24625
 37564
 37058
 47418
 34365
 84233
 40690
 32575
 25884
 22621
 25083
 36529
 32552
 37562
 32440
 113902
 100284
 28000
 23841
 25604
 24005
 24549
 25442
 23939
 23517
 149050
 85434
 115316
 83906
 25979
 85559
 96475
 83733
 6306739
 83264
 87971
 85371
 98234
 125391
 83790
 86225
 98291
 185638
 119121
 95449
 82616
 239251
 86424
 116699
 95284
 87054
 125869
 101666
 6015484
 83386
 82878
 180945
 84200
 119296
 94476
 93263
 90592
 98736
 85286
 95270
 94685
 273408
 82769
 95719
 85856
 83199
 95305
 82585
 5899268
 95493
 108950
 83998
 83629
 87425
 25134
 97083
 180042
 101953
 97474
 119688
 94158
 85290
 185632
 24688
 25048
 36691
 36887
 93691
 21144
 34671
 24630
 114903
 35111
 36413
 35760
 36676
 135569
 92685
 37195
 610507
 48199
 43146
 37382
 38165
 41088
 40978
 34846
 25626
 38452
 20687
 61718
 24848
 24286
 23231
 24696
 26271
 25826
 23833
 23973
 106538
 24644
 24470
 24443
 24630
 26913
 22817
 33385
 38884
 36733
 24903
 37135
 110106
 25259
 38702
 39394
 24799
 36877
 34360
 133190
 37660
 25395
 24610
 25375
 24671
 24940
 39084
 22161
 37120
 23692
 25062
 25036
 37543
 36492
 35885
 24778
 38337
 34897
 37804
 34321
 36923
 24626
 34997
 24915
 25106
 21880
 23891
 23944
 23951
 23575
 37401
 105576
 24224
 25774
 23902
 24303
 35891
 32769
 32404
 39646
 37899
 24687
 31846
 24396
 37964
 25253
 39266
 31986
 36471
 39017
 23533
 37179
 23649
 33919
 36600
 24754
 39415
 23747
 38609
 37772
 36031
 37579
 35175
 36952
 37159
 38389
 42272
 25832
 34326
 27237
 25625
 117259
 25267
 25331
 25532
 24212
 24504
 24551
 24606
 24569
 23297
 25301
 23567
 24256
 37446
 38572
 37276
 23631
 37444
 39117
 36846
 36401
 23771
 36135
 36835
 37016
 38237
 23806
 37777
 38966
 36546
 35775
 24141
 24900
