# bitfield for header selection is:  0x80000
 dmsrdata
 9592
 6469
 8741
 10407
 8675
 8043
 7124
 6259
 6510
 6392
 6353
 6530
 6509
 6984
 6353
 6423
 7015
 6341
 6231
 6431
 6504
 6562
 6297
 6889
 6485
 7230
 7551
 10188
 6346
 6701
 6409
 6207
 6341
 6335
 6217
 6274
 6491
 6646
 6468
 6357
 6218
 6812
 6233
 6723
 6502
 7426
 6482
 8125
 6275
 6393
 6337
 6295
 6401
 7916
 6420
 6508
 6952
 6192
 6646
 6544
 6406
 6283
 6489
 6403
 6248
 7721
 7296
 6860
 6448
 6582
 6045
 6263
 6537
 6466
 6928
 6445
 6297
 6624
 6482
 7009
 6410
 6572
 6386
 6202
 6569
 7358
 6521
 6106
 6889
 6275
 6530
 6178
 6278
 6354
 6525
 6445
 6985
 6274
 5843
 6673
 6615
 6261
 6341
 6473
 7960
 9517
 8580
 8673
 8355
 6542
 6283
 6518
 6590
 6396
 6531
 6018
 6791
 6289
 6327
 6226
 6501
 6588
 6456
 6253
 6394
 7535
 6656
 6469
 6282
 6318
 6579
 6166
 6492
 6229
 6345
 6344
 6756
 6108
 6599
 6543
 9094
 6547
 6526
 6609
 6350
 7154
 6876
 6438
 6291
 6352
 6204
 6578
 6305
 6862
 6974
 6345
 6444
 6599
 7470
 6916
 6531
 6912
 6418
 6294
 7217
 8186
 8975
 6608
 6669
 6180
 6577
 6560
 6466
 10653
 6687
 6045
 7334
 6475
 6470
 6254
 6149
 6495
 6390
 6211
 6343
 7263
 6912
 6310
 6482
 6391
 6167
 6540
 6240
 6710
 6265
 6357
 6576
 6446
 6502
 6444
 6478
 6255
 6429
 6653
 7146
 6367
 7055
 6563
 6370
 6563
 7001
 6667
 6978
 6548
 6355
 6550
 6894
 6546
 6357
 6609
 6355
 6234
 6325
 6932
 7274
 6356
 6636
 6783
 6251
 6586
 6208
 6246
 6677
 6188
 6329
 6249
 6557
 6692
 6183
 6525
 6381
 6412
 6112
 6625
 7485
 6703
 6226
 8278
 6520
 6430
 6106
 5865
 7102
 6403
 6332
 6687
 6159
 6244
 6525
 6325
 6451
 6375
 6421
 6223
 7196
 7956
 6602
 6599
 6358
 6342
 6244
 6235
 6509
 6437
 6113
 6348
 8280
 6054
 6618
 6165
 6395
 6538
 6399
 6235
 7934
 6696
 10359
 10743
 7285
 6200
 10705
 6362
 6274
 6303
 7753
 6571
 6255
 6581
 6240
 6300
 6415
 6289
 6614
 6443
 9213
 10129
 6683
 6065
 6734
 6340
 6329
 6302
 6518
 6326
 6544
 6781
 6224
 6439
 6057
 6371
 6454
 6122
 6258
 6461
 7835
 10596
 10317
 6644
 6234
 6961
 6410
 6438
 6083
 6430
 6496
 6941
 6318
 6546
 6245
 6476
 6174
 6305
 6539
 6260
 7515
 6741
 6080
 7349
 6525
 6652
 5798
 6614
 6634
 6248
 6294
 6464
 6518
 6123
 6605
 6447
 6207
 6390
 6302
 6441
 8042
 6517
 6251
 6554
 6279
 6027
 6653
 6284
 6193
 6417
 6282
 6869
 6645
 6450
 6219
 6405
 6372
 6370
 6233
 6294
 7120
 6640
 6382
 6267
 6483
 6407
 9747
 9846
 6394
 6456
 6132
 6624
 6537
 6205
 6435
 6355
 6035
 6334
 6590
 7581
 6739
 6506
 7581
 6683
 6491
 6038
 6667
 6534
 6441
 6332
 6516
 6734
 6331
 6418
 6220
 6570
 6335
 6394
 6425
 6217
 7487
 7464
 6393
 6421
 6435
 6101
 6351
 6915
 6337
 6501
 6376
 6412
 6581
 9416
 6958
 6823
 6206
 6485
 6191
 6519
 7421
 6350
 6750
 6444
 9021
 10828
 8170
 6692
 6605
 6415
 6361
 6312
 6493
 6431
 6487
 6280
 6388
 6229
 6638
 7184
 6633
 6762
 6245
 6222
 6286
 6431
 6172
 6535
 6495
 6133
 6771
 6355
 6288
 6346
 6292
 6241
 6631
 6324
 6261
 7685
 6459
 6141
 6748
 6341
 6316
 6524
 6551
 6276
 6201
 6758
 6410
 7247
 6199
 6082
 6946
 6264
 6262
 6536
 6216
 6515
 6981
 8043
 6187
 6458
 6221
 6404
 6379
 6390
 6411
 6464
 6502
 7823
 7008
 6237
 6292
 6604
 6261
 6342
 6283
 7436
 6230
 8035
 6770
 6301
 8642
 6533
 6412
 6318
 6214
 6649
 6197
 7068
 6385
 6409
 6464
 6260
 6427
 6270
 6525
 7308
 6646
 7141
 6630
 6360
 6355
 6120
 6461
 6301
 6555
 6608
 6346
 6454
 6412
 6341
 6307
 6303
 6262
 6333
 6285
 6765
 7104
 6334
 6244
 6415
 6534
 6445
 6036
 6495
 6444
 6374
 6587
 6388
 6364
 6105
 6498
 7020
 6218
 6265
 6299
 7586
 6972
 6263
 6607
 6106
 6048
 6713
 6334
 6437
 6144
 6447
 6366
 6452
 6425
 6487
 6125
 6415
 6511
 6460
 6364
 7200
 7624
 8897
 9086
 6179
 6612
 6304
 6277
 6030
 6668
 6296
 6670
 7353
 10098
 6281
 6095
 6598
 11114
 6941
 6353
 7496
 6448
 6481
 6198
 5906
 6826
 6086
 6495
 6372
 6505
 6347
 6150
 6621
 6378
 6027
 6493
 6360
 6936
 6586
 6395
 7245
 6777
 8080
 6472
 6252
 6343
 6265
 6278
 6643
 6261
 6223
 7356
 6767
 6414
 6569
 6600
 6213
 6602
 6203
 6542
 7171
 7794
 6343
 6464
 6480
 6115
 6532
 6401
 6365
 6430
 6463
 6558
 7170
 6476
 6411
 6284
 6404
 6323
 6365
 6588
 7273
 6315
 6528
 6454
 6492
 6041
 6547
 6362
 6436
 6618
 6468
 6935
 6331
 6361
 6409
 6560
 6302
 6476
 7391
 6237
 7345
 7734
 6389
 6416
 6278
 6350
 6269
 6343
 6461
 6289
 6447
 6288
 6430
 6526
 6346
 6438
 6413
 6077
 6518
 6379
 7272
 6764
 6410
 8341
 6515
 6124
 6430
 6465
 6267
 6344
 6174
 6835
 6448
 6255
 6850
 6436
 6228
 6199
 6438
 6217
 7355
 6782
 6383
 6319
 6314
 6351
 6509
 6269
 6412
 6645
 6284
 6588
 6389
 6205
 6704
 6382
 6225
 5989
 6480
 6324
 7280
 7823
 6838
 6081
 6591
 6332
 6239
 6434
 10887
 6211
 6261
 6665
 6378
 6519
 6508
 6515
 6343
 6000
 6496
 7329
 6355
 7645
 6383
 6675
 6301
 6460
 6288
 6142
 6695
 6709
 6432
 6418
 6238
 6525
 6652
 6631
 6259
 6359
 6569
 6294
 7255
 6354
 6630
 6221
 6459
 6342
 6209
 6855
 6337
 6516
 6400
 7234
 6018
 6466
 7277
 6459
 6614
 6335
 6330
 6486
 7038
 7227
 6633
 6461
 6355
 6468
 7135
 6494
 6466
 6167
 6355
 6330
 6490
 5961
 6466
 6382
 6483
 6080
 6773
 7409
 6594
 6405
 6531
 6011
 6445
 6249
 6229
 6585
 6074
 6743
 6486
 6707
 6389
 6225
 6295
 6592
 6376
 6715
 6266
 6379
 7999
 6580
 6518
 6432
 5935
 6715
 6317
 6284
 6516
 6284
 6549
 7996
 6622
 6276
 6178
 6666
 6432
 6502
 6341
 6991
 6720
 6242
 6918
 6160
 6703
 6533
 6674
 7689
 6158
 6256
 6954
 6295
 6312
 6291
 6085
 6527
 6159
 7025
 6226
 7084
 7003
 6135
 6454
 6465
 6234
 6409
 6165
 6319
 6269
 6637
 6284
 6211
 6755
 6178
 6433
 6428
 6290
 6187
 6868
 7022
 6254
 6520
 6413
 6149
 6292
 6460
 6078
 6371
 6350
 6331
 6708
 6200
 6617
 6370
 6689
 6364
 6254
 6379
 6756
 7035
 6631
 6414
 6711
 6451
 6271
 6203
 6300
 6527
 6898
 6133
 6359
 6396
 6427
 6165
 6359
 6277
 6285
 6494
 6208
 7735
 6197
 6534
 6944
 6177
 6493
 6085
 6569
 6295
 6505
 6358
 6712
 6964
 6515
 6522
 6361
 5953
 6623
 6247
 6399
 7314
 7124
 6270
 6364
 6315
 6012
 6671
 6061
 6649
 6513
 8343
 9156
 6591
 6535
 6250
 6588
 6167
 6518
 6588
 6207
 7572
 6228
 6201
 6626
 6533
 6207
 6448
 6093
 6582
 6539
 6469
 7830
 6120
 6422
 6674
 6474
 6368
 6248
 6300
 6516
 7011
 7282
 6377
 6593
 6424
 6201
 6331
 6250
 6453
 6279
 6431
 6272
 6436
 6241
 6435
 6427
 6369
 6062
 6780
 6363
 7440
 6799
 6544
 6539
 6301
 6296
 6408
 6161
 6514
 6345
 6517
 6656
 6238
 6567
 6475
 6491
 6451
 6222
 6728
 6407
 7381
 6656
 6581
 6384
 6273
 6200
 6238
 6280
 6587
 6302
 6428
 6376
 6379
 6368
 6601
 6255
 6075
 7388
 6356
 6939
 6712
 7686
 6829
 6316
 6780
 6162
 6446
 6190
 6503
 6498
 6071
 6689
 6453
 6571
 6270
 6081
 6818
 6311
 6332
 7441
 6425
 6841
 6296
 6640
 6452
 6309
 6076
 6443
 6618
 6406
 6555
 6127
 6064
 8354
 6506
 6153
 5743
 6848
 6393
 8664
 6436
 6307
 6639
 6574
 6392
 5995
 6470
 6463
 6277
 6361
 6480
 7142
 6241
 6165
 6374
 6509
 6171
 6608
 8349
 7327
 6670
 7022
 6290
 6610
 6201
 6421
 6228
 6513
 6387
 6517
 6344
 6323
 6362
 6442
 6336
 6399
 6227
 6345
 6210
 7269
 6683
 6244
 6369
 6378
 6516
 6233
 6399
 6344
 6313
 6371
 6700
 6409
 6678
 6429
 6381
 6588
 6443
 6207
 6343
 7384
 6995
 8089
 6228
 6253
 6381
 6539
 6118
 6295
 6242
 6328
 6677
 6235
 6351
 6426
 6578
 6181
 6281
 6533
 6159
 7391
 6395
 6291
 6428
 6257
 6352
 6442
 6093
 6077
 6528
 6591
 6678
 6258
 6344
 6304
 6332
 12898
 7136
 6171
 6444
 7416
 6636
 6430
 6910
 6184
 6532
 6577
 5988
 6583
 6413
 6185
 6504
 6640
 6094
 6557
 6382
 6390
 6286
 6587
 6394
 6986
 6868
 6608
 6990
 6412
 6465
 6269
 6386
 6437
 6638
 6637
 6450
 6370
 6542
 6406
 6492
 6193
 6437
 6518
 6567
 7473
 7823
 6381
 6523
 6505
 6477
 6255
 6553
 6324
 6570
 6394
 6377
 6277
 6577
 6357
 6380
 6235
 6565
 6127
 6583
 7278
 6270
 6428
 7281
 6110
 6480
 6499
 6592
 6280
 6410
 6295
 6995
 6383
 6467
 6272
 6539
 6356
 6465
 6558
 6227
 7480
 6770
 6433
 6522
 6281
 6386
 6213
 6337
 6635
 6235
 6716
 6231
 6343
 6427
 6501
 6199
 6782
 6298
 6346
 6204
 7387
 6783
 6726
 7114
 6342
 6465
 6309
 7674
 6958
 6342
 6588
 7069
 5957
 6854
 6520
 6293
 6353
 6534
 6288
 6354
 7431
 6878
 6333
 6138
 6615
 6381
 6421
 6169
 6618
 6719
 6447
 6333
 6258
 6234
 6390
 6419
 6577
 6176
 6326
 6630
 7379
 7857
 6673
 6313
 6397
 6335
 6254
 6174
 10881
 6627
 6265
 7040
 6453
 6361
 6126
 6480
 6215
 6438
 6326
 6363
 7191
 7769
 6153
 6222
 6537
 6487
 6252
 6710
 6442
 7018
 6492
 6160
 6488
 6156
 6252
 6381
 6448
 6242
 6561
 7057
 6413
 6738
 6754
 6182
 6612
 6052
 6437
 6543
 6255
 6341
 6767
 6680
 6425
 6310
 6350
 6384
 6334
 5984
 6525
 7059
 6321
 6759
 6497
 6292
 6545
 6152
 6531
 6316
 6179
 6671
 6619
 6393
 6558
 6179
 6138
 6425
 6531
 6146
 6523
 6285
 7156
 6911
 6336
 6285
 6503
 6370
 6261
 6484
 6388
 6249
 7069
 6634
 6162
 6254
 6352
 6216
 6476
 6479
 6084
 7231
 6954
 6912
 6045
 6280
 6574
 6507
 6424
 6454
 6379
 6253
 6233
 8118
 6701
 6266
 6330
 6375
 6430
 6381
 6366
 7926
 6394
 6221
 6815
 6285
 6509
 6449
 6124
 6417
 6428
 5974
 7125
 7936
 6464
 6298
 6442
 6055
 6615
 6674
 5957
 6791
 8123
 6239
 6706
 6091
 6349
 6374
 6182
 6304
 6965
 6467
 6493
 6497
 7430
 6158
 6145
 6278
 6239
 6451
 6360
 7320
 6186
 6437
 6373
 6430
 6033
 6315
 6065
 6539
 6399
 6341
 7018
 6468
 6221
 6291
 6560
 6132
 6480
 6354
 6510
 7183
 6968
 6264
 7303
 6272
 6161
 6289
 6381
 6273
 6438
 6380
 6239
 6289
 6356
 6681
 6379
 6235
 6131
 6646
 6344
 7257
 6786
 6328
 6500
 6537
 6193
 6147
 6441
 6403
 6379
 6360
 6624
 6559
 6736
 7321
 6210
 6398
 6276
 6175
 6484
 7197
 6664
 6406
 6545
 6329
 6415
 6071
 6388
 6233
 6541
 6339
 6285
 6538
 6248
 7551
 18522
 8251
 9417
 6476
 6227
 7474
 6553
 7897
 6649
 6395
 6542
 6213
 6440
 6416
 6591
 6491
 6427
 6538
 6350
 6372
 6415
 6445
 6319
 6308
 6711
 7374
 8154
 6267
 6285
 6181
 6638
 6258
 6468
 6285
 6400
 6406
 6389
 6419
 6428
 6456
 6263
 6595
 6308
 6425
 6393
 8370
 6005
 6771
 6425
 6271
 6364
 6254
 6401
 7385
 6228
 6315
 7072
 6393
 6228
 6322
 6319
 6372
 6419
 6395
 7055
 6517
 7274
 6383
 6252
 6429
 6354
 6365
 6246
 6308
 6498
 6186
 6255
 6095
 6526
 6124
 6406
 6617
 6293
 6403
 6387
 7188
 6613
 6653
 6212
 6757
 6568
 6397
 6456
 6294
 6511
 6329
 7236
 6299
 6304
 6380
 6076
 7253
 7029
 6259
 6457
 7165
 6624
 6430
 6427
 6313
 5950
 6691
 6199
 6168
 6478
 6382
 6265
 6351
 6161
 6014
 6720
 6001
 6837
 6092
 7379
 6355
 7901
 6703
 6210
 7214
 6367
 6293
 6295
 6222
 6303
 6061
 6771
 6366
 6224
 6270
 6362
 6558
 6656
 6110
 7321
 6298
 7331
 6709
 6218
 6320
 6369
 6642
 6237
 6361
 6291
 6297
 6555
 6439
 8539
 6314
 6257
 6459
 6082
 6693
 6639
 7869
 6421
 6461
 7124
 6551
 6085
 6382
 6176
 6126
 6413
 6588
 5870
 6692
 6264
 6229
 6386
 6193
 6555
 6591
 7219
 6600
 6540
 6517
 6198
 6592
 6401
 6139
 6451
 6513
 6293
 6097
 6517
 6010
 6523
 6193
 6376
 6232
 6440
 6769
 19266
 8270
 6476
 6512
 6155
 6433
 6248
 6169
 6291
 6056
 6435
 6702
 6306
 6066
 6352
 6425
 6280
 6215
 6454
 6245
 7475
 6605
 6315
 9881
 6828
 6882
 6514
 6195
 5895
 6521
 6367
 6270
 6461
 6019
 6185
 6465
 6508
 6192
 6371
 6221
 7214
 6355
 7972
 6615
 6162
 6316
 6259
 5900
 6497
 6360
 6316
 7143
 7302
 9922
 6114
 6420
 6345
 6202
 6301
 6252
 7645
 7679
 6254
 6226
 5887
 6651
 6189
 6586
 6246
 6168
 6457
 6463
 6433
 6444
 6376
 6296
 6289
 6571
 6307
 6339
 7754
 6317
 6359
 6743
 6234
 6471
 7220
 6330
 6350
 6289
 6344
 6513
 6437
 6041
 6485
 6364
 6374
 6262
 6165
 6636
 7460
 6985
 6473
 6195
 6146
 6409
 6353
 5971
 6498
 6404
 6397
 6322
 6328
 6360
 6439
 6260
 6353
 6346
 6302
 6190
 7320
 6363
 6249
 10842
 9877
 10158
 9320
 6208
 6166
 6484
 6380
 6418
 6652
 6344
 6532
 6733
 6600
 6336
 6288
 6339
 7058
 6692
 6524
 6448
 6474
 6352
 6208
 6249
 6381
 6392
 6143
 6444
 6282
 6664
 6350
 6230
 6372
 6313
 6133
 6418
 7366
 7462
 6221
 6816
 6252
 6344
 6495
 6131
 10270
 6373
 6324
 6250
 6636
 6492
 6347
 6563
 6295
 6265
 6586
 6179
 7368
 7720
 6383
 6339
 6346
 6336
 6309
 6281
 6532
 6388
 6517
 6391
 6011
 6577
 6548
 6351
 6401
 6409
 6272
 6313
 7540
 6366
 6544
 6134
 8011
 5951
 6545
 6332
 6537
 6280
 6324
 7208
 6471
 6190
 6356
 6290
 6458
 6541
 6414
 6517
 6835
 6872
 6428
 6286
 6487
 6381
 6172
 6266
 6305
 6562
 9085
 8327
 6382
 6085
 6521
 6389
 6252
 6238
 6627
 7514
 6573
 6773
 6371
 6334
 6559
 6554
 6363
 6172
 6738
 6576
 7214
 10151
 6374
 6369
 6140
 6740
 6221
 6599
 6398
 6570
 7695
 6676
 6476
 6443
 6382
 6270
 6546
 6161
 6507
 6545
 6006
 8242
 7079
 7171
 6440
 6170
 6461
 6208
 6568
 9616
 7285
 6515
 6533
 6027
 8144
 6877
 6550
 6080
 6258
 6560
 6715
 6199
 6321
 6373
 6480
 6257
 6408
 6576
 6029
 7658
 10822
 6808
 6381
 6222
 6487
 6252
 6504
 6399
 6075
 6465
 6398
 6256
 6302
 6403
 6251
 6357
 6311
 6383
 6246
 8255
 6318
 6426
 6810
 6283
 6234
 6652
 6404
 6288
 6563
 6476
 6894
 6250
 6290
 6416
 6396
 11377
 6647
 6355
 6439
 8811
 9226
 6618
 6574
 6377
 6413
 6306
 6495
 6668
 6279
 6429
 6803
 6465
 6413
 6574
 6404
 6331
 6165
 6279
 6178
 7560
 6989
 6100
 6599
 6305
 6229
 6164
 6224
 6815
 6064
 6500
 6516
 6534
 6298
 6271
 7191
 6208
 5982
 6590
 7174
 6386
 6506
 6233
 6560
 6233
 6648
 6204
 6298
 7629
 10373
 6562
 6416
 6418
 6614
 6354
 6348
 6381
 6549
 6593
 6841
 7633
 6410
 7890
 6155
 6778
 6193
 6258
 6387
 6195
 6658
 6338
 7128
 6352
 6442
 6345
 6314
 6361
 6523
 6435
 6394
 7013
 7096
 6635
 6141
 6440
 6273
 6207
 6470
 6463
 6337
 6567
 6253
 6135
 6520
 6365
 6223
 6335
 6453
 6386
 5994
 7702
 6269
 6414
 6786
 6670
 6228
 6949
 6170
 6761
 6401
 6469
 6524
 6406
 6512
 6270
 6632
 6192
 6366
 6373
 6371
 7564
 6763
 6288
 6245
 6457
 6428
 6140
 6464
 6401
 6205
 6656
 6641
 6133
 6506
 6425
 6381
 6510
 6396
 6571
 6529
 7448
 6338
 6548
 6516
 6405
 6430
 6367
 5723
 7053
 6484
 7621
 7385
 6461
 6231
 6346
 6569
 6643
 6389
 6392
 7710
 9625
 6878
 6548
 6261
 6610
 6341
 6077
 6329
 6469
 6428
 6435
 6527
 6256
 6647
 6180
 6313
 6362
 6448
 6431
 6372
 10154
 7582
 6639
 6296
 6415
 6384
 6938
 6288
 6431
 6353
 6201
 7637
 6247
 6059
 6416
 6188
 6387
 6398
 6317
 6748
 6997
 6928
 6141
 6459
 6551
 6197
 6321
 6360
 6357
 6488
 6327
 6035
 6959
 6084
 6355
 6406
 6107
 6204
 6469
 7433
 6469
 6347
 6417
 6162
 6474
 6363
 5891
 9042
 6773
 6520
 6579
 6350
 6575
 6497
 6372
 6187
 6268
 6273
 6294
 7415
 7407
 6465
 6378
 5900
 6301
 7074
 6463
 6645
 6306
 6224
 6440
 6634
 7274
 12141
 6631
 6401
 6258
 6664
 6259
 7067
 7776
 6487
 6679
 6341
 6327
 5885
 6391
 6492
 6353
 6398
 6870
 6007
 6713
 6315
 6619
 6323
 6474
 6354
 6300
 7766
 7222
 6109
 6427
 6579
 6401
 6510
 6364
 6391
 6408
 6505
 6276
 6411
 6376
 6492
 6689
 6420
 6082
 6326
 6382
 7659
 6059
 6466
 6422
 6090
 6560
 6469
 6032
 6630
 6326
 7394
 6496
 6315
 6519
 6597
 6643
 6218
 6518
 6372
 6064
 7208
 6741
 6288
 6466
 6141
 6530
 6289
 6557
 6066
 6462
 6414
 6699
 6435
 6260
 6259
 6581
 7052
 6087
 6513
 6401
 7087
 6806
 6194
 6652
 6222
 6481
 6327
 6264
 6487
 6203
 6561
 7062
 6147
 6769
 6337
 6303
 6596
 6338
 6035
 6407
 7626
 6424
 8178
 6467
 6346
 6182
 6032
 6319
 6281
 6295
 6536
 6919
 6631
 6219
 6455
 8493
 6499
 6119
 6256
 6052
 9688
 8959
 6528
 7126
 6079
 6449
 6040
 6425
 6416
 6333
 6323
 6869
 6385
 6491
 6457
 6356
 6490
 6160
 6221
 6361
 8296
 9637
 5951
 7675
 8424
 6322
 6381
 5987
 6791
 6283
 6376
 6256
 6402
 6152
 6278
 6400
 5961
 6980
 6098
 6185
 7532
 6184
 6581
 6234
 6377
 6227
 6331
 6248
 12947
 6524
 6610
 7121
 6358
 6390
 6307
 6518
 6628
 6874
 6654
 6295
 7249
 7056
 6320
 6159
 6376
 6571
 6107
 6593
 6265
 6498
 6476
 6510
 6587
 6278
 6519
 6275
 6353
 6734
 17774
 7361
 6474
 6526
 6786
 6189
 6088
 6492
 6378
 6327
 6290
 6470
 6595
 7012
 6460
 6468
 6236
 6227
 6353
 6318
 6514
 6281
 6971
 8400
 6433
 6193
 6625
 6314
 6420
 6252
 6275
 6626
 6313
 6441
 6399
 6387
 6587
 6297
 6610
 6246
 6748
 7302
 6202
 7999
 6853
 5910
 6699
 6299
 6279
 6382
 6116
 7800
 6559
 7285
 6518
 6446
 6555
 6305
 6511
 6515
 6275
 7408
 6558
 6536
 5880
 7114
 5981
 6512
 6489
 6187
 6003
 6627
 6317
 6414
 6877
 6173
 6252
 6419
 6303
 8793
 8398
 7375
 6582
 6117
 6477
 6200
 6076
 6628
 6227
 6478
 6197
 6335
 6896
 7351
 6200
 6007
 6628
 6176
 6390
 6422
 6153
 7683
 7713
 6693
 10545
 6210
 6537
 6306
 6332
 6611
 6184
 6485
 6230
 6580
 6463
 6091
 6505
 6169
 6492
 6482
 6457
 10037
 7927
 6240
 6473
 6420
 6058
 5812
 6496
 6328
 6132
 6344
 6918
 6213
 6357
 6383
 6167
 6525
 6409
 6159
 6542
 8151
 9425
 8012
 6725
 6135
 6425
 6265
 6227
 6465
 6306
 6396
 6253
 6320
 6307
 6529
 6379
 6093
 6398
 6553
 6315
 7254
 6428
 7437
 6587
 6243
 6538
 6108
 6535
 6264
 6163
 6146
 6950
 6533
 6372
 6425
 6161
 6595
 6627
 6440
 6465
 7375
 6580
 7247
 7172
 6203
 6561
 6283
 6500
 6331
 6382
 6260
 6448
 7055
 19395
 7542
 6635
 6528
 6230
 6711
 6773
 7025
 7047
 6206
 6764
 6353
 6427
 6231
 6067
 6418
 6456
 6381
 7275
 6291
 6450
 6407
 6183
 6330
 6246
 6330
 6387
 7018
 6683
 6309
 7393
 6282
 6567
 6107
 6303
 6184
 6586
 6311
 6454
 6396
 6427
 6054
 6797
 6261
 6264
 6558
 6208
 7570
 6492
 6373
 6762
 6298
 6463
 6198
 6716
 6269
 6768
 6941
 7408
 6423
 7351
 6359
 6589
 6698
 6342
 6663
 7641
 6681
 7022
 6234
 6772
 6781
 6727
 6296
 6305
 6435
 6306
 6318
 6597
 6233
 6038
 6592
 6520
 6129
 6215
 6491
 6468
 7507
 6416
 6473
 6447
 6570
 5879
 6792
 6441
 6110
 7202
 6563
 6796
 6417
 6413
 6663
 7778
 6589
 6295
 6315
 6474
 7479
 6917
 6117
 6152
 6195
 6726
 7013
 6276
 6614
 5797
 6921
 6284
 6458
 6375
 6513
 6249
 6532
 6350
 6213
 7207
 6940
 6694
 6787
 6426
 6299
 6476
 6806
 6592
 6418
 6388
 6446
 6901
 6391
 6199
 6156
 6688
 6275
 6489
 6722
 8056
 9104
 6735
 6392
 6322
 6235
 6293
 6252
 6628
 6240
 6193
 6519
 6924
 6264
 6425
 6318
 6166
 6166
 7165
 6327
 6436
 9976
 7114
 6247
 6560
 6198
 6357
 6301
 6302
 6552
 6482
 6568
 6671
 6490
 6389
 6382
 6301
 6166
 6377
 6446
 6941
 6934
 7740
 6901
 6429
 6228
 6389
 6503
 6329
 6360
 6218
 6822
 6296
 6326
 6585
 6188
 7084
 6270
 18198
 10673
 9483
 7459
 6708
 6588
 6336
 6511
 6468
 6454
 6662
 7053
 6573
 7123
 6188
 6682
 6264
 6463
 5819
 6763
 6419
 6543
 6844
 7051
 6241
 6430
 6460
 6321
 6442
 6258
 6406
 6514
 6138
 6653
 6188
 6703
 6331
 6424
 6078
 6396
 6392
 6452
 7236
 6356
 6131
 6771
 6232
 6703
 5989
 6500
 6403
 6703
 6524
 6579
 6545
 6353
 6399
 6471
 6275
 6285
 6682
 6407
 7543
 6984
 6595
 6240
 6269
 6427
 6472
 6379
 6284
 6465
 6606
 6470
 6502
 6427
 7101
 6396
 6280
 6582
 6295
 6296
 7249
 6516
 6007
 6742
 6058
 6481
 6403
 6071
 6161
 6704
 6387
 7056
 6237
 6607
 6210
 6636
 6343
 6131
 6311
 6342
 7518
 6616
 8093
 6504
 6153
 6547
 6281
 6109
 6317
 6384
 6893
 6209
 6445
 6434
 6376
 6494
 6689
 6202
 6267
 6351
 7529
 7689
 9105
 8817
 6567
 6457
 6329
 6474
 6578
 6696
 6645
 7388
 6109
 6702
 6181
 7475
 6224
 6261
 6223
 6117
 7403
 6783
 6531
 6292
 6320
 6479
 6499
 6358
 6896
 6659
 6218
 6418
 6269
 7760
 6083
 6584
 7071
 6420
 6613
 6995
 7433
 6137
 6842
 6400
 6653
 6378
 6102
 6186
 10982
 6094
 6875
 6768
 6344
 6547
 6421
 6224
 6551
 6111
 6476
 7212
 6717
 6800
 6158
 6627
 6179
 6755
 6610
 6088
 6654
 6373
 6689
 6554
 6363
 6086
 6359
 6677
 6326
 6399
 6438
 6210
 7417
 6604
 7317
 6375
 6562
 6396
 6324
 6445
 6318
 6248
 6583
 6832
 6544
 6324
 6270
 6508
 6427
 6016
 6519
 6382
 7206
 8528
 6583
 6203
 6372
 6333
 6318
 6323
 6424
 6180
 6641
 6389
 6646
 6362
 6264
 6258
 6432
 6439
 6376
 6501
 6647
 6408
 6699
 6254
 5940
 6653
 6294
 6264
 6765
 6522
 6226
 6662
 6173
 6360
 6433
 6399
 6456
 6142
 6557
 7349
 6662
 6766
 6519
 6108
 6310
 6457
 6345
 6382
 6524
 6454
 6317
 6463
 6165
 6913
 6269
 6207
 6441
 6353
 6328
 6613
 7269
 6382
 6489
 6502
 6118
 6396
 6511
 6348
 6300
 6490
 6665
 6432
 6256
 6447
 8029
 6416
 6400
 6357
 6389
 7069
 7491
 6972
 6189
 6343
 6437
 6233
 6112
 6363
 6182
 6186
 6664
 6448
 6233
 6454
 6393
 6432
 6492
 6305
 6353
 7635
 6486
 6590
 6551
 6400
 7029
 6425
 6203
 6286
 6437
 6283
 6872
 6294
 6418
 5967
 6873
 6364
 6557
 6305
 6404
 7446
 6469
 6296
 7345
 6241
 6156
 6392
 6461
 6307
 6131
 6463
 6494
 6531
 6211
 6366
 6197
 6329
 6499
 6326
 6557
 10612
 8290
 7113
 5976
 6772
 6294
 6198
 6462
 6298
 6000
 6628
 6626
 6363
 6395
 6468
 6189
 6575
 6186
 6458
 6094
 7310
 6615
 6562
 6429
 6090
 6605
 6999
 6318
 6292
 6115
 6405
 6522
 6335
 6319
 6163
 6473
 6061
 16461
 10527
 9692
 7346
 6406
 8927
 6401
 6342
 6314
 6349
 6460
 6263
 6323
 6420
 6735
 6272
 6530
 5938
 6423
 6434
 6417
 6604
 6371
 7275
 6986
 6449
 6300
 6408
 5898
 6678
 6707
 6195
 6166
 6591
 6317
 6463
 7580
 6203
 6575
 6389
 6688
 6323
 6443
 7264
 6241
 6507
 7578
 6342
 6516
 6280
 6320
 6450
 6132
 6310
 7135
 6235
 6628
 6263
 6401
 6194
 6336
 6755
 6396
 7226
 6753
 6258
 6300
 6419
 6139
 6617
 6137
 6235
 6472
 6361
 6215
 6521
 6327
 6346
 6146
 6265
 6493
 6797
 6464
 7067
 7708
 6626
 6198
 6379
 6161
 6495
 5938
 6657
 6247
 6506
 6845
 5999
 6795
 6334
 6314
 6438
 6204
 6264
 9209
 6036
 6588
 6401
 6456
 6234
 6467
 6213
 6305
 6302
 6465
 6404
 6426
 6527
 6529
 7294
 6553
 6280
 6248
 6622
 6520
 7042
 6281
 6846
 6497
 6117
 6422
 6323
 5994
 6372
 6315
 6370
 6696
 6338
 6136
 6495
 6385
 6150
 6550
 6271
 6635
 6763
 7267
 6150
 6095
 6337
 6412
 6098
 6466
 6163
 6206
 6601
 6370
 6180
 6516
 6374
 6346
 6394
 6347
 6280
 7491
 6771
 6229
 6585
 6226
 6316
 6199
 6159
 6218
 6287
 6221
 6572
 6195
 6122
 6464
 6401
 7120
 6237
 6222
 6280
 6019
 8184
 8007
 6241
 6470
 6455
 6294
 6350
 6245
 6175
 6190
 6568
 6214
 6524
 6318
 6466
 6198
 8446
 6301
 6394
 6635
 10979
 15223
 13105
 6395
 6432
 6239
 6260
 6145
 6425
 6199
 7227
 6447
 6320
 6048
 6561
 6363
 6337
 6321
 6182
 7107
 7115
 6583
 6233
 6279
 6418
 6350
 6337
 6199
 6428
 6356
 6283
 6198
 6623
 6204
 6346
 6452
 7029
 6320
 6257
 7470
 5887
 6632
 7050
 6413
 6603
 6302
 6183
 6553
 6097
 5596
 7233
 6336
 6012
 6443
 6406
 6218
 6258
 6355
 6539
 7279
 6814
 6522
 6633
 6276
 6444
 6552
 6055
 6200
 6207
 6521
 6614
 6247
 6275
 7172
 6732
 6173
 6287
 7040
 6209
 6997
 6635
 6081
 6783
 6265
 6460
 6389
 6277
 6088
 6442
 6476
 6466
 6308
 6583
 6148
 6362
 6238
 6317
 6431
 7241
 7435
 6822
 7943
 6302
 6622
 6409
 6179
 6180
 6455
 6179
 6533
 6366
 6382
 6147
 6472
 6541
 6244
 6274
 6283
 6394
 7256
 7386
 6653
 11125
 10646
 11231
 9790
 9784
 9754
 9740
 10537
 11118
 9753
 9799
 9746
 10468
 9803
 10491
 9844
 10587
 10741
 10751
 10575
 9832
 9096
 9185
 9779
 9127
 9900
 10414
 10382
 9112
 9902
 9739
 9796
 9835
 9072
 9757
 9753
 9797
 10690
 11188
 9835
 6647
 6023
 7109
 6440
 6372
 10098
 6322
 6241
 7034
 6238
 6549
 6016
 6658
 6397
 6425
 6264
 6534
 7452
 7039
 6312
 6420
 5921
 7247
 6265
 6203
 6573
 6011
 6383
 6736
 6230
 6124
 6635
 6424
 6379
 6118
 6173
 6642
 7241
 6401
 6322
 6769
 6403
 6364
 6585
 6338
 6313
 6427
 6339
 7418
 6468
 6624
 6408
 5950
 6842
 6447
 6338
 7448
 6415
 8083
 6512
 6285
 6372
 6789
 7049
 6354
 6222
 7219
 6552
 6481
 6105
 6684
 6342
 6139
 6372
 6266
 6428
 6250
 7781
 7422
 6282
 6411
 6199
 6551
 6200
 6614
 6221
 6270
 6486
 6541
 6574
 6297
 6409
 6444
 6346
 6104
 6170
 6686
 9778
 7910
 6680
 6085
 6523
 6162
 6563
 6554
 6388
 6301
 6351
 6281
 6390
 6325
 6359
 6080
 6459
 6353
 6344
 6778
 6755
 6205
 6994
 6283
 6201
 6253
 6496
 6286
 8198
 6198
 6400
 6574
 6365
 6196
 6402
 6152
 6433
 6193
 6449
 7530
 6532
 6465
 6311
 6102
 6503
 6288
 6401
 6392
 6447
 6291
 6341
 6351
 6407
 6307
 6324
 6189
 6272
 6455
 6182
 6999
 6836
 6202
 6602
 6401
 6230
 6265
 6429
 6122
 6578
 6217
 6940
 6322
 6030
 6410
 6532
 6480
 6387
 6255
 6427
 7039
 6257
 8363
 6624
 6218
 6394
 6447
 6184
 6350
 6486
 6992
 6281
 6674
 6444
 6368
 6445
 6257
 6044
 6321
 6178
 7440
 6585
 6258
 6178
 6320
 6420
 6244
 6436
 6355
 6273
 6420
 6888
 6597
 6960
 6252
 6311
 6411
 6506
 6446
 6465
 7494
 6491
 6246
 6707
 6125
 6502
 6272
 6513
 6282
 6284
 6245
 10953
 6601
 6493
 6484
 6434
 6467
 6462
 6272
 6382
 7197
 5979
 6313
 6530
 6629
 6376
 6103
 6542
 6301
 6342
 6394
 6595
 6972
 6083
 6537
 6285
 6410
 6231
 6324
 6437
 7286
 6888
 6475
 6149
 6775
 6232
 6485
 6401
 6348
 6394
 6238
 6702
 6540
 6375
 6264
 6354
 6252
 6660
 6283
 6487
 7578
 6124
 6605
 6883
 6071
 6466
 6323
 6383
 6376
 6404
 6196
 6948
 6428
 6224
 6414
 6287
 6312
 6427
 6318
 6683
 7141
 6879
 6495
 6202
 6661
 6274
 6392
 6282
 6479
 6303
 6649
 6398
 6665
 6593
 6226
 6438
 6289
 7124
 6311
 6269
 7455
 7709
 6663
 6427
 6339
 6636
 6144
 6741
 7413
 6260
 6261
 6828
 6372
 6568
 5988
 6514
 6205
 6712
 6310
 6377
 7088
 6816
 6447
 7649
 6541
 6485
 6294
 6353
 6469
 6320
 9363
 5675
 6732
 6520
 6247
 6345
 6668
 6065
 6534
 6621
 7051
 6255
 6706
 6144
 6485
 6388
 6202
 6188
 6505
 6586
 6587
 7288
 6359
 6400
 6311
 6548
 6427
 6228
 6189
 7922
 6400
 6953
 5872
 6635
 6182
 7259
 6400
 6481
 6350
 6410
 6355
 6325
 6277
 6386
 6795
 6129
 6420
 6149
 6425
 6338
 7584
 6323
 6732
 6186
 6425
 5959
 6387
 6181
 6229
 6348
 6232
 7033
 6813
 6404
 6215
 6374
 6548
 6113
 6476
 6914
 6727
 8332
 6556
 6241
 6257
 6515
 6080
 6447
 6104
 6000
 6504
 6497
 6127
 6347
 6358
 6563
 6245
 6597
 6036
 7771
 7294
 6279
 6289
 6260
 6254
 6637
 6451
 6283
 6267
 5999
 9705
 9856
 6340
 6462
 6266
 6561
 6177
 6220
 6400
 6377
 7682
 6450
 6583
 6182
 6490
 6459
 6225
 6264
 6270
 6651
 6365
 6404
 6433
 6283
 6415
 6339
 6753
 6300
 6226
 7263
 6221
 6049
 6660
 6363
 6387
 6498
 6158
 6557
 6276
 6618
 6696
 6663
 6486
 6368
 6371
 6336
 6039
 6713
 6222
 7490
 6661
 6722
 6214
 6296
 6222
 6424
 6382
 6266
 6344
 6301
 6282
 6492
 6405
 6174
 6396
 6408
 6622
 6312
 6309
 7521
 6323
 6473
 6742
 6403
 6607
 6270
 6149
 6029
 6626
 6211
 6548
 6520
 6541
 6345
 6393
 6269
 6401
 6321
 6592
 7495
 6808
 6465
 6264
 6548
 6348
 6241
 6127
 6569
 6321
 6381
 6759
 6404
 6433
 6512
 6466
 6187
 6381
 6863
 6228
 7198
 7828
 6458
 7529
 6010
 6399
 6592
 6319
 6666
 6227
 6510
 8177
 6381
 6176
 6751
 6558
 6325
 6315
 6551
 6681
 7870
 6888
 6367
 6571
 5883
 6649
 6376
 6136
 6248
 6994
 6388
 6767
 6150
 6308
 6257
 6451
 6545
 6087
 6153
 6642
 7293
 6520
 6335
 6369
 6135
 6589
 6228
 6480
 10267
 6479
 6597
 7159
 6398
 6394
 6209
 6528
 6414
 6185
 6449
 6841
 6900
 7199
 6838
 6430
 6214
 6233
 6331
 6409
 6102
 6194
 7396
 6430
 6662
 6406
 6251
 6585
 6422
 6255
 6427
 6178
 7804
 6362
 6616
 6249
 6233
 6629
 6512
 6288
 6364
 6321
 6399
 6755
 6394
 6340
 6442
 6563
 6294
 6392
 6154
 6478
 10524
 9070
 9378
 6355
 6523
 6344
 6477
 6402
 6248
 6198
 6535
 6109
 6724
 6289
 6301
 6747
 6218
 6632
 10668
 7252
 6547
 7847
 6543
 6245
 6413
 6439
 6109
 6422
 6366
 6221
 6484
 6749
 7280
 6414
 9533
 7635
 6230
 6294
 6271
 8217
 8832
 6961
 6294
 6258
 6720
 6518
 6370
 6294
 6324
 6478
 6532
 6426
 6410
 6182
 6614
 6340
 6284
 6443
 6239
 6437
 7612
 6577
 6968
 6225
 6459
 6176
 6266
 6201
 6381
 6357
 7032
 8141
 6351
 6423
 6121
 6712
 6473
 6583
 6267
 7182
 7321
 6636
 6698
 6216
 6563
 6263
 6399
 6280
 6209
 6421
 6185
 6773
 6735
 6391
 6225
 6392
 6498
 6298
 6392
 7051
 6662
 6322
 6802
 6291
 6133
 6260
 6158
 6266
 5870
 6647
 6814
 6635
 6353
 6342
 6351
 6432
 6069
 6367
 6106
 6519
 7537
 7678
 6276
 6620
 6366
 6368
 6311
 6173
 6472
 6236
 7004
 6478
 6230
 6112
 6550
 6415
 6315
 5962
 6399
 7409
 6714
 7161
 6557
 6473
 6275
 6433
 6243
 6315
 6377
 6308
 6791
 7859
 9617
 6954
 6391
 6186
 6470
 6271
 6449
 7399
 6733
 6336
 6286
 6537
 6335
 6496
 6327
 6313
 6630
 6030
 6405
 6485
 6411
 6060
 12898
 7394
 6512
 6352
 6292
 7820
 6463
 6233
 6499
 6389
 6422
 6473
 6322
 6308
 6158
 6522
 6914
 6789
 6080
 6463
 6507
 6227
 6520
 6445
 6201
 7525
 7904
 6639
 6492
 6135
 6828
 7104
 6515
 6231
 6173
 6447
 6397
 6322
 6648
 6283
 6501
 7211
 6364
 6282
 6183
 7394
 6645
 6195
 6561
 6155
 6518
 6663
 6381
 7022
 6758
 6189
 6750
 6457
 6397
 6232
 6445
 6095
 6447
 6278
 6323
 7356
 6816
 6553
 6316
 6445
 6266
 6496
 6538
 6372
 6263
 6274
 6673
 6483
 6286
 6207
 6417
 6303
 6554
 6224
 6148
 7754
 6571
 6370
 6569
 6188
 6407
 6325
 6577
 6138
 6372
 6360
 7053
 6790
 6345
 6356
 6469
 6247
 6263
 6347
 7326
 6490
 6814
 6580
 6235
 6247
 6330
 6123
 6606
 6383
 6062
 6514
 6787
 8307
 6507
 6310
 6288
 6579
 6386
 6074
 7946
 6880
 8208
 6312
 6266
 6259
 6446
 6234
 6637
 6200
 6432
 6132
 6930
 6672
 6306
 6245
 6349
 6431
 6292
 6399
 6481
 7216
 6774
 6830
 6333
 6318
 6128
 6090
 6289
 6840
 6233
 6132
 6656
 6389
 6365
 6110
 6499
 6192
 6621
 6202
 7253
 6879
 6253
 6472
 7225
 6208
 6560
 6231
 6490
 6640
 6498
 6308
 6525
 6663
 6160
 6196
 6658
 6122
 6154
 6375
 7790
 6457
 6522
 6220
 6329
 6485
 6404
 6296
 6388
 5986
 6556
 6696
 6304
 6397
 6200
 6527
 6546
 6274
 6548
 6306
 8030
 7315
 7372
 6545
 6579
 6304
 6598
 6195
 6138
 6426
 6689
 6585
 6329
 6448
 6492
 7815
 9894
 6335
 6512
 6384
 7085
 7312
 6299
 6229
 6392
 6871
 8055
 6287
 6537
 6171
 6365
 6406
 6383
 6558
 6207
 6368
 6278
 6496
 6469
 6136
 8198
 6851
 6143
 6653
 6382
 6155
 6163
 6589
 6412
 6558
 6312
 6950
 6957
 6445
 6233
 6520
 6427
 6352
 6457
 6303
 7395
 6961
 6675
 6224
 6496
 6266
 6288
 6508
 6259
 6226
 6253
 6409
 6285
 6206
 6630
 6105
 6425
 6439
 6226
 6367
 6871
 6619
 6379
 6355
 5899
 7025
 6138
 6504
 6652
 6125
 6372
 7125
 6482
 6509
 6250
 6182
 6350
 6249
 6527
 6266
 7336
 6735
 7800
 6102
 6451
 6431
 6598
 6317
 6713
 5859
 7057
 6430
 6548
 6652
 6309
 6490
 6826
 6449
 5842
 6940
 7237
 6371
 6380
 6499
 6282
 6763
 6312
 6240
 6605
 6091
 6152
 8096
 6912
 6628
 10689
 6635
 6343
 6119
 6680
 6219
 7467
 6767
 6284
 5785
 6735
 6254
 6464
 6078
 9913
 7087
 6372
 6121
 6482
 6765
 6355
 6438
 6285
 6167
 7363
 7162
 7391
 6955
 6354
 6291
 6445
 6173
 6297
 6316
 10573
 6796
 6231
 6685
 6592
 6126
 6739
 6389
 6224
 6439
 6288
 6348
 7162
 7760
 6523
 8435
 7358
 6628
 6404
 6269
 6646
 6238
 6426
 6730
 6489
 6165
 6883
 6574
 6357
 6099
 6505
 6246
 8168
 6369
 6207
 6789
 6336
 6812
 7248
 6680
 7373
 6485
 6432
 6953
 6561
 6150
 6545
 6636
 6370
 6075
 6615
 7290
 7984
 7096
 6479
 6488
 6338
 6333
 6264
 6397
 6409
 6317
 6156
 6444
 6878
 6387
 6288
 8251
 6074
 7153
 6760
 8189
 6831
 6603
 6733
 6256
 6282
 6572
 6238
 6541
 6244
 6419
 6306
 6983
 6779
 6219
 6286
 6914
 7181
 6356
 6187
 6453
 7343
 6843
 6198
 6500
 6197
 6397
 6078
 6754
 6316
 5942
 6540
 9435
 6699
 6364
 6238
 7039
 6607
 6421
 6266
 7290
 6289
 6139
 6719
 6194
 6285
 6431
 6389
 6299
 6381
 5982
 6561
 8497
 6559
 6198
 6607
 6338
 6814
 6497
 6179
 7738
 7094
 7479
 6396
 6313
 6324
 6494
 6199
 6934
 6496
 6266
 6403
 6476
 6624
 6183
 6255
 6542
 6596
 6281
 6027
 8325
 6448
 6390
 6450
 6451
 6288
 6335
 6234
 6724
 6285
 6230
 6585
 6273
 6588
 6222
 6074
 6522
 6090
 7119
 6505
 7990
 10954
 6848
 7331
 6398
 6491
 6482
 6139
 6491
 6229
 6220
 6338
 6872
 6331
 6363
 6549
 6334
 6293
 6823
 6230
 8016
 7223
 6496
 6603
 6121
 6157
 6303
 6332
 6412
 6313
 6114
 6727
 6676
 6510
 6398
 6197
 6408
 6176
 6306
 6348
 7072
 7039
 6452
 6070
 6995
 6589
 6095
 6413
 6177
 6369
 6004
 6503
 6441
 6357
 10666
 7783
 6340
 6389
 6535
 7013
 7324
 6742
 8135
 6474
 6519
 6356
 6310
 6473
 6066
 6156
 6468
 7043
 6408
 6436
 6165
 6593
 6358
 6239
 6363
 6537
 7359
 7563
 6367
 6397
 6337
 6278
 6106
 6516
 6250
 6155
 6365
 6270
 6270
 6510
 6198
 6496
 6593
 6128
 6416
 5945
 8560
 6336
 6403
 6498
 6226
 6281
 6356
 6369
 6271
 6434
 6455
 6756
 6507
 6252
 6208
 6328
 6263
 6389
 6336
 6395
 7611
 6633
 6267
 6264
 6234
 6500
 6286
 6512
 6389
 6238
 6276
 6329
 6653
 6214
 6446
 6245
 6367
 6232
 6425
 6219
 7179
 7341
 6092
 6512
 6414
 6387
 6136
 6482
 6162
 6366
 6274
 6913
 6443
 6455
 6265
 6090
 8024
 6435
 6110
 6491
 7261
 7007
 6333
 6165
 6152
 6219
 6193
 6439
 6394
 6162
 6477
 6035
 6767
 6342
 5995
 6577
 6105
 6309
 6417
 6373
 7065
 7974
 6688
 6114
 6260
 6528
 6428
 6950
 6305
 5938
 6433
 6846
 6432
 6598
 6275
 6683
 6272
 6546
 6195
 7745
 6877
 6976
 6629
 6422
 6155
 6154
 6384
 6524
 6087
 6254
 6476
 9024
 8342
 6301
 6223
 6512
 6067
 6618
 6326
 7421
 7164
 6376
 6570
 6452
 6174
 5939
 6379
 6411
 6111
 6243
 6400
 7089
 6432
 6365
 6308
 6309
 6112
 6257
 6120
 6745
 7178
 6743
 6267
 6442
 6424
 6185
 6359
 6423
 6723
 6387
 6262
 6146
 6496
 6478
 6013
 6412
 6354
 6376
 9860
 11558
 6655
 6285
 6283
 6549
 6474
 8609
 8615
 6237
 6253
 6197
 7062
 6619
 6792
 6430
 6361
 6514
 6177
 5981
 6815
 7546
 6587
 6422
 6264
 6451
 6334
 6445
 6493
 6463
 6280
 6170
 6471
 10602
 6669
 6246
 6502
 6581
 6351
 6463
 5953
 9084
 6842
 6399
 6437
 6497
 6216
 6304
 6716
 6203
 6259
 6991
 6837
 6294
 6484
 6303
 6280
 6492
 5883
 6428
 6369
 7455
 6853
 5980
 6517
 6173
 6718
 6571
 6125
 6465
 6285
 6041
 6528
 6356
 6430
 6363
 6255
 6241
 6274
 6410
 6369
 7956
 6444
 6217
 6217
 6741
 6619
 6395
 6514
 6685
 6846
 6276
 6551
 9895
 7504
 6471
 6253
 6277
 6314
 6579
 6242
 7164
 7075
 6380
 6007
 7117
 6558
 6750
 6279
 6387
 6355
 6485
 6876
 6675
 6198
 6866
 6358
 6143
 6525
 6337
 6052
 7167
 7813
 6442
 8144
 6364
 6423
 6296
 7439
 10515
 6281
 5912
 6585
 6240
 6448
 6784
 7322
 6431
 6299
 6623
 6276
 7277
 6901
 6156
 6229
 6431
 6272
 6211
 6495
 6408
 6327
 6349
 6075
 6428
 6456
 6456
 6390
 6338
 6252
 6545
 6328
 7505
 6329
 6222
 6692
 6256
 6194
 6422
 6577
 10356
 6980
 6218
 7205
 6455
 6543
 6426
 6214
 6529
 6293
 6623
 6400
 7296
 7057
 6280
 6040
 6579
 6291
 6387
 6343
 6523
 6154
 6255
 6435
 6308
 6106
 6384
 6395
 6344
 6319
 6452
 7420
 6751
 6244
 6759
 6189
 6349
 6454
 6090
 6259
 6780
 6144
 6592
 7119
 6465
 6406
 6612
 7417
 9550
 6068
 6351
 7415
 6481
 8142
 6354
 6478
 6235
 6540
 6183
 6368
 6227
 6725
 6551
 6503
 6746
 6364
 6246
 6462
 6470
 6278
 6257
 7570
 6692
 7411
 7453
 6260
 6123
 6666
 6301
 6305
 6575
 6324
 6398
 6461
 6547
 6196
 6311
 6647
 6141
 6527
 6460
 7256
 6639
 6492
 5992
 6508
 6323
 6545
 6525
 6460
 6202
 6489
 6244
 6066
 6603
 6567
 6272
 6318
 6267
 6402
 10298
 7729
 6294
 6250
 6559
 6171
 6383
 6478
 6394
 6231
 6440
 7648
 6675
 6499
 6506
 6422
 6379
 6117
 6345
 6795
 6434
 6944
 7677
 7304
 6661
 6141
 6059
 6327
 6275
 6126
 6110
 6716
 6484
 6525
 6699
 6287
 6481
 6377
 6215
 6472
 6134
 7231
 6360
 6414
 6708
 6423
 6169
 6151
 6268
 6354
 6263
 6320
 6729
 6586
 6388
 6424
 6289
 6381
 5975
 6263
 6234
 7443
 6706
 8484
 6823
 5895
 6490
 6479
 6268
 6551
 6046
 6528
 6311
 8523
 6015
 6863
 6312
 6425
 6256
 6450
 6185
 7766
 7580
 6153
 6582
 6265
 6169
 6173
 6399
 6312
 6651
 6175
 6908
 6811
 6414
 6408
 6393
 5886
 6753
 6404
 6336
 7416
 6801
 6397
 6343
 6250
 6432
 6377
 6026
 6357
 6247
 6377
 6300
 6396
 9992
 8261
 6131
 6287
 6384
 6755
 6338
 7288
 6529
 6328
 6683
 6292
 6415
 6419
 6128
 6366
 6254
 5983
 7058
 6283
 6426
 6344
 6293
 6332
 6494
 6476
 6273
 7491
 6766
 6075
 6559
 7105
 6215
 6226
 6723
 6914
 6332
 6728
 6184
 6353
 6447
 6496
 6498
 6182
 6211
 6244
 6780
 6965
 6307
 6353
 6351
 6311
 6238
 6496
 6453
 6130
 6933
 6063
 7703
 7449
 6544
 6593
 6891
 6677
 6263
 7335
 6520
 7893
 6915
 8051
 6350
 6294
 6313
 6416
 6218
 6263
 6395
 6403
 6245
 6318
 6475
 6611
 6428
 6422
 6606
 6217
 6350
 7591
 6338
 6430
 6454
 6332
 6580
 6352
 6188
 6271
 6289
 7140
 6692
 6498
 6243
 6316
 8426
 6307
 6426
 6653
 6797
 6767
 6947
 6173
 6396
 6099
 7038
 6362
 6350
 6298
 6289
 6287
 6662
 6652
 6249
 6415
 6265
 6049
 6603
 6431
 6118
 7409
 6630
 6507
 6361
 6221
 6220
 6198
 6277
 6288
 6322
 6210
 7045
 6463
 6114
 6390
 6477
 6454
 6434
 6259
 6138
 7085
 6684
 6536
 6294
 6378
 6251
 6334
 6272
 6422
 6311
 6407
 6745
 6456
 6185
 6358
 6265
 7328
 6783
 5881
 7613
 6799
 5980
 6732
 6378
 6159
 6550
 6400
 6182
 6524
 6262
 6359
 7038
 6627
 6079
 6396
 6329
 6107
 6516
 6333
 7320
 6433
 6690
 6680
 6191
 5952
 6558
 6328
 6291
 6002
 6549
 6258
 6329
 6479
 6154
 6379
