# bitfield for header selection is:  0x4000
 dmperf
 1071300
 154800
 39056200
 30380300
 68100
 74500
 69300
 219300
 225800
 80800
 86100
 128900
 128600
 109600
 122100
 121000
 80800
 122600
 82100
 216500
 71000
 78600
 67800
 73600
 113000
 72200
 105000
 70800
 73000
 74800
 74300
 74100
 73700
 70200
 70700
 73000
 74500
 74000
 73700
 68900
 71300
 73100
 75300
 71300
 67800
 67400
 67900
 647700
 349600
 71800
 72900
 72900
 77600
 343300
 70100
 70500
 75800
 113900
 73700
 73300
 74800
 74900
 73300
 73100
 109200
 108200
 104600
 124000
 69100
 72600
 76000
 75400
 73000
 116400
 73000
 73000
 73000
 73300
 71300
 68000
 71900
 73600
 73200
 73900
 111600
 69100
 69500
 68800
 316500
 70600
 70200
 109400
 76400
 112000
 75300
 72100
 68500
 68800
 68800
 68500
 104800
 75500
 75200
 70500
 19925700
 68500
 70600
 73100
 72100
 77200
 77600
 71400
 76700
 75000
 108600
 113200
 111700
 70700
 68600
 69400
 113500
 75400
 75100
 71200
 71100
 73800
 69200
 71300
 136600
 73200
 73800
 71900
 75600
 77300
 72500
 103500
 72000
 70700
 67800
 68800
 67300
 108900
 111600
 71700
 67900
 67700
 69000
 71200
 73900
 75400
 73400
 76600
 74500
 72100
 68500
 70400
 74300
 73900
 72400
 98900
 73300
 73000
 75000
 115700
 73300
 109100
 482300
 320900
 70700
 69900
 72000
 75700
 113500
 71500
 67500
 74800
 71500
 70300
 216800
 72400
 71600
 66000
 77200
 72300
 70700
 236600
 187700
 68100
 72200
 72300
 70800
 69700
 69800
 109000
 67000
 71100
 70700
 72000
 67100
 66900
 67400
 456900
 74000
 74400
 72700
 69100
 313000
 224300
 72200
 76400
 72400
 72600
 70700
 75300
 118800
 72200
 66700
 69700
 70100
 69000
 70100
 72700
 73500
 69800
 65200
 63900
 71200
 67900
 69000
 73200
 60300
 73100
 70200
 73400
 73800
 72700
 67900
 69400
 70700
 70700
 72000
 69200
 73300
 73100
 76200
 67300
 67600
 166600
 71800
 166400
 72500
 76500
 73900
 104100
 76900
 74600
 73600
 72500
 73900
 76600
 77800
 71200
 72800
 73200
 70900
 67300
 63600
 70300
 63900
 61500
 63500
 68300
 69800
 70300
 75300
 75400
 473300
 68400
 71600
 65400
 71900
 116600
 106100
 72800
 101700
 64100
 65500
 350100
 210000
 103000
 109000
 78900
 107700
 108800
 132100
 98000
 67500
 100200
 76900
 99300
 70300
 97700
 70100
 103400
 96300
 66600
 65200
 121100
 265500
 101400
 110300
 69100
 102000
 67200
 72900
 103600
 67200
 68500
 106200
 71700
 112500
 68900
 71400
 71300
 66100
 65800
 68400
 323600
 81300
 65600
 69900
 112800
 109000
 101800
 185600
 66800
 68900
 110100
 109800
 265000
 77000
 107900
 61300
 103300
 103400
 93900
 70100
 103200
 117300
 68900
 99800
 69200
 96400
 72700
 101100
 101000
 98900
 102800
 102100
 105700
 105700
 98100
 101500
 70800
 68300
 65000
 124500
 332800
 118900
 69800
 68900
 69400
 100600
 76300
 75900
 69800
 68300
 70400
 73000
 71000
 98400
 116200
 202300
 72600
 95900
 69500
 68000
 413600
 70800
 69700
 92200
 48800
 388100
 69500
 101800
 91700
 106700
 384700
 68300
 71100
 75300
 75900
 370900
 74600
 64500
 96600
 266700
 587800
 70800
 72900
 68600
 110400
 335200
 74400
 68900
 108200
 63100
 332100
 74000
 71000
 114300
 72500
 342000
 75600
 72400
 67400
 66600
 62700
 342600
 70700
 109600
 68900
 72100
 681900
 82100
 111800
 73100
 77100
 382800
 106600
 108900
 104800
 101600
 367600
 104600
 99800
 250600
 59100
 350000
 106900
 68400
 105800
 78600
 327900
 103300
 101200
 105800
 104000
 383400
 109100
 107800
 106100
 75600
 352000
 71400
 100000
 69700
 71500
 344600
 113500
 70300
 107300
 78200
 373100
 76000
 72300
 69700
 62200
 359900
 106600
 101300
 107800
 93100
 389500
 69600
 104000
 328500
 71300
 379000
 106900
 96700
 102200
 68600
 407900
 70900
 106500
 70100
 70300
 409200
 115900
 188700
 99400
 69600
 412300
 86500
 100600
 100400
 103900
 414100
 105400
 105500
 103600
 71100
 336700
 108300
 67700
 59200
 69900
 324900
 75800
 75500
 76600
 76100
 390300
 75100
 75600
 371200
 149100
 284500
 123000
 109700
 69800
 71300
 378300
 68600
 112900
 114600
 106100
 361300
 109500
 109600
 104700
 93200
 399000
 66900
 61700
 1773200
 73100
 381900
 67500
 106900
 105700
 69500
 403800
 103800
 107500
 108200
 68400
 406100
 103400
 70000
 73300
 72700
 362500
 63500
 71400
 303600
 411700
 365300
 106400
 75000
 76200
 74700
 339800
 75500
 75500
 75200
 105500
 417700
 65800
 103500
 107100
 111000
 423200
 68600
 68800
 104300
 107900
 423800
 70900
 106500
 102700
 109600
 381700
 76100
 106500
 113600
 100800
 370500
 269600
 101100
 70100
 107600
 332600
 257200
 112300
 309000
 134900
 363400
 70100
 72400
 73000
 73600
 340500
 73200
 69300
 71600
 72500
 344900
 74500
 71300
 93400
 75400
 333200
 73100
 71000
 105600
 98100
 333900
 73200
 113100
 105000
 98800
 372300
 73500
 112000
 65700
 107500
 377200
 74100
 118300
 103800
 75100
 226000
 435200
 367300
 548000
 304100
 291200
 555000
 475300
 258900
 246200
 292900
 561000
 856900
 779100
 322500
 456000
 533300
 269100
 61700
 276400
 70900
 496300
 141200
 77800
 77500
 79900
 361700
 83300
 83000
 83400
 84700
 404800
 70000
 105600
 70300
 72100
 354400
 119500
 75600
 76400
 108900
 372900
 104500
 264900
 131700
 69300
 386800
 123500
 72400
 107300
 111000
 377600
 72800
 261700
 111700
 73000
 395400
 113300
 316200
 70000
 104100
 374100
 73800
 116000
 116800
 76300
 418800
 74100
 72500
 76600
 73100
 380700
 72500
 69400
 71100
 73000
 374300
 72700
 73700
 74500
 71500
 384400
 71500
 295000
 104200
 70000
 369600
 107500
 106200
 73700
 116200
 372500
 75800
 115600
 72600
 71800
 337900
 121000
 92900
 77300
 115300
 342900
 166500
 114800
 115000
 112900
 397500
 77900
 107700
 106900
 80300
 343700
 75000
 111000
 108300
 75000
 335200
 76000
 75700
 75600
 67000
 629200
 270800
 71300
 75100
 78500
 341900
 68900
 73400
 150500
 73000
 361100
 112300
 66400
 105600
 106900
 325700
 114200
 76700
 100000
 69600
 390300
 127100
 113700
 113000
 119500
 418000
 76500
 102100
 69800
 65900
 376500
 74900
 112400
 107600
 255800
 338100
 117100
 74600
 77200
 112700
 363500
 380600
 75100
 75300
 119900
 371600
 72600
 71000
 70900
 76900
 331700
 110200
 71700
 73000
 71000
 405900
 75200
 76600
 76600
 67400
 366500
 70400
 68800
 104400
 108100
 360000
 74500
 105600
 77600
 63300
 432800
 75800
 113100
 109200
 115500
 375700
 74900
 76300
 113100
 70400
 366000
 292700
 135400
 108300
 116700
 432000
 76600
 67500
 115000
 73700
 321600
 53700
 105900
 105100
 70900
 117100
 534000
 114100
 74900
 73800
 62100
 326700
 73200
 74300
 73300
 72800
 340600
 74300
 66400
 103600
 317800
 396700
 72800
 105700
 104200
 112100
 364900
 121300
 109200
 63400
 73400
 555700
 126400
 115300
 115600
 111100
 260200
 71100
 74700
 117600
 79200
 389300
 104900
 104500
 109100
 114500
 378300
 75500
 119500
 105900
 71700
 386600
 115000
 111200
 111400
 67900
 379700
 75100
 119800
 72900
 74200
 383800
 74100
 76100
 72800
 73800
 372600
 67800
 110000
 71500
 105700
 581400
 126000
 97100
 103900
 106300
 404500
 76800
 120700
 74500
 106900
 417200
 76100
 114200
 72200
 112500
 377900
 75800
 111500
 106300
 112800
 391600
 111800
 104900
 108200
 109200
 396100
 73700
 70000
 106200
 115800
 446900
 128600
 111200
 108800
 75400
 417500
 113200
 71900
 69700
 76600
 566400
 76300
 73200
 71100
 74900
 388000
 113900
 108000
 104000
 99600
 370100
 116400
 108800
 74400
 107600
 343200
 108900
 109500
 105000
 106700
 375700
 109000
 74700
 75100
 112900
 372000
 121000
 110800
 61000
 67700
 377400
 113900
 75000
 121800
 77700
 372900
 77700
 114300
 72400
 115400
 553500
 105800
 75900
 118900
 118500
 370900
 112100
 113300
 71000
 66400
 342200
 75700
 74700
 77000
 78100
 331300
 109400
 63500
 102800
 70400
 379400
 157300
 70400
 101400
 163200
 359200
 77300
 101900
 101500
 105200
 359600
 69000
 75800
 105000
 118300
 370800
 103500
 109500
 70000
 401700
 359900
 74700
 119400
 115600
 117700
 409600
 72900
 106100
 111200
 107200
 421100
 74100
 75200
 120400
 76000
 426700
 76500
 75200
 73900
 70500
 345800
 76300
 76400
 75900
 75200
 108500
 235900
 101600
 102800
 110400
 68600
 625000
 108400
 107400
 111500
 106700
 402700
 67600
 103700
 313900
 71200
 388600
 118200
 116100
 116300
 115600
 337700
 117700
 112500
 105600
 108500
 387900
 115600
 114300
 114500
 120300
 376500
 109400
 102400
 106700
 70100
 379600
 118700
 121700
 117500
 110600
 379100
 113800
 74300
 120300
 73100
 344100
 75300
 74900
 112200
 105900
 358700
 69100
 106000
 347300
 128100
 377800
 114700
 109100
 108900
 103400
 373900
 68700
 72800
 102400
 109000
 389000
 117300
 115900
 117700
 74600
 391800
 62900
 106000
 115100
 109000
 398800
 127800
 121900
 110300
 115900
 412600
 115200
 110100
 72200
 106500
 400400
 75400
 116400
 109600
 113700
 372900
 70200
 113000
 306300
 73100
 337800
 75000
 74800
 106000
 103000
 399700
 72400
 61400
 103000
 106500
 365800
 116000
 107600
 106400
 115900
 304400
 69700
 239500
 138300
 106600
 359400
 122700
 118200
 76500
 111800
 374100
 114700
 75700
 117400
 109600
 376100
 107200
 71700
 105800
 127700
 410300
 69500
 68600
 288800
 71800
 416700
 69600
 108000
 113500
 74600
 421800
 113600
 109100
 113500
 115800
 385600
 64300
 72000
 102600
 104800
 265200
 105600
 77000
 100600
 107400
 321900
 115000
 113000
 110500
 104200
 370000
 112600
 107600
 111700
 106400
 391100
 73200
 74900
 111700
 112500
 415100
 76300
 115300
 1980300
 114100
 383200
 113800
 118100
 111400
 110700
 383400
 114200
 119400
 115100
 114800
 382500
 113400
 116500
 118300
 112100
 339800
 104600
 131500
 187800
 157100
 334500
 69300
 70000
 70200
 71600
 324400
 72400
 105400
 63400
 68800
 323800
 64300
 70400
 68100
 71100
 356600
 72200
 68900
 313100
 108900
 62700
 333200
 75100
 116100
 109800
 114700
 668000
 115700
 108200
 75300
 114600
 381300
 324700
 117400
 119100
 116600
 378600
 321400
 72700
 74200
 79400
 392500
 75400
 75600
 75500
 75000
 339100
 76000
 75900
 78200
 80200
 381200
 74600
 72900
 73900
 106000
 359300
 70100
 340100
 69200
 69200
 382400
 73900
 61100
 70300
 73000
 414200
 71300
 69500
 69500
 73100
 344400
 76100
 68200
 77100
 108400
 338200
 74700
 106400
 113800
 114700
 379100
 109500
 115800
 110100
 124600
 393000
 75600
 73000
 69500
 75000
 337200
 112000
 72100
 73800
 104800
 757300
 304100
 72400
 75800
 76200
 391000
 73000
 69000
 68800
 69800
 411000
 77800
 73800
 69300
 73400
 423200
 75700
 76800
 75900
 72000
 323200
 74200
 75400
 74300
 75600
 335000
 75300
 76300
 116700
 106100
 418200
 72500
 106300
 113000
 115000
 383700
 126900
 116100
 193800
 70300
 404900
 353600
 74400
 75100
 117100
 358400
 115200
 73400
 70700
 72400
 358700
 69800
 70800
 76000
 112100
 322400
 111200
 69500
 69400
 107200
 328400
 104600
 69000
 69200
 109800
 376600
 107500
 74400
 73600
 69500
 360200
 73500
 73300
 75200
 74900
 338300
 75300
 76000
 74800
 73500
 403600
 302200
 136600
 115800
 125500
 389800
 122100
 118300
 70100
 111800
 309900
 69300
 71700
 74600
 118200
 385100
 74700
 75400
 74400
 68900
 322600
 76100
 70800
 76400
 79800
 476700
 74300
 71100
 105600
 70800
 421800
 63900
 109200
 71000
 63900
 327100
 75100
 75700
 72700
 112200
 315900
 303100
 74100
 72700
 70700
 333000
 77200
 74300
 75200
 111800
 262400
 62100
 109000
 116000
 77400
 418700
 75600
 75500
 75800
 70000
 62400
 292900
 75200
 77100
 68000
 78900
 663800
 75300
 75000
 70600
 68200
 322000
 71600
 67800
 72400
 74400
 310300
 77000
 73100
 68600
 69500
 545000
 69900
 71800
 71800
 62800
 339700
 75400
 74900
 65500
 69500
 342300
 73700
 70200
 71900
 73700
 390500
 76400
 71600
 69600
 191900
 376200
 73900
 156400
 117100
 119200
 333100
 76300
 74700
 75400
 75700
 385000
 67100
 70900
 75000
 76400
 394900
 75700
 72200
 71400
 77800
 611600
 73600
 69400
 69800
 70100
 370200
 119500
 72300
 72700
 111500
 343000
 72100
 74400
 72100
 75100
 347900
 76000
 75100
 73300
 68700
 387200
 70300
 71800
 74800
 75000
 387700
 70800
 111100
 74600
 114000
 404700
 71300
 53000
 78300
 111000
 333900
 80700
 72400
 71700
 73700
 707900
 74100
 75000
 76000
 73700
 385200
 73600
 75700
 74100
 74800
 381800
 73300
 71100
 72100
 73300
 332200
 74400
 109900
 68800
 68000
 392300
 75400
 65800
 71900
 69600
 324000
 71700
 70900
 75800
 72300
 334300
 144900
 70700
 77600
 70500
 334700
 77400
 73000
 66100
 271800
 316800
 115100
 78100
 83000
 80400
 363900
 127000
 109700
 69300
 70600
 391400
 76100
 74900
 75100
 77900
 336100
 75900
 79500
 62300
 62800
 379200
 71200
 74000
 73700
 74300
 338700
 70200
 68600
 69100
 69600
 375400
 69700
 70800
 69100
 69200
 371500
 75300
 71900
 100300
 311300
 365800
 77100
 73500
 71300
 73000
 370000
 74800
 74100
 73800
 70500
 343100
 117000
 118600
 117300
 63000
 337100
 74700
 70900
 67200
 70100
 338100
 75800
 75900
 75700
 74800
 389400
 75100
 71600
 71200
 75800
 321500
 69200
 72700
 63000
 73400
 70200
 326300
 68900
 69900
 317500
 71700
 611900
 69400
 69900
 70300
 69600
 326600
 75700
 73300
 69200
 72900
 346500
 76200
 75100
 76500
 73900
 338300
 71500
 67900
 66800
 71600
 346400
 106000
 121500
 156500
 71600
 342900
 75300
 101300
 72000
 58000
 321600
 75700
 75100
 77300
 68100
 386500
 67800
 63500
 302900
 69200
 313700
 73200
 68600
 71000
 73300
 368700
 75000
 72900
 69700
 70400
 302600
 72500
 69500
 102600
 73300
 377700
 68500
 66700
 66900
 70000
 382200
 73200
 69200
 72700
 75000
 348300
 64400
 68900
 68700
 69200
 385300
 75100
 103700
 75900
 76600
 179000
 38600
 67300
 317700
 77200
 394300
 74900
 68500
 68100
 82500
 397800
 75600
 71300
 92800
 98300
 350900
 112100
 95300
 104900
 111100
 478900
 69000
 64700
 101900
 75400
 257900
 105000
 91800
 109200
 107300
 328300
 112400
 102900
 115800
 98600
 351200
 78500
 115000
 118600
 114100
 403900
 69900
 205400
 356600
 110800
 400800
 77300
 76400
 65900
 72500
 409000
 73800
 111700
 75400
 74800
 374600
 118000
 109100
 79300
 75900
 324000
 61800
 121800
 113800
 113600
 467200
 73200
 113000
 100200
 98900
 355300
 68700
 69200
 94600
 106300
 406200
 74400
 111600
 112800
 110700
 398500
 73000
 107100
 335200
 105700
 349400
 68800
 105300
 101500
 111100
 365200
 113900
 108800
 104900
 105200
 368100
 111400
 74300
 71800
 76100
 329600
 74000
 63700
 70500
 70700
 358100
 70800
 71000
 69100
 69000
 334400
 63300
 96800
 74300
 72900
 399100
 72500
 93600
 102600
 93800
 312100
 70400
 71000
 230500
 82600
 317900
 58100
 68200
 103400
 71300
 421800
 58200
 105200
 107200
 103600
 101100
 523800
 108100
 108900
 103800
 104500
 349000
 107200
 1695100
 105800
 65500
 326600
 113900
 69200
 69800
 103700
 323200
 73200
 71600
 74000
 69000
 334600
 67800
 76000
 75700
 75400
 830100
 310400
 324200
 115600
 68500
 377500
 94800
 117100
 75400
 113900
 388700
 107500
 105500
 96400
 72800
 323200
 101400
 173900
 109700
 71000
 337300
 68700
 107100
 92900
 68800
 361400
 100300
 113400
 104700
 139000
 359900
 107600
 317500
 106700
 68900
 338800
 73300
 72000
 74700
 107600
 320400
 301500
 70400
 1957100
 76700
 382300
 76000
 76400
 77400
 75500
 407500
 96600
 94000
 106000
 70000
 418800
 108100
 106200
 117400
 59200
 561600
 115800
 77500
 110800
 76900
 369400
 113200
 108300
 102900
 111400
 414100
 111800
 104600
 104700
 181400
 372400
 106000
 170400
 104600
 71000
 465900
 856400
 311200
 732700
 250000
 536000
 290300
 246400
 280800
 243500
 588400
 310000
 246800
 242800
 1252700
 749600
 768400
 280300
 463600
 18369700
 667200
 339300
 292400
 288300
 909100
 361000
 99800
 102500
 110000
 186100
 589100
 145200
 78500
 116800
 118300
 439400
 108200
 114000
 391000
 119900
 365200
 310200
 158000
 102900
 105900
 386300
 113400
 99500
 104400
 101100
 372700
 159100
 104700
 62300
 191900
 540400
 252000
 285000
 18374700
 251500
 573500
 268900
 256100
 251100
 251100
 1036100
 255300
 59500
 292900
 281800
 579900
 260600
 580800
 71900
 105400
 418100
 65600
 103300
 650200
 377100
 396300
 312000
 74100
 103300
 105600
 983000
 262200
 370900
 296700
 288600
 510100
 260900
 281700
 279700
 12548500
 437100
 70100
 345000
 106800
 69500
 540400
 106900
 123800
 80900
 76100
 261200
 212300
 77300
 78300
 81900
 191000
 617800
 75500
 70100
 680400
 76200
 368800
 76700
 361200
 387000
 70400
 559400
 71600
 110600
 74200
 184200
 364900
 69400
 134500
 72500
 105200
 377800
 111400
 67200
 70700
 100600
 573400
 99600
 69400
 105400
 106300
 367900
 105900
 95700
 111800
 104700
 607000
 1139700
 110800
 230200
 116800
 393000
 82500
 84200
 79600
 82500
 353900
 72800
 108000
 78500
 549300
 599200
 74800
 74100
 76500
 69100
 385400
 112600
 74300
 69300
 100100
 372300
 99800
 113100
 116400
 76200
 342900
 75400
 108600
 105600
 66400
 369700
 114500
 107500
 107400
 104400
 413600
 108300
 68900
 68800
 106000
 411700
 106500
 107700
 115200
 110900
 428500
 319500
 102600
 108700
 109500
 787500
 1828200
 679200
 75300
 77200
 336200
 84700
 68800
 111400
 77500
 356800
 89600
 74900
 82600
 74900
 412900
 84500
 111200
 72400
 110000
 469200
 160000
 109100
 118600
 82300
 397400
 115100
 75000
 101900
 104600
 354300
 117600
 103800
 104900
 106800
 370900
 107900
 63400
 104000
 315900
 355500
 116700
 67100
 112200
 105100
 360800
 113900
 112900
 62400
 66100
 371500
 110800
 265300
 71800
 71200
 383300
 72900
 97900
 69400
 109400
 374700
 75200
 79500
 77900
 107300
 358300
 104900
 74100
 101500
 69400
 397700
 76500
 67700
 104200
 93000
 422800
 76200
 110400
 97100
 347600
 354800
 74300
 75100
 100400
 101600
 395900
 75400
 73200
 64000
 96400
 399800
 75500
 113500
 102000
 102900
 379400
 80800
 63800
 112200
 74300
 340700
 75500
 73900
 75400
 75200
 325800
 75600
 124900
 75600
 116200
 330100
 72300
 75000
 68600
 105300
 394400
 73800
 69900
 69200
 331700
 122500
 357600
 71200
 119200
 72400
 110200
 641000
 106000
 69200
 77300
 70100
 375400
 68500
 110600
 104600
 109000
 383700
 111600
 58300
 102500
 105400
 351600
 107700
 128600
 98400
 115800
 377400
 101000
 70100
 69400
 60800
 325300
 110700
 71100
 77000
 69000
 336500
 60600
 98800
 314200
 65300
 340900
 78300
 73900
 108000
 104300
 386300
 106700
 72700
 113000
 105300
 403200
 75200
 76300
 111000
 108200
 368300
 107300
 71800
 103800
 104900
 381000
 69500
 106100
 103100
 108600
 403500
 113900
 112700
 108300
 104000
 342200
 113800
 116300
 103100
 109300
 336300
 71400
 76800
 324800
 73700
 338800
 74300
 76500
 77200
 76100
 332000
 69300
 107500
 72800
 77100
 343900
 107300
 107500
 106000
 69600
 354400
 104000
 126100
 105800
 102300
 363000
 74100
 113900
 106900
 107600
 379400
 112500
 74900
 75000
 106100
 338100
 113700
 72500
 110800
 76600
 333300
 104100
 71000
 350500
 102800
 369000
 70200
 104000
 106800
 106500
 396300
 106600
 71500
 75300
 74700
 344700
 106400
 76400
 74000
 72800
 330500
 75300
 476600
 69200
 75800
 347700
 113800
 77200
 103500
 104500
 364700
 104800
 102800
 104900
 105200
 301100
 75500
 72700
 106100
 76700
 433400
 76300
 126600
 240300
 113300
 410500
 75800
 113100
 107000
 110400
 374000
 72600
 113700
 74100
 112900
 345900
 119600
 76600
 113500
 109100
 328200
 73900
 68700
 70300
 71700
 353300
 78700
 75900
 74900
 70300
 337500
 80000
 72500
 75300
 75200
 368600
 74400
 113000
 65300
 105200
 303700
 61600
 350900
 68900
 104500
 399100
 74700
 115100
 103200
 109900
 371400
 74000
 107700
 105700
 108300
 425600
 75600
 110500
 70600
 74900
 115300
 226100
 130200
 109000
 114700
 114000
 633700
 120300
 76100
 74900
 113400
 380600
 75400
 74700
 73200
 70600
 336200
 74200
 1108400
 59500
 69700
 332000
 266500
 74000
 69300
 66800
 357900
 71800
 104100
 71300
 101000
 333800
 104400
 104700
 107400
 70500
 383800
 110500
 374800
 122500
 109500
 1111500
 71600
 72600
 119800
 72100
 392200
 123100
 115200
 115200
 74000
 385200
 113500
 108500
 115500
 74300
 365500
 121200
 113000
 70700
 111400
 291100
 1990200
 75600
 117900
 75900
 396900
 75100
 74300
 78000
 107200
 334200
 71100
 73000
 1832300
 73900
 408700
 110300
 107600
 106400
 95500
 509200
 112200
 426000
 106700
 113200
 423400
 84500
 116000
 119900
 82400
 411300
 113900
 71600
 75400
 73900
 392200
 112900
 116700
 110900
 62900
 374200
 335500
 124000
 112700
 113800
 407100
 119400
 114900
 117700
 74900
 331100
 108700
 71500
 321600
 74400
 388400
 75900
 76500
 73200
 69000
 345200
 74600
 72900
 108000
 304000
 358700
 110900
 110000
 109500
 70600
 320700
 116400
 109800
 112100
 109200
 324300
 113800
 67800
 106800
 76800
 326500
 338500
 126500
 114200
 76000
 381900
 113600
 117800
 114800
 71800
 382500
 118800
 69700
 75400
 124600
 343200
 120800
 117800
 73300
 113700
 892400
 70200
 71900
 117800
 124200
 348800
 74700
 75700
 75800
 76900
 365600
 79400
 110500
 103200
 104600
 364600
 106200
 108000
 100600
 71000
 408900
 301500
 103900
 103200
 106600
 389200
 75300
 112900
 75000
 73900
 367600
 74500
 117900
 112400
 112300
 1547000
 403600
 75500
 108500
 71900
 524500
 77100
 112200
 118900
 82700
 426900
 83900
 119000
 82900
 82400
 356200
 45400
 38600
 102100
 77100
 80900
 355700
 73700
 72900
 72300
 73300
 819700
 109800
 102200
 104900
 105300
 353200
 102900
 104000
 104800
 98400
 357600
 107400
 102700
 113300
 107800
 375800
 113600
 74900
 96100
 110900
 793500
 300500
 298900
 297800
 290900
 567200
 303800
 257600
 329900
 302300
 542600
 292400
 250700
 108600
 74700
 374500
 75900
 114400
 110500
 73400
 873200
 65800
 105200
 108700
 119200
 382300
 73900
 71800
 73700
 71000
 368100
 111900
 106000
 103900
 115500
 372700
 108600
 64000
 109300
 69700
 420100
 562300
 119100
 120400
 108500
 372100
 110400
 109700
 120900
 75500
 407900
 114900
 116900
 122400
 114100
 421900
 122100
 108200
 109800
 405700
 392900
 115900
 112500
 108200
 119000
 431100
 113100
 62200
 391900
 293900
 437800
 77100
 71300
 107200
 119900
 425500
 73600
 74000
 70100
 77800
 357700
 104200
 103500
 102400
 103800
 408100
 72100
 104200
 70300
 106900
 418700
 110000
 105800
 107900
 109800
 376900
 119300
 80100
 75800
 305700
 335000
 78200
 110900
 110400
 74700
 382800
 114900
 113100
 121200
 67100
 389600
 116300
 74800
 116500
 114600
 387200
 74500
 109100
 103600
 104600
 377700
 115900
 117500
 56500
 112200
 375000
 75600
 83300
 75700
 106300
 366900
 156500
 106300
 103500
 103700
 359500
 105700
 177600
 73000
 310400
 317800
 109300
 113800
 111200
 106800
 374200
 112700
 114900
 73200
 75100
 382300
 76200
 75200
 119700
 115900
 422900
 72600
 70200
 68600
 97200
 381400
 110500
 116700
 108600
 123100
 375800
 125400
 109600
 66100
 112500
 374400
 115600
 1423900
 74600
 55300
 295500
 110900
 259500
 71900
 358600
 399700
 111300
 119100
 80700
 109600
 412300
 80500
 116400
 78800
 107300
 112200
 521000
 109100
 115200
 108200
 119900
 374300
 70300
 107300
 72300
 115600
 385400
 113900
 117500
 113600
 110500
 375200
 112800
 109800
 123300
 112500
 377900
 114300
 106700
 119800
 118900
 411900
 106000
 70300
 360200
 105800
 373600
 116800
 111700
 105600
 249400
 379800
 64500
 111000
 69000
 103700
 360800
 105800
 71900
 106100
 71600
 333300
 68600
 123900
 69500
 72800
 387400
 114500
 114600
 76500
 76500
 389600
 77900
 198000
 104500
 74000
 469400
 76100
 114400
 186600
 125900
 370500
 70700
 114200
 350700
 107700
 410700
 75300
 75200
 76700
 80300
 363900
 73600
 118100
 72900
 76900
 398100
 75800
 75800
 76600
 68000
 375300
 75200
 448000
 70600
 68800
 363100
 112600
 71100
 70600
 70100
 358700
 76400
 103200
 69300
 70200
 333000
 75200
 73900
 74300
 76600
 346200
 69600
 70900
 248400
 71600
 386800
 71600
 117500
 118300
 122100
 386500
 77300
 67000
 111700
 117300
 318100
 112100
 76300
 76300
 63600
 368600
 102900
 73300
 77000
 67000
 347700
 76200
 75300
 72700
 66600
 378500
 72000
 71500
 70200
 68100
 407400
 109500
 69700
 69600
 106600
 331300
 70600
 309800
 68200
 70800
 363400
 71400
 76400
 72700
 67700
 390800
 68400
 70700
 72000
 108600
 383200
 113800
 116500
 116100
 113200
 324300
 72400
 125200
 112400
 108200
 343700
 76600
 76000
 75400
 105500
 342900
 115800
 158200
 70800
 71400
 327200
 77200
 80300
 73300
 76700
 326300
 70100
 359700
 69200
 70100
 331700
 76200
 63500
 69600
 69000
 337600
 77700
 72300
 76300
 75800
 330800
 75200
 77000
 76000
 76300
 324400
 238200
 69400
 73400
 73900
 373400
 72600
 117000
 118800
 110800
 76400
 393900
 75600
 116100
 115800
 113400
 650400
 112200
 76400
 75300
 75900
 335100
 305100
 134900
 76100
 75300
 338100
 76200
 74800
 70900
 65100
 364800
 68700
 71800
 68600
 98100
 332700
 74900
 75600
 73400
 69400
 321400
 69400
 69700
 70400
 69800
 378400
 74500
 73700
 75400
 75200
 380200
 111100
 72300
 73700
 73400
 391900
 114300
 118900
 74700
 64500
 364500
 287600
 71300
 75100
 72600
 393400
 75300
 75100
 76200
 75700
 393100
 74400
 75600
 71900
 122200
 397000
 74200
 76200
 72500
 67500
 382400
 76200
 74500
 69500
 70000
 390100
 75000
 76100
 73700
 74100
 332400
 73500
 69700
 73000
 76000
 339700
 76300
 156500
 71500
 70800
 355700
 263800
 73200
 73300
 70500
 388400
 68400
 115600
 115800
 112500
 418400
 74500
 114300
 75700
 72900
 368900
 74000
 80300
 78200
 75600
 372600
 1607500
 73800
 75100
 75800
 392500
 76200
 75500
 75800
 74800
 336000
 73000
 70100
 69800
 105800
 325100
 73800
 71600
 72300
 68900
 382000
 395900
 69100
 69400
 73200
 337500
 76100
 74100
 75500
 72800
 347300
 76000
 75900
 75800
 75600
 378700
 75700
 113600
 112200
 71100
 381300
 116300
 155200
 75200
 79800
 339600
 75700
 76200
 75000
 117900
 362600
 76600
 74700
 77400
 75400
 403300
 37500
 69200
 118600
 71100
 2891100
 333400
 76900
 78200
 77700
 357100
 82000
 79100
 78700
 78200
 425900
 73700
 103600
 71900
 73400
 380200
 75600
 73000
 67900
 104400
 373800
 74000
 74300
 75700
 78400
 373100
 69000
 74600
 114600
 115600
 338400
 111500
 71900
 76900
 123400
 346000
 74800
 72000
 73800
 72400
 338000
 207800
 69100
 75200
 75100
 75600
 229600
 70500
 66100
 102000
 67400
 745500
 71000
 71400
 69500
 69600
 335400
 76900
 73600
 73200
 73000
 638900
 74300
 73900
 74000
 76700
 338900
 76100
 75500
 72700
 73500
 339800
 78400
 75900
 74900
 75700
 338600
 77300
 65900
 70700
 354900
 429600
 75100
 76000
 73900
 74000
 382400
 77200
 74200
 72900
 71300
 395500
 75000
 117300
 75300
 76500
 340200
 70500
 67600
 67500
 107800
 321200
 73300
 75400
 69400
 69600
 372100
 69400
 74800
 74900
 71100
 365100
 74600
 70300
 71000
 62700
 385900
 68800
 72700
 69600
 307900
 392300
 76600
 101900
 70900
 72300
 380600
 75000
 77400
 73200
 74500
 394700
 75900
 72400
 74200
 75800
 388300
 75700
 66100
 62800
 68800
 400200
 68200
 75900
 76600
 75300
 376900
 72200
 100800
 71900
 71300
 324000
 71800
 68300
 73500
 73500
 365700
 74500
 70400
 63800
 306800
 309500
 64900
 62000
 94900
 63900
 358600
 103900
 73300
 61200
 98400
 363300
 107400
 67000
 104200
 70900
 417700
 111900
 116700
 416900
 131100
 400000
 116900
 113600
 71200
 103900
 391500
 104300
 189600
 67200
 73000
 386500
 76600
 69900
 69500
 73800
 361500
 104800
 62600
 49800
 257200
 420000
 69700
 68900
 175400
 69100
 412300
 73400
 99900
 67900
 180800
 379400
 72400
 70200
 110700
 101300
 378300
 73400
 68600
 70500
 101800
 362000
 94500
 103300
 100600
 91600
 350000
 108800
 71900
 107900
 69800
 322700
 73100
 69200
 72500
 65100
 369300
 68900
 70400
 72400
 302800
 367200
 68000
 69400
 110100
 108100
 397600
 75900
 97900
 69600
 100900
 375300
 70600
 69100
 102500
 89900
 412700
 77300
 73600
 120200
 116000
 106300
 513200
 68600
 108100
 99100
 97000
 314900
 100000
 108800
 102900
 107300
 358500
 123400
 100600
 97300
 114700
 355800
 109900
 104500
 297800
 69800
 374200
 112500
 70500
 99300
 69000
 328200
 65800
 69800
 70800
 71300
 332500
 63800
 107600
 111000
 110700
 391000
 99600
 271300
 132700
 112500
 387900
 112100
 108000
 109000
 104800
 357200
 105700
 106400
 104200
 70100
 353000
 70600
 104300
 112100
 97200
 305900
 67600
 125700
 231800
 74200
 212700
 44400
 63000
 64900
 58200
 169100
 70300
 74300
 43300
 66900
 196100
 45900
 45700
 43900
 43300
 210000
 44200
 41800
 43000
 43800
 220100
 65400
 117700
 59100
 74400
 225000
 43500
 61600
 72000
 64000
 196500
 68000
 70800
 65800
 66600
 164000
 45900
 44900
 161600
 93600
 311500
 103100
 70400
 96700
 109900
 326500
 104500
 68500
 103200
 100900
 360500
 109100
 70300
 70000
 71700
 353000
 69000
 69700
 70800
 74400
 338500
 68800
 75200
 74600
 75500
 344900
 78300
 74000
 112300
 95000
 319700
 108000
 112900
 90900
 111100
 331700
 104800
 258100
 63800
 69200
 388100
 72100
 107200
 94300
 104500
 377900
 69100
 99000
 98700
 125200
 363400
 110200
 107500
 111900
 103600
 344300
 497600
 137000
 70700
 113300
 375600
 113300
 70800
 70100
 69600
 343500
 109500
 74400
 69500
 68900
 369900
 75200
 68600
 76700
 156000
 322300
 73600
 396500
 70500
 102000
 419900
 73900
 105100
 70400
 109000
 396200
 99200
 96400
 105500
 161600
 364200
 71400
 71100
 104200
 99200
 350300
 73600
 96300
 97800
 95400
 97200
 394200
 111900
 106300
 104900
 66000
 375000
 116900
 113100
 104600
 106700
 362600
 72400
 73800
 73100
 69700
 355700
 339000
 120800
 71200
 71100
 326900
 76500
 70800
 72300
 71200
 322400
 70000
 109000
 115600
 114200
 364600
 73400
 72700
 72500
 106900
 312500
 126400
 106700
 105300
 106400
 380300
 105800
 102300
 100100
 71000
 319500
 106200
 71200
 104300
 70900
 394800
 103900
 100400
 95900
 63600
 324100
 347300
 129900
 97900
 69300
 332200
 73800
 72900
 74500
 63300
 324100
 69500
 69100
 69400
 68500
 388000
 77800
 76400
 74600
 68800
 470100
 173100
 127700
 117400
 69400
 451800
 100900
 105500
 116200
 76900
 398500
 115400
 106000
 105800
 69500
 360000
 73000
 98900
 72500
 98700
 325100
 339300
 125000
 101400
 71500
 365400
 99100
 105200
 99200
 104300
 394200
 68900
 67300
 102600
 69400
 374400
 105500
 69300
 70600
 68500
 408600
 101000
 69700
 71300
 73900
 379100
 75600
 75400
 76600
 71500
 363600
 98600
 103100
 109400
 105800
 378500
 98900
 107200
 73600
 105700
 399500
 677200
 122700
 106100
 70700
 399600
 101000
 101600
 107500
 70700
 364100
 99100
 105300
 101100
 71500
 372700
 74000
 97200
 106900
 107900
 354100
 441500
 112300
 70100
 105600
 291400
 69900
 69600
 72500
 107500
 352600
 75600
 75600
 76800
 125100
 334200
 104600
 75300
 73100
 71600
 404000
 1913000
 122400
 113300
 106200
 426700
 72800
 108200
 120500
 112600
 352900
 77500
 99300
 109800
 111100
 415600
 72400
 116100
 64600
 102000
 358800
 350600
 70300
 107600
 71900
 388300
 70600
 94300
 105600
 107900
 356300
 71100
 110400
 64200
 70800
 332000
 61000
 73400
 111200
 71600
 287300
 368500
 66700
 74700
 71000
 72300
 354300
 75900
 71200
 94400
 75900
 479600
 70200
 105200
 103100
 108800
 354100
 115100
 103500
 69200
 108800
 2428900
 74400
 115500
 112800
 96100
 374200
 102200
 69100
 192400
 78200
 390100
 134900
 105200
 117900
 113200
 388700
 111500
 70600
 104000
 261200
 466500
 72500
 73800
 72700
 74300
 383500
 74200
 70400
 66800
 68800
 380900
 64100
 71700
 71800
 75200
 286200
 65000
 67300
 69700
 116500
 369200
 116400
 117300
 112500
 112200
 336800
 113900
 76800
 94000
 73500
 424900
 1077700
 315300
 500400
 280600
 605000
 319100
 316200
 72500
 337700
 426200
 409800
 114500
 114500
 76000
 448200
 117100
 114700
 215000
 112900
 476700
 457300
 78800
 81600
 84000
 354200
 81800
 71900
 437000
 146900
 428000
 76100
 78200
 77200
 77500
 398000
 102000
 117300
 72800
 111200
 410900
 101600
 301100
 106300
 108400
 372800
 106600
 183800
 243600
 534700
 609400
 286100
 300300
 288000
 290700
 624800
 295400
 286200
 325400
 71500
 357100
 109900
 74700
 108300
 74900
 380700
 107900
 114400
 71400
 100400
 421200
 100500
 75600
 71900
 73000
 367200
 74800
 76700
 75500
 75700
 379700
 78000
 73500
 73300
 77200
 417100
 73900
 68900
 69900
 330200
 420200
 73000
 74000
 321500
 114600
 406700
 69500
 110200
 71000
 72700
 416500
 77100
 75900
 110600
 109000
 346700
 66500
 104700
 94600
 105800
 412700
 106600
 74200
 107200
 107100
 412800
 80500
 118600
 110900
 111600
 327700
 76800
 71400
 73900
 77500
 324600
 73000
 103900
 111000
 209500
 373000
 78700
 77100
 77400
 75700
 390000
 73700
 100100
 95600
 106000
 366500
 65600
 70700
 73000
 109000
 117000
 436000
 70600
 107800
 107200
 111000
 386400
 79400
 107600
 104000
 108600
 368900
 64200
 106600
 103900
 105500
 360500
 76200
 114300
 107000
 111800
 336700
 103300
 122400
 246900
 69500
 389700
 77700
 75800
 77400
 76300
 385600
 76100
 70300
 73600
 78100
 344200
 75100
 72700
 76700
 110000
 337500
 61400
 102700
 101300
 106600
 381800
 116500
 108100
 108300
 106200
 406500
 77100
 74500
 112000
 76400
 377900
 102600
 120100
 113400
 112600
 352700
 68800
 104700
 349700
 105600
 407000
 118700
 117500
 73300
 106500
 390700
 62600
 109500
 105900
 112200
 420000
 75900
 116000
 75500
 111100
 380100
 70500
 71200
 75800
 75700
 392400
 75500
 68500
 110400
 102300
 401100
 74700
 70200
 106600
 72700
 427700
 116400
 77700
 111800
 104100
 327200
 70800
 349800
 76100
 107000
 355900
 115700
 108800
 73800
 117100
 378400
 113500
 72100
 106800
 117600
 386200
 120600
 77100
 116300
 110000
 273700
 553000
 71700
 73300
 114600
 418000
 78100
 77500
 118500
 112200
 375400
 78000
 76800
 75200
 78400
 351600
 75300
 111300
 114800
 101400
 320500
 110800
 373000
 139500
 101400
 403500
 75200
 104900
 117200
 107600
 358800
 106600
 62400
 103300
 69600
 425200
 76700
 117400
 117900
 107400
 309500
 70200
 105500
 108800
 112300
 425800
 77500
 68200
 75200
 111800
 424700
 77400
 116700
 77700
 116000
 342200
 114800
 112900
 77500
 113100
 321000
 71200
 295200
 74900
 75300
 340000
 80100
 112200
 78900
 101300
 356300
 62600
 69000
 105400
 175400
 403600
 76900
 102600
 113100
 112600
 372100
 63000
 105800
 109100
 115500
 414800
 73300
 112600
 115900
 176300
 436600
 78200
 72500
 111000
 109000
 109300
 541400
 114000
 112400
 108200
 119900
 357000
 374600
 72000
 116000
 112700
 363900
 117600
 113700
 111900
 110600
 353800
 117500
 66800
 75800
 77600
 363700
 108400
 107000
 103300
 112500
 766100
 134900
 107300
 108300
 101100
 378900
 101400
 109300
 109400
 115100
 394200
 76200
 112100
 107500
 112500
 372300
 116400
 117500
 112700
 71400
 362500
 309100
 141500
 114200
 112600
 382300
 112900
 110500
 116700
 77800
 417700
 114900
 113000
 118100
 124100
 382200
 119000
 114200
 115900
 74200
 425300
 114900
 115000
 68100
 108300
 394700
 112900
 103000
 101800
 106300
 423300
 73300
 104600
 90900
 62000
 429700
 75200
 120900
 75900
 105100
 373200
 320100
 109300
 115000
 76600
 517900
 122700
 118500
 113400
 77300
 114200
 107200
 111100
 115800
 117800
 119600
 112800
 110600
 108100
 103700
 122200
 109400
 112800
 72200
 74000
 370500
 76300
 73900
 75200
 73400
 73100
 72700
 72700
 71400
 76300
 72700
 63700
 69500
 71100
 68600
 68100
 354400
 69700
 69100
 69900
 71200
 108900
 61100
 66700
 68200
 65900
 70700
 75400
 72700
 73300
 113100
 114700
 74000
 109100
 103700
 108000
 113700
 119000
 109500
 116700
 119600
 111500
 116800
 77400
 70800
 67600
 69000
 70800
 73200
 115600
 73600
 73600
 72600
 71100
 151500
 67400
 134500
 71900
 71800
 109300
 71700
 73500
 69700
 72400
 71200
 105900
 103400
 68600
 67500
 106600
 68200
 69600
 93900
 69800
 69500
 73400
 73800
 75900
 73600
 116500
 113800
 74400
 112700
 290200
 296500
 469200
 68800
 117500
 112000
 120200
 67200
 112800
 541600
 69600
 557000
 317000
 71900
 74900
 74100
 74000
 74500
 59300
 75100
 73900
 70900
 70300
 70600
 59800
 70900
 74300
 69400
 104500
 66700
 236400
 68500
 1642100
 381300
 69200
 71200
 71900
 69200
 70500
 70400
 71800
 73500
 70500
 68000
 68200
 68600
 74200
 72400
 110700
 109700
 70400
 106000
 415200
 161400
 110400
 114400
 76600
 119000
 114400
 77300
 75300
 109800
 69600
 73100
 75200
 75400
 75100
 74100
 113200
 73500
 69500
 69900
 68500
 71500
 73900
 74500
 68300
 69300
 70400
 404000
 70900
 72200
 114300
 76800
 324600
 76900
 74900
 72700
 76700
 2105400
 109200
 64600
 530300
 82100
 82300
 76800
 83000
 90300
 90300
 81200
 118500
 83300
 122700
 125600
 81100
 68700
 110200
 120100
 80900
 83100
 80800
 115300
 75900
 115100
 81300
 67200
 78800
 82500
 87800
 76600
 82300
 84700
 73400
 72500
 84100
 87200
 78200
 65700
 83800
 111800
 323300
 69200
 295800
 108200
 106900
 69600
 71000
 71700
 73000
 76700
 271400
 70800
 71200
 74000
 75500
 74400
 72500
 75300
 75100
 112400
 313700
 105400
 107800
 112100
 114700
 114500
 117500
 110500
 75100
 111800
 110500
 74400
 71400
 70200
 113200
 70400
 71800
 74700
 74200
 71800
 178400
 61000
 303900
 69500
 68100
 69600
 68800
 69500
 68200
 69400
 68000
 105900
 67400
 69700
 66800
 71100
 71900
 68400
 66200
 71600
 69200
 395500
 70700
 68500
 70400
 69200
 69900
 72000
 80600
 118900
 116400
 64600
 106900
 109500
 72700
 118100
 123400
 118200
 73300
 72500
 69500
 111700
 323000
 111000
 74100
 74200
 113000
 76900
 75600
 74100
 73500
 63400
 186500
 71200
 73300
 69000
 69200
 74800
 72200
 236100
 107900
 71600
 69400
 69600
 56900
 71600
 69200
 66600
 68600
 72300
 74400
 70900
 70500
 70900
 69700
 70700
 70300
 73900
 69600
 251600
 70800
 70200
 338000
 225100
 301200
 299600
 258600
 1771400
 453000
 288700
 578900
 260100
 661300
 348000
 260100
 258100
 260700
 257400
 270800
 18465300
 285200
 73600
 22836300
 1068400
 263300
 458800
 256600
 256500
 259200
 259300
 259400
 257000
 260900
 853000
 260600
 293600
 262600
 262200
 445700
 18003200
 294500
 502900
 256900
 254700
 1223000
 304900
 364300
 2875200
 299500
 257600
 254800
 368900
 446800
 1072600
 318200
 321600
 357800
 279100
 18680600
 287500
 254900
 267000
 273000
 321400
 584200
 279100
 282300
 278000
 283900
 295200
 85100
 173300
 267100
 261200
 1638300
 70200
 72800
 69600
 268300
 1775400
 74800
 352300
 77000
 78900
 76400
 76400
 73600
 71600
 77700
 276200
 74400
 211500
 77000
 77800
 878700
 82300
 83000
 85300
 87300
 74700
 78900
 112600
 114100
 121700
 119300
 83600
 81800
 83300
 83700
 83900
 294200
 76700
 80700
 85400
 85400
 73600
 79600
 85400
 83100
 79700
 79700
 375500
 130000
 70400
 74500
 108900
 72900
 70300
 70300
 71600
 19444500
 612700
 111500
 70300
 68300
 71400
 74300
 75800
 78300
 69100
 58000
 67200
 61500
 70800
 74000
 74000
 71100
 69700
 73600
 74300
 72900
 73000
 112900
 70800
 113100
 73000
 72300
 75600
 71700
 104800
 74700
 233400
 73200
 75300
 76000
 76300
 73000
 70900
 75600
 75300
 69600
 72000
 69700
 69000
 67300
 66800
 428900
 248200
 17141600
 235200
 251300
 568500
 256400
 256900
 283400
 255400
 461400
 348200
 252000
 256400
 260700
 271800
 296000
 254200
 242300
 262500
 840300
 306900
 17429500
 245800
 240000
 570300
 73900
 116000
 115300
 73000
 77800
 114700
 76100
 78700
 67400
 74300
 76400
 77800
 79900
 75500
 643700
 78600
 276900
 70800
 71700
 72600
 69500
 68600
 70600
 103500
 69600
 71000
 72500
 70800
 74700
 77700
 66615000
 4789700
 364700
 259200
 258500
 804200
 18201400
 245200
 242200
 591600
 244300
 387600
 262800
 259800
 257700
 260500
 339700
 248600
 258000
 255200
 263800
 466600
 73900
 77800
 80300
 627700
 272100
 73400
 79900
 74500
 75900
 167000
 76900
 75600
 105600
 76600
 77500
 76000
 76800
 76900
 73800
 69800
 68700
 71800
 73900
 72100
 361000
 76000
 72100
 307900
 68900
 68500
 70000
 72400
 74600
 72600
 71100
 71200
 73700
 74500
 71100
 69900
 72900
 69700
 73100
 71800
 71900
 69000
 69300
 75500
 72700
 72400
 73500
 74900
 72800
 73600
 65800
 72300
 65700
 64300
 75500
 69400
 73000
 74800
 77300
 74000
 72900
 68500
 126300
 472600
 134100
 105400
 109600
 109500
 101500
 76700
 100700
 106700
 70500
 99800
 71800
 95500
 19491600
 95900
 104300
 105500
 95500
 69700
 111100
 101400
 96700
 93600
 110600
 68800
 99100
 100100
 97200
 114600
 118900
 106800
 108100
 73500
 75200
 73700
 73700
 72700
 62100
 67600
 187000
 72700
 69000
 71200
 121700
 66900
 71500
 75400
 115800
 105500
 92800
 71600
 104500
 106500
 67400
 185000
 68700
 94400
 72100
 71800
 100800
 67000
 98900
 105100
 103600
 92600
 67400
 92900
 104400
 97600
 71600
 67300
 94200
 101300
 113300
 288300
 73800
 96600
 66800
 106300
 342800
 123000
 69500
 68700
 103900
 69900
 69400
 71000
 74500
 63600
 90900
 70000
 68000
 69600
 67200
 68200
 69500
 115700
 63900
 70000
 104600
 73400
 104200
 104200
 103300
 98200
 104100
 70600
 101100
 97600
 101600
 100200
 72500
 69300
 69500
 109400
 55309600
 13793300
 69700
 71000
 309400
 123100
 101200
 100400
 103600
 95600
 97900
 100500
 97700
 63200
 97700
 71200
 74700
 72300
 68900
 70900
 112900
 72600
 64300
 73100
 70000
 105600
 72500
 76100
 76400
 69100
 72000
 90200
 113000
 61400
 104000
 71700
 99100
 109300
 107300
 106800
 92200
 16285200
 276200
 243000
 525600
 347700
 715600
 281200
 273800
 278300
 355000
 282400
 314000
 243700
 201200
 77200
 69000
 100100
 102800
 76000
 102700
 297400
 104400
 67500
 103300
 73600
 581300
 69600
 70000
 70300
 74300
 67500
 72200
 70600
 71200
 70400
 73700
 74100
 71200
 75500
 94400
 97700
 97000
 104300
 349000
 127300
 100200
 71500
 113500
 68200
 68200
 97600
 108400
 67800
 102000
 65800
 103100
 95000
 108000
 94200
 109800
 100300
 299400
 109800
 98100
 99900
 112500
 238900
 102700
 102800
 78200
 112400
 73000
 77400
 94500
 69000
 105000
 69800
 68500
 68600
 74500
 99000
 99000
 72500
 20302400
 73100
 73000
 551700
 62600
 57600
 115200
 76100
 112000
 105300
 73100
 72000
 106800
 66000
 101400
 112100
 92900
 71300
 96400
 108500
 105300
 104600
 71000
 96500
 346100
 111500
 105000
 73000
 98700
 71800
 94000
 103600
 71300
 69800
 113400
 76300
 100700
 101500
 109900
 101800
 250000
 71600
 71900
 73400
 69000
 71400
 101400
 114200
 70300
 73600
 67500
 100200
 67900
 67600
 68200
 101500
 115100
 57400
 95500
 66200
 119100
 67600
 68800
 111800
 103200
 67800
 68100
 92200
 108700
 92000
 67300
 94600
 92400
 67400
 93400
 94800
 112600
 72000
 91100
 338600
 68300
 72100
 95800
 106100
 103600
 95100
 110100
 70800
 100200
 68300
 95900
 99500
 78300
 66700
 76000
 73900
 71500
 71300
 70700
 62600
 330700
 71500
 73900
 66300
 135800
 112000
 109500
 108400
 111000
 110400
 74600
 108600
 109400
 113000
 106000
 110000
 108000
 62300
 98300
 1659300
 241400
 106600
 105600
 69500
 105700
 70000
 98300
 115400
 99900
 93600
 94300
 70000
 100100
 113400
 97100
 100700
 101400
 110100
 100100
 106600
 368800
 101100
 71100
 109900
 73900
 74700
 74500
 76100
 76000
 73500
 75100
 71200
 71200
 76600
 62400
 117100
 122500
 73000
 114000
 347400
 130800
 113800
 114100
 111800
 106500
 102600
 103100
 98700
 106800
 72800
 97400
 106000
 307800
 110900
 107000
 74500
 108600
 1994200
 66800
 115300
 109100
 75800
 101400
 111200
 64200
 103700
 100300
 97200
 112200
 69600
 95100
 69500
 74000
 112800
 70200
 74400
 73800
 101600
 216500
 347300
 82100
 82800
 81700
 72300
 122200
 76400
 121200
 115400
 243600
 106800
 93900
 69700
 106200
 112100
 169900
 94000
 118100
 72400
 66700
 130400
 179800
 117200
 107700
 76900
 114200
 102900
 131600
 98900
 263300
 127100
 101800
 80900
 70700
 78300
 114100
 101800
 117300
 98200
 324300
 305000
 77800
 66200
 74200
 75000
 73600
 73800
 74800
 70600
 460200
 250500
 326500
 256800
 81100
 267500
 301400
 258500
 17812300
 256900
 254800
 243900
 297000
 388500
 256300
 266400
 294000
 539500
 372300
 298300
 258200
 742000
 234100
 334400
 273900
 266500
 390100
 291700
 17178200
 239800
 253100
 565400
 259800
 360900
 283200
 282700
 279900
 294800
 245400
 276300
 295900
 854300
 255500
 286400
 247500
 254600
 297800
 257900
 18435300
 279600
 313300
 248100
 242000
 252600
 69800
 287200
 465300
 290800
 291300
 340700
 282000
 260900
 580100
 73800
 72700
 114700
 115300
 278400
 39700
 96400
 71300
 355800
 97500
 101100
 99400
 101900
 410600
 267100
 116300
 1904600
 134000
 119800
 103800
 106000
 114200
 117000
 105600
 71100
 106800
 57500
 171500
 69000
 70600
 69400
 68600
 76600
 80700
 74500
 74900
 332800
 77000
 73400
 70800
 73900
 74700
 66200
 104400
 118500
 102100
 69100
 103200
 314000
 70200
 107500
 109400
 72000
 115200
 104000
 399800
 100200
 79300
 73600
 70500
 68500
 69300
 112100
 69300
 112900
 69400
 75300
 69500
 104300
 101400
 99700
 68800
 106500
 96900
 105100
 95300
 102600
 71500
 106200
 69200
 72900
 65200
 69300
 74800
 74900
 68000
 96000
 324500
 75700
 76900
 69500
 72700
 102700
 102400
 98300
 110100
 105200
 71700
 99500
 73100
 105400
 70200
 112000
 99900
 110900
 111400
 70600
 106700
 73900
 102900
 101700
 68800
 112400
 71100
 107300
 104900
 100000
 107300
 109900
 112300
 103300
 106500
 117400
 71800
 95400
 75600
 71200
 353700
 70100
 73500
 79800
 75600
 76600
 76700
 76900
 76800
 72800
 79000
 73700
 75800
 113900
 107100
 106600
 73900
 114000
 108600
 102300
 104200
 74300
 112900
 112000
 105800
 119500
 71400
 104900
 108300
 104700
 111900
 72200
 69300
