# bitfield for header selection is:  0x4000
 dmperf
 3908725
 3306125
 2137125
 1882775
 3436250
 3616150
 1222750
 1322250
 2488775
 1907100
 1493150
 2752000
 1685450
 3131400
 1853425
 4204575
 3321600
 2788250
 2008375
 1623925
 2597975
 3290425
 2319950
 2051475
 2428800
 3255325
 4180350
 19927100
 3855625
 22906625
 9123575
 27135200
 8015275
 6945200
 8014975
 11464950
 8965550
 8045125
 6400625
 7464450
 13510575
 22275925
 2633900
 2990725
 2217775
 4097750
 1856800
 1425900
 1993925
 1663650
 2392600
 4272250
 66803425
 2646450
 1935475
 2460275
 1566125
 3169950
 1321900
 2825700
 2051350
 2935550
 3849875
 22517700
 963450
 3059500
 2394825
 3729350
 3498775
 2184800
 3848725
 1331100
 2484925
 3538550
 66991050
 1690375
 3835200
 1951775
 1488425
 1499250
 2373225
 2417100
 1236550
 3226950
 2377875
 21560450
 917900
 2830550
 1087225
 2305975
 1582675
 2251900
 1936475
 1767000
 1922100
 1274750
 1297125
 3343575
 1455225
 2656775
 1372475
 2403900
 1856400
 4262750
 918700
 2537250
 2205150
 1235400
 1485450
 1817275
 2264450
 2780275
 4964125
 2783250
 1765675
 1829525
 2339500
 2940500
 2539025
 1829950
 2175600
 2375925
 1095725
 2498575
 2276175
 1933050
 1771775
 1621800
 2360500
 2815750
 1275250
 3220700
 1530925
 7317275
 1226425
 1442550
 2249200
 5095825
 1186675
 4444175
 746650
 2311050
 1099875
 2514400
 1855925
 2286375
 3907525
 1639600
 577150
 2379325
 2852875
 3739275
 3379850
 2865600
 1979100
 3041200
 966750
 2159300
 2172525
 4115625
 2265125
 1954875
 2669275
 2663200
 1736125
 2057550
 1915150
 1393900
 1826525
 2744925
 948875
 2160650
 2748775
 2535625
 2372000
 1670525
 1596800
 2954150
 1323750
 1718900
 2022000
 2137350
 2472150
 3042900
 2085050
 4366725
 1560000
 2637600
 1370650
 4323300
 1803400
 2583900
 2343850
 2911050
 1020575
 2802825
 2322000
 2782200
 2360950
 2645225
 834850
 2781050
 1296400
 2598475
 2097300
 3944175
 3484450
 1356400
 3713100
 1660300
 3643200
 2659050
 1718825
 2626200
 3318800
 1860525
 3099075
 2749550
 657650
 2015000
 2428750
 1953325
 1667200
 2443450
 2821000
 2932250
 1165600
 3162075
 2469575
 1878600
 2390825
 2590150
 6226900
 1853750
 1475650
 5646425
 4814600
 23044600
 2761725
 2746675
 2332225
 1878050
 1099800
 2485575
 4612125
 1753700
 1553225
 2052750
 1629775
 2799300
 1825500
 3075975
 2216325
 2960475
 2793650
 3427125
 1554550
 2288450
 2097450
 3167700
 4486150
 19467475
 2643600
 2774300
 4235550
 3456650
 4271800
 2591600
 4915125
 3112225
 2531525
 4878300
 2366650
 3275200
 1253375
 2001700
 2450400
 20577350
 1024100
 2772025
 2093225
 2104850
 2503775
 1975600
 4537925
 20584850
 2869950
 18818675
 2404425
 4582450
 1660125
 3612625
 5677850
 3076925
 1064650
 3781725
 2661575
 3263575
 3952300
 20728025
 4074550
 20982500
 5383425
 23250200
 3568100
 20034475
 4628325
 4539850
 1068175
 2764475
 3915800
 2331925
 2576825
 5866325
 1493150
 1804775
 4511050
 3616300
 1612250
 3320650
 2736625
 3059575
 1551250
 1290050
 2009100
 3412750
 2588425
 2616575
 1479675
 2624950
 2137475
 4480625
 2425375
 1980800
 1399050
 1288850
 2166950
 4032700
 1886500
 3054600
 1938025
 3713225
 2543750
 3005100
 2834325
 6326875
 3477150
 2897925
 1223225
 2277200
 3019350
 4189550
 1295975
 2216650
 1968000
 1864975
 1804550
 2828650
 885250
 2310150
 1509350
 5594575
 1046175
 2550600
 1382050
 4570375
 1325300
 2045350
 1550075
 3811450
 2093025
 2743075
 5423125
 2236200
 2748750
 6319775
 2561100
 2593200
 3238200
 3517650
 3618925
 3153475
 1337125
 3913225
 1850850
 2754475
 891500
 3245675
 1899950
 3037875
 1820675
 2414075
 2059525
 2235125
 1591075
 2742300
 1102325
 2384550
 767975
 2723050
 2919600
 2341100
 1645500
 2322750
 2721275
 1692150
 2299575
 3559625
 2555000
 2633000
 900725
 4724100
 1515525
 1722375
 1536800
 1391600
 2014050
 1518525
 4350975
 2199425
 1999975
 2668675
 897975
 2353625
 2239675
 1924450
 1997850
 1613950
 1956250
 3043100
 1997550
 1526375
 1335875
 5268650
 1060725
 2452775
 2493650
 3111325
 1087650
 2656875
 1358425
 1496675
 1564175
 4799125
 2483400
 2431550
 2701225
 2571850
 2431800
 4764825
 1761575
 1935150
 1391850
 2710600
 797300
 1358850
 2151625
 9090675
 1789950
 3142675
 2637050
 1746425
 1746400
 2120125
 1577725
 2215925
 933125
 2557150
 5071725
 1652425
 1900625
 3922725
 1321400
 2995975
 2190575
 1501900
 2042025
 1530250
 1680950
 2073525
 3805675
 2068275
 1583725
 6591875
 3653200
 4247725
 1637525
 20565350
 3587700
 21127375
 1930100
 3636300
 1318225
 3405450
 2554825
 3533800
 1767625
 2825525
 1629525
 3246500
 2212825
 3064525
 1893400
 2482075
 2265650
 2918500
 2188650
 3195300
 2507150
 4131525
 2349125
 5139975
 2786975
 3764725
 1008175
 19845525
 2549050
 3385150
 1483400
 23959300
 4975550
 20984625
 4177225
 23021200
 3356325
 3984500
 1370300
 6551525
 4982000
 6084200
 2937650
 3801225
 3031100
 5008750
 5058500
 6677850
 1415625
 5983100
 3366175
 4960200
 2715150
 4460200
 4346150
 5767275
 2604900
 4047175
 1435000
 5351700
 4781250
 22284850
 5730075
 19421175
 4505250
 6335000
 3230525
 4093250
 1854050
 4590850
 3647450
 8052400
 5224975
 3554600
 3322650
 3273125
 4603175
 6540375
 1523075
 4890775
 2788325
 6245775
 5410100
 2431575
 5179550
 6677050
 2574175
 4058900
 2393800
 4668625
 5238550
 5075975
 4219950
 3819725
 2146425
 3632900
 4916975
 7753025
 1619400
 22645325
 6083075
 23149100
 6676325
 22061400
 3911050
 22710400
 4554525
 4304675
 2889725
 7398650
 4032475
