# bitfield for header selection is:  0x80000
 dmsrdata
 68411
 67370
 67937
 67658
 63808
 67426
 63179
 63834
 62819
 63800
 63749
 64202
 62066
 65967
 66072
 67562
 67561
 64189
 64506
 66479
 63536
 64218
 64753
 64286
 62720
 64250
 65189
 63985
 66327
 64114
 73503
 65163
 63241
 65552
 64162
 64223
 63128
 64296
 64557
 64582
 63603
 68376
 63161
 67108
 62625
 66231
 64542
 65355
 62875
 64699
 64126
 64785
 82698
 64762
 63033
 64100
 62631
 68460
 63923
 63929
 62895
 64419
 63077
 72957
 62930
 64644
 63591
 64071
 63113
 63274
 64429
 64387
 63929
 64602
 70389
 64376
 63227
 64399
 62981
 64377
 63444
 63843
 63089
 69906
 63870
 66702
 65288
 64342
 62871
 64242
 66947
 64075
 63114
 63646
 63391
 64882
 62410
 68509
 62831
 64716
 63520
 64254
 64387
 64392
 62697
 64811
 68395
 65018
 63126
 65645
 63046
 65188
 77633
 64415
 64416
 64236
 61752
 65347
 65156
 64969
 63195
 64571
 66246
 66282
 66115
 64491
 68404
 64084
 63564
 64044
 62560
 65602
 63472
 80263
 64573
 64449
 63980
 64674
 64206
 65062
 62331
 69153
 62862
 64203
 62465
 65014
 62978
 63415
 62247
 64801
 69490
 67723
 62771
 65069
 66229
 65349
 64314
 64809
 63549
 65900
 64177
 66201
 63191
 64512
 63048
 66016
 63172
 64977
 62543
 65002
 66573
 64018
 68857
 64945
 63787
 64214
 64002
 63826
 63665
 64140
 63736
 66177
 65549
 63636
 63278
 67130
 63103
 69580
 63468
 63378
 63206
 65046
 69032
 63855
 63098
 68854
 62635
 63608
 63228
 69170
 62883
 64926
 64320
 63950
 63027
 64696
 62502
 63833
 62732
 64762
 67649
 63833
 62524
 64860
 63971
 64042
 62640
 64868
 63165
 64814
 65090
 65346
 80982
 65364
 62743
 63846
 63000
 65783
 62618
 64068
 63246
 64276
 70154
 64409
 63436
 64898
 62685
 64714
 64098
 64667
 62465
 68578
 63019
 64105
 64297
 65692
 63437
 66249
 61447
 63494
 63427
 64576
 62448
 64592
 68593
 65198
 63039
 64526
 63497
 64193
 62668
 64229
 62419
 68625
 62700
 63869
 65650
 64371
 64300
 63930
 67579
 70269
 62829
 64018
 67894
 63742
 66250
 63968
 63290
 63974
 64143
 64619
 65362
 67793
 62877
 67689
 63801
 70129
 67809
 66046
 63367
 64228
 77334
 63997
 64429
 65465
 63906
 65181
 63408
 63860
 63075
 63968
 69938
 66439
 62568
 67722
 63544
 67738
 64430
 64527
 63720
 67300
 63182
 80734
 63039
 64939
 64046
 69835
 63618
 64985
 62547
 64900
 63323
 64924
 62327
 82259
 96780
 94982
 66568
 64569
 67072
 64709
 63473
 63417
 63005
 63975
 66855
 64028
 64096
 64134
 63322
 83845
 96534
 94768
 93934
 80747
 68225
 66071
 63004
 63817
 64258
 72795
 62838
 63368
 63845
 63498
 62852
 65357
 63576
 64783
 63449
 66781
 64436
 65785
 64807
 64083
 63512
 64631
 63424
 69400
 64349
 63824
 73314
 63774
 64847
 65388
 63560
 63786
 63312
 64797
 63287
 64231
 65437
 65237
 63058
 63711
 63101
 64235
 62883
 64453
 69621
 64044
 62983
 65291
 62921
 65539
 62472
 64165
 63657
 65215
 63886
 85303
 96492
 94751
 95399
 77676
 62992
 65048
 62090
 64437
 62302
 68206
 65913
 65638
 63361
 65077
 62349
 64853
 64931
 66098
 63497
 63710
 62744
 65909
 62412
 64201
 63123
 64336
 62643
 69315
 62224
 65995
 63321
 68008
 67188
 68684
 63220
 64368
 64364
 65492
 62494
 64009
 64072
 64919
 62671
 64158
 65672
 63479
 62891
 66132
 65170
 63966
 63105
 64498
 64046
 67536
 62630
 70529
 63042
 63907
 64207
 65916
 64857
 65196
 62529
 63823
 63049
 65396
 63545
 64248
 63518
 69618
 62877
 65120
 63417
 64316
 64032
 64071
 63187
 65317
 64427
 64808
 64778
 68769
 64959
 64212
 62075
 64850
 63435
 64677
 64061
 64779
 64920
 64444
 71027
 64991
 62520
 64178
 63586
 65135
 63196
 64757
 68570
 64158
 62949
 69999
 62431
 63794
 62596
 67753
 64375
 64374
 62610
 65006
 64864
 65311
 63220
 65238
 63296
 66331
 64735
 87008
 96481
 94413
 95396
 79268
 62762
 72767
 63284
 64305
 62930
 70203
 64275
 65511
 64095
 68402
 62820
 64290
 63136
 64919
 63467
 66723
 63173
 64045
 63172
 64217
 63008
 67810
 62863
 68225
 63277
 63848
 68866
 64309
 65981
 64282
 63439
 64440
 64367
 65028
 64244
 63661
 63011
 64620
 64977
 66146
 62966
 66022
 61861
 71897
 63997
 71247
 63215
 64212
 62755
 64902
 63131
 64187
 63212
 65458
 64030
 89683
 74367
 64604
 63277
 63697
 62851
 64073
 62899
 63928
 63921
 69939
 61671
 64085
 63190
 64116
 67585
 64852
 62437
