# bitfield for header selection is:  0x8000
 daperf
 1291414
 1069321
 684690
 603064
 1174161
 1188135
 410218
 432160
 855862
 626686
 516197
 951863
 579807
 1116945
 610451
 1501267
 1155182
 941156
 688237
 528769
 896730
 1055233
 798181
 683134
 839987
 1066320
 1415196
 6945960
 1298024
 9757237
 3252854
 9657844
 2808958
 2395820
 2786503
 3924347
 3053290
 2725632
 2272165
 2571745
 4945732
 8259166
 905276
 1026672
 770635
 1407446
 633063
 464171
 693320
 554604
 827484
 1378867
 26019794
 922398
 672496
 794407
 551076
 1156977
 462221
 966400
 665619
 950405
 1243067
 7799227
 313807
 989620
 769161
 1195747
 1129011
 718333
 1232155
 434924
 854154
 1219857
 29993128
 565515
 1240905
 647348
 523828
 498854
 824400
 789333
 421818
 1098487
 790369
 7579828
 320764
 1017808
 364420
 782878
 566625
 750406
 709127
 610746
 656530
 424896
 438616
 1143352
 507688
 857685
 881487
 820846
 624973
 1392284
 313236
 855010
 759515
 410352
 519168
 604496
 787426
 896187
 1653447
 961420
 616445
 611125
 761190
 979485
 948613
 611046
 764530
 805066
 371023
 857202
 795818
 644980
 611610
 543915
 784777
 961920
 423252
 1046429
 538257
 2487398
 411099
 475412
 767212
 1788919
 402043
 1427492
 248327
 746535
 359601
 825324
 604182
 752036
 1261134
 529461
 195659
 811813
 1034647
 1303664
 1196323
 964041
 680889
 1022209
 327573
 748350
 766320
 1503082
 1176552
 644988
 936161
 913515
 601954
 682503
 673136
 458092
 642145
 942687
 316138
 734979
 911568
 864635
 834154
 558586
 558107
 958454
 437362
 563536
 704613
 700468
 853680
 980455
 721784
 1525783
 537885
 851480
 471839
 1504218
 627819
 874615
 768053
 976270
 355150
 963780
 814504
 956592
 823324
 912482
 276892
 941176
 435812
 860094
 739529
 1274451
 1228909
 446786
 1195958
 540803
 1286058
 861589
 554743
 896081
 1173573
 611228
 997348
 896426
 216405
 685664
 791333
 651069
 607678
 830089
 1020300
 994716
 395856
 1060917
 866128
 628350
 781025
 882229
 2292923
 608029
 511563
 1940685
 1659369
 8150214
 958621
 941946
 815242
 624214
 365725
 840677
 1614502
 581284
 543150
 683116
 554956
 949507
 631474
 1069666
 760377
 1008040
 941104
 1196114
 531817
 755845
 724083
 1097797
 1533998
 7019024
 889665
 904464
 1479147
 1185892
 1493617
 870713
 1714652
 1068451
 845571
 1647308
 797361
 1059509
 425157
 689959
 852605
 7460079
 341544
 903958
 1053390
 710014
 819215
 637863
 1500243
 7840654
 958538
 6925504
 839068
 1684082
 581055
 1262525
 1980545
 1035573
 352006
 1389735
 932842
 1129456
 1339303
 7184829
 1393810
 7541133
 1869781
 8887635
 1251889
 7401008
 1616051
 1615141
 365663
 943626
 1390805
 839542
 904033
 1978021
 521736
 623698
 1743996
 1257175
 560701
 1204133
 959613
 1056715
 534774
 425031
 688130
 1207109
 1084574
 1113555
 517475
 873931
 764958
 1563806
 849809
 670171
 482692
 435629
 763716
 1408774
 660351
 1056946
 977699
 1409489
 1028614
 1204887
 1183199
 2421687
 1225945
 1009296
 416487
 742314
 985555
 1344794
 436596
 731668
 637478
 635397
 606015
 915469
 293923
 775443
 519578
 1945981
 360458
 879800
 477563
 1722361
 467868
 700024
 526641
 1308760
 732028
 939840
 1889127
 745607
 974713
 2178620
 896702
 895653
 1146018
 1216422
 1276930
 1086026
 450392
 1346346
 647738
 949923
 297784
 1134124
 646832
 1037323
 681724
 827607
 717954
 758367
 544854
 954289
 377238
 813641
 258378
 945893
 1305232
 846431
 629579
 915024
 1123832
 567656
 812304
 1213097
 887858
 887861
 310660
 3115287
 541587
 574014
 530678
 454197
 653294
 488679
 1401716
 705054
 659557
 906695
 313246
 807391
 741272
 648250
 661198
 517815
 648522
 1042905
 703763
 506105
 454215
 3647049
 384427
 841126
 864151
 1076155
 370253
 939590
 466444
 493508
 544087
 1685086
 868745
 801572
 934051
 886367
 855544
 1768840
 618357
 658002
 472179
 924824
 264932
 456003
 740485
 3146403
 618381
 1065251
 1247718
 573370
 616990
 724812
 544671
 745636
 314967
 829003
 1641708
 546148
 656683
 1354140
 459867
 986304
 757701
 500088
 702149
 498410
 573967
 690486
 1441818
 711216
 588318
 2283940
 1252207
 1460260
 574939
 7380528
 1211896
 7500944
 633203
 1176974
 444098
 1131578
 831522
 1141928
 592029
 925573
 565711
 1105788
 811059
 1067104
 670316
 850721
 791678
 998490
 767780
 1101946
 883850
 1470028
 823232
 1906578
 984682
 1283499
 332592
 7810488
 889577
 1142677
 517663
 11811508
 1883769
 7462184
 1668053
 11598492
 1294819
 1392487
 452441
 2205862
 1697241
 2074887
 1018413
 1292383
 1057584
 1745812
 1737280
 2284470
 468498
 2060140
 1189340
 1724581
 892725
 1565695
 1486452
 2034739
 909655
 1367015
 468432
 1839458
 1588780
 8516310
 1924118
 6907929
 1533886
 2120042
 1126519
 1437066
 633701
 1603514
 1283814
 2658487
 1833255
 1157624
 1068610
 1117880
 1554115
 2219604
 524936
 1733180
 961581
 2064570
 2038904
 807577
 1701622
 2288383
 837650
 1394601
 791657
 1600977
 1786637
 1736127
 1457670
 1367197
 723761
 1171437
 1668697
 2592050
 540946
 8389371
 2099950
 8610560
 2268705
 7761291
 1355279
 8053489
 1568479
 1483247
 1019289
 2536716
 1407665
