# bitfield for header selection is:  0x10000
 dtsc
 2497816986
 2498106809
 2497723007
 2497194331
 2498190130
 2497798132
 2496896658
 2496857805
 2497737166
 2496724888
 2497517904
 2498085655
 2497201493
 2497761094
 2497626032
 2498323490
 2498600174
 2497741805
 2497675688
 2496893295
 2497850648
 2497726920
 2498069145
 2497032265
 2497666494
 2497539679
 2497594093
 2496963125
 2497495029
 2500219540
 2497136720
 2500039823
 2497071078
 2496740427
 2498864566
 2497789137
 2497550194
 2498357139
 2497192334
 2497698066
 2496898568
 2498388626
 2497938522
 2498165682
 2497939222
 2497447103
 2497416691
 2496846975
 2497757348
 2496843188
 2498201249
 2499720726
 2496948769
 2497816697
 2497488297
 2497819614
 2497797875
 2498154694
 2497367051
 2498063397
 2498090761
 2497980506
 2499723285
 2497718661
 2497011774
 2498225681
 2498214822
 2499230602
 2499361600
 2497062515
 2499966247
 2496912133
 2498263771
 2498204402
 2498078696
 2497004713
 2499803036
 2497116717
 2497683967
 2496989840
 2498147145
 2497587491
 2497272477
 2498128855
 2497771015
 2498396978
 2497237107
 2497931036
 2497002739
 2497505221
 2496874778
 2497386775
 2497812891
 2496999403
 2497702216
 2497049579
 2496883687
 2498318181
 2497455878
 2498286704
 2496923313
 2497547829
 2497145779
 2499457545
 2497060747
 2497806326
 2498057424
 2496929935
 2497679389
 2496988300
 2498074431
 2498221306
 2496969215
 2498141213
 2497987770
 2497112605
 2498384898
 2497615267
 2498246548
 2497063130
 2498404882
 2497562385
 2496886935
 2497621610
 2498300577
 2496869261
 2497643509
 2497043754
 2497983459
 2498025538
 2497067665
 2498207677
 2497799590
 2498029950
 2497004908
 2496636537
 2497995223
 2500255770
 2497063761
 2500090816
 2496986411
 2497572164
 2497087592
 2497615205
 2497679080
 2496964608
 2500030020
 2497228318
 2496757644
 2497696532
 2498165248
 2496908921
 2499318927
 2497543709
 2497766310
 2498096534
 2496883460
 2497803226
 2498204723
 2499544691
 2497725692
 2497029595
 2498543877
 2497670370
 2497842482
 2497057119
 2498167320
 2496828762
 2497907510
 2497805001
 2496840719
 2497549368
 2497131288
 2497723930
 2498404964
 2496997384
 2497853756
 2498387234
 2497377744
 2497142741
 2497933656
 2497012168
 2498320289
 2498194246
 2498129777
 2499375836
 2497494574
 2498090128
 2497582400
 2499617722
 2497419547
 2497494914
 2496899332
 2497544632
 2497171093
 2498404927
 2498293265
 2498091777
 2498327134
 2498166767
 2496899486
 2497612796
 2497115262
 2498003276
 2498139117
 2499358315
 2499435672
 2496980700
 2499905870
 2497046317
 2498721193
 2498052525
 2497727278
 2497492438
 2499384252
 2497049165
 2499179450
 2497706803
 2496867075
 2497492807
 2496969393
 2497289060
 2497102520
 2497777106
 2498350745
 2498054671
 2497094730
 2497764989
 2498174856
 2497283945
 2497859012
 2498065310
 2500289906
 2496956666
 2497655961
 2496930442
 2498952491
 2498692235
 2498191276
 2497752794
 2498190390
 2497039025
 2496900527
 2497669240
 2499645318
 2497052204
 2497821592
 2497135388
 2497450743
 2497959843
 2497571554
 2498645423
 2497536840
 2498020309
 2497458235
 2499047602
 2497086678
 2496923272
 2498126532
 2498630375
 2498340212
 2496785841
 2497201452
 2497983362
 2499631062
 2498172983
 2499825160
 2497616079
 2499811762
 2498207161
 2497228922
 2498026355
 2497650679
 2498101779
 2497297270
 2497798379
 2497033167
 2497423285
 2497038022
 2497936370
 2496977941
 2497261719
 2498127320
 2497511713
 2498202261
 2497657768
 2496871208
 2496769738
 2497980217
 2499409363
 2497701140
 2498445921
 2497870651
 2498245547
 2496982268
 2498406050
 2497955548
 2498177711
 2497904240
 2497482605
 2497919601
 2498060638
 2497909125
 2499621708
 2497910793
 2496974744
 2499331502
 2496862603
 2496994646
 2497636477
 2500041350
 2497021809
 2498185681
 2497996000
 2497243824
 2497793358
 2500277075
 2498558386
 2497567430
 2498404419
 2498258750
 2498385606
 2497796482
 2497015495
 2497609299
 2497715390
 2498431187
 2498354536
 2497306362
 2497574397
 2497511981
 2499701279
 2498121161
 2497211304
 2497582283
 2497045752
 2497959506
 2499272876
 2497824400
 2498159531
 2497222484
 2498261821
 2498561943
 2498555991
 2498510338
 2497455515
 2499250455
 2498137285
 2496917126
 2497475865
 2498384412
 2498366373
 2497073000
 2497195439
 2498155790
 2497559070
 2497325391
 2497955342
 2497059703
 2497546703
 2497113402
 2500039331
 2497196000
 2497533874
 2497047638
 2499783989
 2497456014
 2497634328
 2496902622
 2498173604
 2498210187
 2498199852
 2499939154
 2497332752
 2498825599
 2499772974
 2498158300
 2497824754
 2499287147
 2498399093
 2499194019
 2498321873
 2497203150
 2499499937
 2497500566
 2498010153
 2496900390
 2498735243
 2497281081
 2497653661
 2497166405
 2497822900
 2497830530
 2497612776
 2497425515
 2498215623
 2496887782
 2497668566
 2496886584
 2497849595
 2498231276
 2497099696
 2497596325
 2497786462
 2498263428
 2497177312
 2498455233
 2497621592
 2498407202
 2496886258
 2496887015
 2498294112
 2496873992
 2497112475
 2497620828
 2496918226
 2497747939
 2496901250
 2500282773
 2497351862
 2497718543
 2497855400
 2497151764
 2497566195
 2498046736
 2497094125
 2497909737
 2496937560
 2497434082
 2498140897
 2498205211
 2497221252
 2496908326
 2498992334
 2496930457
 2498014240
 2498228757
 2498395437
 2496971713
 2497673437
 2497070026
 2496854799
 2497554556
 2500159452
 2498088726
 2497005834
 2498060671
 2498120678
 2498311550
 2498660978
 2497575227
 2497725165
 2496969085
 2497746688
 2496897122
 2497212213
 2497760155
 2497002122
 2497690662
 2497537900
 2497820881
 2496789011
 2497828751
 2497675204
 2497356404
 2497240240
 2497004498
 2497748789
 2500542130
 2496875916
 2497773403
 2497982699
 2497139881
 2497777238
 2498160210
 2496856148
 2497865036
 2496995796
 2497752140
 2497084083
 2499337743
 2497111775
 2497656045
 2497565030
 2498046338
 2498755163
 2497794374
 2497748028
 2497591716
 2497815723
 2497822080
 2497992745
 2497112382
 2497674201
 2496990015
 2498306460
 2497385085
 2497197511
 2497682241
 2497392860
 2497792615
 2497663200
 2497650666
 2497417963
 2497887974
 2497185815
 2498207705
 2497892000
 2498295556
 2497485766
 2498199900
 2500078785
 2497998504
 2497266826
 2496857880
 2497730635
 2497969980
 2498011457
 2497519556
 2498006662
 2497896744
 2496743686
 2498744135
 2499030530
 2497808515
 2496612215
 2497081547
 2497057777
 2497554946
 2498171005
 2497189581
 2497528207
 2496931714
 2498215362
 2498083539
 2500139005
 2496991810
 2498399102
 2497966989
 2498224966
 2497009617
 2498183671
 2498878683
 2499794594
 2496986688
 2497602847
 2497531990
 2497303920
 2496951905
 2497597537
 2497957670
 2496862761
 2496894721
 2498444813
 2497505574
 2497971662
 2497277705
 2498179137
 2498190683
 2500418273
 2499385131
 2498497093
 2497580926
 2496970726
 2497624740
 2498192401
 2497474810
 2498124200
 2496868457
 2497705071
 2500059023
 2496839268
 2497852764
 2498024587
 2497077952
 2497549616
 2496940148
 2497822653
 2497214371
 2498136420
 2497750572
 2498055218
 2496933920
 2496813264
 2497561796
 2497834125
 2497358862
 2497554572
 2498104391
 2497493050
 2499339485
 2497292155
 2497518132
 2496866730
 2497639110
 2496962418
 2498085009
 2498400011
 2497938707
