# Command line:
#	 ./var -t 10m -m 0 -l FIXED_FUNCTION_COUNTERS:0-15 -l ENERGY_COUNTERS:8 -p 0x611:OP_POLL+OP_MPERF+OP_APERF+OP_TSC+OP_THERM+OP_PTHERM+DELTA_MPERF+DELTA_APERF+DELTA_TSC+DELTA_MSRDATA:100ms:14:0
#
#	main_cpu:           0
#	duration:           10m
#	a|b randomized:     False
#	a|b duration:       1s
#
# 1 poll, 0 benchmarks, 2 longitudinals.
#
# poll 1 of 1
#	sample cpu:    0
#	control cpu:   14
#	msr:           0x611
#	flags:         OP_POLL OP_MPERF OP_APERF OP_TSC OP_THERM OP_PTHERM DELTA_MPERF DELTA_APERF DELTA_TSC DELTA_MSRDATA
#	interval:      100ms
#
#
# longitudinal 0 of 2:  type=FIXED_FUNCTION_COUNTERS.
#	sample cpu:  0
# longitudinal 1 of 2:  type=ENERGY_COUNTERS.
#	sample cpu:  8
