# bitfield for header selection is:  0x8000
 daperf
 875296
 121893
 659758
 416949
 531299
 150656
 284865
 547128
 112640
 678748
 441463
 573831
 271326
 593276
 276569
 94024
 282366
 780901
 244259
 926377
 1121344
 84504
 363085
 247480
 694359
 439942
 477444
 989622
 389102
 665485
 219207
 482768
 592809
 554594
 402418
 229574
 180739
 504441
 415514
 292979
 421538
 170994
 485059
 843760
 646756
 572245
 1274159
 560544
 554241
 374116
 1021992
 98549
 399075
 430741
 287660
 519800
 75152
 578927
 793053
 515206
 285765
 831635
 450154
 386321
 533759
 203419
 377152
 174432
 465848
 177970
 276722
 50118
 509509
 557929
 452986
 340057
 275968
 195815
 916931
 305302
 530425
 379765
 106300
 459092
 117081
 626358
 460576
 102389
 173297
 862571
 544153
 1059417
 371945
 1163220
 355522
 264816
 1103312
 469454
 1053260
 830400
 286664
 314058
 973288
 563675
 281803
 479720
 587456
 542753
 868412
 375999
 233407
 107540
 1199148
 156246
 499744
 502824
 601920
 227102
 510034
 455061
 204052
 327029
 857892
 276021
 453809
 493045
 78348
 1220695
 444065
 432036
 89336
 360859
 387735
 42671
 636661
 400064
 476381
 1365783
 631983
 1419464
 78867
 1002828
 258762
 516849
 1225910
 184666
 265386
 206426
 319867
 118165
 330015
 313266
 117702
 543734
 151778
 921733
 502144
 762378
 320047
 153882
 325016
 451496
 562040
 259968
 454167
 1078250
 751303
 349628
 219431
 819992
 455823
 321788
 250568
 313976
 499968
 424432
 318864
 1035986
 278257
 458268
 249826
 395018
 832580
 460788
 390381
 181072
 297018
 226487
 499841
 419693
 207974
 504103
 1331969
 155109
 1023368
 567629
 270358
 397698
 1237913
 371342
 70744
 266792
 1144696
 339987
 538343
 1041387
 750224
 226132
 470096
 432288
 239784
 416345
 1295301
 153130
 497584
 328280
 337082
 426148
 700301
 507830
 234772
 307548
 191554
 442271
 721824
 481911
 772987
 577332
 134365
 265631
 1176232
 490688
 245392
 269296
 309928
 294992
 567318
 66336
 539882
 1086135
 353813
 412967
 456023
 191682
 441212
 436485
 246589
 473145
 504974
 601377
 223110
 730640
 454490
 435590
 54572
 780833
 368466
 137292
 624771
 510857
 517640
 100898
 712802
 415327
 271246
 248936
 469573
 804598
 465453
 227584
 300067
 556042
 185217
 536059
 497257
 795888
 456502
 456653
 314625
 597092
 351791
 540596
 658936
 249060
 306600
 142870
 1067561
 270031
 419412
 687280
 284444
 95304
 401847
 198162
 282842
 339975
 633740
 1126743
 792339
 207516
 218104
 194116
 281758
 810111
 719599
 606265
 306354
 475921
 368170
 303509
 868816
 303696
 913928
 600204
 87606
 276542
 289046
 195599
 333454
 339360
 498016
 52902
 390340
 246869
 533243
 467672
 1210886
 503595
 966067
 170291
 1110231
 271115
 469667
 515190
 423584
 265892
 391030
 1131287
 1231551
 106252
 929520
 273620
 690158
 1067827
 260284
 495189
 816147
 619513
 498651
 287273
 142198
 500166
 467693
 60132
 819368
 976085
 601206
 343132
 319496
 575304
 74416
 733601
 688102
 564748
 520805
 343048
 72168
 1248551
 394315
 219720
 605041
 144009
 401679
 1083960
 465914
 400618
 410647
 458651
 352144
 282348
 385443
 420536
 492808
 452125
 516908
 166120
 447437
 278722
 347993
 481365
 519816
 498640
 109746
 391827
 692042
 258104
 526805
 104862
 72380
 160931
 415837
 602165
 87837
 781097
 337068
 473763
 842587
 402084
 375243
 295175
 256448
 393473
 240690
 376480
 636936
 568576
 369728
 458881
 427597
 74696
 304648
 92034
 407721
 204089
 210941
 316731
 557440
 385227
 613802
 312636
 549300
 361150
 82318
 239232
 705854
 198814
 404029
 547981
 371848
 357356
 433299
 480361
 542110
 93144
 594810
 626067
 302992
 194172
 323771
 69161
 285606
 199468
 185768
 497335
 534040
 269420
 603162
 163417
 401465
 374828
 503303
 231548
 599851
 1228971
 243560
 464745
 717108
 102971
 415718
 396707
 300244
 892824
 271768
 350656
 546269
 515433
 231122
 346438
 607064
 99704
 382422
 573619
 291253
 380408
 1297064
 189112
 450198
 170236
 271863
 541211
 221260
 638676
 280846
 557528
 197566
 422987
 463756
 345652
 549724
 67151
 246943
 377303
 563165
 346462
 437058
 91983
 392344
 558805
 1045972
 208170
 179068
 302767
 555448
 414225
 281416
 176396
 569798
 410467
 105487
 468119
 589959
 374666
 166166
 411148
 340749
 98634
 1559241
 1245988
 961782
 86880
 556921
 125152
 305590
 160896
 480337
 230749
 647347
 67123
 257606
 236368
 252057
 765555
 300550
 515620
 114914
 145908
 194210
 305817
 116350
 459221
 423992
 369938
 296229
 899087
 440755
 658902
 245698
 343419
 557900
 433824
 252680
 591227
 421371
 536837
 152846
 1043432
 298064
 556773
 391787
 361368
 128368
 521166
 416676
 451958
 413464
 430210
 360118
 1071377
 471490
 163909
 1318530
 613006
 311805
 1021533
 561299
 416011
 402290
 451547
 214451
 553998
 464210
 415612
 168222
 463440
 558462
 1148815
 511035
 360614
 346677
 553213
 642766
 534408
 377181
 567773
 464208
 814854
 120324
 823670
 545727
 521639
 367616
 561523
 649447
 186356
 322384
 635307
 1100093
 778174
 461380
 1151646
 75888
 105486
 249470
 475825
 473948
 301240
 496657
 336609
 1092602
 117462
 305100
 128232
 443823
 1244497
 479758
 201382
 1228736
 212149
 439244
 400238
 190127
 698877
 365365
 87578
 447396
 387562
 137942
 402502
 409220
 516396
 417332
 1033496
 814148
 542478
 123386
 1446375
 320858
 382126
 598470
 520096
 241319
 666936
 468392
 577567
 451895
 247592
 543471
 367051
 77655
 305016
 189600
 593096
 1136518
 634757
 594310
 185618
 243684
 258964
 992698
 391625
 237000
 125103
 336354
 347008
 186837
 557014
 567971
 551111
 80801
 304816
 96353
 1180760
 965359
 533066
 621674
 329678
 89620
 206309
 371629
 132320
 475688
 424996
 456528
 366124
 1091251
 283436
 279917
 640487
 1026534
 789691
 256152
 1020860
 242454
 108828
 468970
 389172
 405102
 622377
 629093
 477776
 217952
 1008024
 224980
 421496
 402703
 497208
 153837
 714940
 647295
 1160254
 1266420
 135602
 189415
 316364
 169743
 644653
 674843
 358095
 54448
 381605
 433852
 610327
 183753
 378986
 466586
 596980
 162220
 353650
 129625
 450983
 400152
 233626
 527823
 512078
 671506
 190565
 748879
 345009
 1364678
 102509
 630877
 1270073
 457377
 182313
 1255792
 145128
 659263
 391544
 290104
 128296
 239504
 104904
 1462861
 157351
 567309
 544809
 203685
 401849
 138299
 921308
 74436
 604432
 330309
 338183
 411678
 1206136
 274398
 445179
 132272
 510973
 415072
 768312
 380816
 146598
 677787
 290241
 127680
 404547
 461252
 107214
 251476
 238926
 369446
 280327
 193864
 433406
 285117
 514431
 370944
 149010
 454147
 507359
 60719
 460749
 237309
 420819
 385087
 465328
 345766
 309394
 350048
 179391
 496926
 144843
 373488
 329429
 246895
 903494
 93664
 511904
 55536
 625277
 332873
 403988
 293350
 132827
 378301
 463405
 215697
 303770
 519266
 217519
 1088805
 266797
 317336
 426233
 275523
 432404
 319229
 251136
 422672
 456603
 80503
 903011
 1105454
 921460
 708790
 940180
 820801
 754183
 1083943
 765320
 902586
 810642
 1005284
 685736
 969787
 818804
 778828
 93051
 711958
 994084
 849750
 958738
 746998
 819950
 754248
 1030756
 845646
 744962
 981464
 907440
 847498
 811107
 415312
 289624
 195893
 466289
 122893
 374080
 1150897
 529147
 646099
 621480
 365377
 217003
 628546
 668758
 318082
 1464311
 459176
 673464
 582406
 164178
 135570
 156298
 451454
 663513
 341945
 71256
 403136
 278112
 490080
 434824
 548375
 178090
 1106311
 136456
 1235641
 258962
 468592
 829241
 569511
 651367
 526533
 490162
 356624
 218032
 569992
 352935
 328544
 315328
 199690
 452276
 1045405
 222472
 356704
 550752
 162384
 432264
 85826
 495712
 558652
 1091051
 966003
 202651
 611288
 435651
 300758
 498049
 224322
 309258
 403342
 309784
 1134769
 320692
 664898
 592174
 197276
 456576
 73416
 1245648
 619528
 214184
 390760
 485824
 455168
 106528
 1031216
 217872
 482638
 459901
 444090
 342632
 555423
 381776
 220502
 487859
 70942
 318607
 329136
 330179
 557838
 408273
 947553
 572134
 567717
 467184
 144759
 319268
 390597
 341636
 488093
 541585
 145850
 433016
 96798
 633241
 677149
 391401
 56987
 954801
 523184
 1286810
 535086
 196192
 207080
 97184
 342212
 1289497
 599382
 476157
 429744
 220396
 478910
 111279
 1343514
 186761
 216763
 404344
 73328
 616073
 481457
 620462
 191017
 774088
 426391
 109231
 291151
 460347
 2079880
 449755
 514828
 148132
 373022
 145664
 477768
 493686
 216643
 873563
 555388
 555485
 270194
 363684
 435376
 642455
 302920
 419248
 1153360
 8172861
 55330
 263004
 1524049
 164007
 413097
 145535
 591447
 1424641
 651644
 471547
 368480
 551630
 374592
 422102
 441627
 275168
 340568
 471504
 211792
 126129
 6325561
 432245
 1124633
 217793
 589314
 647067
 1038136
 703910
 432347
 500727
 449302
 567844
 673767
 1234279
 245652
 709069
 129321
 550662
 347425
 6466676
 441170
 214933
 1218330
 278980
 1092771
 1122255
 732228
 1256415
 401371
 442672
 1388457
 258497
 385076
 80850
 469740
 367152
 69040
 345970
 884451
 1142208
 124952
 190604
 202559
 497199
 195796
 742732
 1288558
 398479
 99947
 268664
 436240
 215540
 434054
 244294
 304783
 481168
 875688
 1048723
 285182
 526959
 781347
 545498
 780039
 1311784
 858779
 398894
 235253
 428963
 810293
 977578
 561590
 413257
 979750
 207791
 421271
 494664
 139624
 307219
 246091
 1012043
 743622
 222648
 536920
 412211
 860569
 205684
 369775
 396108
 568627
 249128
 205462
 365624
 435467
 407755
 267711
 365336
 407120
 206312
 1166424
 247895
 471670
 206084
 349998
 408649
 466665
 235880
 285837
 131099
 630835
 408346
 498619
 606480
 152929
 381392
 528217
 400037
 304342
 402872
 715805
 112552
 313012
 501919
 280818
 564499
 509083
 382027
 220426
 283164
 59875
 547828
 588136
 449386
 121480
 315455
 463072
 78944
 1170593
 180219
 673656
 179932
 477650
 1350452
 120783
 283334
 950496
 727489
 704442
 484927
 933972
 232094
 726749
 1021067
 336214
 411996
 1114227
 263624
 375744
 367032
 635319
 133110
 1298521
 197342
 391166
 467401
 694752
 606795
 119470
 797040
 740347
 573949
 355808
 568500
 308503
 504065
 696756
 292662
 592847
 175649
 6334857
 548706
 638197
 551511
 150945
 702819
 399537
 670949
 194528
 1040554
 253624
 562345
 545192
 587273
 170210
 542261
 270480
 327344
 150920
 1005744
 5911288
 391853
 665890
 195734
 510867
 143857
 508420
 142990
 335601
 638642
 130876
 532772
 625760
 536192
 233036
 657559
 210655
 267680
 484648
 4122786
 3615817
 1280879
 944306
 1024210
 1352724
 128580
 1024415
 114603
 249932
 174772
 518728
 637489
 616528
 119696
 402060
 370956
 313167
 593840
 281898
 562771
 6622874
 130760
 867601
 401583
 131727
 334048
 1153406
 175816
 592824
 522328
 224736
 2439713
 331382
 487664
 662848
 589880
 384425
 1149120
 571096
 5682874
 2827412
 492440
 417762
 453753
 452583
 641022
 145655
 432509
 216754
 461177
 608923
 422825
 627113
 410612
 227638
 383284
 147627
 261192
 1063188
 539915
 470508
 489456
 95858
 491235
 518285
 190879
 427581
 56260
 203109
 1222919
 251229
 1221828
 697824
 117643
 449191
 455828
 530528
 510496
 126856
 745197
 384737
 139436
 1368002
 219797
 438471
 559992
 454049
 564765
 571709
 313177
 639811
 506153
 1237091
 121906
 440140
 79159
 1092786
 114269
 411105
 722749
 505230
 296445
 358145
 1297499
 301918
 390103
 317356
 325742
 1008082
 305812
 414812
 626791
 495835
 1059159
 1067146
 705731
 95437
 520829
 139359
 1282240
 154811
 760691
 544587
 488206
 309392
 300862
 1250471
 197951
 257700
 157758
 1168528
 331855
 590124
 447246
 958856
 937544
 221600
 390853
 912321
 472632
 161746
 352043
 1261989
 566760
 89779
 842279
 312792
 174450
 326456
 801986
 1238113
 152450
 57117
 389367
 63092
 286845
 354552
 113729
 908100
 356964
 162225
 519791
 95483
 315118
 555702
 400731
 246619
 554182
 392155
 632579
 779659
 166365
 533328
 740381
 493537
 183748
 294800
 253296
 6073435
 413292
 243581
 351377
 168296
 354160
 536664
 147960
 459496
 594200
 547300
 208477
 503987
 335131
 545020
 368430
 499400
 350834
 853570
 217360
 6010028
 215195
 658742
 984885
 975677
 302040
 619617
 394050
 1409544
 361538
 1102173
 201050
 631927
 180088
 662244
 764173
 424842
 375448
 146696
 323432
 6011530
 1885886
 2105688
 445556
 675448
 608711
 542525
 133073
 720130
 561521
 225976
 569567
 719783
 426522
 620088
 99957
 372913
 507064
 318107
 957288
 6245573
 704630
 415536
 405052
 1395657
 270335
 474427
 404111
 134948
 335864
 608554
 394292
 203787
 385097
 535344
 530057
 451348
 254792
 551644
 448317
 5729363
 836135
 459304
 539596
 613126
 127902
 449900
 1342772
 685916
 289603
 1043550
 459111
 1828390
 752498
 781472
 292355
 392792
 346752
 167032
 277696
 762779
 247872
 543233
 116466
 391680
 381080
 549807
 353986
 265965
 520416
 540143
 58332
 530474
 108792
 378712
 534366
 236888
 284494
 507507
 461415
 688724
 636052
 550998
 630622
 390416
 149793
 286441
 74862
 336134
 238951
 423701
 912400
 331810
 53948
 122712
 521415
 332292
 1276093
 376150
 899163
 275327
 685215
 678935
 122773
 390104
 149656
 347272
 536400
 121136
 667251
 780762
 1145490
 6857884
 1385473
 839994
 310478
 92617
 498884
 908016
 750532
 243133
 162589
 890277
 662056
 490480
 109788
 439511
 673187
 461766
 605916
 667087
 270164
 113385
 92549
 423846
 122171
 305008
 514543
 110712
 166923
 374152
 615995
 534296
 216474
 1204436
 549316
 140543
 492150
 104434
 409949
 409836
 250747
 1024806
 321425
 1017832
 302117
 991894
 114696
 285248
 477130
 629859
 426263
 544363
 72032
 396822
 353112
 338840
 262488
 146896
 531504
 694128
 708922
 685039
 337502
 425881
 445638
 157088
 334738
 370785
 265190
 416757
 323548
 796919
 527923
 496592
 597072
 413297
 111043
 1055961
 319165
 319596
 288473
 1022575
 200827
 618497
 372664
 453833
 396083
 640154
 645356
 331450
 1139995
 486802
 352150
 308402
 420309
 76197
 226478
 690113
 439073
 117699
 476186
 575364
 503693
 20300991
 9185914
 1162042
 153564
 722886
 474050
 465195
 639696
 245703
 268239
 402784
 290048
 377345
 412188
 465244
 152612
 514921
 422232
 241984
 400018
 574481
 414700
 246598
 922926
 252370
 501326
 303921
 409103
 355942
 174556
 580248
 1151436
 213338
 1160738
 156970
 497745
 696384
 112362
 438033
 425239
 145400
 243499
 170658
 319311
 1311592
 137764
 560998
 625737
 210761
 246499
 529112
 543587
 136315
 777255
 652779
 356925
 184204
 517972
 563266
 799251
 307872
 107573
 424371
 856245
 514504
 182734
 486645
 203639
 430844
 395648
 141933
 1118562
 169232
 618950
 358496
 1108328
 251244
 362279
 206361
 710248
 197947
 96712
 585863
 366054
 376370
 396805
 1517491
 1126841
 893544
 125453
 372427
 291632
 978964
 140028
 474121
 535502
 1303315
 1025618
 523617
 140724
 278552
 109488
 577593
 1458488
 87020
 1243692
 7060037
 512149
 221317
 504432
 309112
 329572
 320954
 104259
 335739
 293672
 305009
 383909
 100766
 618562
 388111
 99293
 277245
 591131
 1050110
 80336
 484490
 465224
 72475
 373430
 80840
 1008121
 249623
 983883
 160788
 93152
 257257
 59998
 526726
 934085
 104272
 280792
 494936
 503400
 416189
 858770
 295662
 545569
 90224
 1169874
 538665
 263598
 451555
 497738
 75920
 704528
 464264
 516535
 504443
 437408
 276880
 374888
 560355
 749393
 149535
 859504
 1278357
 486454
 1073556
 310093
 87981
 612396
 1314275
 548526
 63268
 488626
 532061
 83172
 1334885
 176003
 426376
 1149224
 153216
 1182874
 322467
 631420
 429748
 508795
 290826
 228828
 60236
 242705
 234232
 519188
 373781
 651016
 172380
 397271
 1225388
 474262
 1007004
 180707
 3414200
 3282516
 712741
 295499
 153058
 393547
 11455910
 25906736
 432406
 233417
 417079
 923599
 1333059
 408443
 429577
 492387
 782699
 347729
 536720
 482652
 536792
 7118032
 615853
 218195
 550616
 421119
 450052
 197948
 516001
 235181
 301717
 1311931
 320493
 903394
 460134
 1287761
 143287
 585848
 133544
 433165
 3251447
 3005782
 252642
 331988
 625311
 1084042
 880066
 183016
 547872
 552144
 197143
 465862
 118242
 338262
 501870
 536392
 182424
 1044764
 498744
 105728
 549252
 278939
 386784
 65624
 340346
 406422
 447693
 640589
 115938
 328400
 270112
 855782
 393827
 228426
 97408
 518331
 405517
 154759
 341944
 94680
 467326
 402973
 473248
 621901
 1135925
 328056
 293178
 420143
 197951
 638829
 662760
 73264
 448429
 348081
 581196
 173399
 362170
 450632
 476744
 339318
 1255476
 293457
 353217
 526507
 215419
 231403
 474000
 335256
 1044629
 204698
 1277512
 610258
 225101
 464708
 419906
 132836
 322615
 104728
 521254
 1105611
 515947
 543477
 2604273
 5559289
 239328
 376240
 819848
 241478
 348106
 805924
 199276
 70768
 637015
 65199
 502664
 1195188
 155205
 420296
 277568
 186400
 279896
 274399
 632536
 735697
 501743
 1072084
 253976
 229054
 97128
 362548
 478174
 183015
 417075
 100710
 1031638
 239313
 353827
 348280
 121152
 843081
 504488
 350880
 302539
 496241
 1343020
 299402
 492490
 916909
 929880
 425476
 242418
 477276
 500555
 188915
 319371
 93450
 253936
 597287
 173526
 233067
 701667
 149579
 401172
 106349
 400228
 573451
 180090
 546187
 471090
 114418
 408592
 340292
 212008
 411624
 985336
 371902
 752897
 539696
 123162
 332438
 189177
 606936
 575773
 440667
 286176
 314269
 1261318
 330774
 561635
 1126890
 635212
 384909
 321224
 571905
 1033000
 166525
 171012
 320352
 464224
 287971
 394228
 446828
 225219
 377652
 655399
 267602
 433010
 368544
 587081
 598415
 621352
 345176
 478748
 399103
 562928
 359089
 352817
 128323
 307749
 185899
 261636
 258780
 686300
 957670
 140493
 557868
 118725
 550553
 376859
 125842
 266567
 658774
 136125
 420463
 529257
 199280
 276812
 443080
 560347
 1057221
 321053
 685652
 689280
 528866
 323342
 235718
 1036819
 226392
 441570
 621466
 959132
 257584
 980099
 419048
 351539
 83703
 525747
 143398
 901374
 333659
 549139
 203503
 217620
 562640
 54848
 265640
 360381
 134602
 239285
 183636
 968765
 359211
 93785
 334530
 433153
 45544
 1259919
 164378
 526120
 529641
 179996
 1063971
 280156
 271725
 435904
 226280
 474060
 503464
 133145
 292304
 389968
 144475
 101951
 91670
 1061288
 172496
 482016
 146456
 500208
 567416
 600332
 1116832
 416319
 630866
 78699
 580898
 440651
 440043
 141860
 378817
 147183
 487313
 625194
 515435
 518975
 250138
 282822
 1029664
 405788
 113604
 493835
 1316013
 126865
 404702
 124131
 741231
 360089
 82901
 876416
 158247
 732582
 1051607
 187743
 1196563
 1172832
 324296
 257848
 512864
 210672
 342347
 520652
 691327
 277455
 571031
 497699
 565444
 449253
 267034
 607669
 1065815
 239477
 390526
 559569
 254262
 375082
 381089
 129808
 330608
 323082
 1030884
 463214
 587524
 494102
 54854
 944737
 302174
 284198
 370683
 149195
 462170
 668429
 601839
 483466
 808837
 439431
 95363
 487298
 252832
 238303
 359272
 579567
 918145
 314340
 821387
 299976
 402025
 798498
 464830
 1153704
 361116
 619407
 265895
 180422
 335939
 37720
 528179
 592522
 607616
 1012258
 955882
 220402
 418927
 251886
 503476
 80092
 196484
 547212
 81522
 997956
 575364
 1201435
 735746
 553311
 427509
 96620
 252687
 91784
 526181
 586567
 88990
 715086
 723934
 494797
 506415
 412688
 573082
 171064
 517921
 514728
 348903
 390954
 420397
 133155
 380544
 91003
 878352
 207446
 501777
 187747
 550118
 1257232
 208219
 462459
 441369
 595030
 600737
 123538
 525006
 448344
 302196
 690415
 374485
 94361
 281668
 381635
 520098
 595910
 364800
 510240
 446466
 673785
 166032
 391358
 996642
 562630
 464468
 551186
 522755
 160182
 499737
 544190
 538040
 83341
 1152313
 595794
 324866
 1091414
 935132
 178812
 365027
 203012
 584084
 495504
 426843
 215291
 271475
 75765
 687088
 499769
 459605
 167820
 303144
 206248
 382340
 405731
 916632
 477368
 568324
 206210
 431997
 472519
 273503
 252833
 207409
 1124420
 196227
 283282
 143457
 520219
 401038
 120268
 366141
 468741
 278208
 310281
 128573
 1050417
 800375
 611620
 683894
 316905
 535530
 1093752
 157400
 570952
 377796
 416142
 452574
 225140
 506788
 509576
 593248
 93681
 454470
 365768
 264112
 663032
 431884
 1083253
 349889
 440007
 504040
 175960
 443584
 524976
 304885
 74452
 714047
 365913
 620880
 232080
 465024
 1124080
 537440
 244423
 1053697
 303491
 330408
 208833
 434127
 1245505
 200333
 1133217
 652941
 160866
 1058274
 110294
 319168
 295677
 376280
 477192
 548696
 78802
 518777
 572568
 573480
 678976
 766786
 329094
 402180
 560990
 621226
 543367
 215620
 425989
 180292
 3026851
 714528
 664786
 690671
 604828
 618611
 1174688
 627605
 181099
 1203522
 1212967
 559250
 557674
 582550
 557112
 167469
 897234
 622048
 717068
 588108
 113808
 435999
 158856
 327770
 1260500
 363121
 682491
 406116
 689592
 293848
 224160
 643164
 892954
 689931
 635248
 263294
 580784
 152319
 568308
 371628
 491723
 514251
 267928
 573535
 561814
 111979
 455173
 505449
 293968
 278413
 422493
 253034
 554694
 646219
 487838
 521137
 560326
 210170
 1035207
 319293
 200073
 453271
 220146
 413047
 526295
 70849
 382455
 535976
 54573
 501583
 649706
 570399
 315353
 597209
 421762
 410047
 182760
 611125
 446881
 87349
 578057
 474303
 646811
 171430
 586732
 362620
 458400
 111984
 401648
 1354178
 390120
 352596
 549827
 524176
 256617
 488533
 76541
 852786
 563598
 151027
 99062
 446490
 528768
 120128
 383520
 1273245
 532807
 135360
 343882
 736976
 155080
 561822
 956310
 413020
 380083
 563888
 56532
 524876
 74975
 994191
 290434
 531931
 140018
 469021
 513211
 563652
 77829
 401488
 109954
 383685
 239174
 654531
 372497
 58823
 322633
 533193
 521220
 484394
 328626
 515383
 177128
 417500
 457127
 130192
 396279
 176780
 375759
 438272
 305168
 380559
 824008
 475301
 690187
 586148
 204355
 310831
 40792
 546273
 566132
 509574
 592490
 407125
 579160
 238722
 309815
 295400
 352851
 506977
 65992
 565143
 357408
 415734
 412303
 43952
 196728
 503623
 125378
 469381
 895607
 366672
 291692
 609087
 371753
 392520
 370860
 169135
 871551
 378816
 541665
 451528
 534032
 289697
 328407
 142304
 939544
 576235
 335385
 375464
 476905
 107480
 440700
 1350863
 606223
 133872
 61376
 329787
 466195
 519312
 275380
 291980
 410942
 152211
 1178572
 412915
 560672
 405788
 551226
 572245
 578403
 589057
 129396
 852872
 306094
 90650
 543249
 282526
 754547
 93406
 439018
 132827
 405770
 531907
 314054
 1071382
 1008643
 449693
 311576
 119321
 414598
 593976
 572762
 147021
 1169182
 201534
 352165
 650069
 125011
 930519
 584432
 84834
 476162
 210607
 449567
 633671
 349671
 499528
 125128
 361904
 490364
 307116
 1079198
 326520
 433066
 560681
 353902
 574656
 665923
 396280
 657711
 170722
 522582
 247221
 264705
 492320
 127048
 440428
 409042
 567912
 243485
 778301
 474509
 287596
 46916
 499944
 222672
 308702
 145256
 689104
 449705
 164017
 392422
 184408
 493707
 592349
 269288
 159178
 483956
 352290
 129373
 735778
 385337
 58708
 450837
 546986
 366023
 146469
 307560
 207560
 569254
 378324
 305456
 352338
 151936
 390941
 555735
 461980
 187706
 561212
 481617
 463455
 789534
 203952
 509200
 68129
 368923
 457976
 517603
 598045
 521246
 484476
 577051
 61560
 288311
 408048
 492152
 136576
 483112
 129500
 377459
 256652
 428317
 391639
 471211
 506210
 1059074
 424405
 91145
 495010
 522208
 400074
 429832
 440372
 292288
 96303
 860917
 426713
 595195
 404023
 184961
 265180
 680845
 685083
 310056
 723903
 888776
 664351
 173087
 566080
 929163
 1051903
 435336
 923243
 342231
 302938
 1325333
 326640
 230912
 556885
 493902
 395665
 562728
 5858545
 431523
 1223750
 511578
 120672
 96991
 1060303
 570749
 602320
 406345
 294127
 854146
 509088
 771464
 407905
 418992
 123686
 584980
 389718
 300577
 541628
 348739
 50680
 249712
 470744
 183532
 886109
 569962
 613995
 633591
 326406
 254899
 969552
 322905
 481297
 548203
 489844
 652407
 320550
 445048
 359401
 100859
 95311
 132723
 715528
 547415
 463259
 319558
 522837
 549726
 591060
 64778
 480151
 127524
 339711
 413600
 168867
 459268
 224450
 410511
 422083
 1030411
 371428
 533382
 498088
 281703
 297677
 591982
 160710
 99022
 103149
 416703
 72417
 425992
 445168
 106181
 262975
 456120
 790709
 544434
 325944
 367896
 485904
 103224
 192264
 413776
 436632
 584430
 462703
 193337
 314036
 549603
 64920
 716125
 1085616
 731465
 244125
 203159
 579024
 174999
 884146
 294648
 727365
 250628
 210904
 654122
 81686
 371772
 216870
 372791
 89946
 165361
 492912
 494401
 350848
 429424
 394411
 126256
 480962
 567084
 91343
 440895
 517960
 158328
 384760
 622848
 131544
 434856
 432651
 293179
 417665
 286948
 272464
 971710
 97903
 494616
 956360
 285833
 1387131
 607595
 1064775
 671697
 653806
 467801
 409592
 298750
 439652
 535133
 492313
 582671
 291570
 445431
 357702
 165991
 668558
 429371
 369324
 663519
 262671
 218379
 160284
 514256
 496560
 308920
 262387
 594826
 384783
 134849
 651622
 1265884
 105276
 468128
 575315
 436916
 154801
 699324
 429204
 631225
 135433
 330039
 116640
 647296
 926229
 307900
 415417
 1436860
 592435
 261708
 1005032
 187001
 552959
 1073920
 619760
 320866
 264982
 1234989
 212411
 590764
 153187
 362157
 411342
 840986
 1220405
 703592
 1018890
 41742
 57859
 349232
 1424540
 320765
 373679
 1064796
 591123
 396554
 457932
 192575
 272980
 282567
 985875
 127691
 363936
 546236
 56192
 318264
 702842
 483377
 200886
 203561
 418461
 729853
 598266
 987285
 419633
 389480
 265663
 303827
 455306
 1114427
 415300
 925216
 457943
 433435
 495880
 57279
 1302635
 1070035
 334722
 314134
 970483
 72238
 365435
 230163
 446500
 816014
 446677
 592027
 409390
 179686
 336944
 564358
 46159
 600199
 414660
 309017
 711491
 460974
 526204
 291738
 464241
 396549
 613538
 907616
 409580
 330193
 297658
 360092
 448172
 771729
 582136
 564919
 376618
 222294
 89480
 651237
 597930
 604108
 672566
 1427873
 149429
 43143
 292702
 247368
 252647
 461191
 404884
 257702
 575119
 616669
 1255260
 254278
 475470
 383113
 566257
 807056
 104024
 365845
 821762
 356446
 278257
 475849
 128105
 187200
 263576
 263953
 489644
 528053
 580464
 1207248
 74840
 483880
 513616
 140136
 353552
 608784
 207192
 471984
 770638
 601728
 621400
 209923
 389671
 47731
 441080
 606992
 347526
 608967
 572774
 307368
 499368
 505272
 478960
 122360
 247858
 247242
 460411
 341178
 278470
 481784
 436981
 557035
 133924
 599168
 248768
 621406
 126493
 576919
 1150711
 515588
 258400
 75570
 478288
 621269
 375607
 477115
 243898
 364912
 301688
 213675
 417735
 128472
 1207216
 934247
 199281
 60960
 87716
 438855
 371549
 253767
 132186
 331512
 552736
 213344
 429630
 522903
 112367
 534654
 574128
 489696
 79704
 514344
 365264
 525712
 170384
 614066
 737623
 314395
 154644
 324396
 95036
 345408
 357294
 308777
 688152
 1451640
 620516
 75925
 1555791
 296427
 429095
 722695
 662458
 725962
 817972
 702559
 448744
 620014
 346335
 1248007
 245271
 454053
 290502
 684500
 953220
 6087749
 942803
 625660
 653984
 621200
 600925
 134025
 545728
 1277816
 126811
 1291324
 242968
 603472
 448083
 1065517
 1366190
 560007
 376630
 589474
 6162663
 1039248
 569256
 1437693
 670739
 457495
 424577
 579973
 526180
 320560
 355725
 1053154
 610620
 539033
 685213
 827012
 764408
 1293659
 177421
 352016
 435399
 7445481
 215113
 626736
 180830
 691294
 782624
 586091
 288081
 211596
 1415415
 664132
 636379
 805293
 279689
 130272
 423512
 448261
 206138
 557552
 6348187
 1125661
 972456
 549302
 571490
 96778
 620600
 440663
 636273
 638176
 236378
 1441444
 259494
 566104
 413886
 159773
 467288
 649704
 588205
 293337
 7632416
 100208
 435780
 285252
 349368
 108449
 460630
 281369
 438551
 517569
 609110
 217057
 653464
 435327
 231411
 564976
 653715
 1294901
 591739
 612712
 5832924
 426522
 75248
 269438
 358986
 1244687
 645614
 675877
 284464
 366914
 495320
 578219
 158463
 427113
 232928
 351306
 416193
 519749
 249193
 436104
 1275677
 317828
 155049
 461903
 89675
 207406
 141257
 460205
 461120
 166428
 470138
 436214
 197455
 538097
 1230427
 340948
 292675
 523236
 132034
 401702
 684704
 655466
 657840
 212869
 393330
 76728
 368534
 403843
 395837
 250243
 696539
 467754
 499856
 200571
 460444
 416200
 286960
 568808
 622418
 1056424
 6489056
 193587
 603095
 375557
 99928
 182352
 247240
 944256
 682152
 439144
 335029
 117752
 647284
 608402
 618601
 274248
 534041
 1222069
 464248
 5704328
 1092148
 151148
 1360338
 669578
 642480
 199912
 568768
 1007338
 471339
 202171
 284535
 479152
 255977
 609761
 553042
 598506
 190532
 608147
 1149550
 197472
 6511047
 682757
 902558
 444993
 389859
 201440
 1077392
 305076
 536257
 218523
 465776
 498308
 233317
 488800
 555464
 495456
 251070
 449728
 518000
 6470442
 690980
 464405
 769811
 1316294
 591110
 349858
 483600
 545952
 762775
 281912
 118764
 658058
 464119
 298078
 274794
 1266807
 206972
 1303962
 532742
 422390
 514931
 1153199
 622712
 494763
 134657
 670330
 512944
 108376
 482576
 319592
 436857
 420970
 290053
 42354
 222736
 94952
 395216
 365456
 247456
 552980
 663393
 306620
 446677
 68352
 258640
 896301
 461740
 635571
 486744
 253532
 65597
 445564
 381285
 630628
 104846
 875312
 194547
 367360
 661798
 308974
 653881
 1081002
 153637
 794316
 320332
 131256
 514994
 486363
 365691
 580353
 710823
 202814
 808533
 305333
 112169
 1009749
 266442
 294936
 105728
 496744
 1357718
 356517
 506443
 384511
 58312
 994696
 560105
 101907
 357117
 652510
 577813
 629286
 118860
 512269
 180517
 399348
 1243285
 145086
 512873
 122617
 488504
 483223
 205713
 309450
 365340
 204646
 1267304
 489520
 324002
 383358
 185083
 636090
 422893
 81080
 314794
 690789
 473985
 1126999
 285946
 462053
 688454
 701799
 186294
 301373
 320470
 42008
 302288
 1012440
 428513
 521037
 200373
 580760
 426183
 63543
 272533
 275912
 288560
 839729
 1099848
 332624
 377098
 1055220
 485197
 300754
 242112
 417404
 585972
 670173
 170671
 283141
 245815
 1339785
 454688
 90899
 289426
 479976
 1022701
 344409
 242826
 472158
 318449
 307396
 329808
 539891
 280371
 932358
 121362
 388971
 147332
 430762
 581324
 363875
 451741
 452872
 1103265
 225374
 329130
 568928
 648943
 410214
 446193
 405261
 162496
 321441
 109512
 362704
 604054
 78746
 986098
 432645
 763299
 443231
 465288
 177160
 660064
 1031720
 269495
 5649929
 261967
 188384
 465792
 150768
 429988
 124656
 310544
 1172070
 129132
 497696
 461132
 928724
 531072
 583218
 208831
 589354
 539289
 635966
 698856
 699513
 701609
 121795
 420708
 1358415
 117650
 413691
 290584
 294015
 221951
 95978
 310782
 305590
 297096
 173282
 398760
 375288
 558092
 469760
 333312
 1179723
 143411
 968671
 426632
 377421
 1118251
 328223
 376562
 252400
 1080569
 350478
 191999
 504857
 367109
 581722
 661540
 145058
 400992
 84910
 224265
 730268
 970072
 851031
 211328
 619336
 323664
 31640
 756648
 459720
 433732
 132581
 374296
 163386
 653698
 433824
 562346
 118825
 293443
 181192
 451175
 851460
 68153
 830468
 508554
 1102276
 630238
 270844
 290872
 278792
 83465
 970455
 415397
 412151
 138696
 806083
 1167282
 188156
 344819
 123003
 817462
 404098
 1475144
 387955
 501350
 429861
 968039
 459935
 492440
 581903
 144434
 712398
 698608
 495768
 89363
 1180172
 94408
 345287
 397750
 85250
 279289
 374997
 303834
 342746
 456796
 470633
 477216
 202177
 594888
 986276
 140342
 280767
 121748
 298449
 421496
 182504
 861371
 337267
 413571
 197165
 210318
 867400
 437000
 331696
 601328
 303174
 58834
 259628
 149576
 344862
 582221
 147585
 499289
 577594
 106040
 509116
 598608
 477241
 355921
 122090
 805324
 1028775
 340810
 720281
 296317
 1309375
 481027
 196690
 515080
 148800
 716736
 439486
 1186072
 381836
 511631
 390932
 244146
 684168
 1078175
 314197
 1064955
 458950
 280821
 758554
 341023
 397750
 126070
 349816
 491721
 177084
 614274
 307796
 992806
 449092
 98393
 321954
 543258
 99863
 360261
 570281
 268102
 1243984
 264648
 466176
 475139
 63866
 536544
 63050
 352461
 505455
 163833
 1376524
 221418
 537355
 919677
 399718
 638843
 59175
 424564
 346399
 899685
 220812
 413298
 427336
 509440
 149064
 436904
 317936
 179000
 239632
 55304
 881572
 620493
 718038
 445907
 168193
 488941
 693416
 382832
 540498
 281319
 706632
 837511
 482632
 341192
 447912
 134248
 328224
 330184
 270168
 236788
 629304
 364803
 305184
 500416
 124811
 1018765
 201393
 399927
 1248839
 828111
 510262
 213491
 353330
 197479
 331764
 620432
 83638
 443696
 670316
 470291
 728390
 222637
 394695
 370838
 144875
 330546
 555729
 513448
 976769
 229906
 288302
 282894
 282322
 360288
 223423
 462468
 445172
 111775
 377402
 117298
 1049133
 262047
 354123
 538327
 90790
 344514
 507336
 205588
 1340630
 695968
 175476
 1080758
 269435
 590133
 555961
 277584
 126554
 41944
 356568
 938788
 528968
 725502
 486702
 301437
 94052
 409787
 801160
 316552
 728923
 664148
 622960
 754797
 331801
 357804
 562676
 415279
 488754
 394312
 408702
 373607
 227978
 617684
 361366
 115866
 394823
 493944
 316639
 461856
 378772
 497781
 718186
 268036
 259084
 949800
 480151
 250262
 158654
 733887
 1042888
 233309
 1507307
 1268604
 448338
 386140
 184717
 541598
 1151517
 285867
 722687
 347867
 268682
 790730
 230965
 131520
 97285
 260453
 84973
 132428
 909893
 417906
 1382553
 268003
 383281
 323064
 115397
 494018
 470288
 107096
 1192400
 604574
 384837
 520603
 573796
 592503
 461766
 1246233
 234348
 433483
 1249502
 253716
 480790
 264835
 862882
 305408
 317208
 604347
 733854
 1236261
 758167
 381919
 668375
 140643
 277237
 97686
 332453
 70019
 683235
 286370
 125682
 563048
 538646
 388191
 352156
 289434
 86848
 512316
 719207
 377345
 519778
 292858
 592794
 405001
 473329
 179404
 501665
 1279179
 324683
 847002
 137874
 1341313
 303247
 432890
 547863
 431013
 582742
 503938
 195144
 176049
 134294
 309952
 301324
 355299
 280916
 339808
 332984
 154542
 511570
 1158576
 326573
 508145
 545733
 1213321
 482850
 648452
 403080
 598338
 684517
 1191315
 555170
 625287
 363516
 156515
 447052
 855064
 544704
 91261
 638531
 396831
 729290
 795086
 204661
 943766
 216273
 351632
 85985
 412445
 593265
 663157
 303333
 839405
 414700
 376349
 363827
 254183
 347431
 348555
 341487
 268298
 1238488
 285000
 542425
 180788
 189188
 912184
 360528
 418643
 671701
 769131
 269867
 490919
 533266
 333896
 99056
 509472
 1179776
 240168
 308319
 105032
 767478
 587316
 589760
 520000
 135069
 341469
 535316
 477685
 122878
 598238
 102702
 804921
 427351
 431212
 617160
 146904
 402207
 390603
 358134
 371027
 1263672
 238091
 442718
 134901
 364625
 323600
 597112
 283046
 702363
 733115
 364473
 694492
 77008
 321744
 462403
 1105904
 434209
 443395
 53888
 389731
 750811
 275288
 501362
 413331
 536498
 644870
 99446
 441947
 1415646
 390264
 477276
 680706
 524536
 416848
 254339
 465982
 322319
 281190
 893913
 121252
 335791
 761593
 339248
 430465
 497152
 236279
 476396
 585239
 253812
 502782
 147018
 311351
 1076736
 120561
 1107488
 231174
 451179
 1243974
 144205
 416871
 1414601
 203292
 357055
 704382
 502763
 177112
 307736
 515176
 1231585
 656907
 385078
 581207
 70184
 442925
 102770
 524506
 360128
 248133
 368880
 672751
 111029
 529152
 593351
 1328368
 195797
 400052
 606499
 148208
 601382
 413774
 517265
 631205
 247381
 566251
 418015
 424834
 101228
 354089
 607414
 182309
 441011
 240238
 1020745
 609911
 262536
 881936
 287840
 766674
 857225
 312120
 588624
 525120
 126704
 602383
 167747
 220936
 595234
 428003
 446152
 163439
 428642
 106939
 544405
 343209
 174612
 314096
 966818
 583081
 404554
 977232
 997611
 326564
 473511
 1369153
 171724
 452037
 506224
 186527
 434443
 676850
 223522
 330913
 57445
 389329
 76857
 296885
 110074
 1186502
 240460
 590041
 959278
 1066271
 484996
 300870
 1019045
 121342
 586359
 412649
 897732
 503040
 728825
 253324
 185435
 1069547
 153448
 309272
 275632
 851170
 424649
 240144
 205928
 1169255
 102487
 469715
 157357
 368947
 660568
 669100
 175194
 424430
 121827
 442961
 310277
 69403
 463237
 108720
 435091
 389930
 633591
 259305
 562392
 302444
 125377
 580812
 1054955
 3784847
 110821
 382750
 550229
 121214
 131167
 362620
 544740
 466902
 78466
 393118
 505139
 133533
 486084
 332358
 487370
 1117608
 134673
 480900
 386208
 98195
 429616
 476360
 545122
 121837
 517919
 116490
 181328
 191770
 749432
 327448
 423809
 550731
 324521
 356307
 201900
 963759
 555541
 146638
 345841
 576951
 100853
 445789
 1333440
 693896
 221220
 458910
 478577
 155099
 537920
 369638
 205657
 652965
 538912
 459276
 277733
 627667
 590240
 377851
 142718
 168707
 178545
 576051
 600026
 542455
 168174
 570248
 84139
 152652
 266192
 258528
 1214037
 185197
 315664
 355834
 588889
 588799
 1056944
 97678
 514780
 84934
 479944
 574804
 502748
 671200
 576399
 316229
 518136
 415943
 584689
 171417
 570855
 513163
 598556
 419908
 339918
 892384
 489663
 517976
 792741
 489496
 577213
 105751
 749747
 1304734
 149057
 1347223
 173706
 405124
 977498
 879144
 1550036
 159103
 567051
 926732
 363656
 373800
 252760
 330376
 983048
 597944
 443847
 583974
 720899
 174894
 526552
 393891
 211913
 1143711
 154919
 362535
 666169
 214202
 1006851
 490184
 164729
 367588
 259013
 482006
 1280366
 661511
 175580
 689596
 1312132
 260900
 332994
 1304341
 104890
 1231763
 298887
 170726
 473617
 469349
 545878
 478592
 300872
 385428
 40228
 498814
 469039
 490360
 548593
 637393
 211551
 648044
 450481
 270112
 533307
 101498
 521088
 659803
 1063295
 680303
 755870
 4123383
 461261
 604765
 343500
 488650
 220696
 429579
 960171
 1191335
 174534
 1173605
 81329
 560329
 372799
 241376
 303766
 113025
 591301
 61496
 1129112
 251806
 578353
 450133
 540454
 292092
 1034229
 118195
 970482
 422133
 1347231
 91129
 1347425
 135434
 408034
 292614
 246512
 809904
 437063
 110522
 459749
 444768
 549661
 301993
 428766
 582496
 413350
 129632
 286976
 306262
 478303
 485352
 911680
 3871305
 559119
 1121420
 231572
 480894
 463453
 566198
 371286
 826445
 171200
 1129831
 138267
 624572
 513795
 849211
 462670
 191784
 545553
 1156014
 607219
 573452
 272701
 320092
 561257
 711394
 218455
 310947
 1321706
 256002
 299237
 164658
 342271
 573938
 538568
 169240
 492805
 180969
 781639
 934251
 165145
 404003
 150620
 208477
 373568
 603489
 922794
 275497
 512871
 412268
 669056
 552030
 134189
 1039055
 480736
 212241
 561442
 112551
 801043
 315650
 293847
 298504
 471025
 358231
 170488
 816404
 342117
 489239
 191640
 433808
 366080
 122684
 1120345
 595145
 99210
 403051
 324818
 403568
 115365
 1070625
 129205
 306777
 139514
 212592
 685679
 347935
 423635
 651172
 190603
 1151029
 555991
 515535
 88638
 355298
 270852
 248518
 375200
 278750
 360235
 302123
 952243
 387092
 313491
 652631
 759731
 334158
 159041
 1031125
 132233
 1216951
 318263
 406949
 554591
 436722
 185672
 444849
 605695
 1136799
 451149
 1187840
 249471
 981888
 177464
 406013
 438541
 362718
 636016
 376277
 386610
 422568
 64584
 347848
 361712
 53888
 524839
 56501
 349220
 1263501
 130803
 456835
 115152
 479024
 407400
 1220450
 314836
 123285
 347268
 130873
 208358
 359848
 320752
 536680
 501432
 1095632
 107013
 407576
 718268
 341890
 298296
 1165734
 317760
 425688
 470586
 425451
 389023
 305422
 346849
 597745
 522940
 1315162
 510017
 236984
 957996
 91364
 349520
 315633
 589975
 1205010
 179166
 393544
 366352
 271370
 448596
 1089080
 103387
 39547
 450805
 463159
 150873
 290644
 1178552
 254304
 471672
 577384
 458085
 361760
 412471
 539859
 119898
 487664
 1186592
 992504
 442648
 640683
 1179152
 215378
 525137
 116346
 273315
 426410
 81288
 489326
 366816
 119405
 366345
 150476
 592491
 1314166
 249473
 722842
 391464
 1114680
 603604
 362025
 295888
 905938
 219371
 548623
 314232
 169663
 325268
 638260
 247309
 405892
 437335
 408436
 387999
 118560
 533288
 798408
 160912
 349624
 120528
 513768
 569661
 216135
 609660
 439202
 497988
 304185
 269984
 1201376
 1021991
 346458
 453136
 287789
 1050343
 183691
 381015
 166784
 644789
 640104
 330672
 712256
 649392
 85190
 149733
 125201
 322040
 230152
 298432
 609055
 1416436
 179301
 962313
 314874
 351702
 193252
 364024
 870454
 313856
 421680
 361704
 351894
 561224
 171088
 757754
 234832
 436994
 306248
 589847
 1030184
 88122
 753206
 576782
 1227627
 237609
 467431
 274440
 155608
 1123544
 569672
 151008
 695927
 840167
 458164
 709888
 1158634
 114109
 1126981
 288280
 365602
 295267
 110646
 782528
 476299
 675275
 170609
 242672
 191838
 432736
 544157
 351230
 829136
 348428
 979575
 390052
 153652
 882581
 218058
 528463
 581784
 121847
 812146
 635298
 724085
 1110958
 367011
 558444
 585860
 1426669
 248197
 525663
 209302
 373829
 233566
 371540
 401565
 301608
 330857
 314135
 325870
 552730
 533674
 1458551
 225633
 680616
 121660
 245075
 575509
 505948
 166151
 425363
 506407
 105402
 923118
 366582
 552227
 165343
 331141
 468057
 433239
 653426
 178543
 382918
 452323
 221903
 208192
 418372
 178003
 1026624
 124208
 1295336
 231318
 332740
 219152
 273792
 516593
 574033
 270777
 974210
 220817
 383440
 556810
 341765
 591712
 789532
 496029
 370901
 183132
 309816
 213336
 371977
 94574
 320843
 550810
 542784
 313145
 415513
 375366
 311432
 336633
 493221
 110273
 56008
 263052
 538740
 1263884
 353110
 330594
 1089704
 504968
 634894
 123391
 337812
 575925
 490532
 243305
 652961
 1075972
 80830
 63563
 831174
 507675
 397279
 680085
 138714
 519307
 48612
 99096
 1103416
 429539
 613477
 537046
 427234
 657771
 400457
 708350
 246176
 124828
 357136
 520360
 1249342
 207314
 707674
 635639
 352495
 647026
 480994
 136878
 70400
 620931
 47734
 576456
 513886
 113283
 693349
 450620
 506150
 429185
 251195
 276496
 527918
 497680
 631593
 475837
 544285
 724313
 197709
 532776
 699029
 542960
 281516
 442378
 747147
 482194
 292876
 541639
 473696
 88744
 474162
 56198
 365730
 472692
 584205
 285576
 661259
 262655
 479785
 178216
 142304
 366701
 472353
 383242
 181874
 226373
 324675
 315496
 260728
 907007
 111618
 464120
 522476
 699007
 235144
 531064
 669409
 387126
 314950
 537891
 393184
 1427279
 628654
 178926
 473488
 623173
 122674
 300712
 387046
 291288
 698052
 393642
 345765
 60562
 535162
 486880
 167467
 750237
 457251
 410337
 168768
 493256
 1131070
 314977
 442608
 493616
 144008
 463922
 363142
 130824
 431793
 392374
 676891
 485298
 393833
 396304
 191585
 332543
 94792
 450616
 385880
 634560
 236729
 643236
 197048
 164934
 1199353
 377570
 268606
 117224
 310192
 363696
 207003
 487336
 165698
 584114
 454176
 1117946
 155158
 36458
 585617
 1266725
 187808
 941614
 209288
 272137
 637333
 855323
 343764
 417336
 225979
 258268
 659935
 309630
 528943
 1264425
 161482
 1115712
 76283
 566106
 370904
 415808
 262946
 679219
 448637
 422320
 140684
 334158
 114398
 500648
 550629
 467217
 1183345
 468338
 489674
 141960
 218927
 249531
 227791
 108403
 1013616
 376612
 426246
 467190
 239677
 556076
 449945
 1060265
 156399
 297322
 297331
 419088
 247805
 551991
 635514
 292383
 441262
 317871
 1027289
 245967
 771785
 462306
 102031
 775962
 176290
 246208
 510429
 284119
 174667
 384792
 487832
 261944
 349991
 428953
 243607
 372505
 896027
 444831
 1258872
 288088
 628935
 430420
 1077737
 457346
 137960
 654794
 272687
 501127
 73598
 378111
 224076
 452200
 1435803
 349540
 293863
 655206
 469142
 119437
 383443
 742672
 203177
 211907
 229114
 340456
 82683
 381428
 149096
 308305
 544984
 69736
 148376
 708072
 550900
 700249
 631916
 537811
 334032
 905491
 334067
 276302
 312835
 388693
 485185
 577602
 712648
 319310
 67842
 656651
 473442
 471394
 334699
 298346
 1238564
 705742
 474113
 98991
 460323
 167005
 479804
 498178
 493035
 53602
 301849
 574717
 418307
 887943
 411974
 108398
 427377
 484710
 405365
 139913
 579805
 137345
 375614
 542333
 513011
 165070
 461663
 1450183
 249620
 514749
 559545
 189134
 129117
 212709
 187074
 190235
 464691
 266427
 349488
 1098419
 434755
 207182
 59288
 1124865
 263501
 585864
 353304
 1407837
 393054
 422930
 282545
 394493
 351154
 570428
 129486
 448848
 408052
 514983
 233136
 1150833
 279424
 466971
 444389
 520142
 135187
 496367
 91784
 458817
 1173541
 204383
 133364
 243876
 339872
 61106
 951189
 521744
 632944
 275161
 394848
 597179
 270435
 712918
 422297
 496615
 549777
 540373
 227766
 750516
 502240
 323361
 295382
 257482
 670790
 116280
 297013
 166925
 610363
 345753
 515083
 224988
 680655
 1070635
 363482
 837266
 428759
 279084
 352380
 1113084
 284511
 491789
 391447
 480662
 327989
 310733
 504584
 260069
 987088
 87394
 1293147
 656153
 168440
 366598
 131299
 504882
 550569
 565723
 168373
 500387
 544647
 324986
 507927
 567608
 411888
 224736
 388624
 834151
 1014265
 260005
 419136
 94772
 649449
 592180
 449246
 280584
 279632
 121440
 858789
 40362
 552498
 121599
 345563
 505952
 121940
 310087
 145561
 263280
 469952
 96544
 590792
 716477
 1098939
 165007
 312475
 239012
 651243
 168941
 276536
 689936
 552645
 309136
 367800
 477067
 107072
 317640
 176720
 195572
 579694
 561064
 75827
 803847
 496616
 574875
 572648
 462192
 211318
 685022
 683999
 423761
 79063
 1108607
 356492
 853479
 86568
 697872
 442214
 428160
 102873
 257418
 394904
 1075626
 178091
 350612
 462215
 100808
 402070
 649316
 2635500
 285089
 351632
 705608
 175426
 479384
 171124
 540944
 1001794
 478866
 1213418
 467868
 371918
 354904
 481518
 442281
 151350
 753316
 571273
 417609
 6322574
 199447
 100228
 319357
 125848
 328000
 434909
 445624
 533753
 536084
 1309913
 387883
 533879
 540766
 308821
 1062213
 547195
 453848
 165893
 362629
 580151
 935746
 302142
 625701
 424559
 619568
 249520
 305344
 1401153
 459064
 944483
 226653
 415767
 543873
 339808
 280663
 95919
 314579
 441433
 843388
 365565
 224273
 516400
 661180
 165458
 383864
 432716
 196434
 1021231
 187514
 374388
 319208
 605117
 602682
 1260148
 156577
 334575
 514948
 220999
 524219
 350890
 188048
 177836
 490608
 338141
 548680
 541152
 288208
 632432
 422029
 393825
 206455
 535193
 112354
 500707
 414049
 732441
 550592
 1076904
 1365235
 473016
 69204
 634909
 539707
 128347
 362974
 478871
 336400
 337557
 1070087
 649179
 421797
 661530
 259601
 512375
 519811
 145933
 564157
 622437
 1382918
 467307
 342485
 296415
 81405
 324704
 512973
 90287
 304397
 156404
 590055
 435024
 338459
 323550
 1082845
 444417
 217063
 521542
 335288
 224304
 1335678
 386724
 255392
 284673
 610602
 856063
 126329
 1074313
 970994
 344336
 499184
 67584
 668114
 391040
 537655
 362787
 172873
 561402
 620600
 302518
 524167
 203952
 247489
 429456
 238120
 645891
 476660
 681766
 415704
 324035
 722431
 687735
 546354
 719428
 347679
 537471
 465458
 1108650
 714299
 461343
 6001616
 103573
 625033
 1397802
 692191
 176713
 629003
 1135512
 394977
 389845
 322163
 798708
 248580
 491184
 207894
 1245033
 199578
 707964
 276544
 6805416
 573966
 439116
 1558628
 471489
 463364
 531104
 1062555
 414614
 1102440
 220434
 777461
 473529
 441185
 1157059
 1186183
 339824
 281327
 113316
 624376
 359440
 8254213
 548507
 907525
 1038419
 161816
 233311
 574956
 732821
 169303
 552130
 122851
 433867
 656417
 529271
 207648
 481449
 480543
 973508
 607176
 614014
 448487
 540514
 563216
 490151
 519518
 751074
 1229923
 204622
 363660
 1181773
 553614
 386329
 627104
 417713
 1023068
 437649
 508572
 537933
 904216
 1123847
 106326
 124361
 278750
 988921
 1045442
 318142
 404413
 427108
 1007002
 596154
 491086
 537630
 134935
 456488
 130984
 177928
 163336
 414968
 1819282
 545049
 301260
 337013
 973271
 122888
 311696
 157686
 307056
 594648
 83264
 549464
 455682
 164926
 578687
 329612
 262662
 345850
 567982
 84352
 860473
 440018
 536894
 119443
 480278
 585728
 474327
 982672
 360142
 125512
 449375
 592456
 1116671
 430916
 495073
 440528
 355272
 480799
 663861
 559363
 64432
 459991
 1403500
 198997
 504669
 109408
 1036189
 78534
 726912
 684736
 197885
 640512
 159756
 540515
 1387852
 361128
 325857
 237775
 346606
 948946
 567372
 89728
 153593
