# bitfield for header selection is:  0x80000
 dmsrdata
 9148
 6170
 6612
 6778
 6458
 6092
 6503
 6393
 6227
 6985
 6672
 6395
 6278
 6342
 6242
 6469
 6333
 7639
 7097
 6770
 6474
 6352
 6322
 6634
 6411
 6377
 6538
 6296
 6313
 6732
 6195
 8045
 6546
 6626
 6824
 6773
 6298
 8107
 6775
 6797
 6606
 6388
 6423
 6864
 6439
 6624
 6382
 6519
 6413
 6473
 6396
 6403
 6361
 6593
 6672
 6560
 6456
 7290
 6564
 6748
 6651
 8182
 6483
 6473
 7160
 6323
 6156
 6351
 8044
 7226
 6279
 6556
 6307
 6402
 6377
 6456
 6162
 6790
 7171
 6553
 6313
 6264
 6206
 6352
 6569
 6348
 6464
 6192
 6455
 7902
 6468
 6503
 6405
 6383
 6659
 6563
 6374
 7272
 6501
 6660
 6276
 6362
 6491
 6406
 6360
 6401
 6329
 6219
 6885
 6655
 6343
 6197
 6487
 6322
 6455
 6624
 7062
 6689
 6597
 6262
 6238
 6274
 6488
 6111
 6363
 6529
 6139
 6375
 6354
 6433
 6309
 6377
 6336
 6362
 6352
 6284
 6280
 7333
 6539
 6753
 7189
 6192
 6247
 6483
 6432
 6381
 6256
 6258
 7024
 6177
 6570
 6252
 6587
 6373
 6203
 6457
 7208
 6511
 6770
 6339
 6410
 6417
 6347
 6459
 6446
 7650
 10449
 6280
 6335
 6566
 6413
 6356
 6577
 6436
 6407
 6456
 7217
 6700
 6533
 6998
 6513
 6332
 6523
 6329
 6287
 6519
 6491
 6794
 6598
 6464
 6165
 9217
 6836
 6624
 6594
 6595
 7189
 7149
 6881
 6489
 6210
 6415
 6390
 6433
 6455
 6298
 6965
 6571
 6466
 6341
 6143
 6474
 6444
 6180
 6949
 6355
 7164
 6734
 6496
 6418
 6474
 6013
 6534
 6407
 6474
 6355
 6696
 6793
 6174
 6395
 6484
 6597
 6444
 6353
 6298
 6462
 7324
 6820
 6575
 6556
 6438
 6615
 6322
 7370
 6395
 6395
 6314
 6459
 6343
 6560
 6379
 6565
 6480
 6220
 6337
 6957
 6404
 6543
 7088
 6480
 6447
 6286
 6451
 6469
 6257
 6643
 6478
 7078
 6225
 6361
 6476
 6547
 6254
 6479
 6533
 7026
 6746
 6722
 6554
 6562
 6401
 6536
 6531
 6289
 6251
 6351
 6466
 8111
 6660
 8115
 6123
 6434
 6465
 6164
 6708
 7190
 6817
 6574
 10728
 10663
 6456
 6029
 6533
 7833
 10300
 6453
 6967
 6274
 6619
 6532
 6371
 6484
 6502
 6581
 6491
 7290
 7175
 6489
 6656
 6337
 6575
 6326
 6288
 6466
 6428
 6644
 6358
 6336
 7310
 6535
 6684
 6471
 6462
 6387
 6563
 7312
 6164
 6504
 6543
 6526
 6437
 6375
 6509
 6398
 6475
 6464
 6857
 6510
 6626
 6301
 6415
 6673
 6253
 6452
 6618
 7089
 7352
 6670
 6032
 6515
 6492
 6512
 6316
 6514
 6400
 5861
 6651
 6422
 6708
 6115
 6628
 6263
 6390
 6616
 7476
 6573
 6437
 6926
 6316
 7156
 6479
 6320
 6275
 5897
 6858
 6162
 6545
 6509
 6666
 7299
 6430
 6510
 6305
 6380
 6699
 6983
 6762
 6234
 6240
 6320
 6535
 6347
 6411
 6247
 6061
 6441
 7877
 6431
 6427
 6400
 6237
 6540
 6534
 6292
 7361
 6674
 6184
 6752
 6329
 6399
 6307
 6610
 6047
 6468
 6359
 6909
 7698
 6528
 6363
 6386
 6286
 6313
 6222
 6488
 7670
 6655
 6701
 6468
 6217
 6475
 6191
 6600
 6293
 6168
 6436
 6257
 6551
 6297
 6290
 6354
 7138
 6403
 6285
 6467
 7355
 6239
 7477
 5933
 7673
 6028
 8429
 9381
 7291
 6271
 7117
 7072
 6704
 6145
 6630
 6272
 6615
 6494
 6389
 6377
 7352
 6974
 6384
 6682
 6566
 6066
 6662
 6506
 6291
 6131
 6325
 7103
 7696
 6641
 5999
 6677
 6535
 6324
 6238
 6663
 6804
 6596
 6459
 6634
 6521
 6248
 6169
 6572
 6313
 6405
 6409
 6803
 7361
 6437
 6522
 6360
 6283
 6348
 6644
 7278
 6256
 7305
 6578
 6212
 6236
 6443
 6376
 6115
 6220
 6384
 6044
 6737
 9170
 17472
 6589
 6471
 6495
 6125
 6590
 6315
 7166
 6550
 7078
 6052
 6422
 6556
 6437
 6424
 6222
 6469
 6399
 6670
 6409
 6326
 6107
 6956
 6425
 6502
 6519
 7259
 6795
 6951
 6190
 6380
 6427
 6561
 6579
 6459
 6339
 6491
 6266
 6607
 6398
 6369
 6424
 6313
 6470
 6455
 6467
 7243
 6720
 6459
 6756
 7003
 6552
 6416
 6425
 6487
 6451
 6277
 6680
 6645
 6367
 6346
 6370
 6600
 6452
 6498
 6478
 7168
 6910
 6550
 6343
 6112
 6725
 6278
 6580
 6298
 6261
 6429
 6389
 6310
 6343
 6464
 6234
 6603
 6229
 6456
 6845
 10794
 6984
 6442
 6511
 6398
 6352
 6472
 6376
 6256
 6192
 6452
 7349
 6417
 6491
 6180
 8670
 9398
 7805
 6263
 6541
 7285
 6395
 6603
 6615
 6420
 7075
 6504
 6468
 6342
 6413
 6415
 6442
 6431
 6457
 6214
 6382
 6422
 6467
 6480
 7067
 6947
 6288
 6899
 6344
 6247
 6436
 6429
 6394
 6497
 6446
 6398
 7131
 6453
 6658
 6110
 6446
 6222
 6455
 6300
 7323
 6713
 6772
 6392
 6316
 6176
 6425
 6610
 6317
 6281
 6177
 6117
 6632
 6498
 6351
 6400
 6224
 6383
 6291
 6737
 6819
 6504
 7109
 6495
 6210
 6295
 6286
 6914
 6620
 6369
 6067
 6765
 6433
 6434
 6278
 6448
 6399
 6562
 6302
 6570
 7243
 7541
 6574
 6282
 6204
 6546
 6360
 6597
 6223
 6502
 6395
 6369
 6484
 6578
 6079
 6396
 6557
 7629
 18603
 6488
 7178
 6380
 6738
 7143
 6334
 6423
 6514
 6262
 6653
 6306
 6282
 6697
 6373
 6513
 6246
 6451
 6510
 6596
 6075
 6721
 7157
 7044
 6232
 6314
 6795
 6397
 6641
 6764
 7457
 6471
 6503
 6411
 6485
 6499
 6496
 6281
 6159
 6680
 5963
 6791
 7400
 6464
 6729
 6641
 6240
 6507
 6327
 6432
 6071
 6795
 5976
 7630
 6863
 6469
 6234
 6432
 6372
 6339
 6429
 6522
 7089
 7059
 6307
 6397
 6340
 6568
 6400
 6318
 6481
 6425
 6350
 6450
 6508
 6218
 6564
 6475
 6250
 6485
 6447
 7123
 6528
 6379
 6831
 6387
 7054
 6598
 6444
 6462
 6162
 6324
 6971
 6582
 6225
 6420
 6596
 6379
 6318
 6492
 6303
 7287
 6551
 6634
 7264
 6335
 6489
 6302
 6377
 6368
 6409
 6117
 6516
 6313
 6458
 6176
 6534
 6334
 6175
 6581
 6232
 7144
 6630
 6488
 10123
 9881
 10272
 10221
 9869
 9886
 9189
 9174
 9875
 10147
 9405
 10151
 9159
 9857
 9867
 9083
 10006
 9759
 10957
 9284
 10500
 9169
 9874
 9172
 9169
 9190
 9174
 9187
 9175
 6237
 6598
 6213
 5886
 7542
 6578
 6512
 6425
 7383
 6324
 6652
 6492
 6320
 6662
 7714
 6317
 10771
 6475
 6507
 6776
 6167
 6403
 6527
 6467
 6529
 6302
 6540
 7045
 6898
 6776
 6305
 6569
 6361
 6455
 6513
 6357
 6394
 6439
 6551
 6477
 6481
 6482
 6520
 6422
 6351
 6407
 6233
 7560
 6273
 6655
 6803
 6508
 6368
 6655
 6352
 6397
 6541
 6234
 6865
 6424
 6409
 6484
 6377
 6600
 6466
 6896
 6580
 7189
 6670
 6586
 6426
 6511
 6469
 6391
 6426
 6615
 6544
 6218
 6477
 6629
 6396
 6406
 6451
 6490
 6274
 6302
 6207
 7527
 6713
 6512
 6147
 6778
 6304
 6333
 6450
 6569
 6383
 6323
 7338
 5967
 6740
 6493
 6396
 6591
 6539
 6093
 6617
 7374
 6665
 6535
 6451
 6005
 6641
 6202
 6464
 6441
 6757
 6030
 6462
 7508
 6543
 6508
 6295
 6320
 6283
 6555
 8180
 6534
 6558
 5753
 6861
 8102
 7958
 6739
 6079
 6543
 6682
 6406
 7202
 6289
 6438
 6262
 6519
 6383
 6167
 6190
 6611
 7210
 7003
 6467
 6278
 6259
 6418
 6433
 6252
 6167
 6747
 6334
 6550
 6413
 6445
 6304
 6534
 6479
 6188
 6372
 7630
 6289
 6435
 7036
 6228
 6474
 6563
 6467
 6330
 6473
 6611
 6359
 6683
 6245
 6482
 6454
 6592
 6279
 6361
 6329
 6455
 7564
 7111
 7180
 6304
 6637
 6316
 6551
 6458
 6245
 6505
 6547
 6481
 6472
 6258
 6217
 6662
 6048
 6519
 6091
 7617
 6537
 7999
 6844
 5996
 6630
 8705
 6999
 6388
 6385
 6341
 7129
 6697
 6328
 6386
 6383
 6367
 6253
 6374
 6522
 7603
 6998
 6369
 6371
 6192
 6205
 7320
 13334
 6766
 6268
 6638
 6603
 6207
 6451
 6300
 6553
 6369
 6518
 6577
 6564
 7381
 6426
 6652
 6863
 6292
 6499
 6356
 7303
 6360
 6424
 6395
 7267
 6837
 6281
 6419
 6515
 6687
 6266
 6299
 7197
 6672
 7961
 7222
 6441
 6605
 8083
 6516
 6760
 6095
 6480
 6384
 6185
 6991
 6440
 6033
 6629
 6503
 5994
 6097
 7590
 6648
 6595
 6511
 6422
 6479
 6392
 6441
 6338
 7287
 6347
 6448
 6914
 7076
 6180
 6556
 6439
 6096
 6654
 6473
 7087
 6701
 6663
 6476
 6352
 6348
 6696
 6192
 5904
 6791
 6127
 6453
 6442
 6250
 6634
 6370
 6498
 6192
 6709
 6357
 7531
 6586
 6712
 6659
 6314
 6385
 6558
 6494
 6325
 8344
 7112
 6714
 6365
 6325
 6442
 6456
 6263
 6534
 6326
 6355
 7448
 7313
 6501
 6256
 6426
 6495
 6521
 6399
 6022
 6676
 6499
 6321
 6307
 6337
 6585
 6441
 6583
 6797
 5973
 6461
 7055
 6592
 6622
 6259
 6514
 6566
 6537
 6433
 6323
 6404
 7074
 6833
 6206
 6295
 6421
 6420
 6549
 6307
 6377
 6250
 7454
 9205
 8862
 6142
 6303
 6579
 6370
 6322
 6276
 6383
 6441
 6720
 6521
 6521
 6118
 6636
 6330
 6549
 6236
 6587
 6909
 6823
 6841
 6396
 6543
 6405
 6681
 6405
 5892
 6550
 6483
 6940
 6390
 6249
 6466
 6549
 6083
 6853
 6272
 6335
 7227
 6502
 6851
 6293
 6129
 6522
 6362
 6377
 6336
 6306
 6432
 15640
 6559
 7012
 6467
 6305
 6467
 6744
 6132
 6967
 6990
 6486
 6858
 6368
 6208
 6914
 6263
 6323
 6143
 6437
 7169
 6535
 6437
 6229
 6563
 6383
 6563
 6436
 6415
 8007
 9978
 6650
 6324
 6367
 6393
 6221
 6350
 6089
 6331
 6422
 6406
 6550
 6423
 6368
 6288
 6385
 6518
 6460
 6045
 7929
 6186
 6626
 6718
 6353
 6612
 6342
 6454
 6153
 6376
 6384
 6738
 6539
 6561
 6150
 6393
 6427
 6543
 6964
 6610
 7284
 7166
 6789
 6371
 6287
 6470
 6183
 6338
 6758
 6467
 6441
 6473
 6642
 6480
 6384
 6492
 6503
 6400
 6629
 6490
 7347
 6516
 7011
 6340
 6265
 6478
 6416
 6463
 6360
 6249
 6416
 6729
 6670
 8255
 6582
 6467
 6546
 6611
 6633
 6682
 7157
 6839
 6400
 6425
 6664
 6451
 6436
 6276
 6374
 6374
 6361
 6246
 6420
 6255
 6187
 6588
 6352
 6561
 6166
 8189
 6288
 6305
 6840
 6356
 6377
 6388
 6179
 6675
 6338
 6238
 6934
 6349
 6248
 6434
 6396
 6447
 6472
 6197
 6508
 7666
 6932
 6323
 6238
 6312
 6334
 6591
 5993
 6651
 6386
 6283
 6401
 6411
 6683
 6227
 6192
 6495
 6332
 6376
 6226
 7231
 6658
 6514
 6517
 6310
 6440
 6433
 6134
 9811
 7641
 6467
 6473
 6583
 6462
 6441
 6527
 6380
 6280
 6430
 6416
 7485
 8273
 11289
 7648
 6387
 6353
 6214
 6401
 6364
 6332
 6404
 6486
 6604
 6223
 6528
 6228
 6521
 6466
 6248
 6360
 7504
 6814
 6478
 6470
 6462
 6456
 6482
 6308
 6325
 6220
 6473
 6718
 6454
 6322
 6443
 6559
 6504
 6373
 6201
 6279
 7384
 7468
 6443
 6478
 6392
 6251
 6139
 6747
 6397
 6465
 6325
 7404
 7645
 10669
 6959
 5883
 6835
 6364
 6194
 6292
 10630
 7490
 7396
 6439
 6439
 6256
 6579
 6299
 6372
 6318
 6600
 6368
 6441
 6349
 6637
 6590
 6480
 6168
 6484
 7197
 6947
 6734
 6827
 6664
 6188
 6517
 6358
 6524
 6269
 6320
 6300
 7898
 6409
 6140
 6471
 6320
 6432
 6478
 6263
 7520
 6326
 6534
 7039
 6026
 6580
 6014
 6722
 6437
 6050
 6697
 6766
 6441
 7445
 7585
 6609
 6347
 6170
 6350
 6512
 7227
 6678
 6457
 6526
 7389
 6616
 6283
 6456
 6446
 6370
 6372
 6368
 6455
 6284
 6129
 6650
 6434
 6274
 6391
 6234
 6844
 6543
 6678
 6430
 6567
 6504
 6494
 6203
 6398
 6257
 6322
 6851
 6361
 6387
 6426
 6367
 6466
 6392
 6153
 6426
 7740
 6901
 6236
 7222
 6298
 7092
 6719
 6307
 6357
 6413
 6356
 6557
 6353
 6166
 6285
 6417
 6220
 6097
 6421
 7186
 6400
 6548
 6276
 6408
 6521
 6424
 6365
 6229
 6333
 6354
 7039
 6756
 6485
 6491
 6340
 6362
 6091
 6825
 6283
 7345
 8825
 7061
 6421
 6299
 6206
 6484
 6206
 6312
 6346
 6340
 6444
 6181
 6495
 6403
 6300
 9580
 9068
 6511
 6272
 7360
 6727
 6253
 7018
 6139
 6506
 6571
 6382
 6317
 6249
 6429
 6697
 6462
 6290
 6416
 6443
 6579
 6401
 6555
 6429
 7411
 7094
 6622
 6419
 6243
 6570
 6613
 6543
 6878
 6423
 6371
 6579
 6956
 6145
 6441
 6492
 6126
 7683
 6365
 6612
 9846
 7948
 6572
 7331
 6395
 6798
 6691
 6519
 6267
 6462
 6465
 6592
 6396
 6569
 6276
 6470
 6295
 6170
 6930
 6807
 7087
 6882
 6133
 6429
 6525
 6703
 6488
 6478
 5866
 6900
 6509
 6497
 6492
 6372
 6412
 6623
 6290
 6560
 6277
 6236
 7319
 6657
 6818
 6404
 6285
 6445
 6230
 6678
 6509
 6314
 6601
 7104
 6709
 6506
 6460
 6293
 6225
 5918
 6832
 6962
 6738
 6978
 8175
 6642
 6172
 6456
 6144
 6352
 6458
 6260
 6314
 6485
 6147
 6397
 6513
 6534
 6365
 6216
 6395
 6791
 6552
 6418
 6664
 6389
 6219
 6477
 6258
 6660
 6472
 6134
 7179
 6253
 6212
 6266
 6360
 6580
 6292
 6258
 6502
 7319
 6728
 6447
 6187
 6393
 6262
 6651
 6511
 6396
 6445
 6399
 6440
 6486
 6516
 6730
 6477
 6604
 6427
 6349
 6530
 6894
 6594
 6392
 6555
 6134
 6584
 6158
 6410
 6403
 6267
 6585
 6811
 6409
 6413
 6033
 6561
 6241
 6411
 6510
 6416
 7330
 8100
 6346
 6470
 6249
 6623
 6352
 6235
 6518
 6331
 6777
 6412
 6541
 6327
 6478
 6416
 6307
 6378
 6299
 6759
 7087
 6272
 6549
 6308
 6433
 7938
 12154
 6354
 6263
 6085
 6638
 7468
 6473
 6328
 6273
 7422
 6748
 6456
 6157
 6469
 7488
 7020
 6235
 6609
 6535
 6100
 6418
 6711
 6328
 6353
 6341
 6607
 6686
 6411
 6322
 6094
 6508
 6024
 6232
 7046
 7259
 6266
 6927
 6479
 6188
 6261
 6220
 6485
 6333
 5577
 7282
 6857
 6409
 6238
 6324
 6042
 6598
 6508
 6367
 7996
 10167
 6534
 6288
 6344
 6634
 6174
 6311
 6507
 6233
 6702
 6318
 6768
 6376
 6270
 6538
 6161
 6424
 6230
 6171
 7607
 6397
 7175
 6665
 6441
 6384
 6262
 6513
 6368
 6332
 6368
 6838
 6435
 6663
 6595
 6351
 6387
 6513
 6420
 6390
 7207
 7540
 6164
 6730
 6235
 6362
 6587
 6489
 6415
 6254
 6500
 6539
 6426
 6645
 6297
 6549
 6363
 6379
 6378
 6299
 7313
 6634
 7045
 12177
 10496
 10967
 10659
 9989
 10574
 9730
 9737
 8537
 6601
 6509
 6256
 6583
 6182
 6453
 6137
 6588
 6904
 6858
 6530
 6472
 6365
 6367
 6423
 6259
 6473
 6263
 6370
 6199
 6917
 6174
 6811
 6736
 6363
 6371
 6311
 7221
 6181
 6388
 6827
 6366
 6472
 6574
 6377
 7040
 9554
 6143
 6656
 6410
 6093
 6431
 6449
 6335
 6474
 7221
 6297
 6478
 7756
 6553
 6452
 6455
 6361
 6304
 6328
 6396
 6228
 6173
 6551
 5907
 6869
 6544
 6398
 6285
 6556
 6441
 6115
 7355
 6407
 6580
 6699
 6222
 6968
 6452
 6412
 6446
 6294
 6288
 6875
 6567
 6463
 6364
 6509
 6790
 6350
 6474
 6482
 7293
 6878
 6529
 6433
 6302
 6413
 6239
 6613
 6308
 6540
 6230
 6461
 6401
 6458
 6267
 6489
 6516
 6181
 6313
 6492
 7131
 7381
 6408
 6946
 6353
 6285
 6569
 6123
 6587
 6370
 6164
 7139
 6488
 6282
 6401
 6412
 6368
 6456
 6242
 7063
 10710
 7083
 6475
 6356
 6564
 6294
 7207
 6530
 6271
 6198
 6309
 7864
 6433
 6430
 6335
 6376
 6505
 6901
 6192
 7324
 6419
 6599
 6440
 6286
 6484
 6297
 6200
 6421
 6382
 5978
 6542
 11183
 6436
 6343
 6325
 6318
 6437
 6603
 6239
 6941
 6705
 7255
 6478
 6451
 6323
 6376
 6528
 6111
 6365
 6387
 6344
 6440
 6068
 6368
 6284
 6453
 6400
 6574
 6315
 7342
 6566
 6601
 6656
 6123
 6568
 6241
 6661
 6752
 6579
 6281
 6589
 6593
 6218
 6268
 6292
 6292
 6450
 6098
 6784
 6965
 7233
 6729
 6855
 6407
 6310
 6226
 6323
 6325
 6247
 6533
 6351
 6471
 6248
 6211
 6363
 6543
 6336
 6449
 6645
 6633
 6690
 6590
 6498
 6171
 6341
 6372
 6480
 6469
 6076
 6462
 6725
 6582
 6337
 6293
 6466
 6459
 6270
 6120
 6637
 7547
 6942
 6316
 6291
 6226
 6517
 6331
 6337
 6249
 6621
 6334
 6119
 6536
 6121
 7160
 11429
 6483
 6293
 6469
 6589
 7121
 6659
 6801
 6419
 6452
 6512
 6516
 6164
 6319
 6421
 6493
 7363
 6482
 6158
 6560
 6545
 6258
 6503
 6406
 7314
 6647
 7417
 6499
 5955
 6679
 6436
 6288
 6490
 6506
 5986
 6649
 6476
 6516
 6442
 6569
 6247
 6604
 6207
 6125
 7341
 6709
 6237
 6610
 6389
 6432
 6417
 6345
 6595
 6430
 6682
 6992
 6438
 6373
 6435
 6277
 6861
 6440
 6518
 6487
 7558
 7485
 6403
 6552
 6051
 6575
 6546
 6354
 6415
 6094
 6567
 6444
 6525
 6317
 6286
 6307
 6360
 6282
 6672
 6516
 9326
 8309
 6482
 6799
 6118
 6422
 6429
 6453
 6374
 6525
 6505
 6567
 6513
 6481
 6340
 6173
 6836
 6425
 6602
 6379
 7005
 7326
 6448
 6394
 6337
 6319
 6515
 6425
 6817
 7233
 6325
 6349
 6211
 6435
 6115
 6515
 6492
 6986
 6558
 7323
 6398
 9469
 7396
 6366
 6512
 6097
 6568
 6502
 6429
 6453
 6381
 6837
 6195
 6452
 6309
 6382
 6562
 6054
 6350
 6535
 7540
 6974
 6202
 6728
 6167
 6511
 6234
 6525
 6559
 6203
 6356
 6624
 6493
 7251
 6526
 6410
 6683
 6283
 6557
 6959
 6856
 6530
 6517
 6774
 6378
 6410
 6573
 6367
 6298
 6271
 6609
 6591
 6593
 6272
 6336
 6393
 6614
 6575
 6768
 7350
 7175
 6570
 6287
 6440
 6363
 6526
 6472
 6029
 6559
 6021
 6215
 6876
 6314
 6812
 6503
 6229
 6313
 6481
 6530
 7333
 6686
 6444
 6499
 6393
 6517
 6616
 6248
 6286
 6311
 12453
 7926
 6752
 6354
 6278
 6539
 6412
 6581
 6084
 6660
 7457
 7301
 6387
 6369
 6430
 6424
 6709
 6297
 6639
 6516
 6156
 6521
 6297
 6278
 6428
 6635
 6499
 6369
 6448
 6000
 7995
 6718
 6486
 6208
 6413
 6634
 6473
 6099
 6523
 6285
 6433
 6727
 6511
 6228
 6387
 6359
 6601
 6473
 6190
 7145
 6217
 7179
 6649
 6535
 6301
 6347
 6803
 6321
 6424
 6497
 6120
 6602
 6301
 6424
 6330
 6252
 6335
 6623
 6299
 7027
 6763
 6381
 6606
 6460
 6257
 6593
 6480
 6524
 5992
 6449
 6857
 6431
 6497
 6151
 6588
 6319
 6433
 6181
 6592
 7219
 6450
 6637
 6553
 6381
 6205
 6354
 7013
 6571
 6560
 6441
 6132
 6691
 6794
 6253
 6323
 6463
 6560
 6394
 6427
 7569
 6272
 6548
 6597
 6407
 6175
 6418
 6297
 6670
 6164
 6640
 7937
 6484
 6307
 6349
 6377
 6229
 6298
 6181
 6649
 7316
 6671
 6763
 6278
 6311
 6226
 6376
 6329
 6896
 6670
 6330
 6338
 6735
 6470
 6169
 6308
 6358
 6462
 6641
 6036
 7374
 6640
 6235
 6731
 6382
 6258
 6403
 6179
 11845
 6443
 6462
 7145
 6401
 6455
 6340
 6358
 6357
 6508
 6577
 6317
 6921
 6910
 6557
 6399
 6319
 6279
 6536
 6191
 6519
 6555
 6587
 6191
 6868
 6556
 6208
 6103
 6377
 6483
 6478
 7161
 6525
 6315
 6543
 6365
 6326
 6307
 6367
 6357
 6481
 6509
 6330
 6798
 6445
 6575
 6247
 6271
 6543
 6496
 6432
 7109
 6569
 6663
 6306
 6508
 6233
 6539
 6056
 6658
 6299
 7298
 6383
 6368
 6664
 6250
 6323
 6506
 6412
 6475
 6335
 7070
 6491
 10077
 7259
 6585
 6397
 6463
 6384
 6236
 6388
 6239
 7260
 6400
 6285
 6572
 6350
 6291
 6563
 6287
 6337
 7300
 7276
 6697
 6323
 6481
 6554
 6355
 6473
 6287
 6271
 6383
 6549
 7970
 6206
 6514
 6448
 6446
 6621
 6736
 6532
 7240
 6539
 6693
 6293
 6338
 6553
 6312
 5988
 6580
 6572
 6516
 8088
 6321
 6204
 6290
 6262
 6515
 6140
 6384
 6938
 6629
 7011
 6539
 6249
 6370
 6597
 6222
 6602
 6254
 6266
 6324
 6605
 6441
 5983
 6741
 6461
 6275
 6319
 6337
 6485
 7221
 6591
 6566
 6268
 6249
 6330
 6521
 6213
 6383
 6402
 6308
 6852
 6704
 6722
 6497
 6291
 6302
 6154
 6556
 6420
 6851
 7301
 7193
 6397
 6276
 6183
 6516
 6170
 6456
 6193
 6480
 6659
 6760
 6242
 6433
 6296
 6500
 7195
 6319
 7344
 6492
 6369
 6669
 6456
 6293
 6231
 6964
 6342
 6339
 6349
 6506
 6295
 6662
 6675
 6427
 6405
 6462
 6468
 6340
 7100
 6724
 6692
 6634
 6239
 6417
 6408
 6448
 6311
 6432
 6535
 6421
 6465
 6667
 12984
 14513
 6408
 6594
 6186
 6391
 7327
 6853
 6296
 6702
 6244
 6804
 6541
 6399
 6301
 8581
 6934
 6905
 6545
 6433
 6735
 6457
 6277
 6448
 6481
 6914
 7355
 6872
 6656
 6425
 6346
 6604
 6416
 6325
 6336
 6271
 6562
 6867
 6605
 6532
 6562
 6302
 6399
 6367
 6301
 6317
 7227
 7085
 6261
 6994
 6339
 6265
 6564
 6198
 6478
 6315
 6415
 7170
 7765
 6307
 6291
 6997
 6470
 6444
 6494
 7150
 6347
 7338
 6332
 6512
 6313
 6198
 6565
 6546
 6288
 6422
 6427
 6646
 5786
 6880
 6165
 6807
 6458
 6374
 6300
 7182
 7084
 6643
 6748
 6354
 6250
 6489
 6492
 6472
 6249
 6308
 6936
 6699
 6534
 6639
 7844
 6817
 8437
 7384
 6550
 7484
 6796
 8042
 6865
 6511
 6137
 6561
 6160
 6523
 6320
 6194
 6465
 6256
 6448
 6624
 6274
 6489
 6717
 6311
 6356
 7266
 6681
 6544
 6390
 6506
 6293
 6278
 6399
 6479
 6366
 6431
 6605
 6456
 6467
 6476
 6390
 6278
 6509
 6412
 6063
 7328
 7004
 6712
 6229
 6403
 6319
 6965
 6255
 6513
 6462
 6340
 6277
 6484
 6326
 6307
 6117
 6765
 6503
 6457
 7329
 6397
 6558
 6329
 6556
 6379
 6106
 6656
 6495
 6330
 6255
 6648
 6633
 6167
 6435
 6302
 6267
 6348
 6384
 6592
 6403
 7391
 8775
 9007
 6435
 6314
 6328
 6348
 6548
 6265
 6208
 6672
 6266
 6549
 6102
 6406
 6264
 6539
 6480
 9294
 18851
 6332
 6727
 6581
 6906
 6516
 6156
 6597
 6422
 6372
 6363
 6367
 6895
 6458
 6521
 6287
 6447
 6675
 6281
 6822
 7505
 6771
 6696
 6437
 6346
 6546
 6391
 6469
 6402
 6170
 6427
 6553
 6555
 6432
 6226
 6489
 6324
 6611
 6514
 6137
 7497
 6747
 6304
 6604
 6412
 6238
 6388
 6483
 6280
 6460
 6399
 6883
 6371
 6412
 6260
 6677
 6250
 6963
 6358
 6401
 7334
 7004
 6606
 6338
 6476
 6508
 6518
 6505
 6204
 6091
 7405
 6235
 6447
 6423
 6490
 6263
 6260
 6424
 6452
 6416
 7771
 6315
 6755
 6604
 6384
 6281
 6075
 6322
 6414
 6330
 6238
 6685
 6499
 6333
 6393
 6483
 6442
 6257
 6649
 7197
 6422
 7578
 6498
 6464
 6570
 6369
 6358
 6429
 6173
 6557
 6314
 6417
 6710
 6308
 6421
 6693
 6382
 6389
 6442
 7256
 6536
 6694
 7951
 6750
 6277
 6204
 6436
 6436
 6201
 6550
 6423
 6806
 6472
 6466
 6374
 6329
 6333
 6247
 6416
 6952
 6601
 6791
 6345
 6468
 6295
 6702
 6077
 6522
 6237
 6593
 6037
 6564
 6485
 6386
 5861
 6719
 6388
 6459
 6333
 6935
 6761
 6408
 6940
 6491
 6364
 6262
 6447
 8374
 8263
 6505
 6522
 6376
 6697
 6219
 6147
 6584
 6625
 6599
 6201
 7015
 6934
 6910
 6647
 6338
 6219
 6517
 6278
 6483
 6069
 6720
 6643
 6051
 7184
 6692
 6139
 6144
 6232
 6588
 6476
 6873
 6344
 7147
 7021
 6423
 6425
 6415
 6560
 6889
 6835
 6396
 6655
 6580
 6429
 6419
 6588
 6044
 6696
 6327
 6232
 7147
 7083
 6707
 6606
 6189
 6631
 6279
 6498
 6591
 6255
 6629
 6362
 6700
 6136
 6583
 6410
 6396
 6465
 6472
 6822
 7114
 6522
 6797
 6666
 6086
 6596
 6512
 6288
 6550
 6194
 6319
 6923
 6292
 6640
 7766
 6445
 6561
 6264
 6486
 7177
 7626
 7405
 6324
 6219
 6948
 6425
 6306
 6226
 6373
 6482
 6531
 7408
 6399
 6394
 6256
 6430
 6287
 6155
 6956
 6864
 6640
 6665
 6835
 7915
 9653
 7808
 6289
 6428
 6384
 6218
 7013
 6397
 6326
 6267
 6161
 6417
 6569
 6484
 6479
 7317
 6695
 6533
 6248
 6621
 6296
 6549
 6510
 6131
 6418
 6507
 6275
 6538
 6438
 6189
 6688
 7196
 6243
 6456
 6325
 7599
 7012
 7314
 6780
 6983
 6630
 7364
 6702
 6299
 6417
 6503
 6702
 6178
 6512
 6469
 6219
 6144
 6751
 6359
 6191
 7309
 6789
 6197
 6847
 6245
 6050
 6261
 6503
 6155
 6278
 6473
 6205
 6495
 6817
 6427
 6459
 6182
 6568
 6364
 6448
 7309
 6758
 6613
 6411
 6363
 6400
 6292
 6566
 6332
 6460
 6434
 6953
 6870
 6679
 6532
 6291
 6453
 6687
 6473
 6324
 7290
 7217
 6376
 6237
 6397
 6895
 6614
 8169
 11174
 6553
 5975
 6876
 6392
 6536
 6429
 6274
 6404
 6518
 6643
 7201
 6590
 6511
 6936
 6384
 6563
 6475
 6447
 6622
 6423
 6426
 6789
 6683
 6307
 6486
 6431
 6543
 6218
 6654
 6600
 6616
 8275
 6561
 6597
 8715
 6525
 6402
 6377
 6461
 6373
 6145
 6589
 6075
 6609
 6520
 6428
 6231
 6315
 6354
 6289
 7590
 6390
 6695
 6765
 6875
 6283
 6451
 6368
 6326
 6421
 6293
 6793
 6422
 6487
 6637
 6321
 6436
 6435
 6524
 6570
 7257
 7024
 6708
 6464
 6491
 6394
 6558
 6554
 6216
 6628
 6478
 6320
 6521
 6368
 6201
 6354
 6223
 6560
 6445
 6527
 7275
 6821
 6615
 6296
 6466
 6434
 6439
 6310
 7295
 6582
 8105
 6595
 6229
 6490
 6437
 6399
 6536
 6202
 6375
 7614
 6494
 6881
 6683
 6394
 6383
 7025
 6242
 6484
 6237
 6331
 6725
 6197
 6484
 6467
 6283
 6519
 6544
 6483
 6373
 5822
 8166
 6391
 6612
 6633
 6230
 6183
 6678
 7359
 6513
 6170
 6916
 6455
 6266
 6450
 6315
 6234
 6377
 6411
 6352
 7300
 6990
 6600
 6764
 6418
 6158
 6199
 6348
 6397
 6515
 6300
 6469
 6318
 6787
 6330
 6110
 6387
 6572
 6380
 6382
 7266
 6605
 6434
 6694
 6132
 6416
 6360
 7127
 6191
 6324
 6155
 6966
 6411
 6769
 6114
 6507
 6332
 6549
 6417
 6335
 7471
 7202
 6561
 6356
 6454
 6280
 6473
 6229
 6271
 6310
 6347
 6388
 7256
 12486
 9927
 7281
 6342
 6493
 6259
 6359
 7397
 6573
 6387
 8164
 6214
 6528
 6487
 6423
 6267
 6218
 6327
 6903
 6335
 6624
 6463
 6383
 6386
 6434
 6081
 6641
 7310
 6855
 6669
 6296
 6340
 6326
 6371
 6459
 7148
 5953
 6804
 6442
 6302
 6668
 6474
 6220
 6385
 6660
 6398
 7087
 9290
 6345
 6411
 6430
 6430
 6145
 6308
 6441
 6524
 6256
 6368
 7052
 6407
 6494
 6308
 6372
 6572
 6355
 6304
 6369
 9623
 7473
 6534
 6603
 6306
 6485
 6342
 6311
 6162
 6461
 6537
 6350
 6217
 6262
 6846
 6187
 6550
 6544
 6404
 6979
 6382
 7065
 6645
 6548
 6514
 6146
 6575
 6606
 6337
 6480
 6518
 6461
 6349
 6540
 8196
 6121
 6497
 6047
 6678
 7125
 7504
 6461
 6429
 6485
 6244
 6336
 6616
 6365
 6203
 6371
 6531
 6313
 6468
 6250
 6761
 6293
 6513
 6521
 6417
 7451
 6310
 6906
 7000
 6278
 6402
 6393
 6205
 6649
 6277
 6355
 6678
 6421
 6414
 6474
 6435
 6558
 6396
 6296
 7166
 6816
 7020
 6518
 6250
 6247
 6470
 6578
 6357
 6740
 6173
 6467
 6437
 6279
 6314
 6370
 6401
 6872
 6506
 6519
 6162
 7390
 6593
 6839
 6456
 6450
 6530
 6496
 6413
 13779
 6344
 6430
 6607
 6256
 6342
 6332
 6334
 6391
 6722
 6187
 6747
 7055
 7063
 6432
 6459
 6340
 6437
 6355
 6530
 6225
 6479
 6280
 6274
 6675
 6142
 6436
 6470
 6380
 6685
 6124
 7514
 6664
 6404
 6717
 6302
 6508
 6604
 6255
 6602
 6167
 6540
 7143
 6428
 6358
 6650
 6153
 6538
 6580
 6506
 6580
 6529
 7403
 6381
 6550
 6377
 6224
 6323
 6370
 6576
 6163
 6615
 6363
 6422
 6521
 6623
 6405
 10697
 6487
 6566
 6433
 7453
 6517
 6784
 6521
 6224
 6230
 6398
 6205
 6266
 6231
 6492
 7369
 6459
 6684
 6225
 6248
 6351
 6218
 6419
 6398
 9369
 8447
 6785
 6078
 6786
 6368
 6367
 6215
 6527
 6259
 6393
 6768
 7369
 6617
 6239
 6398
 6288
 6486
 6485
 7326
 7150
 6725
 6726
 6450
 6288
 6377
 6286
 6548
 6253
 6304
 6702
 8283
 6385
 6145
 6273
 6307
 6313
 6379
 6421
 6448
 7201
 7228
 6414
 6494
 6304
 6380
 6571
 5998
 6683
 6384
 6167
 6480
 6333
 6506
 6133
 6264
 6318
 6612
 6594
 6494
 7179
 6584
 6745
 6217
 6209
 6412
 6170
 6532
 6286
 6274
 6704
 6380
 5999
 6391
 6679
 6273
 6222
 6313
 6325
 6948
 8089
 6235
 7056
 6404
 6442
 6433
 6308
 6262
 6159
 6408
 6432
 6788
 6497
 6440
 6198
 6258
 6229
 6632
 6453
 7321
 6508
 6612
 6864
 6422
 6407
 6478
 6351
 6460
 6285
 6419
 6718
 6404
 6529
 6297
 6103
 6435
 6328
 6396
 6486
 7352
 6887
 6485
 6472
 6182
 6488
 6345
 6177
 6426
 6448
 6676
 6443
 13361
 7489
 6561
 6181
 5653
 6880
 6284
 6540
 8650
 6724
 7068
 8319
 9524
 6687
 6710
 7353
 6304
 6593
 6601
 6878
 6600
 6670
 6421
 6339
 6431
 6671
 6665
 6309
 7518
 6943
 6614
 6641
 6368
 6460
 6637
 6688
 6268
 6666
 6552
 6637
 6304
 6525
 6408
 6494
 6131
 7177
 7962
 8748
 6554
 6289
 6803
 6736
 6649
 6274
 6416
 6884
 6843
 6625
 6519
 6515
 6410
 6381
 6344
 6271
 5925
 6851
 6676
 8829
 10194
 9206
 6483
 6367
 6385
 6605
 6637
 6361
 7288
 6105
 6893
 6495
 6389
 6512
 6376
 6333
 6407
 6706
 6318
 7684
 9621
 6381
 6786
 6239
 6494
 6149
 6346
 6399
 6549
 7399
 6855
 6678
 6168
 6756
 6617
 6249
 6414
 6539
 6435
 7335
 6993
 6547
 6539
 6169
 6390
 6613
 6280
 6183
 6383
 6485
 8221
 9242
 7572
 6853
 6376
 6385
 6343
 6470
 6458
 7407
 6580
 6656
 6563
 6248
 6397
 6486
 6484
 6686
 6346
 7390
 7190
 6386
 6505
 6362
 6373
 6366
 6382
 6328
 6349
 7421
 7455
 10152
 6363
 6199
 6531
 6509
 6511
 6388
 6263
 6418
 6445
 6541
 6502
 6477
 6311
 6374
 6362
 6434
 6113
 7100
 6155
 7201
 6318
 6214
 6549
 6319
 6421
 6158
 6487
 6289
 7071
 6490
 6466
 6252
 6413
 6362
 6617
 6307
 7258
 6712
 6500
 6462
 6389
 6410
 6438
 6510
 6409
 6281
 6152
 6525
 6976
 6555
 6420
 6297
 6539
 6394
 6212
 6542
 7175
 6739
 6455
 6770
 6452
 6442
 6593
 6485
 6388
 6376
 6354
 6694
 8601
 9897
 6194
 6455
 6310
 6388
 6495
 6488
 7051
 7239
 6636
 6386
 6324
 6279
 6395
 6515
 6554
 6415
 6271
 6549
 6445
 6353
 6075
 6569
 6442
 6258
 6307
 6636
 7393
 6454
 6532
 7333
 6208
 6393
 6267
 6512
 6354
 6516
 6316
 6945
 6151
 7484
 6412
 6387
 6417
 6350
 6690
 6249
 7508
 7169
 6343
 6560
 6307
 6811
 6487
 6185
 6803
 6079
 6663
 6486
 6241
 6464
 6426
 6455
 6564
 6369
 6450
 7197
 10731
 10858
 6947
 6553
 6303
 6585
 6241
 6350
 6596
 6460
 6196
 6950
 6521
 6358
 6458
 6235
 6016
 6554
 6414
 6455
 9988
 7934
 6452
 6353
 6489
 6539
 6824
 7356
 6517
 6590
 6651
 6476
 6354
 6144
 6504
 6453
 6276
 6616
 6245
 7873
 6548
 6718
 6558
 6515
 6456
 6197
 6579
 6475
 6477
 6441
 7920
 6670
 6340
 6258
 5969
 6362
 5870
 6671
 6381
 7270
 7029
 6318
 6343
 6498
 6274
 6355
 6228
 6346
 7154
 6443
 6661
 6547
 6233
 6702
 6440
 6484
 6455
 6482
 6305
 6785
 6510
 6506
 6557
 6334
 6342
 6369
 6444
 11918
 8443
 6190
 7258
 6557
 6233
 6633
 6406
 6278
 6169
 6835
 6365
 6690
 7630
 6030
 6893
 6354
 6262
 6470
 6369
 6393
 6497
 6622
 6429
 6290
 6425
 6257
 6335
 6451
 6315
 6657
 6580
 7139
 6864
 6631
 6101
 6601
 6395
 6376
 6467
 6398
 6334
 6571
 7062
 6577
 6412
 6293
 6352
 6410
 6506
 6440
 6362
 7110
 7632
 6720
 6496
 6265
 6365
 6474
 6436
 6237
 6435
 6529
 6320
 6631
 6403
 6515
 6130
 6205
 6364
 6513
 7315
 6371
 6594
 7125
 6559
 6614
 6227
 6330
 6638
 5984
 6457
 6723
 6931
 7160
 6578
 6487
 6428
 6214
 6640
 6538
 7222
 7056
 6446
 6552
 6319
 6462
 6508
 6444
 6597
 6310
 6372
 6321
 7564
 6763
 6394
 6423
 6394
 6424
 6699
 6534
 7523
 6449
 6378
 6607
 6352
 6396
 6469
 6056
 6701
 6469
 6565
 7326
 9711
 6278
 6568
 5943
 6553
 6500
 6506
 6355
 9573
 8337
 6683
 6578
 7171
 5828
 6728
 6378
 6389
 7740
 6264
 6563
 6334
 6338
 6433
 6741
 6250
 6553
 6620
 6405
 7147
 6683
 6545
 6349
 6548
 6344
 6288
 6646
 6274
 6396
 6292
 6898
 6439
 6289
 6468
 6428
 6582
 6290
 6435
 7425
 6429
 6729
 7395
 11056
 6675
 6428
 6041
 6599
 6440
 6688
 6398
 6372
 6572
 6595
 6588
 6522
 6166
 6252
 6722
 6374
 7530
 6104
 6723
 6440
 6305
 6389
 6503
 6352
 6290
 6330
 7589
 6313
 6695
 6518
 6184
 6476
 6364
 6059
 6490
 6962
 6864
 6147
 6505
 6463
 6341
 6447
 6348
 6329
 6335
 6231
 6256
 6302
 6387
 6445
 6391
 10745
 13184
 6625
 6495
 7370
 7076
 7612
 10829
 6755
 6289
 6514
 6390
 6521
 6368
 6466
 6738
 6255
 6454
 6600
 6555
 6493
 6440
 6386
 6575
 7160
 7370
 6383
 6667
 6444
 6290
 6381
 6398
 6926
 6451
 6199
 6615
 7102
 6640
 6512
 6456
 5894
 6902
 6570
 6562
 7397
 6615
 6535
 6404
 6796
 6342
 6310
 6381
 6647
 6570
 6310
 6871
 8519
 6880
 6489
 6312
 6476
 7339
 6289
 6679
 7343
 6853
 6525
 6491
 6438
 6433
 6291
 6466
 6359
 6340
 6131
 6532
 6466
 6183
 6532
 6097
 6277
 6595
 6377
 7635
 6333
 6644
 6817
 6261
 6622
 6528
 6383
 6434
 6304
 6445
 6829
 6361
 6378
 6315
 6412
 7462
 6349
 6399
 6661
 7312
 6636
 6226
 6716
 6369
 6307
 6465
 6309
 6349
 6257
 6299
 6472
 6218
 6469
 6428
 6653
 6466
 6265
 6173
 6245
 9121
 6627
 6456
 6448
 6538
 6563
 6125
 6421
 6327
 6250
 6393
 6566
 6411
 6528
 6249
 6574
 6191
 6432
 6431
 6678
 7249
 6619
 6647
 6210
 6340
 6165
 6525
 6217
 6353
 6513
 6332
 6420
 6509
 6483
 6199
 7255
 6284
 6323
 6593
 6356
 7352
 6152
 6511
 6679
 6367
 6424
 6327
 6525
 6453
 6071
 6333
 7069
 6482
 6465
 6285
 6508
 6132
 6686
 6396
 7202
 6691
 6882
 6302
 6646
 6381
 6324
 6371
 6544
 6434
 6225
 6380
 6244
 6307
 6270
 6406
 6420
 6546
 6338
 7294
 7497
 6624
 6585
 6790
 6297
 6401
 6322
 6396
 6503
 6320
 6333
 6594
 7568
 6312
 6525
 6390
 6631
 6543
 6527
 6684
 7293
 6843
 13130
 6777
 6582
 6324
 6281
 6496
 6506
 6333
 6376
 6360
 6521
 6452
 6235
 6337
 6648
 6292
 6330
 6498
 7233
 6629
 6511
 6763
 6373
 6361
 6468
 6290
 6417
 6540
 6340
 6658
 6488
 6430
 6372
 6304
 6161
 6368
 6442
 6254
 7568
 6945
 6797
 6329
 6092
 6620
 6521
 6180
 6695
 6407
 6378
 6727
 6527
 6300
 6580
 6296
 6565
 6380
 6693
 7039
 6238
 6849
 6216
 6911
 6449
 6416
 6388
 6254
 6564
 6304
 6613
 6820
 6339
 6401
 6463
 6286
 6389
 6436
 6402
 6394
 7368
 6931
 6334
 6519
 6410
 6253
 6455
 6487
 6406
 6385
 6276
 6786
 6205
 6643
 6130
 6459
 6370
 6390
 6481
 7125
 6269
 6850
 7299
 7017
 6482
 6647
 7047
 6506
 6783
 6531
 6741
 7007
 6586
 6558
 7034
 6611
 6724
 6877
 6774
 7372
 8528
 6584
 6886
 6886
 6282
 6801
 6385
 6226
 7533
 6665
 6271
 6476
 6367
 6662
 6641
 6773
 6355
 6315
 6078
 7392
 6660
 6416
 6726
 6310
 6807
 6387
 6721
 8843
 8874
 6478
 6715
 6660
 6282
 6660
 6231
 6472
 6461
 6571
 6567
 7416
 6979
 6583
 6187
 6385
 6917
 7310
 6538
 6617
 6404
 6177
 6678
 6547
 6421
 6581
 9637
 7177
 6942
 6312
 6253
 7926
 7145
 6830
 6804
 6457
 6939
 6922
 6487
 6654
 6304
 6494
 6811
 6440
 6224
 6484
 6415
 6791
 6106
 6663
 7167
 6645
 6577
 6491
 6948
 6540
 6223
 6973
 6672
 6698
 6216
 6321
 6623
 6546
 6782
 7347
 10092
 6307
 6536
 6502
 7750
 6795
 6628
 6558
 7026
 6741
 6429
 6782
 10683
 6434
 6340
 6304
 6670
 6756
 6450
 6297
 6382
 6328
 6544
 6592
 6967
 7078
 7620
 6676
 6485
 6598
 6440
 6973
 6590
 6625
 6233
 6417
 7392
 6497
 6385
 6374
 6617
 6957
 6885
 6541
 7282
 6546
 6349
 6760
 6370
 8132
 6621
 6453
 6402
 6520
 6015
 6702
 6490
 6396
 6377
 6402
 5723
 6851
 6350
 7247
 7266
 7544
 6450
 6690
 6765
 6707
 6323
 6678
 6356
 6445
 6560
 6384
 7275
 6887
 7488
 6562
 6751
 6695
 6565
 6447
 7223
 6740
 6258
 6539
 6740
 6306
 6175
 6620
 7091
 6551
 6327
 6485
 6687
 6410
 6338
 6258
 6472
 6346
 6607
 6215
 7575
 6959
 6458
 7300
 6572
 6426
 6576
 6300
 6369
 6611
 6201
 7011
 7082
 6695
 6622
 6301
 6344
 6457
 6553
 6510
 7214
 6636
 7077
 6225
 6683
 6911
 6691
 10573
 6358
 6358
 6399
 6965
 6458
 6551
 6485
 6619
 6795
 6672
 6209
 7371
 6429
 6777
 6567
 6514
 7316
 11921
 10130
 7389
 6366
 7291
 6436
 6399
 7169
 6517
 6320
 6366
 6559
 6243
 6595
 7315
 6762
 6453
 7036
 6581
 6258
 6470
 6436
 6447
 6515
 6444
 7084
 6432
 6280
 6396
 6218
 6326
 6507
 6629
 6338
 7136
 7422
 6599
 6531
 6316
 6368
 6266
 6654
 6308
 6307
 6466
 6398
 6345
 6280
 6525
 6207
 6428
 6430
 6402
 6547
 7389
 6468
 6518
 6674
 6276
 6527
 6068
 6111
 6647
 6984
 6370
 6619
 6335
 6369
 6597
 6311
 6670
 6751
 6466
 6506
 7017
 7090
 6433
 6306
 6334
 6589
 6343
 8864
 6299
 6325
 6462
 6463
 6611
 6401
 6279
 6428
 6226
 6335
 6426
 7264
 6262
 6160
 6695
 6606
 6396
 6438
 5957
 6713
 6533
 6125
 6476
 7314
 6501
 6365
 6340
 6578
 6505
 6229
 6576
 6319
 7500
 6778
 6509
 6290
 8331
 6444
 6003
 6584
 6369
 6695
 5994
 6591
 6743
 6440
 6371
 6243
 6411
 6630
 6635
 7233
 6446
 6310
 6609
 6412
 6526
 6270
 6385
 6445
 6396
 6548
 5960
 7183
 6362
 6331
 6551
 6337
 6287
 6268
 6662
 7531
 6925
 6270
 6226
 6406
 6537
 6138
 6301
 6394
 6517
 6117
 6481
 6407
 6587
 6290
 7527
 6218
 6204
 6387
 6212
 7297
 6415
 6536
 6395
 6331
 6848
 6427
 6221
 6421
 6225
 6481
 6607
 6408
 6427
 6590
 6553
 6278
 6051
 6604
 6808
 7410
 7097
 6530
 6291
 6517
 6393
 6184
 6355
 6595
 6485
 6501
 6384
 6274
 6343
 6260
 6500
 6286
 6292
 6436
 6260
 7673
 6723
 6404
 6575
 6287
 11651
 9267
 6440
 6256
 6610
 6362
 6598
 6319
 6354
 6545
 6930
 6739
 6395
 6418
 6805
 7101
 7098
 6315
 6312
 6538
 6541
 6651
 6565
 6498
 6661
 7116
 6702
 6546
 6109
 6338
 6909
 7199
 6527
 6506
 6640
 7876
 6481
 6925
 6545
 6504
 6332
 6141
 6430
 6296
 6507
 6500
 6697
 6574
 6382
 6472
 6463
 6388
 6307
 6342
 8423
 6556
 7132
 6244
 6473
 6442
 6100
 6725
 6379
 6683
 6472
 6234
 6632
 6447
 6359
 6306
 6297
 6798
 6478
 6392
 7389
 6555
 6389
 6760
 6240
 6618
 6595
 6361
 6513
 5996
 6765
 7346
 6308
 6616
 6254
 6370
 6374
 6841
 6058
 6469
 7417
 6635
 6465
 6594
 6143
 6806
 6301
 6823
 7236
 6368
 6411
 6460
 6554
 6334
 6204
 6378
 6582
 6178
 6768
 6586
 7409
 6276
 5999
 6856
 6210
 8018
 6487
 6503
 6576
 6514
 6361
 6736
 6325
 6060
 6380
 6168
 6550
 6395
 6589
 6328
 7671
 6659
 6159
 6489
 6208
 6200
 6302
 6597
 6738
 6483
 6278
 6401
 6185
 6750
 6441
 6344
 6402
 6258
 6285
 6581
 7172
 6564
 6589
 6443
 6099
 6805
 6342
 6291
 12600
 6948
 6513
 7053
 6348
 6427
 6443
 6225
 6152
 6774
 6400
 7878
 6380
 6889
 6628
 6402
 6288
 6429
 6590
 6381
 6343
 6341
 6349
 6519
 6280
 6426
 6426
 6455
 6224
 6620
 6388
 6525
 7549
 6058
 6878
 6393
 6445
 6475
 6225
 6390
 6320
 6386
 6546
 6377
 6588
 6241
 6439
 6309
 6445
 6428
 6516
 7547
 6903
 6549
 6571
 6264
 6242
 6379
 6347
 6402
 6662
 7129
 6442
 6524
 6397
 6009
 6584
 6416
 6349
 6422
 6348
 7429
 6535
 6845
 6802
 6119
 6767
 6514
 6385
 6579
 6300
 6409
 6718
 6361
 6695
 6475
 6443
 6160
 6560
 6092
 6674
 7332
 7628
 6333
 6681
 6303
 6717
 6324
 6483
 6380
 6402
 6387
 6322
 7726
 6449
 6260
 6433
 6253
 6476
 6431
 6499
 7510
 6469
 6840
 6532
 6278
 6378
 6386
 6487
 6429
 6356
 6403
 7146
 6586
 6547
 9146
 7553
 6700
 6323
 6339
 6645
 7479
 7052
 7017
 6343
 6118
 6501
 6513
 6483
 6549
 6236
 6269
 6435
 5955
 6516
 6619
 6408
 6400
 6216
 6350
 7526
 6435
 6370
 6770
 6363
 6214
 6442
 6283
 6132
 6627
 6316
 6712
 6720
 6443
 6473
 6256
 6483
 6229
 6135
 6587
 6451
 7896
 6334
 7272
 6524
 6424
 6412
 6475
 6487
 6309
 6350
 6202
 6328
 7142
 6694
 6076
 6510
 6302
 6357
 6373
 7402
 6273
 6751
 7001
 6347
 6474
 6239
 6358
 6492
 6337
 6360
 6752
 6353
 6415
 6491
 6342
 6344
 6465
 6525
 6498
 6992
 6880
 6332
 6426
 6697
 6510
 6502
 6241
 6376
 6375
 6487
 6263
 6484
 6356
 6406
 6053
 6344
 6492
 6449
 9652
 8957
 6750
 6558
 6464
 6423
 6461
 6405
 6353
 6490
 6380
 6372
 6666
 6259
 6736
 6287
 6580
 6304
 6315
 6290
 7480
 6320
 6915
 6344
 6364
 6446
 6256
 6454
 6232
 6510
 6498
 6236
 6451
 6374
 6430
 6300
 6464
 6250
 6355
 6532
 6328
 7372
 6621
 6421
 6574
 6326
 6486
 6345
 6599
 6649
 6561
 6650
 6737
 6751
 6431
 6326
 6204
 6494
 6496
 6572
 7450
 6546
 6770
