# bitfield for header selection is:  0x4000
 dmperf
 2473225
 338300
 2046650
 1186950
 1642525
 447125
 804175
 1578600
 339300
 2114200
 1286100
 1615175
 775450
 1839575
 864250
 293800
 810300
 2261825
 691000
 2623750
 3159800
 246375
 1121050
 746925
 2162675
 1251250
 1336675
 2759550
 1092125
 1882150
 619875
 1385425
 1669300
 1715225
 1183975
 648125
 547250
 1466875
 1181025
 847950
 1183200
 496700
 1358650
 2354900
 1820225
 1611525
 3549750
 1567500
 1550675
 1145425
 2864075
 285025
 1119025
 1208375
 893750
 1624350
 234825
 1738350
 2256475
 1459825
 827375
 2211575
 1266400
 1086000
 1649550
 602550
 1075150
 545050
 1357650
 527250
 781025
 150025
 1437450
 1560650
 1268750
 1040375
 862375
 589475
 2559450
 881400
 1483875
 1065950
 314100
 1301725
 335950
 1751325
 1292450
 306025
 492350
 2433475
 1533075
 2963875
 1054775
 3243900
 1094175
 827525
 3447825
 1379500
 2936675
 2478150
 865225
 964200
 2727275
 1576100
 874275
 1499100
 1835775
 1541850
 2232175
 1039300
 669425
 313575
 3341500
 471375
 1561675
 1571225
 1763075
 703025
 1454150
 1390050
 596775
 1009825
 2415925
 777475
 1404500
 1392325
 229500
 3416400
 1254175
 1321475
 267725
 992175
 1098600
 127000
 1982400
 1250150
 1340100
 3539450
 1754450
 3977150
 230650
 3121125
 767775
 1446050
 3417275
 523300
 749400
 596450
 853775
 331800
 929200
 880900
 361225
 1560575
 467925
 2580950
 1457075
 2139525
 914000
 466600
 1015650
 1410900
 1756350
 738350
 1283175
 3065475
 2114875
 969350
 679325
 2562375
 1301900
 990350
 783000
 981125
 1562350
 1326300
 954700
 2888275
 794450
 1259375
 663650
 1093825
 2336475
 1293450
 1203550
 535550
 836025
 639650
 1412925
 1179800
 600725
 1346450
 3705900
 442600
 3191650
 1611525
 821625
 1139800
 3474100
 1144400
 221050
 833700
 3577125
 981150
 1506150
 2903950
 2096325
 651100
 1367600
 1350850
 749300
 1189450
 3620100
 462775
 1554925
 1025850
 1011050
 1206125
 1984600
 1554200
 678775
 875650
 570025
 1375650
 2255650
 1363600
 2157775
 1635550
 396575
 823775
 3675700
 1533375
 766800
 841525
 968500
 921775
 1657100
 196550
 1521125
 3029475
 1076250
 1177975
 1278100
 531200
 1227175
 1354550
 711450
 1336700
 1433925
 1683025
 640950
 2040450
 1408550
 1232100
 159575
 2264925
 980225
 392775
 1794875
 1589900
 1617550
 307800
 2214725
 1170900
 840975
 777875
 1327525
 2298075
 1305050
 655300
 857300
 1555250
 535425
 1500100
 1542300
 2487000
 1306150
 1241975
 879375
 1683525
 1086450
 1529425
 1868325
 703150
 875525
 423925
 3039450
 774300
 1177375
 1849875
 795650
 277500
 1249500
 578425
 867400
 1016850
 1783375
 3153600
 2255525
 630600
 681550
 568950
 795950
 2331425
 2070975
 1705125
 863400
 1348225
 1033825
 936800
 2715000
 948975
 2856000
 1693925
 264625
 861375
 824275
 562950
 942225
 1043150
 1556250
 163475
 1125025
 696225
 1655175
 1336850
 3374175
 1431975
 2696025
 483375
 3379125
 780250
 1316625
 1444000
 1291900
 831225
 1096775
 3175150
 3462200
 314675
 2904725
 787525
 1938700
 2988125
 797425
 1391800
 2277975
 1754575
 1397275
 880775
 413675
 1413375
 1325075
 179925
 2553975
 3045625
 1686475
 985400
 898875
 1789175
 232525
 2150375
 1939100
 1591000
 1613275
 1071950
 225500
 3512075
 1116525
 680225
 1708450
 413325
 1139025
 3369875
 1380550
 1123475
 1164850
 1319275
 991525
 874500
 1100625
 1180900
 1380925
 1268850
 1600250
 514075
 1254275
 818725
 979500
 1488150
 1624375
 1558225
 323650
 1214675
 1955675
 726150
 1488725
 309125
 214175
 459000
 1177000
 1685375
 254500
 2182525
 947975
 1339225
 2340025
 1128400
 1053625
 832200
 734225
 1223250
 704650
 1170200
 1990150
 1776725
 1155350
 1334950
 1329400
 233400
 951975
 283975
 1267750
 604325
 652875
 914850
 1518375
 1075225
 1728250
 960800
 1542100
 1121950
 245725
 740925
 2019475
 562700
 1145125
 1532700
 1055325
 1098525
 1229225
 1345100
 1516975
 283575
 1849100
 1777625
 865750
 561025
 910225
 209775
 811675
 617025
 533775
 1476625
 1668625
 793200
 1697350
 486725
 1174800
 1158200
 1421750
 654325
 1695100
 3424150
 695875
 1310400
 2018025
 294225
 1167325
 1233200
 854000
 2773150
 849225
 1095775
 1589875
 1463350
 665000
 972575
 1703750
 311525
 1090000
 1604450
 903350
 1188750
 3627200
 536150
 1304025
 483850
 776625
 1513975
 638025
 1784950
 861525
 1742175
 614100
 1227050
 1321375
 978275
 1559750
 193875
 700475
 1058350
 1574850
 985525
 1224800
 268425
 1165025
 1563425
 2929850
 589200
 510725
 852225
 1554100
 1238925
 804025
 500300
 1605900
 1151275
 315850
 1459700
 1717550
 1066350
 472075
 1153025
 958100
 296275
 3082375
 3512625
 2671300
 251800
 1595375
 358950
 944950
 502775
 1401500
 665650
 1872175
 193900
 802275
 738625
 744275
 2386025
 857900
 1444525
 339875
 439675
 563075
 860700
 341975
 1425175
 1324950
 1065200
 919525
 2580575
 1367250
 1862700
 705975
 976500
 1560250
 1339775
 742225
 1655250
 1181550
 1502350
 462375
 3260625
 931425
 1621300
 1212825
 1129225
 401100
 1468350
 1170300
 1313900
 1263250
 1231600
 1023425
 2987850
 1318500
 501175
 3687975
 1725900
 877000
 2859150
 1571575
 1185850
 1129075
 1209775
 617050
 1560800
 1444250
 1203250
 492600
 1358650
 1561900
 3225275
 1430375
 1025825
 986925
 1722450
 1820500
 1496125
 1058150
 1588250
 1300050
 2315925
 347850
 2298475
 1528875
 1615900
 1148775
 1589025
 2013500
 578300
 1007425
 1821150
 3088775
 2172600
 1303025
 3589575
 239675
 319775
 703550
 1340275
 1471925
 904475
 1411400
 946150
 3094800
 345475
 869675
 378825
 1380225
 3541375
 1471925
 613075
 3423850
 646900
 1256600
 1123000
 539775
 1952225
 1026400
 267300
 1388575
 1139825
 406575
 1129400
 1159175
 1602750
 1200900
 2881450
 2325650
 1527825
 353775
 4088625
 901750
 1084275
 1685175
 1455050
 680750
 1863850
 1311550
 1636050
 1266250
 727275
 1531775
 1031950
 236100
 953150
 592475
 1853400
 3231500
 1775675
 1852300
 531425
 698975
 730400
 2768375
 1192050
 675900
 369950
 946625
 975100
 552325
 1557750
 1599750
 1552650
 246375
 952475
 290875
 3683050
 2759950
 1372825
 1748100
 968225
 271800
 583925
 1043225
 406975
 1344575
 1206300
 1278600
 1046375
 3054900
 799350
 799100
 1789475
 2874825
 2451800
 736675
 3183875
 733900
 324050
 1332550
 1091950
 1138525
 1938375
 1799400
 1493025
 681075
 3150025
 664200
 1193175
 1242925
 1553750
 458475
 2227875
 1852975
 3327425
 3489575
 393050
 589200
 903475
 501750
 1831325
 1893250
 1102225
 170650
 1182225
 1226100
 1717525
 520725
 1074100
 1318825
 1668650
 477450
 993050
 373250
 1402875
 1137400
 714800
 1521100
 1433025
 1895825
 540125
 2105800
 970000
 3820225
 304100
 1778375
 3551350
 1280950
 526650
 3918000
 453450
 1958000
 1223550
 906550
 400875
 748425
 327750
 4138000
 449000
 1626625
 1523750
 619150
 1140850
 403950
 2863475
 231600
 1714925
 928775
 961025
 1186600
 3360775
 786900
 1378125
 413300
 1594125
 1297075
 2400925
 1189875
 437575
 2095575
 873800
 393950
 1175525
 1291750
 328950
 720075
 685550
 1047825
 866125
 605775
 1240775
 802300
 1440875
 1041500
 434850
 1272325
 1474725
 181700
 1319950
 726675
 1196975
 1125100
 1454125
 986800
 951900
 1093850
 545525
 1380300
 405875
 1154500
 936050
 708475
 2805050
 292650
 1599650
 173525
 1812075
 937400
 1152125
 826250
 381825
 1074250
 1310025
 620400
 856825
 1455450
 626125
 3047100
 806200
 991625
 1200250
 792550
 1211800
 991025
 784775
 1320800
 1337850
 235375
 2542100
 2907000
 2326150
 1820825
 2384125
 2282575
 1909875
 2678125
 1773225
 2281700
 2070225
 2534975
 1735725
 2343825
 2081000
 1967075
 245075
 1794900
 2592650
 2154650
 2434975
 1887575
 2070825
 1902050
 2609875
 2080400
 1796925
 2462700
 2205175
 2155800
 2273175
 1277250
 832700
 567975
 1250475
 350625
 1168975
 3223875
 1635850
 1815275
 1768075
 1127275
 629225
 1956050
 1893475
 894000
 3919950
 1272300
 1904200
 1629050
 478900
 387750
 448625
 1277350
 1855150
 1052625
 222650
 1259650
 869050
 1391800
 1241625
 1535425
 539225
 3089075
 392050
 3455700
 794550
 1464325
 2329800
 1767750
 1857300
 1639950
 1396975
 1114400
 666625
 1593975
 1086375
 1026475
 985350
 583225
 1298000
 3260475
 695200
 1114675
 1582475
 507425
 1350750
 268675
 1387525
 1573150
 3043025
 2983875
 598850
 1718175
 1221175
 849100
 1545875
 703225
 872125
 1143750
 872375
 3539600
 917675
 1872050
 1657575
 559600
 1420275
 229375
 3892575
 1935975
 669300
 1221050
 1518175
 1422350
 332875
 3222525
 680775
 1410075
 1431025
 1304975
 1000675
 1729125
 1193025
 651700
 1366175
 216300
 983900
 1028500
 944300
 1572900
 1155575
 2954900
 1639400
 1769550
 1459900
 432075
 991125
 1225200
 971925
 1375300
 1515000
 425600
 1353125
 298675
 1782250
 1891675
 1107975
 169500
 2662600
 1407325
 3596825
 1655500
 613050
 647100
 303675
 972025
 3367575
 1671250
 1459350
 1342875
 629500
 1408025
 320600
 3763625
 529100
 664725
 1263500
 229125
 1750950
 1358700
 1734800
 587025
 2172900
 1314575
 339850
 899775
 1439700
 6499300
 1286375
 1475125
 434100
 1153225
 455150
 1492975
 1411425
 626925
 2478150
 1577300
 1590225
 786475
 1129200
 1360500
 1826900
 939400
 1310125
 3248200
 20830950
 164100
 752550
 4315000
 486600
 1266600
 438650
 1678575
 3978700
 1834475
 1458525
 1151450
 1581950
 1083275
 1196025
 1355450
 859850
 1064200
 1473350
 661800
 395325
 19640275
 1237800
 2870700
 601550
 1821900
 1892800
 2912500
 1988325
 1224675
 1529975
 1363850
 1609750
 1894675
 3451175
 733650
 2046375
 379550
 1568750
 995775
 18364000
 1236450
 638925
 3436375
 807525
 3057000
 2869425
 2012225
 3516175
 1148300
 1270850
 3908200
 771125
 1080675
 235425
 1464275
 1147325
 215725
 978025
 2757375
 3569050
 374250
 560075
 573900
 1391800
 595025
 2241625
 3436525
 1125500
 288625
 758100
 1222475
 620375
 1216100
 694475
 946075
 1503600
 2736500
 2959325
 876225
 1533900
 2180700
 1537175
 2239300
 3654100
 2667825
 1135800
 689900
 1213475
 2261675
 3042925
 1587400
 1168950
 2743100
 587825
 1305325
 1545800
 436300
 873800
 750375
 3157375
 2051575
 627500
 1488475
 1156300
 2434325
 583400
 1037550
 1113725
 1590750
 723025
 635725
 1070550
 1220525
 1143125
 830250
 1141650
 1272175
 644700
 3315975
 759725
 1353450
 631650
 1087525
 1157750
 1451975
 737075
 821350
 386850
 1764625
 1145600
 1290025
 1703775
 444350
 1069925
 1479700
 1125225
 944425
 1258925
 2061700
 345225
 887075
 1428600
 800700
 1579275
 1437250
 1072075
 623375
 807850
 176775
 1705675
 1837850
 1274400
 369600
 889150
 1370625
 246675
 3268175
 524400
 2004900
 522075
 1360450
 3791425
 356750
 872050
 2970250
 2059800
 1967550
 1499900
 2791925
 668075
 2056250
 2849650
 956250
 1154800
 3462375
 823800
 1174125
 1146950
 1984325
 399150
 3629175
 560800
 1100975
 1443450
 2170925
 1712675
 360200
 2490675
 2149450
 1778250
 1111825
 1628825
 914800
 1436775
 2141650
 897625
 1691575
 521625
 17710500
 1696825
 1846625
 1574050
 442925
 1981350
 1225225
 1923300
 562625
 2917775
 729375
 1742625
 1579375
 1660600
 503050
 1595975
 827850
 1022900
 471575
 3142875
 17848450
 1189575
 1925650
 576400
 1463025
 428225
 1581350
 443475
 964600
 1862525
 393150
 1653900
 1955425
 1528150
 680350
 1916200
 641350
 836425
 1514475
 12042050
 6865200
 3590300
 2687375
 2855475
 3779800
 381075
 3194325
 357075
 705925
 539200
 1508125
 1966600
 1926550
 374025
 1154900
 1077925
 965050
 1855650
 834850
 1588050
 18570875
 399375
 2487050
 1142025
 382850
 1043850
 3599475
 549350
 1852525
 1632200
 702250
 5272175
 902850
 1389025
 1885600
 1660100
 1140300
 3590875
 1784625
 15288825
 4365050
 1538775
 1269050
 1284975
 1280025
 1812900
 427875
 1233425
 630750
 1304525
 1667100
 1209825
 1778550
 1164600
 656675
 1091450
 455125
 816200
 2983450
 1508025
 1445625
 1529475
 283075
 1384650
 1465175
 543575
 1199400
 166825
 576450
 3418700
 708275
 3803175
 2180650
 357850
 1271175
 1419925
 1657875
 1595275
 396400
 2145875
 1081575
 404050
 3861100
 621225
 1358500
 1749975
 1288875
 1512075
 1587600
 880850
 1798950
 1543925
 3475000
 349325
 1241900
 240975
 3408400
 353225
 1271375
 2089700
 1365350
 897675
 1021600
 3625525
 849175
 1095175
 974375
 938050
 2810825
 862325
 1166250
 1911200
 1405800
 2953900
 2999675
 1972700
 292975
 1494450
 419100
 3461725
 442375
 2178950
 1668375
 1425825
 966775
 853025
 3484225
 561350
 798950
 488375
 3152450
 944750
 1711175
 1379100
 2996350
 2929800
 692475
 1114350
 2832075
 1451925
 478050
 1000450
 3516275
 1584675
 273950
 2380700
 880000
 498125
 918400
 2238325
 3461000
 446175
 176150
 1105200
 185525
 889775
 1107950
 352525
 2455525
 993625
 463525
 1479050
 287225
 887000
 1554450
 1124225
 695775
 1559975
 1067775
 1762325
 2199900
 483950
 1545250
 2106475
 1409575
 558275
 921200
 791450
 18752225
 1176650
 714050
 1087000
 525850
 1106700
 1677025
 462275
 1435850
 1856775
 1568200
 604350
 1568600
 968050
 1536125
 1048250
 1554375
 1017850
 2661150
 679150
 18715975
 660425
 1868800
 3036225
 2992050
 945725
 1754425
 1118925
 3989650
 974925
 3072775
 582075
 1788475
 536050
 1890700
 2147975
 1289100
 1173225
 458325
 1010675
 18171850
 4791375
 5555325
 1260750
 1897750
 1888975
 1560725
 395600
 2242275
 1670025
 657450
 1614075
 2056975
 1314175
 1803050
 308075
 1156150
 1584500
 990775
 2991450
 18232425
 2048225
 1233900
 1154550
 3915825
 775700
 1341775
 1151250
 411200
 1049450
 1742825
 1136850
 596225
 1193950
 1672875
 1506675
 1404350
 796175
 1590825
 1389175
 17897575
 2370475
 1315500
 1679525
 1738300
 393250
 1277275
 3740750
 2120300
 844325
 2920825
 1313350
 5215075
 2329550
 2265075
 834325
 1217875
 1083550
 521950
 867750
 2376825
 728050
 1563400
 356675
 1223950
 1190850
 1632750
 1022225
 816950
 1626275
 1516650
 173925
 1507200
 308625
 1183425
 1544050
 740250
 814225
 1569650
 1311825
 1934625
 1778175
 1571375
 1948775
 1219975
 445925
 808475
 217875
 1042275
 703300
 1187750
 2485000
 935000
 162175
 383375
 1464575
 984925
 3571575
 1066200
 2508225
 776350
 1925725
 1927475
 354150
 1212600
 467650
 1085125
 1676225
 378500
 1878200
 2029300
 3205625
 19113000
 4079275
 2490775
 958150
 274300
 1548975
 2837525
 2152050
 694225
 476625
 2495325
 1954925
 1532725
 333525
 1233650
 1902275
 1426875
 1707450
 1864975
 772625
 336425
 269700
 1189725
 359025
 953100
 1460525
 320850
 511025
 996075
 1727075
 1561050
 625550
 3371300
 1536500
 404175
 1389050
 300850
 1158225
 1116375
 731500
 2870800
 974850
 2857025
 927900
 2786900
 342525
 891375
 1409725
 1611150
 1211125
 1523400
 207275
 1234425
 1103450
 1058850
 820200
 459000
 1660875
 2169125
 2038475
 1915350
 1038925
 1209875
 1380950
 490875
 950950
 1085275
 800775
 1203675
 939750
 2224050
 1478400
 1390100
 1690475
 1160775
 330875
 3293425
 913525
 839750
 821000
 2847825
 578825
 1731125
 1047375
 1282525
 1123475
 1841100
 1813550
 932300
 3198275
 1374325
 989275
 874800
 1178500
 222550
 640375
 2146475
 1261500
 338425
 1359350
 1634525
 1433250
 53275150
 13350925
 3602425
 463600
 2071425
 1327550
 1326575
 1822275
 705200
 831875
 1258675
 827275
 1059400
 1158275
 1447675
 451000
 1602275
 1319450
 756150
 1142075
 1606050
 1284650
 701525
 2574400
 767225
 1426075
 875425
 1149625
 1008325
 539125
 1633450
 3219675
 603075
 3239150
 449750
 1404600
 1965925
 324325
 1227825
 1312650
 454350
 706550
 484650
 991200
 4098500
 427700
 1580275
 1772050
 607525
 757100
 1653425
 1538575
 389900
 2181400
 1954750
 1029525
 543650
 1451750
 1586725
 2482700
 962050
 324525
 1200650
 1424900
 1598175
 528650
 1373600
 578325
 1219200
 1224150
 428675
 3117975
 496750
 1830175
 1120275
 3463475
 754050
 1027950
 628525
 1989225
 611800
 302200
 1644000
 1130050
 1132475
 1127425
 4259375
 3142300
 2493675
 373175
 1063425
 831575
 2729625
 400075
 1471875
 1521775
 3655325
 2859475
 1478725
 426525
 870425
 342100
 1653250
 4114700
 253500
 3465450
 19285550
 1421425
 626600
 1569225
 965950
 952900
 887125
 289825
 946675
 911500
 918950
 1079350
 299075
 1729850
 1088475
 297325
 793975
 1669100
 2927675
 235850
 1399575
 1302575
 211700
 1146875
 252575
 2814500
 703825
 2756900
 458650
 282400
 726150
 177475
 1500075
 2909050
 325800
 877450
 1546650
 1494850
 1272225
 2414000
 832600
 1526500
 261000
 3646125
 1524450
 754100
 1266725
 1393000
 228400
 2201575
 1450750
 1456725
 1411975
 1360350
 865225
 1171500
 1587525
 1960375
 430675
 2411150
 3592575
 1361625
 2995350
 875025
 268450
 1722950
 3663125
 1552150
 186225
 1392050
 1488775
 242150
 3748725
 520550
 1332400
 3591275
 478775
 3361825
 915575
 1776700
 1226650
 1437075
 818500
 702025
 188675
 695475
 661350
 1468275
 1136500
 1837225
 491500
 1116300
 3427125
 1432675
 2829125
 548025
 10669300
 9953375
 2003325
 878450
 453875
 1223300
 33043100
 32360375
 1345050
 677950
 1286375
 2649500
 3720675
 1158425
 1216475
 1307925
 2218375
 1059375
 1677200
 1418050
 1655525
 20547350
 1728500
 644050
 1552675
 1197450
 1278200
 576475
 1462875
 685975
 868675
 3670125
 940400
 2575325
 1300025
 3587850
 421450
 1826150
 414425
 1347350
 9618575
 8476800
 783050
 1028675
 1759175
 3053675
 2734775
 571875
 1712050
 1725375
 587275
 1345775
 357900
 984075
 1557050
 1676200
 534125
 3258775
 1558525
 330325
 1627300
 856850
 1208600
 205050
 975625
 1263200
 1279575
 1791625
 332525
 1019900
 844075
 2404425
 1200625
 649800
 294675
 1452175
 1137875
 462750
 1068550
 295850
 1364000
 1129775
 1358450
 1760225
 3176800
 924900
 827350
 1304000
 575750
 1797400
 1864450
 210900
 1268150
 980175
 1632225
 494550
 1030075
 1408175
 1489750
 991225
 3548300
 825975
 1097425
 1490150
 620225
 706800
 1481225
 1047600
 2955375
 590025
 3558975
 1705700
 688025
 1321000
 1198400
 379800
 989725
 327250
 1472825
 3292200
 1494875
 1531625
 7278925
 15440075
 616325
 964100
 2071100
 639075
 887375
 2048300
 519950
 204100
 1961225
 198525
 1407925
 3351475
 468975
 1313375
 867375
 582450
 874575
 777225
 1789550
 2068175
 1404350
 3333875
 735425
 704600
 303500
 1027075
 1339000
 559325
 1201875
 293000
 2883300
 689350
 1091875
 1088300
 378550
 2396625
 1330050
 985750
 903900
 1388875
 3753800
 842925
 1378700
 2607250
 2492300
 1083400
 649725
 1336225
 1437175
 535250
 909425
 271025
 783525
 1704725
 493025
 722125
 2058200
 425825
 1135475
 309550
 1134500
 1612900
 511625
 1527550
 1319400
 339025
 1146300
 1047400
 662475
 1286275
 2922975
 1044175
 2334925
 1686525
 380025
 1021400
 546500
 1696925
 1629675
 1236550
 806525
 894950
 3514200
 929175
 1571225
 3140900
 1787475
 1091750
 902875
 1598950
 2890775
 473025
 485300
 996075
 1450675
 883575
 1105675
 1264575
 658350
 1062325
 1830900
 767725
 1214400
 1047075
 1641100
 1681625
 1749100
 1062700
 1365375
 1119175
 1575800
 1018150
 991600
 390400
 875650
 568700
 734525
 740750
 1940025
 2671650
 408900
 1576650
 351875
 1553800
 1057925
 372225
 698925
 1859875
 395675
 1172575
 1491500
 564675
 858575
 1384600
 1644625
 2954950
 911800
 1926750
 1937875
 1479525
 996825
 694775
 2801675
 638250
 1237175
 1575775
 2564150
 738475
 2733125
 1174825
 999150
 255275
 1551250
 439000
 2514100
 937650
 1546850
 595275
 618950
 1723900
 169525
 750775
 1012200
 398125
 741275
 528950
 2633600
 1022275
 287625
 1038900
 1301350
 142300
 3522925
 477725
 1514675
 1492325
 520850
 2976775
 799900
 832875
 1362150
 707100
 1232425
 1425575
 409825
 913425
 1218650
 447875
 303750
 280175
 3316500
 539000
 1506275
 457625
 1460050
 1475175
 1688825
 3149550
 1169700
 1772675
 239625
 1640025
 1192325
 1233625
 415700
 985275
 428200
 1375975
 1747175
 1442825
 1455325
 715350
 877475
 2886150
 1160575
 327850
 1406300
 3666200
 372750
 1258550
 372350
 2079400
 1013650
 240725
 2728725
 479900
 2119900
 2932350
 542650
 3727925
 3665075
 1013400
 805750
 1602650
 658225
 973800
 1598825
 1979375
 789700
 1771650
 1410975
 1580900
 1258400
 764925
 1887200
 2997800
 704350
 1006850
 1562300
 783125
 1064125
 1173450
 405600
 1033100
 977375
 2876100
 1309300
 1654675
 1383075
 159600
 2643200
 850200
 800600
 1039950
 435850
 1315350
 1879600
 1682925
 1353900
 2055375
 1216275
 275400
 1464600
 789975
 732675
 1011075
 1693325
 2560975
 885275
 2553550
 937400
 1147550
 2229175
 1304350
 3594225
 1047575
 1755150
 749675
 512525
 944375
 111675
 1641500
 1683225
 1751275
 2822825
 2618225
 647425
 1174200
 711775
 1560325
 246600
 569825
 1530725
 244225
 2784700
 1609025
 3370425
 2054775
 1567550
 1208700
 279100
 783475
 286775
 1538275
 1639775
 258300
 2040475
 2022525
 1397450
 1576000
 1166200
 1618050
 525400
 1449050
 1461350
 979525
 1107900
 1178175
 381750
 1078175
 277950
 2744775
 601525
 1450025
 543525
 1418400
 3502825
 589850
 1295025
 1373075
 1676125
 1692175
 354525
 1468925
 1391450
 880225
 1941525
 1051375
 274050
 792650
 1071550
 1616525
 1682125
 1087075
 1578925
 1271875
 1925800
 472075
 1098175
 2780975
 1575250
 1313000
 1541500
 1474250
 455700
 1409100
 1543925
 1505500
 242275
 3211850
 1665250
 1004275
 3048675
 2600075
 468325
 1033850
 587225
 1645425
 1396050
 1185675
 608525
 766850
 216600
 1928175
 1545575
 1322700
 517675
 947300
 606450
 1081950
 1250800
 2864425
 1491575
 1619250
 634900
 1256700
 1331375
 845150
 726075
 596625
 3138925
 566725
 878525
 424850
 1466750
 1147600
 357075
 1027750
 1313575
 863025
 878275
 370775
 2928325
 2286350
 1732650
 1921800
 901600
 1500875
 3388075
 491850
 1784200
 1082600
 1178850
 1269125
 692050
 1454700
 1464775
 1658200
 271050
 1414075
 1142975
 825275
 2071825
 1237350
 3372925
 1087025
 1360525
 1575100
 549825
 1386175
 1640500
 881575
 218050
 2010375
 1124900
 1940200
 725200
 1453175
 3512700
 1679425
 704850
 3279450
 939525
 940000
 592875
 1227750
 3785950
 582750
 3158400
 1879350
 471900
 2950300
 317275
 897750
 895975
 1175800
 1349325
 1534500
 231000
 1614875
 1789250
 1792050
 1975075
 2141750
 1016375
 1159150
 1570550
 1735900
 1519825
 621100
 1208075
 511125
 2581750
 1808225
 1867450
 1929325
 1697975
 1731450
 3273550
 1930775
 528300
 3373400
 3423300
 1564700
 1729675
 1641500
 1567950
 478300
 2786900
 1943825
 2020450
 1654825
 328800
 1349700
 496375
 929675
 3524225
 1033000
 1914075
 1251800
 2154950
 918225
 671325
 1806250
 2779250
 1941100
 1775850
 753000
 1624150
 433425
 1590000
 1043850
 1387550
 1450050
 777275
 1604350
 1571150
 324000
 1285675
 1569225
 918625
 833400
 1184475
 724500
 1587875
 1806500
 1375900
 1614950
 1667775
 623550
 2885900
 897625
 567575
 1402625
 680150
 1159600
 1479925
 208050
 1184975
 1514800
 162200
 1428575
 1825800
 1596550
 927475
 1669225
 1182500
 1271875
 528500
 1719775
 1263300
 264925
 1618150
 1327950
 1833075
 486900
 1651875
 1115475
 1432450
 349925
 1255125
 3821275
 1090600
 1002350
 1562900
 1466350
 746250
 1520150
 239500
 2380400
 1577375
 441725
 297125
 1359475
 1652300
 375375
 1198475
 3574675
 1647725
 422900
 976075
 1945250
 423550
 1567875
 2700575
 1140425
 1067875
 1589175
 167675
 1479425
 219600
 2772075
 813900
 1506975
 411775
 1313900
 1436300
 1576150
 225800
 1254600
 341375
 1112275
 685650
 1840725
 1057575
 173850
 907925
 1492525
 1469075
 1390475
 923450
 1443225
 503525
 1181100
 1291975
 372550
 1122800
 501900
 1167900
 1369525
 953625
 1134625
 2299300
 1343900
 1961000
 1639175
 589750
 966900
 127450
 1643025
 1449425
 1309975
 1518000
 1129475
 1612750
 635175
 866425
 842650
 991850
 1578025
 206200
 1765275
 1116850
 1192000
 1166850
 130450
 608425
 1430825
 359425
 1460750
 2505325
 1029750
 905050
 1720575
 1133475
 1112400
 1041575
 491025
 2717075
 1183725
 1583550
 1267275
 1504750
 845025
 1019950
 444650
 2936050
 1629550
 943100
 1156850
 1357250
 329200
 1168000
 3769375
 1877075
 418300
 191750
 941425
 1450575
 1622800
 831425
 829950
 1152575
 446125
 3295875
 1169175
 1597675
 1138100
 1542325
 1776125
 1632100
 1647825
 383925
 2406500
 939725
 278250
 1519650
 806900
 2130200
 288450
 1230525
 382575
 1150225
 1521025
 882775
 2988400
 3133750
 1289925
 877000
 343025
 1173900
 1591975
 1612600
 429425
 3640825
 590025
 989275
 1826250
 368325
 2894650
 1665925
 248775
 1476350
 632725
 1259975
 1770675
 1075725
 1560950
 390975
 1130875
 1386700
 865200
 3072000
 918175
 1335450
 1581125
 1003800
 1607000
 2064950
 1238325
 1909725
 484575
 1472725
 727825
 815575
 1538475
 397000
 1239775
 1147425
 1634200
 692925
 2238050
 1342050
 809675
 136800
 1430000
 640075
 874050
 453900
 1971500
 1286950
 469400
 1119725
 534975
 1382025
 1670000
 825750
 470275
 1366500
 990200
 380200
 2289125
 1119575
 173600
 1402725
 1548500
 1039650
 440450
 961100
 648575
 1670950
 1061600
 928900
 989650
 443175
 1096950
 1726000
 1340000
 531975
 1576975
 1348150
 1298125
 2236475
 577250
 1578250
 214450
 1140175
 1299925
 1601275
 1686550
 1399525
 1502400
 1649575
 181575
 894425
 1275100
 1537950
 426750
 1359250
 381250
 1059500
 795750
 1249500
 1110600
 1462500
 1458450
 2966925
 1191900
 273550
 1524775
 1631850
 1135150
 1246275
 1234000
 904000
 301350
 2416400
 1203100
 1663675
 1255925
 547000
 749650
 1948475
 1791600
 871650
 2032900
 2753000
 1887875
 491225
 1524300
 2390425
 2927525
 1243800
 2574950
 962025
 931125
 3701500
 928900
 655200
 1557225
 1383050
 1119900
 1595300
 6029650
 1139275
 3387850
 1441700
 356650
 288250
 3001025
 1595775
 1868225
 1230475
 828175
 2662850
 1590850
 2410775
 1171750
 1174350
 381375
 1662375
 1105500
 851375
 1514825
 1073850
 158325
 780300
 1471050
 535675
 2553975
 1593550
 1902500
 1796925
 917950
 783150
 2725975
 907575
 1347450
 1525550
 1254300
 1839050
 915900
 1247875
 1008975
 292350
 293050
 412950
 2235975
 1545300
 1340500
 909600
 1484575
 1546125
 1663100
 192875
 1354725
 364775
 956625
 1160225
 479350
 1289550
 659450
 1151025
 1183375
 2872700
 1054375
 1560525
 1556375
 851000
 916975
 1694275
 469000
 297825
 315925
 1186825
 220050
 1331200
 1391100
 322175
 815600
 1425325
 2244000
 1573300
 1012300
 1149625
 1518400
 322550
 600775
 1292825
 1364450
 1767350
 1346575
 547325
 906375
 1701375
 202850
 2008525
 3026625
 2056150
 689325
 576250
 1640450
 511500
 2502250
 836625
 2069400
 724625
 607725
 2036175
 252625
 1152125
 661275
 1045975
 260275
 510150
 1540300
 1401500
 1009850
 1204675
 1203650
 394500
 1383825
 1597225
 264850
 1366100
 1618550
 494750
 1202350
 1946175
 411050
 1358875
 1271950
 824875
 1089950
 884825
 851400
 2759600
 299275
 1545650
 2988600
 829650
 3890800
 1835225
 2968000
 2082950
 1869950
 1455525
 1279925
 898825
 1231525
 1665750
 1421650
 1640325
 830800
 1292650
 1014050
 471575
 1867675
 1215925
 1144375
 1874200
 740425
 618700
 476325
 1596075
 1551700
 965350
 821475
 1675025
 1080175
 414925
 1889350
 3527275
 310900
 1453100
 1711925
 1234825
 441175
 2172425
 1228300
 1790050
 387125
 927850
 337925
 1820000
 2878900
 880000
 1165025
 4062350
 1667725
 801850
 3140700
 561200
 1708950
 3355975
 1757825
 902000
 766550
 3441025
 636100
 1704475
 435975
 1017050
 1153550
 2621700
 3720925
 2002175
 2736125
 116400
 166275
 1016100
 3595075
 896975
 1060925
 2991425
 1652400
 1114375
 1286675
 545500
 769450
 808875
 2759300
 366425
 1032100
 1643500
 175575
 994550
 2021175
 1375800
 618800
 621425
 1173750
 1868775
 1669100
 2753575
 1189275
 1093550
 756200
 864850
 1406200
 3145625
 1165350
 2580550
 1294150
 1338075
 1549550
 175500
 3671525
 2994025
 1030575
 959150
 2706875
 208225
 1039375
 709425
 1275925
 2277175
 1252150
 1654900
 1263400
 558200
 957850
 1578500
 139625
 1687550
 1274075
 888100
 1889975
 1268225
 1628000
 897125
 1300750
 1112825
 1800075
 2836275
 1178150
 930200
 832750
 1022625
 1391975
 2195350
 1640550
 1582225
 983975
 668925
 279600
 1834150
 1645600
 1692700
 2087475
 4034800
 426400
 130350
 907950
 772975
 728475
 1301900
 1135700
 705600
 1614725
 1733475
 3497650
 716775
 1346725
 1086750
 1754375
 2521850
 325025
 1044475
 2561325
 1016575
 783650
 1332150
 392500
 578600
 823650
 749975
 1382125
 1487600
 1803200
 3772600
 233850
 1512075
 1605000
 437900
 1104800
 1902225
 647450
 1474875
 2253525
 1564975
 1723025
 640150
 1110650
 142575
 1378325
 1896825
 993250
 1712925
 1761100
 960475
 1560500
 1578950
 1496700
 382300
 705900
 765150
 1289525
 961000
 863850
 1377650
 1250175
 1560575
 401275
 1872375
 777375
 1766150
 363175
 1786775
 3246725
 1443375
 728900
 221450
 1354950
 1746600
 1054850
 1484400
 695575
 1035650
 914850
 604825
 1299100
 403725
 3772500
 2722300
 601125
 179650
 259575
 1242825
 1066875
 717325
 401350
 1035950
 1727200
 617075
 1206075
 1513250
 324500
 1659125
 1794075
 1530250
 249050
 1607300
 1141400
 1642800
 532375
 1729600
 2059500
 965850
 471675
 923425
 290350
 1079350
 1017925
 955550
 2150350
 4536125
 1838650
 228525
 4394225
 855700
 1215300
 2234600
 1906650
 2214950
 2356200
 1985825
 1292850
 1771425
 985125
 3498975
 729175
 1293700
 830050
 1926750
 2674525
 17019500
 2629800
 1937675
 2043650
 1829200
 1695075
 401250
 1705325
 3593500
 376150
 3617050
 721150
 1790550
 1289875
 2981075
 3818600
 1589100
 1069275
 1832250
 15929425
 2913625
 1614475
 4476425
 2006325
 1393450
 1211100
 1695200
 1499050
 985250
 1031200
 2954775
 1721600
 1531225
 1933200
 2326050
 2133700
 3618200
 538250
 1100000
 1271225
 20097150
 581450
 1770525
 512875
 1967425
 2198475
 1648925
 822425
 627025
 3972300
 1783675
 1797800
 2273675
 856225
 407050
 1323400
 1301525
 627400
 1742250
 16136775
 3108325
 2717475
 1590050
 1666125
 296850
 1867100
 1263900
 1793025
 1802225
 678750
 3769950
 754700
 1608500
 1180600
 466150
 1319775
 1830875
 1656475
 902000
 18471450
 291750
 1349725
 849625
 999425
 324500
 1330575
 803500
 1251825
 1611000
 1728325
 631800
 2035650
 1286550
 672225
 1597125
 1717350
 3626725
 1831950
 1914650
 18264400
 1244875
 222100
 783650
 1025625
 3469300
 1824575
 1834175
 802775
 1129975
 1547850
 1493325
 439425
 1186775
 704150
 998450
 1175325
 1454225
 766975
 1362800
 3623800
 840500
 449175
 1304550
 260025
 590100
 431425
 1328500
 1302100
 472850
 1317550
 1233375
 610675
 1528125
 3429925
 958225
 846125
 1628700
 396200
 1248675
 1982375
 1853125
 2049300
 607675
 1222700
 240050
 1147750
 1149325
 1115850
 775325
 1952375
 1320000
 1425175
 568650
 1426800
 1300525
 896725
 1617550
 1927625
 3301250
 18943100
 559575
 1710925
 1155725
 312225
 569775
 772575
 2787325
 1898625
 1327550
 977900
 345175
 1838375
 1724575
 1886925
 797300
 1506025
 3793775
 1450725
 17942500
 3406475
 475550
 4240950
 1904350
 1974000
 624650
 1777350
 2865325
 1331225
 611150
 787675
 1352500
 744000
 1725075
 1711300
 1702600
 553400
 1728625
 3576650
 617050
 19036875
 1904500
 2804450
 1274825
 1205000
 629450
 3366775
 892150
 1561925
 644875
 1335275
 1432125
 700850
 1527425
 1735775
 1548175
 752150
 1393900
 1618675
 17754550
 1930050
 1444675
 2225900
 3678125
 1829650
 1009575
 1505050
 1706000
 2247850
 880950
 366925
 1851800
 1311425
 838425
 848850
 3549900
 607450
 3646600
 1649625
 1283925
 1440675
 3593225
 1817575
 1399875
 395525
 2084775
 1602900
 335500
 1351750
 911525
 1225000
 1191200
 816625
 126125
 695975
 296700
 1235025
 1142025
 773275
 1716950
 1895750
 952375
 1262875
 200250
 748575
 2511400
 1303975
 1674100
 1351700
 767825
 193350
 1280200
 1070125
 1762125
 301950
 2443575
 572800
 1141525
 1901700
 868775
 1827175
 3065325
 437950
 2228350
 840800
 371250
 1453050
 1364300
 1027100
 1634625
 1996300
 596775
 2256425
 859350
 323325
 2815550
 815325
 921575
 330375
 1552050
 3810475
 1037775
 1427675
 1095300
 182175
 3108400
 1582725
 295700
 1003175
 2032800
 1634400
 1769075
 345550
 1433425
 550150
 1202500
 3751325
 438175
 1498150
 367200
 1526550
 1402875
 582350
 882325
 1036725
 579675
 3530850
 1370050
 913075
 1191675
 552825
 1801225
 1185425
 237375
 974200
 2067225
 1364600
 3506725
 869625
 1434025
 2030625
 2032600
 528000
 848025
 979950
 131225
 866850
 2822775
 1203650
 1457600
 568625
 1645550
 1207825
 187175
 845150
 862200
 900700
 2524425
 3127625
 934525
 1058875
 2953250
 1371400
 846825
 740125
 1178925
 1651600
 1794225
 496625
 878750
 744350
 3532100
 1165025
 250850
 898100
 1499900
 2866100
 967775
 722550
 1336200
 988475
 944275
 939225
 1510350
 858575
 2606075
 348100
 1090850
 420825
 1168650
 1569125
 1027600
 1266325
 1268875
 3441025
 663475
 1022150
 1705425
 1876850
 1161750
 1382350
 1159275
 465550
 997950
 342175
 1133425
 1707275
 229400
 2749975
 1323875
 2147550
 1274675
 1447350
 553550
 2062600
 3224075
 802300
 16008525
 812200
 588650
 1455450
 471125
 1232950
 358525
 963975
 3523325
 379050
 1407650
 1292450
 2873750
 1514075
 1642475
 601875
 1658550
 1679000
 1782650
 1951775
 1964825
 2042800
 351350
 1308050
 3804375
 348100
 1159750
 901425
 832900
 627825
 277525
 873775
 945450
 859750
 492000
 1118550
 1053650
 1734175
 1467975
 1041575
 3353425
 409275
 3010650
 1281950
 1060275
 3128225
 922850
 1166600
 718750
 3023475
 983925
 545175
 1565325
 1076400
 1626925
 1926400
 435675
 1253050
 265725
 634575
 1992850
 2710325
 2642575
 660325
 1935325
 1011425
 98850
 2364500
 1436575
 1240500
 391375
 1050850
 472700
 1840525
 1218125
 1582950
 343750
 834350
 559900
 1269900
 2454650
 199650
 2581925
 1505425
 3072275
 1782475
 835425
 908925
 871200
 252175
 2720000
 1079550
 1153375
 408700
 2264125
 2967975
 532450
 960775
 367650
 2303175
 1144825
 3825875
 1093125
 1403025
 1204525
 2699875
 1339225
 1419375
 1647750
 411725
 1989775
 1962075
 1410425
 259625
 3289000
 273875
 972050
 1225850
 264025
 866650
 1100925
 865775
 1043025
 1286025
 1320325
 1336450
 615525
 1858975
 2812050
 388550
 802025
 352500
 919775
 1317100
 570300
 2426150
 947975
 1160325
 558675
 647900
 2710525
 1365600
 1036450
 1700050
 853300
 175225
 798200
 467400
 977975
 1627975
 432100
 1401475
 1794350
 331350
 1427750
 1684000
 1347300
 1095625
 364875
 2235025
 2878525
 965150
 2222200
 840425
 3657675
 1357000
 556975
 1441225
 424750
 2002025
 1148975
 3297050
 1102275
 1431625
 1096600
 699975
 1914000
 3025150
 883625
 1482100
 1188375
 775800
 2139900
 958550
 1141625
 377750
 1086725
 1439725
 502500
 1716750
 866000
 2780375
 1364150
 308425
 904575
 1520500
 294925
 1034525
 1615350
 797750
 3471250
 827000
 1444775
 1351975
 188600
 1503675
 185750
 1087950
 1429350
 474150
 3487475
 601825
 1648550
 2572975
 1121550
 1796350
 178475
 1207375
 973325
 2409550
 634975
 1282925
 1335375
 1591975
 431625
 1358450
 993525
 559350
 748800
 170675
 2499650
 1702200
 2043250
 1260950
 478075
 1521125
 2166900
 1196300
 1518375
 839200
 1987225
 2586475
 1508200
 1066200
 1399700
 419450
 1025675
 1031775
 844250
 675050
 1623000
 1030800
 947350
 1563775
 373775
 2840225
 569800
 1243650
 3502700
 2332050
 1427825
 615775
 1097450
 583400
 934350
 1827000
 257925
 1380350
 1902575
 1317725
 2063950
 642375
 1227350
 1066000
 413025
 929625
 1719075
 1604500
 2754050
 692175
 822975
 837100
 867900
 1125850
 657025
 1305200
 1258325
 321050
 1069450
 336275
 2935350
 750425
 995800
 1505925
 262675
 1065175
 1585400
 605650
 3763300
 1779450
 497725
 3041575
 823950
 1656075
 1555025
 850425
 382375
 131025
 1111250
 2628300
 1504325
 2037275
 1371500
 935250
 288550
 1274450
 2503575
 989200
 2100500
 1863375
 1740750
 2137900
 932350
 1013650
 1584650
 1280100
 1384025
 1109375
 1155525
 1059925
 669025
 1736825
 1015000
 343500
 1109725
 1382625
 901950
 1305175
 1154225
 1399600
 2013200
 766025
 800275
 2968075
 1361325
 771600
 463325
 2059125
 2930250
 660725
 2342350
 3196750
 1241275
 1093800
 524775
 1682675
 3228900
 877350
 2002450
 972125
 779575
 2249375
 715400
 401300
 295000
 773825
 258400
 407700
 2602200
 1076075
 3868150
 755425
 1177000
 1009550
 338150
 1537650
 1469600
 334625
 3726050
 1712800
 1100775
 1610825
 1708500
 1691825
 1429400
 3490000
 672300
 1341275
 3779100
 753000
 1358575
 757775
 2678750
 954325
 991225
 1717325
 1918175
 3501025
 2341350
 1094375
 1902075
 403525
 855700
 306675
 1029625
 219175
 1749525
 862825
 378700
 1574975
 1525275
 1089950
 1000175
 827150
 252900
 1444550
 2008450
 1119400
 1613750
 830200
 1818575
 1164725
 1325450
 527400
 1414575
 3564375
 841225
 2634225
 411300
 3747450
 873200
 1212975
 1694125
 1233675
 1629225
 1425075
 554600
 543300
 416475
 968575
 937225
 1008425
 871550
 1061875
 952450
 441050
 1333900
 3603300
 944425
 1312975
 1523550
 3227050
 1492725
 1836950
 1131125
 1673025
 1758725
 3087500
 1404575
 1744375
 1113500
 462825
 1379050
 2672050
 1539425
 264250
 1784875
 1224525
 1973400
 2231100
 590875
 2642850
 611700
 998800
 250075
 1167050
 1658800
 1907400
 863350
 2616600
 1200825
 1056725
 1022350
 738000
 1074550
 1013500
 959450
 826825
 3495125
 803350
 1558525
 512650
 584750
 2850500
 1126625
 1192400
 1900600
 2123400
 772200
 1387875
 1659425
 1043400
 309525
 1592050
 3686750
 702950
 957300
 328200
 2158800
 1675675
 1519125
 1452325
 406075
 969025
 1498350
 1476750
 381150
 1863125
 304475
 2353675
 1319950
 1229950
 1912425
 459000
 1133625
 1097050
 1019450
 1041600
 3520675
 700750
 1263250
 396150
 1121450
 1011225
 1689675
 796675
 2023250
 2046900
 1042350
 2107875
 236400
 906425
 1432875
 3115250
 1217225
 1372700
 168375
 1125150
 2118625
 786600
 1403175
 1169850
 1500850
 1811450
 287575
 1367900
 4004725
 1191100
 1365050
 2120725
 1639125
 1174600
 781900
 1336425
 917175
 793500
 2509200
 347625
 890400
 1983525
 953775
 1277325
 1391350
 666725
 1473275
 1653250
 772950
 1297475
 404925
 942600
 3364750
 371650
 3450425
 680525
 1264150
 3466000
 434475
 1168500
 3976750
 586750
 1003200
 1981475
 1558450
 553425
 961625
 1609900
 3502350
 2036550
 1102450
 1785375
 215825
 1251450
 306025
 1473325
 1011425
 699675
 1046450
 1846650
 319850
 1491025
 1658825
 3637275
 554900
 1060825
 1695000
 435025
 1869400
 1186000
 1447950
 1938500
 704650
 1583425
 1288000
 1225425
 293150
 993925
 1699050
 561475
 1258550
 740650
 2852375
 1715825
 813925
 2756025
 899450
 2190300
 2666525
 975300
 1839300
 1640950
 395925
 1706400
 511025
 690400
 1693700
 1199375
 1249775
 483275
 1232475
 318450
 1522750
 964875
 529350
 981525
 2712175
 1631075
 1255225
 3053825
 2798600
 929175
 1337150
 3824100
 495950
 1277600
 1416600
 539700
 1217875
 1901700
 651750
 930475
 171000
 1022325
 214500
 855725
 319525
 3085725
 671825
 1649600
 2719575
 2972300
 1357450
 868850
 3171700
 371575
 1639200
 1156550
 2287475
 1545425
 2095100
 715600
 526750
 3336225
 479500
 966450
 861325
 2253300
 1185175
 738775
 643475
 3275500
 295300
 1231300
 475375
 1042225
 1708775
 1691425
 493600
 1279875
 381075
 1251825
 872400
 210725
 1441100
 339725
 1249925
 1118875
 1773725
 785150
 1653175
 866325
 371350
 1634025
 3290450
 4856350
 303550
 1069125
 1541225
 347200
 405000
 1018575
 1534975
 1322450
 228925
 1103050
 1416000
 403500
 1273250
 928775
 1396075
 3115750
 388325
 1356950
 1200450
 299475
 1335775
 1488600
 1568225
 374500
 1499725
 357650
 566625
 560100
 2335700
 1023175
 1213175
 1594900
 923050
 1106900
 609725
 3007250
 1572250
 417750
 1071075
 1627950
 301275
 1248600
 3725600
 1951400
 624925
 1296300
 1351250
 441475
 1674650
 1054375
 622550
 1847925
 1404200
 1283150
 861325
 1775350
 1651150
 1065325
 409275
 480200
 518150
 1611875
 1700425
 1529250
 477675
 1775475
 261400
 467050
 831800
 807875
 3446775
 521975
 888000
 1030250
 1649375
 1668450
 2946425
 290450
 1440400
 247000
 1488225
 1633950
 1416800
 1896900
 1628800
 888800
 1449750
 1188650
 1644975
 502225
 1543600
 1415150
 1683875
 1213950
 1055850
 2788650
 1388000
 1601350
 2226100
 1372975
 1613825
 304725
 2161050
 3657600
 425250
 3766300
 493525
 1136525
 3043675
 2747300
 4036875
 430250
 1585750
 2851700
 1136400
 1168075
 789825
 1032350
 3071975
 1868550
 1266725
 1482575
 1905150
 495850
 1645400
 1121575
 599350
 3194700
 468625
 1025075
 1914125
 617075
 3133125
 1531775
 484825
 1042375
 729975
 1349250
 3566950
 1869425
 510475
 1937350
 3665425
 746975
 936450
 3643700
 302650
 3460075
 840750
 491800
 1381700
 1315100
 1699675
 1495525
 940200
 1112450
 118525
 1414800
 1459350
 1532350
 1554100
 1615150
 585275
 2020350
 1337200
 844075
 1503025
 299975
 1628275
 1911425
 2964025
 1911850
 2144125
 10737675
 1280375
 1690825
 1060300
 1376400
 684575
 1220350
 2500300
 3266425
 507675
 3660250
 255625
 1588350
 1047450
 680975
 932125
 341700
 1708775
 181700
 3190650
 735650
 1623700
 1272725
 1512075
 830300
 2894425
 339225
 2473450
 1106975
 3664275
 263850
 3754200
 398350
 1143725
 904900
 770325
 2144250
 1222925
 315850
 1432100
 1389875
 1543150
 849125
 1215325
 1638800
 1285325
 405025
 896775
 916975
 1404875
 1516700
 2848925
 4598625
 1424200
 3141175
 654225
 1392650
 1298800
 1584050
 1081525
 2577025
 534975
 3174100
 417625
 1761950
 1590150
 2384850
 1232975
 546300
 1537925
 3588350
 1716675
 1603725
 768500
 911025
 1733750
 2056000
 626675
 874850
 4025650
 786850
 849550
 480425
 972500
 1604625
 1665700
 528825
 1406625
 525800
 2192300
 2606050
 484900
 1248900
 447350
 641450
 1167375
 1747650
 2586050
 800675
 1457375
 1271850
 2090775
 1572250
 387000
 3241075
 1502250
 613850
 1592775
 323325
 2119100
 877800
 911750
 932775
 1331900
 1115050
 532700
 2295500
 961850
 1425350
 598850
 1355625
 1044475
 352700
 3136275
 1663900
 295475
 1131050
 924650
 1144250
 332775
 2994875
 371275
 872375
 398850
 601775
 1979125
 988425
 1194900
 1858275
 540725
 3582600
 1570500
 1595250
 272800
 1009975
 834025
 712625
 1052650
 798100
 1023775
 860675
 2844075
 1096800
 882950
 1824525
 2017525
 928775
 477200
 2885375
 378850
 3391925
 894850
 1163575
 1550850
 1224775
 526350
 1246900
 1750875
 3195000
 1271900
 3704775
 718700
 2749000
 504225
 1149525
 1316550
 1006975
 1791075
 1121575
 1202250
 1320475
 201800
 1087000
 1035100
 160175
 1630250
 176900
 981000
 3531725
 373950
 1410500
 359800
 1496925
 1273100
 3409550
 934300
 362500
 975400
 399700
 640150
 1124475
 1002300
 1677100
 1566950
 3081550
 318275
 1273575
 2065000
 971700
 840050
 3633475
 992950
 1214025
 1455825
 1199575
 1151950
 859550
 1073950
 1699175
 1463125
 3664300
 1428375
 730950
 2681175
 264125
 1082175
 896450
 1660650
 3369025
 508925
 1223425
 1045425
 776025
 1396625
 3403275
 322075
 117350
 1343675
 1443625
 456425
 901800
 3682950
 794650
 1473925
 1640700
 1416650
 1130425
 1174600
 1522050
 345200
 1523900
 3708050
 3033900
 1265250
 1984675
 3684800
 631975
 1511275
 345750
 779825
 1315900
 245250
 1371175
 1039750
 343250
 1132775
 462550
 1654875
 3661450
 703325
 2246850
 1223300
 3483350
 1702275
 1109450
 925200
 2497925
 608050
 1700875
 897025
 493475
 1010325
 1809825
 708300
 1138050
 1338775
 1172550
 1206175
 370450
 1666475
 2494975
 502825
 1092550
 376600
 1605275
 1691400
 623250
 1747025
 1125625
 1381425
 934800
 843650
 3754225
 2865050
 1067600
 1286200
 870550
 2970875
 521075
 1184425
 521175
 1818900
 1799850
 940625
 2045550
 1814525
 247375
 439750
 385125
 1006350
 719150
 932575
 1708300
 3955325
 508700
 3001075
 953375
 1014625
 573325
 1024000
 2713825
 980775
 1317725
 1130000
 994800
 1747575
 534625
 2178575
 664050
 1359225
 956975
 1727900
 2872275
 256050
 2343575
 1651525
 3434700
 699750
 1440050
 857600
 486225
 3511050
 1780150
 471875
 2021300
 2354375
 1283875
 1994825
 3229200
 327775
 3511400
 900850
 1042325
 831350
 334000
 2445300
 1361175
 1921600
 499050
 695575
 592925
 1352275
 1548100
 1048075
 2314900
 978175
 2811225
 1117575
 466550
 2482875
 663050
 1496125
 1644525
 367325
 2275975
 1806875
 2041450
 3119575
 1041950
 1561875
 1648700
 4006225
 719250
 1541725
 633700
 1044675
 681325
 1153225
 1155325
 848200
 930175
 964050
 842325
 1558775
 1492750
 4073300
 649325
 1801750
 358950
 691950
 1618950
 1563825
 488400
 1245225
 1417450
 314150
 2871500
 1041450
 1545350
 469900
 1024800
 1428700
 1239450
 1836225
 507200
 1178675
 1314025
 687175
 650575
 1189675
 549600
 3208125
 388100
 4047700
 679575
 1033375
 684750
 855575
 1473775
 1604950
 824775
 2736325
 670175
 1085800
 1569025
 1015600
 1671425
 2223875
 1389375
 1049275
 554750
 968150
 634325
 1071950
 275125
 989625
 1704900
 1696175
 911850
 1060325
 1137925
 973200
 963700
 1392525
 317125
 165925
 754550
 1507275
 3544250
 927400
 939800
 3393875
 1577700
 1793475
 354475
 958100
 1652850
 1515625
 718000
 1824825
 3010150
 235375
 187225
 2330475
 1441925
 1124175
 1918475
 406525
 1460225
 146500
 303275
 3448150
 1271175
 1725650
 1514800
 1328700
 1880075
 1138225
 2209125
 708475
 380800
 1115925
 1626100
 3739300
 609475
 2204950
 1815875
 990775
 1820775
 1266800
 398250
 219950
 1934300
 144425
 1490500
 1593975
 342375
 1756350
 1254475
 1424050
 1334850
 725650
 779500
 1487700
 1287650
 1957675
 1338275
 1522525
 1947975
 538325
 1485800
 1953900
 1491425
 797725
 1209900
 2113175
 1372050
 889375
 1686275
 1480275
 277300
 1334075
 167600
 1038675
 1326675
 1819175
 892400
 1863825
 752025
 1492125
 556850
 444675
 1104225
 1339850
 1082775
 561775
 675250
 922525
 967325
 814750
 2536850
 328350
 1309700
 1462450
 1963625
 676875
 1503675
 1890875
 1093950
 885350
 1674300
 1228625
 4069000
 1770000
 507500
 1445800
 1762500
 351800
 846575
 1203100
 910250
 1964750
 1104225
 983075
 179150
 1665925
 1521450
 481400
 2115275
 1281750
 1265075
 527350
 1541200
 3180675
 885375
 1351425
 1542500
 449975
 1316000
 1116875
 408775
 1221975
 1209925
 1945175
 1370075
 1202775
 1238425
 559675
 1027600
 296200
 1408125
 1205825
 1982750
 716825
 1825550
 579250
 502375
 3348250
 1059075
 833300
 366300
 969325
 1136525
 612525
 1412400
 485050
 1642675
 1271975
 3115950
 452225
 107750
 1713850
 3540500
 533975
 2626475
 605350
 818600
 1903925
 2208600
 1040600
 1304150
 663850
 728975
 1868075
 870500
 1615200
 3543400
 471100
 3432975
 222250
 1756225
 1158950
 1299325
 819700
 1850175
 1395325
 1319675
 416925
 940150
 340425
 1564500
 1565550
 1308875
 3317975
 1323000
 1523725
 443575
 632625
 727025
 658475
 326475
 3167425
 1096250
 1215775
 1319450
 731275
 1561175
 1260500
 3307100
 453050
 836375
 922550
 1201825
 725275
 1555275
 1776000
 822800
 1237125
 893575
 2885800
 753850
 2066950
 1289800
 297225
 2198250
 541025
 769375
 1456075
 801350
 495625
 1189000
 1524425
 752400
 983200
 1213575
 747500
 1076125
 2499900
 1138375
 3509475
 883725
 1757975
 1093475
 3011775
 1293025
 417425
 1849025
 768600
 1553225
 224575
 1061975
 656000
 1266525
 4010400
 996100
 827050
 1841875
 1316450
 342775
 1087100
 2128250
 573250
 596725
 665525
 968025
 252050
 1080775
 432850
 960375
 1703025
 217900
 432500
 1820300
 1545750
 1966800
 1967900
 1509250
 945675
 2526550
 1027125
 864675
 919875
 1082600
 1358425
 1782925
 2226500
 913700
 196050
 1849200
 1336925
 1458175
 958325
 851325
 3451000
 1994075
 1467675
 304375
 1289425
 477350
 1490400
 1460600
 1393650
 157375
 876800
 1619175
 1289450
 2508375
 1154850
 311425
 1208900
 1498425
 1178425
 394775
 1600325
 377450
 1156475
 1550050
 1435700
 469575
 1433400
 4123725
 676700
 1447075
 1575175
 536475
 396950
 633125
 530825
 577500
 1310200
 815925
 1092075
 3116725
 1242475
 586525
 175150
 3155950
 807425
 1830800
 1104000
 3971675
 1103225
 1315250
 859300
 1118200
 1091025
 1611750
 371500
 1257775
 1145300
 1592700
 694875
 3207100
 797825
 1320350
 1382625
 1471475
 392025
 1389950
 280275
 1334950
 3270475
 578925
 380050
 756450
 1062075
 186600
 2966375
 1630425
 1794500
 843100
 1182775
 1733675
 772375
 2005600
 1301325
 1443150
 1574600
 1680025
 671525
 2156450
 1429750
 909025
 871725
 798325
 2096550
 336975
 830750
 487650
 1705975
 971525
 1379250
 635275
 1923225
 2985025
 1035925
 2348525
 1202175
 851625
 1094725
 3148200
 800950
 1389475
 1216675
 1352650
 921900
 878300
 1490300
 750025
 2761700
 254025
 3614550
 1843625
 489950
 1050175
 385175
 1420500
 1559675
 1581850
 488675
 1438300
 1523225
 947275
 1556900
 1773725
 1287125
 702275
 1214400
 2344475
 2837925
 796375
 1205650
 274175
 1826300
 1665975
 1386650
 876800
 873825
 379475
 2238200
 117650
 1566950
 349000
 1051875
 1581050
 358300
 882475
 435650
 822675
 1468550
 301675
 1846150
 2039150
 3417600
 486675
 969850
 705150
 1820100
 511450
 863950
 2156025
 1592050
 899725
 1032975
 1473275
 334550
 992600
 552200
 561425
 1631625
 1569350
 221775
 2294650
 1390400
 1629925
 1789500
 1444325
 627800
 2130625
 1979025
 1189200
 230950
 3111175
 1001825
 2653775
 270475
 2180825
 1145600
 1187450
 296750
 791375
 1234025
 3018950
 518850
 995600
 1426625
 315000
 1137700
 1826025
 5084525
 837400
 1098800
 2181900
 532075
 1487800
 530900
 1690375
 2830675
 1355800
 3392350
 1335000
 1059800
 1046625
 1362125
 1261800
 455375
 2122900
 1633900
 1203400
 18992150
 580225
 297275
 994950
 393225
 1024950
 1359725
 1392525
 1556500
 1499375
 3649025
 1122425
 1493475
 1657975
 895500
 2961400
 1692125
 1418250
 515250
 1127250
 1774425
 2906700
 911050
 1785225
 1190325
 1741625
 762425
 954150
 4029000
 1183950
 2624875
 658925
 1172950
 1543225
 966225
 800250
 288425
 890475
 1248200
 2429400
 951450
 660350
 1613700
 1889450
 470700
 1087900
 1339275
 581600
 2847075
 532525
 1062275
 954900
 1729925
 1695425
 3511575
 468775
 994550
 1449775
 684250
 1495775
 914450
 580500
 552900
 1422150
 1050500
 1714575
 1691050
 900600
 1804800
 1183725
 1105225
 639050
 1536900
 332300
 1401700
 1160425
 2275550
 1720575
 3365250
 3923550
 1325425
 215175
 1786700
 1521350
 387250
 1024950
 1479250
 1051225
 969300
 2994600
 1814750
 1193675
 1870250
 743625
 1433625
 1463800
 444400
 1593175
 1754375
 3597350
 1328350
 962250
 874950
 243825
 916000
 1445825
 261925
 865825
 456700
 1650775
 1220150
 951975
 919650
 3031475
 1245225
 624300
 1623225
 1047750
 700900
 3543375
 996175
 718625
 812025
 1707075
 2656900
 387150
 3350825
 2880400
 1076025
 1559925
 211125
 1898800
 1221950
 1522675
 1018500
 465950
 1577075
 1734325
 930150
 1506750
 584275
 716800
 1321000
 703050
 2012150
 1367400
 1931800
 1185925
 929325
 2041600
 1786050
 1542775
 2046225
 1056825
 1522025
 1316375
 3101500
 2021050
 1201550
 16320000
 305075
 1789750
 3917250
 1944450
 518150
 1796400
 3531350
 1140350
 1104775
 925750
 2455875
 729125
 1414900
 600025
 3482900
 579775
 2001950
 858025
 18187400
 1615850
 1246350
 4402400
 1342900
 1310700
 1653500
 2997975
 1279025
 3445050
 649950
 2423375
 1273225
 1344025
 3277575
 3691100
 981875
 815025
 347275
 1951100
 1123200
 18902475
 1521025
 2542850
 3219950
 505550
 686650
 1625750
 2256700
 512700
 1559050
 363050
 1243200
 1774375
 1489675
 587625
 1347900
 1345400
 3022575
 1897375
 1787425
 1256150
 1523350
 1620200
 1373925
 1609975
 2112000
 3428625
 622475
 1037550
 3681425
 1576550
 1101500
 1931425
 1200800
 2862225
 1226925
 1423150
 1670750
 2825625
 3208550
 305775
 375750
 862600
 2966000
 2953400
 894275
 1145925
 1323700
 2820625
 1677150
 1385425
 1515250
 415175
 1426500
 409250
 556000
 510375
 1296750
 4839000
 1618425
 848400
 970600
 3020925
 383925
 974025
 476950
 959525
 1858175
 260175
 1558500
 1205250
 460025
 1782350
 943250
 747900
 982450
 1636875
 263500
 2459550
 1236875
 1522000
 343025
 1487700
 1830375
 1353075
 2740250
 1109225
 392175
 1278350
 1656725
 3124350
 1208250
 1509275
 1243650
 1007775
 1346000
 1865125
 1732950
 201325
 1300575
 3576075
 575375
 1547375
 331550
 2915750
 229575
 2258625
 2139725
 571475
 1812425
 455175
 1525025
 3886675
 1025500
 1002375
 716750
 995075
 2949875
 1651825
 259775
 473650
