# bitfield for header selection is:  0x10000
 dtsc
 251050772
 250642807
 252147630
 251387988
 251817381
 250750691
 251112379
 251842854
 250653077
 251912879
 251267904
 251773815
 250939126
 252022449
 251066107
 250626273
 251130758
 251508644
 251009171
 252315956
 252924856
 250549349
 251427301
 250776609
 252401001
 251548919
 251631022
 253064834
 250830344
 251918907
 250859416
 251252247
 251801896
 251869483
 251055732
 251003423
 250718422
 251321801
 251123771
 250854256
 251469725
 250607728
 251718374
 252558983
 252027019
 251814603
 253870902
 251877506
 251757082
 251003273
 253169024
 250535578
 251444765
 250765624
 251232727
 251892209
 250480400
 251674090
 252319502
 251535538
 250730427
 252015511
 251487550
 251438013
 251911534
 250778247
 251332595
 250682815
 251239592
 250490805
 251064527
 250511922
 251601082
 251884295
 251289301
 251241652
 251151587
 250650960
 252912717
 250890758
 251805105
 251274237
 250538308
 251450704
 250722440
 252050866
 251659281
 250502204
 250879550
 252439980
 251585473
 253122200
 251263842
 253627798
 251313944
 251186228
 253806958
 251260250
 253279443
 252333794
 250763127
 251206398
 253032759
 251857024
 251097945
 251784552
 252123548
 251790082
 252308660
 251143534
 250924733
 250614130
 253594368
 250718873
 251794095
 251735795
 251437615
 251063840
 251622605
 251374257
 250806790
 251355406
 252665774
 251097851
 251707081
 251776322
 250557377
 253562432
 251362569
 251215823
 250584567
 251330117
 251282740
 250526474
 252171522
 251535667
 251655686
 253391915
 251734562
 253980114
 250520554
 253435667
 250798482
 251852229
 253677178
 250873801
 251121398
 250729253
 250976532
 250663178
 251230546
 251173731
 250665655
 251663408
 250728669
 252914926
 251244411
 252176039
 250980795
 250665054
 251376555
 251533836
 252094261
 251056894
 251455583
 252619141
 251348443
 251225057
 250593687
 252547689
 251438887
 251289902
 251039173
 251360562
 251746097
 251623698
 250903323
 253294620
 250850661
 251230769
 250849430
 251462676
 252588201
 251566489
 251493714
 250781912
 251192479
 250838071
 251520153
 251429003
 250761924
 251455703
 253946885
 250772953
 253152474
 251912119
 250728733
 251279958
 253379368
 251469737
 250476858
 251174613
 253711981
 251201531
 251881602
 253242242
 252295193
 250742500
 251263570
 251654662
 251084003
 251391469
 253752184
 250816982
 251931701
 251359103
 250824665
 251399716
 251950619
 251565994
 250561635
 251197679
 250756281
 251773056
 252565763
 251665810
 252526462
 251602565
 250548048
 251225192
 254036474
 251795716
 251012779
 251198224
 251277293
 251085416
 251453776
 250540631
 251611360
 253387676
 251214563
 251383958
 251418501
 250732659
 251490227
 251568968
 251011885
 251389194
 251400813
 251994957
 250819254
 252324479
 251601606
 251525272
 250476265
 251755460
 251183985
 250740145
 251355589
 252027559
 251793864
 250584750
 252495766
 251517342
 251216062
 250967678
 251632688
 251800307
 251624035
 250836820
 251145342
 251880460
 250747262
 251868943
 251842780
 252506601
 251470985
 251174487
 251307054
 251744049
 251433394
 251810923
 252113655
 250986032
 251114142
 250688884
 253382976
 250767376
 251651477
 251571178
 251186231
 250684310
 251473442
 250811165
 251142747
 250815167
 252006072
 253110390
 252144381
 250932727
 250928373
 250709769
 251194621
 251674458
 251950213
 252061892
 251221908
 251258479
 251258963
 251307477
 252880789
 251156665
 253135326
 252038649
 250657920
 250553066
 251011362
 250607329
 251273852
 251299758
 251837986
 250506438
 251206962
 250985215
 251981129
 251514672
 253681107
 251355065
 253026848
 250769050
 253479533
 251012348
 251653208
 251697607
 251528566
 250573790
 251417769
 253138474
 253290652
 250569085
 253260824
 251130994
 252138221
 253192766
 251134780
 251771999
 252543826
 251676376
 251707251
 251189973
 250735038
 251690790
 251474608
 250599457
 252595334
 253040633
 251972256
 250977313
 251173427
 251938391
 250528468
 252400712
 252207292
 251769948
 251799048
 251280075
 250591307
 253650584
 251177152
 251060384
 252010448
 250707961
 251371778
 253588161
 251105513
 251463420
 251379968
 251205574
 251359497
 251220141
 251164192
 251601054
 251686029
 251574952
 251883486
 250700446
 251411063
 250659727
 251318612
 251781079
 251800108
 251812551
 250716225
 251276188
 251672395
 250803980
 251342600
 250571315
 250501237
 250814452
 251440983
 252001266
 250614065
 252496189
 251271776
 251415702
 251367926
 251318674
 251261400
 251094264
 250872168
 251540380
 250883860
 251502018
 251804150
 251706995
 251215100
 251072615
 251651843
 250540684
 251168401
 250511276
 251779296
 250738275
 250972983
 250685980
 251271355
 251417170
 251868021
 251156746
 251901142
 251405148
 250597449
 251045746
 251993495
 250849999
 251285076
 251942641
 251340988
 251338921
 251632826
 251748693
 251850592
 250566201
 252182560
 251994876
 250929384
 250825193
 251197034
 250529346
 251215818
 250971179
 250969392
 251801851
 251553103
 250914101
 251559706
 250506295
 251074785
 251349300
 251686069
 250972325
 251844271
 253751213
 250901190
 251358957
 251926580
 250691758
 251403368
 251319214
 251245897
 253081729
 251081269
 251452179
 251450745
 251603454
 250735144
 251352416
 252114225
 250599655
 251293880
 251939927
 251011917
 251485033
 253957125
 250443419
 251231366
 250746706
 251035509
 251853826
 250784064
 252137535
 251184907
 251961556
 250520567
 251555244
 251213865
 251318535
 251497984
 250519047
 251070121
 251338726
 251846591
 251226755
 251565925
 250531604
 250880057
 251848996
 253126275
 250912098
 250781887
 251150948
 251775518
 250799047
 251120082
 250798039
 251675109
 251324795
 250516057
 251809285
 251946577
 251351673
 250777276
 251458184
 251296597
 250516305
 251174788
 251129653
 252936003
 250634276
 251169165
 250732003
 251249111
 250746832
 251308452
 250767814
 251394707
 250468152
 251152687
 251022712
 250838116
 252506642
 251160544
 251712208
 250642356
 250453495
 250878030
 251218650
 250637453
 251633464
 251464716
 251209339
 251312990
 252216924
 251574562
 251987738
 250832347
 251126070
 251885912
 251667898
 250981937
 252040027
 251442388
 251778187
 250749947
 253269803
 251094561
 251905452
 251434572
 251382390
 250657164
 251776492
 251508319
 250842420
 251423512
 251352835
 251011573
 253254448
 251544091
 250893094
 253974118
 251940463
 251235924
 253118966
 251892408
 251186061
 251491947
 251376320
 250788980
 251818238
 251812649
 251359501
 250758544
 251116539
 251952846
 253151787
 251727816
 251278495
 251153565
 252132270
 252010460
 251880358
 251354045
 251931790
 251458557
 252309988
 250691001
 252575221
 251943477
 251952411
 251495741
 251863735
 251777606
 250793863
 251276402
 251841465
 253115403
 252299718
 251522082
 253947095
 250477382
 250520835
 251066651
 251532938
 251785751
 250788635
 251496346
 251306335
 252955288
 250448096
 251225240
 250531149
 251791991
 253353648
 251659054
 250713084
 253839662
 250923469
 251459869
 251409674
 250832672
 252249692
 251304402
 250520189
 251766133
 251100842
 250627260
 251438313
 251377547
 251972468
 251411375
 253154545
 252054494
 251727535
 250641081
 253757972
 251253345
 250790568
 251943807
 251842248
 251028822
 252156364
 251599331
 251700898
 251668194
 250646346
 251846469
 251280400
 250556118
 251300538
 250909051
 252186829
 253131556
 252157336
 251928011
 250821509
 250938845
 251031150
 253102765
 251176749
 251027449
 250622726
 251268404
 251236761
 250495554
 251831324
 251780912
 251726455
 250605786
 251160223
 250525572
 253911998
 252427910
 251643373
 251965870
 250797166
 250531251
 250989314
 251402592
 250748241
 251675080
 251403446
 251681722
 251318190
 253051212
 251136535
 251144200
 252047125
 253039280
 252725037
 251093237
 253578114
 250738288
 250482094
 251386733
 251428990
 251302517
 252270021
 251976026
 251904526
 251061980
 253459160
 250868459
 251438415
 251333668
 251886761
 250748371
 252489953
 251797695
 252537329
 250412994
 250758562
 250411208
 251125099
 250435518
 251782278
 252196973
 251383263
 250535943
 251390673
 251586380
 251857486
 250793364
 251379553
 251397084
 252036005
 250742298
 251311527
 250636413
 251791600
 251446403
 250552006
 251536098
 251794363
 251769380
 250817283
 252316988
 251335260
 253955435
 250625127
 252044662
 253727395
 251597657
 250600870
 253985367
 250678131
 252124693
 251512475
 251218492
 250628742
 251028266
 250566050
 253992566
 250631745
 251484334
 251846274
 250672943
 251389856
 250610214
 253186115
 250549954
 251778301
 251246450
 251124944
 251147183
 253735658
 250764625
 251701625
 250677358
 251818434
 251642398
 252513170
 251187710
 250618725
 252183945
 250932609
 250775968
 251325961
 251584950
 250587777
 251000315
 250901881
 251275684
 250901210
 250909372
 251387488
 251149170
 251687085
 251412135
 250630908
 251580022
 251316341
 250445000
 251376694
 250789207
 251466272
 251336991
 251789277
 251314960
 251227466
 251416734
 250685707
 251332449
 250517875
 251509450
 251269672
 250988270
 253122569
 250456911
 251807815
 250542069
 251622239
 251262859
 251142986
 251118851
 250714303
 251345701
 251474775
 250815581
 251215912
 251782875
 250751958
 253271286
 250749419
 251352201
 251540278
 250822472
 251525129
 251254924
 251197262
 251522245
 251221928
 250450533
 252474288
 252131381
 252288595
 251621130
 252292253
 252244352
 251886550
 252527568
 251780815
 252193160
 251830402
 252504818
 251706932
 252308755
 251987270
 251924235
 250238274
 251817966
 252122100
 251990988
 252232722
 251877713
 252034350
 251887707
 252527290
 252051633
 251716140
 252433437
 252168810
 251985740
 252338353
 251470082
 251146765
 250827980
 251542295
 250537574
 251510358
 253535194
 251292421
 252057256
 251400147
 251459824
 250901004
 252093278
 252122451
 251201913
 253016700
 251538170
 251967597
 251866562
 250512620
 250798149
 250748030
 251439760
 252157405
 251296285
 250576897
 251283480
 251085022
 251622459
 251272369
 251702018
 250820672
 253505127
 250535764
 253556221
 250999418
 251806100
 252614180
 251972240
 251871368
 251895857
 251611368
 251430993
 250712654
 251989607
 251329053
 250775768
 251313307
 250770402
 251092758
 253578268
 251062150
 251544402
 251992252
 250772344
 251568379
 250538799
 251422441
 251707252
 253442962
 252676414
 250763622
 252071255
 251629625
 251268294
 251793112
 250482448
 251253470
 251221701
 251197843
 253808624
 251238662
 252112421
 252069220
 250859204
 251675783
 250573570
 254095339
 251830654
 250946528
 251341667
 251847968
 251664538
 250645265
 253563229
 250768058
 251237565
 251741433
 251120919
 251044848
 252101785
 251493637
 250827172
 251715786
 250522505
 251339749
 251252869
 251173841
 251428563
 251385213
 253306349
 251691334
 252149199
 251643734
 250611713
 251332059
 250502492
 251262887
 251348829
 251893529
 250601159
 251670506
 250545721
 251975295
 252167143
 251330385
 250514660
 252970888
 250693734
 253810599
 251863389
 250918578
 250953150
 250660633
 251279198
 253109919
 251805214
 251548806
 251179353
 251045292
 250761387
 250744073
 253844923
 250795289
 250944488
 251515038
 250639939
 252006638
 251444614
 252086563
 250707836
 252478204
 251632164
 250532612
 251199934
 251664823
 252882885
 251440740
 251258198
 250639273
 251120834
 250633223
 251713382
 251520535
 250828500
 252338669
 251651148
 251426057
 250734543
 251358603
 251405692
 251909137
 250973040
 251651851
 253343407
 251068025
 250503662
 250979755
 253731254
 250563901
 251162409
 250612489
 251664668
 254026200
 252030358
 251133667
 251328183
 251598425
 250824929
 251355878
 251481327
 251006068
 251221051
 251462640
 250771991
 250460295
 252490603
 251152240
 253030678
 250684324
 251937920
 251585206
 253006081
 252001929
 251337312
 251603726
 250927824
 251557865
 252066299
 253567751
 250863827
 251883361
 250459856
 251694873
 251189868
 250888393
 251597198
 250051129
 253443645
 250780018
 253174342
 253054668
 251851779
 253605154
 251213154
 251344904
 253896208
 250546205
 251454048
 250552006
 251731496
 251496245
 250494709
 251339294
 253137552
 252983132
 250624794
 250434661
 250901207
 251694349
 250757593
 252067997
 252152440
 251277626
 250560501
 251079038
 251529907
 250605599
 251535306
 250838835
 251297950
 251856142
 253073576
 253130974
 251124726
 251397371
 252540934
 251624957
 251910014
 254046992
 253038865
 251400094
 250750654
 251354578
 252566685
 253418677
 251857219
 251274306
 252835964
 250845750
 251473088
 251851665
 250701750
 251184717
 250525876
 253393416
 252141837
 250671899
 251732175
 251314342
 252481572
 250779356
 251305637
 251431809
 251935954
 250699930
 250978333
 251050333
 251390088
 251457298
 251106086
 251036768
 251657929
 251000230
 253138376
 250957346
 251472143
 250526725
 251470472
 251444851
 251670104
 250831193
 251113107
 250646987
 252164218
 251477732
 251855741
 251874300
 250749614
 251422665
 251828159
 251535619
 251091742
 251346099
 251877182
 250655340
 251282399
 251467706
 251078246
 252026840
 251658168
 251346388
 250808004
 251100172
 250527794
 251981973
 251743522
 251552165
 250494615
 251235165
 251688462
 250647223
 253664592
 250650839
 251222904
 250770560
 251427760
 253708983
 250554257
 251158253
 253263164
 252272487
 252253552
 251319644
 251539113
 250882377
 252220450
 253033467
 251158753
 251489350
 253642940
 251154860
 251384775
 251376750
 251765520
 250662957
 253795673
 250820623
 251478829
 251712467
 251950859
 251990367
 250467592
 252329321
 251621618
 251693646
 250769058
 251626643
 250521923
 251467970
 252299970
 250885566
 251851949
 250565579
 250432525
 251888637
 251506341
 251434417
 250536915
 252116905
 251388004
 251947410
 250723200
 253094725
 250821923
 251938143
 251346461
 251760519
 250549922
 251271304
 250918627
 251177119
 250224593
 253261718
 250817857
 251177160
 251815618
 250722635
 251444643
 250464062
 251572807
 250545002
 251177095
 251554128
 250540269
 251820949
 251657489
 251677770
 250714957
 251498910
 250752576
 250996468
 251698379
 250874358
 251428234
 253739676
 252114484
 253191043
 253944758
 250681503
 253460992
 250701295
 251105087
 250752031
 251323910
 251853152
 251564345
 250668392
 251291248
 250640633
 251200540
 252019670
 250395096
 251764098
 251330385
 250778775
 252287084
 251358217
 250431947
 251179785
 253654728
 250508936
 251977192
 251745991
 250717493
 253104540
 250780233
 251353542
 251954994
 251797707
 250818405
 253672965
 251947808
 251371270
 251361001
 251455953
 250779136
 251440983
 251333420
 251951148
 250552233
 251359510
 250764556
 251311840
 251545742
 251190664
 251537252
 251306729
 250718512
 251206731
 250531129
 251209880
 253213183
 251132404
 251811040
 251563926
 250707770
 251638096
 251618140
 250881195
 251448929
 250543686
 251030634
 253648098
 251007482
 253682049
 252439232
 250583413
 251281563
 251767307
 251928166
 251998284
 250784353
 251579738
 251408202
 250519572
 253817240
 250799136
 251721162
 252021567
 251550455
 251814913
 251917569
 251250383
 252025995
 251585095
 253644077
 250590332
 251524171
 250504966
 253729552
 250577413
 251579754
 251867346
 251487559
 251057260
 251277780
 253767905
 251194556
 251395312
 251243996
 251115504
 253119526
 251120249
 251442737
 251741600
 251713630
 253361651
 253079804
 252073814
 250616113
 251515627
 250685756
 253100002
 250736566
 251785365
 251919387
 251677643
 251102837
 251155064
 253742068
 250938058
 251155380
 250571885
 253532483
 250896637
 251361890
 251655113
 253175162
 253266358
 250949729
 251358888
 252782940
 251323162
 250645468
 251165643
 253941496
 251943856
 250687470
 252470737
 251167308
 250761579
 251249529
 252651385
 253389585
 250529329
 250526441
 251361139
 250464142
 251272036
 251454535
 250527412
 251871746
 251265475
 250640357
 251483920
 250530605
 251259787
 251894398
 251394350
 251018783
 251710847
 251437515
 251784043
 252016635
 250699613
 251696949
 252046388
 251493836
 250658773
 251042102
 250771361
 251622175
 251352290
 250468363
 251279032
 250570612
 251303451
 251898242
 250525088
 251487884
 251927081
 251696007
 250616364
 251251946
 251163604
 251716225
 251240596
 251700061
 251193337
 252867355
 250845014
 251383685
 250702636
 251795310
 252372160
 253314539
 251109633
 251903409
 251223558
 251622128
 250994418
 253144621
 250583474
 251547640
 250709818
 252001998
 252235539
 251362272
 251188640
 250536350
 251192617
 250970001
 253340182
 251019315
 251324625
 252021230
 251941251
 251504605
 250647484
 252386095
 251242988
 250788566
 251787725
 251751500
 251415064
 251737797
 250558271
 251267904
 251813043
 251174304
 253066361
 251047887
 251641276
 250453491
 251132196
 254006712
 250869385
 251422973
 251293218
 250561703
 251183904
 251838592
 250839643
 250475453
 251383539
 251734864
 251690579
 251610653
 250910794
 251593314
 251433504
 251122930
 252083162
 251238622
 251859810
 251878197
 250545961
 251531870
 253982913
 252232845
 251015132
 253079515
 250733145
 253530192
 252350020
 251820108
 251078973
 251355979
 251342423
 250752263
 251146898
 251634719
 250760003
 251329016
 250690676
 251472219
 251474628
 252033353
 251239856
 251141471
 251900248
 251571532
 250582601
 251499186
 250553266
 251515220
 251222823
 251154934
 251105888
 251902641
 250857616
 252120245
 252066315
 251534823
 252110690
 251377563
 250738727
 251105948
 250528005
 251253052
 250839956
 251530569
 251598254
 251181613
 250544978
 250627138
 251862589
 251335061
 253888822
 251273141
 251943429
 251137546
 251912599
 251617494
 250597206
 251421580
 250695498
 251139915
 251930002
 250707238
 252239602
 252167538
 253237077
 250795549
 251607168
 252642308
 251198570
 250621455
 251891778
 253226260
 252140749
 250778734
 250540493
 252621992
 252186716
 251870093
 250659922
 251547790
 251984996
 251768124
 252048599
 252092876
 250841662
 250524544
 250643770
 251515002
 250562255
 251343077
 251669173
 250645985
 250531208
 251237722
 251820603
 251246125
 250818258
 253582847
 251809041
 250675283
 251645213
 250630867
 251441271
 251465874
 250727181
 253036201
 251176806
 253070956
 251293347
 253017050
 250561687
 251222860
 251146849
 251866579
 251208295
 251866720
 250526376
 251252178
 251506686
 251402552
 251011800
 250779230
 251696408
 252439180
 251901406
 252249648
 251431688
 251451939
 251663709
 250815289
 251248542
 250988226
 251044970
 251422515
 250856848
 252562237
 251604904
 251668735
 251834655
 251472801
 250620585
 253613193
 251183571
 250997110
 250658159
 252953769
 250763293
 252090759
 251425086
 251591470
 251389564
 251679951
 251873932
 251296016
 253318467
 251598746
 251384779
 251168068
 251465719
 250548049
 250989652
 252474202
 251386899
 250664919
 251522903
 251735076
 251792958
 251626677
 250855508
 253885732
 250640089
 252004992
 251574306
 251249278
 251911595
 250976558
 251232385
 251651108
 251115836
 251477850
 251479463
 251720503
 250783264
 251799519
 251431359
 251074058
 251344388
 251908223
 251670047
 251040173
 252969319
 250542196
 251569918
 250806449
 251459093
 251238269
 250932272
 251896881
 253352490
 250878670
 253489578
 250771958
 251528794
 251888211
 250596763
 251521676
 251663774
 250727153
 250997573
 250744593
 251210904
 253862505
 250578412
 251682547
 251788761
 250793518
 251015932
 251975421
 251801184
 250590848
 252395914
 252246333
 251211720
 250553208
 251723969
 251779519
 252731793
 251294424
 250605965
 251453239
 251109788
 251857360
 250904583
 251338620
 250804929
 251542830
 251539978
 250635734
 253416126
 250652837
 251991151
 251390433
 253747159
 250847898
 251308545
 250801217
 252333928
 250929400
 250475664
 251841168
 251415027
 250828021
 251413959
 254014182
 253302238
 252822549
 250726820
 251353233
 251038491
 253116500
 250723699
 251797098
 251707186
 253619401
 253191632
 251631124
 250688323
 251205127
 250597425
 251742700
 253800406
 250551649
 253810115
 251809138
 251733252
 250517470
 251987398
 251250325
 251133740
 251217217
 250621328
 251288132
 251235140
 250774655
 251369601
 250521554
 252089873
 251502957
 250526794
 250821752
 251850028
 253122976
 250550300
 251130140
 251631762
 250544994
 251372729
 250496765
 253161691
 251010581
 252891795
 250664322
 250538523
 250995989
 250523073
 251628601
 253274133
 250597312
 251240425
 251978675
 251093680
 251372708
 252506057
 251090303
 251957221
 250605810
 253930495
 251770594
 250983261
 251470391
 251709498
 250486539
 252295063
 251566603
 251596089
 251748327
 251682344
 251280039
 251451753
 251524357
 251989376
 250711548
 252533678
 253399429
 251677741
 253355123
 251132367
 250540196
 251874659
 253930459
 251681162
 250598221
 251459284
 251785203
 250620914
 253856801
 250704822
 251661056
 253820109
 250746482
 253218331
 251171793
 251886822
 251352692
 251512938
 251181840
 250991094
 250519169
 250910335
 250997354
 251748607
 251233137
 251958444
 250783353
 251481279
 253604285
 251317685
 253011282
 250725853
 252266027
 253220188
 252174503
 250425070
 250600813
 251366472
 251145156
 250513770
 251490509
 250765060
 251566664
 252108691
 253431734
 251115012
 251280185
 251381349
 252071057
 251210858
 251871173
 251291069
 251807680
 253141082
 251943051
 250532868
 251735473
 251384413
 251382856
 250747019
 251534818
 250539104
 251033364
 253869431
 250634146
 252547608
 251456136
 253888627
 250612927
 251950335
 250567391
 251428064
 250437619
 250954470
 250983366
 250653902
 251865413
 253049964
 252757213
 250689485
 251883929
 251700475
 250737468
 251304093
 250535220
 251037198
 251700711
 252003139
 250806770
 253669934
 251742421
 250576040
 251205687
 251070117
 251223883
 250556032
 251270142
 251655991
 251468502
 252149974
 250712809
 251382113
 251110332
 252647468
 251050735
 250992856
 250615203
 251705793
 251466840
 250679207
 251434000
 250640963
 251221530
 251434065
 251069650
 251831868
 253390252
 251188884
 251150388
 251576033
 250836820
 251994023
 252046128
 250498439
 251245150
 251315443
 251879375
 250693166
 251370426
 251663392
 251668507
 251341602
 253191514
 250923660
 251239503
 251738517
 250755419
 250965488
 251809338
 251194535
 252994678
 250843616
 253836517
 251913350
 250760514
 251616841
 251308208
 250709111
 251164855
 250674490
 251765451
 253451449
 251334346
 251619961
 250274460
 251527536
 250709297
 251099515
 252185178
 250682065
 251031067
 252122278
 250650105
 250575305
 251967430
 250338892
 251802281
 253419904
 250746380
 251596248
 251213682
 250938817
 250830750
 251186403
 251792409
 252164859
 251698700
 253639657
 250980169
 251003716
 250691025
 251340143
 251706427
 250788285
 251294521
 250700877
 253161642
 250868423
 251321179
 251303033
 250711293
 252333197
 251512779
 251308651
 250573444
 251772735
 253971721
 251153720
 251720446
 252286035
 252071329
 251382393
 250529610
 251770407
 251299624
 250840403
 251171936
 250576747
 251165630
 251817256
 250756866
 250988107
 251339973
 250833550
 251226543
 250687467
 251346115
 251694300
 250864088
 251851965
 251642455
 250542760
 251494664
 251332921
 250642059
 251495965
 252974906
 251384396
 252581274
 251891583
 250520936
 250521204
 250785312
 251741888
 251549943
 251538377
 250882999
 251208616
 253837496
 251098242
 251962790
 253459408
 251967617
 251193329
 251207677
 251945761
 253128525
 250835751
 250832640
 251237228
 251796606
 250706272
 251396453
 251325600
 250578526
 251434483
 252158351
 250787461
 251632477
 251224659
 251955307
 251954670
 252022298
 251202733
 251474129
 251483830
 251853046
 250813290
 251321460
 250576902
 251236561
 250529779
 251117033
 250805949
 251797638
 253019365
 250596889
 251821834
 250535070
 251686622
 251482595
 250604973
 250946127
 251811956
 250443304
 251547057
 251734742
 250812124
 251016399
 251794173
 251273278
 253274913
 251008067
 252096808
 252138616
 251762221
 251277666
 250779413
 253126526
 250779832
 251568841
 251751407
 251887411
 250732385
 252972245
 251435771
 251195018
 250517557
 251900788
 250330109
 252282018
 251245897
 251452898
 250452768
 250994940
 252118474
 250508558
 251181165
 251336691
 250727392
 251111925
 250868775
 252196868
 251126684
 250534773
 251344202
 251632980
 250549983
 253861465
 250716570
 251238902
 251804495
 250789996
 253144881
 250854739
 251138884
 251658940
 251116425
 251549039
 251430833
 250776988
 251302041
 251569321
 250525218
 250547091
 250717252
 253721955
 250713458
 251792089
 250658265
 251297247
 251662669
 251939123
 252893582
 251431217
 252078470
 250623567
 251897665
 251467113
 251574797
 250715047
 251335013
 250633012
 251501559
 251972484
 251804133
 251781571
 250954986
 251136185
 253138401
 251222498
 250656461
 251411859
 253978221
 250555390
 251167252
 250571271
 252321217
 251243541
 250537409
 253096716
 250631546
 252040372
 253237859
 250741352
 254032463
 253981764
 251372680
 251140065
 251835147
 250695271
 251301606
 251489327
 252018057
 251004089
 252053929
 251682299
 251859904
 251552742
 250896267
 252059080
 253166001
 250672996
 251283423
 251797357
 251169758
 251359339
 251452931
 250664797
 251246568
 250762659
 253025309
 251297617
 251880216
 251648557
 250079025
 253020057
 251226308
 251151997
 251373390
 250654577
 251451911
 251826120
 252026271
 251063020
 251881886
 251463351
 250571384
 251766722
 250724886
 250688921
 251350401
 251128565
 252957993
 251200962
 252843590
 251307631
 251394406
 252542079
 251574663
 253814698
 251156835
 251801583
 251034598
 250894179
 251240506
 250440410
 251856540
 251845473
 251577357
 253153948
 252750274
 250651180
 251453857
 251018983
 251816240
 250500770
 250837656
 251916869
 250530877
 253104686
 251848541
 253370561
 252339177
 251686110
 251476119
 250613878
 251031329
 250668852
 251401629
 251969311
 250655490
 251573660
 252433310
 251629588
 251897295
 251452317
 251891660
 250564791
 251725964
 251420812
 251236115
 251174398
 251529590
 250740750
 251286953
 250649612
 252846250
 250960251
 251388361
 250696302
 251552019
 253622456
 250949270
 251417469
 251654569
 252023395
 251927674
 250713589
 251762615
 251757163
 250828788
 251983904
 251329983
 250637578
 251156499
 251438801
 251925444
 252048375
 250915068
 251749712
 251354399
 251889312
 250876751
 251366456
 253078142
 251839173
 251495912
 251950075
 251703448
 250763484
 251427881
 251712931
 251869658
 250641409
 253608729
 252010627
 251297885
 253407213
 251829463
 250850350
 251184495
 250779722
 251898310
 251546397
 251286811
 250975469
 250663534
 250625249
 252129845
 251706016
 251255290
 250841902
 251357507
 250774379
 251397859
 251563325
 253153510
 251258605
 251759076
 251014538
 251003566
 251444021
 251240401
 251046331
 250679813
 253344179
 250711427
 251212000
 250683501
 251650831
 251093408
 250619224
 251343137
 251563854
 251047875
 251191472
 250626248
 253201610
 252023439
 251954983
 252061042
 251167077
 251884677
 253619807
 250860492
 252144831
 251401240
 251438297
 251627939
 251078023
 251527969
 251455965
 252094091
 250615918
 251813595
 251410705
 251070101
 252099847
 251272747
 253729953
 250635511
 251556488
 251857153
 250714060
 251739520
 251992605
 251101699
 250590718
 252145111
 251332750
 251962766
 250904571
 251800575
 253849245
 251932874
 251001684
 253508077
 250563848
 251163400
 250751390
 251312592
 253991725
 250848869
 253555681
 252059441
 250741437
 253206915
 250464146
 251252345
 250927519
 251275119
 251610560
 251867895
 250575000
 251851336
 252119891
 252054819
 251631526
 251919533
 250864624
 251263122
 251908492
 252040538
 251844869
 250834427
 251371315
 250813883
 251981693
 252066330
 251872073
 252262741
 251940963
 252037988
 253563700
 252062155
 250784763
 253487764
 253333636
 251855898
 251636938
 251948499
 251784057
 250721055
 253044561
 252193614
 252285393
 251897531
 250654499
 251692817
 250562890
 251341395
 253790996
 251138083
 252124539
 251574278
 252502989
 251123763
 250428648
 252013885
 252362622
 252220564
 252087063
 250994510
 252007502
 250742911
 251874200
 251361472
 251611733
 251783107
 250571384
 251990005
 251875427
 250623750
 251578129
 251796415
 251305356
 250764796
 251482152
 250765783
 251548647
 252016684
 251607740
 251944798
 252000852
 250774038
 253201919
 251171960
 250935620
 251731280
 250622568
 251457440
 251710835
 250558522
 251501287
 251765861
 250491012
 251311409
 252058743
 251916376
 250541749
 251962774
 251455604
 251593428
 250926329
 251871490
 251460865
 250524458
 251918688
 251646615
 251930400
 250817564
 251913606
 251371416
 251570301
 250684382
 251645266
 253814555
 251261693
 251299799
 251593960
 251794168
 250855699
 251888938
 250454003
 252729465
 251926562
 250753067
 250537089
 251366911
 251427865
 250701559
 251539304
 253750713
 251988835
 250636055
 251286230
 252040035
 250663067
 251954910
 252532747
 251413967
 251358014
 251837471
 250610214
 251676656
 250535123
 253084804
 250497427
 251293721
 250630217
 251669889
 251711090
 251857714
 250568854
 251475327
 250554192
 251138733
 250797275
 251980828
 251305292
 250542101
 251163299
 251782083
 251681243
 251196319
 251296983
 251768010
 250730980
 251237573
 251575257
 250673767
 251375540
 250770772
 251536996
 251691212
 251229193
 250735392
 252689202
 251257683
 252028270
 251909332
 250760587
 251196774
 250447072
 250501460
 251737448
 251566922
 251769578
 251266196
 251792633
 250755698
 251090346
 250692634
 251317881
 251841180
 250479539
 251605230
 251325193
 251180130
 251360895
 250432463
 250866988
 251619266
 250661856
 251793989
 252865129
 251362057
 251305726
 251960316
 251307193
 251399919
 251439130
 250763703
 253003087
 251374927
 251377401
 251608459
 251729823
 250582995
 251307793
 250744618
 253305642
 251989968
 251305089
 251318665
 251540250
 250679117
 251400913
 253850096
 252106863
 250678992
 250455644
 251155872
 251733658
 251872213
 250782159
 250965715
 251513198
 250596011
 253552081
 251406659
 251713329
 251396673
 251839904
 252086660
 252007775
 251989144
 250652667
 252476380
 251096755
 250516520
 251854460
 250975367
 252424145
 250582353
 251068679
 250676116
 251339489
 251324645
 251295639
 253235125
 253463096
 251499024
 251142694
 250735030
 251421340
 251923705
 251917494
 250574671
 253881729
 250836739
 251298125
 252070772
 250521078
 253173115
 251700589
 250586058
 251669173
 250738955
 251594508
 251992594
 251223484
 251873209
 250661417
 251290260
 251713024
 251201434
 252226837
 251231305
 251553680
 251930453
 251302025
 251950482
 251984752
 251448446
 251655162
 250811835
 251564130
 250562715
 251009200
 251786795
 250729070
 251591527
 251462132
 251724041
 251003310
 251948885
 251391286
 251143583
 250500941
 251510923
 250835751
 251162312
 250739462
 251747832
 251371977
 250627906
 251170225
 250740462
 251663140
 251961946
 251135629
 250780794
 251558523
 251260388
 250605319
 252619498
 251118063
 250509025
 251796971
 251781839
 251261014
 250682993
 251353956
 250865640
 251425236
 251346217
 250529204
 251374370
 250679268
 251456270
 252114724
 251328187
 250862922
 251812494
 251651668
 251477895
 252133460
 250832965
 251801002
 250547765
 251273652
 251512495
 251946114
 251520307
 251381362
 251937944
 251598023
 250536561
 251182969
 251529558
 251816053
 250643851
 251652286
 250591156
 251365640
 251010825
 251328606
 251334643
 251788822
 251634833
 253325325
 251508688
 250516640
 251381693
 251828163
 251451330
 250973146
 251589780
 251218938
 250571799
 252600823
 251515452
 251973638
 251665305
 250767242
 251121284
 251741738
 251934134
 251164327
 252170685
 253059787
 252078328
 250778450
 251472760
 252692625
 253254854
 251260706
 252856686
 251334111
 251151355
 254081762
 251066957
 251027449
 251871165
 251716749
 251314188
 251590682
 253222970
 251055291
 253556857
 251652257
 250567436
 250621085
 252925846
 251859149
 252169413
 250784706
 251204546
 252982868
 251923303
 252611121
 251305437
 251571974
 250551637
 251889032
 251284901
 251154483
 251875992
 251274603
 250473080
 251111611
 251810963
 250788724
 252179216
 251814254
 251974458
 252025910
 251250378
 251135788
 252914516
 251210164
 251778361
 251738667
 251579404
 251989441
 250978812
 251539844
 251146935
 250621662
 250436501
 250733300
 252458050
 251832311
 251235172
 251136596
 251321956
 251702201
 251881143
 250555492
 251595284
 250633123
 251299490
 251461462
 250827200
 251551458
 250455112
 251510906
 251474677
 253226204
 251259653
 251851300
 251717947
 250730777
 251184769
 251898124
 250592473
 250552099
 250706199
 251424282
 250678402
 251719955
 251518020
 250647922
 251106229
 251722026
 252411189
 251743684
 251450193
 251535123
 251625993
 250587752
 250812177
 250927751
 251709924
 251932285
 251099205
 250834180
 251062093
 251982287
 250476082
 252384779
 253353855
 252204985
 250921487
 250993884
 251702145
 250619285
 252541189
 250853862
 252078231
 250823357
 250853651
 251967413
 250545917
 251318283
 250649990
 251351937
 250570364
 250851226
 251784240
 251736343
 251053826
 251585259
 251393520
 250536670
 251490802
 251851437
 250617136
 251658002
 251737558
 250774903
 251512410
 251709705
 250634552
 251589585
 251167195
 251142645
 251325695
 251269515
 251000680
 253086166
 250661356
 251816273
 253167354
 251037406
 254019886
 252123967
 253357227
 252262368
 251846782
 251806506
 251447060
 250738743
 251540965
 252064146
 251458549
 251930738
 251069845
 251514920
 251337223
 250774594
 252180334
 251464712
 251462518
 252010216
 251000141
 250960783
 250599411
 251904746
 251863093
 251342780
 250483382
 251887257
 251359119
 250526339
 251710453
 253882302
 250473847
 251792593
 251912350
 251536407
 250792238
 252463600
 251408560
 251608077
 250760457
 251200723
 250697781
 252028761
 253066958
 251245833
 251451005
 253834676
 251808692
 250762330
 253437942
 250772807
 252002753
 253747658
 251952050
 251261587
 250933710
 253840702
 250893748
 251637973
 250764142
 251366647
 251417648
 252997672
 253746468
 250315164
 251207202
 250543299
 250508180
 250804169
 253827501
 251037066
 251280031
 253114802
 251919708
 251419870
 251491951
 250585229
 251133752
 250819270
 253036847
 250711707
 251266291
 251959143
 250594248
 251122365
 251949998
 251380975
 250910303
 250604550
 251463132
 252029777
 251845547
 253023591
 251431610
 251369081
 251056715
 251054676
 251729030
 253234954
 251499641
 252851792
 251456489
 251655686
 251792958
 250579445
 253586149
 253168955
 251373119
 250725166
 252967459
 250478426
 251247771
 251117587
 251439078
 252637766
 251542749
 251884957
 251598490
 250585351
 251184448
 251948601
 250555098
 252007092
 251314586
 251186492
 251772318
 251512196
 251904271
 250733730
 251647008
 251491350
 252026052
 253169629
 251409064
 251225820
 251069342
 251254835
 251730078
 252313600
 251803995
 251854265
 251254650
 251004096
 250661080
 252092653
 251385911
 251915004
 252108955
 253919356
 250704732
 250446657
 251141211
 251102881
 250978671
 251506287
 251434052
 250758869
 251712463
 252007674
 253715519
 251011264
 251530805
 251367488
 252019657
 252236482
 250653507
 251266824
 252452379
 251351685
 251134715
 251726434
 250508907
 250930400
 251227701
 251173061
 251650612
 251673850
 251936575
 253985395
 250664587
 251676998
 251768773
 250731845
 251277033
 251777398
 250917087
 251487629
 251582345
 251664425
 252047168
 250979325
 251372054
 250563511
 251656669
 252255348
 251286990
 251961978
 251605705
 251129226
 251814331
 251962165
 251808095
 250505559
 251088488
 250511552
 251597178
 251279620
 250993738
 251569070
 251333529
 251888890
 250712020
 252239516
 251072132
 251946703
 250749574
 251881199
 253403987
 251791154
 251079571
 250551819
 251631011
 251980722
 251386017
 251269846
 251074615
 251123628
 250598818
 250925066
 251653557
 250672569
 254013155
 251851990
 250683985
 250547005
 250593935
 251412099
 251146143
 250886528
 250659842
 251334183
 251846595
 250729404
 251530260
 251391628
 250629498
 251888845
 251739772
 251658143
 250542464
 251922925
 251339843
 251898534
 250774477
 252034867
 252262721
 251277086
 250577266
 251083861
 250622028
 251287140
 251340594
 251226779
 251937449
 251263334
 251474129
 250544198
 253707610
 250844908
 251319551
 252359758
 251854435
 250804735
 251758203
 251761985
 251097271
 251399135
 251184716
 253498688
 250548362
 251401873
 250970846
 252138417
 252824991
 250637595
 252955564
 251767839
 251939107
 251448665
 251789992
 250574935
 251859059
 253715044
 250585246
 253772472
 250570088
 251644807
 251443412
 253069168
 253940549
 251610641
 251079425
 251968774
 250927044
 250990107
 251682413
 253806077
 252160008
 250739930
 251371209
 251983648
 251494384
 251135247
 251091575
 253138840
 251668812
 251432626
 252101050
 251785495
 252440248
 253823611
 250563247
 251291223
 251130705
 252825670
 250717165
 251666620
 250767762
 251636450
 252265528
 251822723
 251014262
 250699504
 253850675
 251844677
 251078405
 252101610
 250981498
 250584161
 251356682
 251277808
 250814615
 251896994
 251147358
 251270400
 252937720
 251163863
 251208084
 250499393
 251471707
 251467158
 251978654
 251951343
 250812433
 253831678
 250666602
 251536634
 251355422
 250602276
 251348244
 251970514
 251830637
 250661121
 251240722
 250526985
 251499292
 250728591
 251154715
 250491060
 250532190
 250976220
 251192086
 251837751
 251970700
 250699240
 252277943
 250926897
 250829756
 251741388
 251852799
 253713074
 251918001
 252136467
 251282013
 250714982
 250550610
 250441395
 251108625
 253813528
 251765142
 251994413
 251139090
 251466999
 251873875
 251809171
 250723915
 250984445
 250941627
 251354915
 251367654
 251801571
 251124367
 251640574
 253094526
 250983281
 250473117
 251485422
 250481693
 250929863
 250565892
 251371457
 251431322
 250793811
 251497573
 251263122
 250643060
 251663100
 253771618
 251291479
 250980202
 252020275
 250645501
 251604405
 251616917
 252081842
 251827221
 250961043
 251482762
 250553704
 251370929
 251479670
 251449730
 251019527
 252345470
 251472105
 251208039
 250718884
 251666445
 251318925
 251132359
 251806913
 252014136
 253492684
 252016171
 250754502
 251633964
 251259994
 250547269
 250454820
 250893638
 251518641
 251427394
 251463310
 251111072
 250525250
 251782294
 251636978
 251953723
 250956656
 251610527
 253892210
 251579136
 250903474
 253510554
 250563324
 253870785
 252069659
 252100854
 250716806
 251937867
 252502900
 251426045
 250562106
 250845566
 251530391
 250666495
 251871823
 251818857
 251865640
 250710581
 251855208
 253652559
 250719917
 251713025
 252022070
 252605235
 251428287
 251374415
 250727543
 253411010
 250989900
 251175112
 250776874
 251357714
 251350060
 250483890
 251656222
 251878291
 251569370
 250835942
 251521750
 251744561
 250939670
 252191416
 251561993
 251806165
 253816204
 252014624
 251187820
 251509306
 251890592
 252171502
 251139062
 250518876
 252125222
 251384254
 251147849
 251123766
 253803510
 250748838
 253907501
 251977030
 250799169
 251754685
 253929792
 251908158
 251722108
 250652590
 252446000
 251859774
 250537889
 251751204
 251120463
 251493905
 251095927
 251202530
 250474538
 250890027
 250576995
 251541810
 251419947
 251193052
 251447101
 251762416
 250504699
 251560448
 250509521
 250956501
 252756709
 251500901
 251881193
 251638979
 250626593
 250472662
 251205025
 251456534
 252146338
 250625355
 252801941
 250695928
 251470720
 251824975
 251181206
 252051516
 252945220
 250754656
 252543111
 251115118
 250775728
 251690087
 251630998
 251347692
 251928015
 252180395
 250540127
 252592860
 251126038
 250660085
 253127176
 251177826
 251063313
 250669867
 251336243
 253829425
 250802772
 251643328
 251375426
 250469054
 253470941
 251889714
 250721778
 251275838
 252190389
 251942514
 251874728
 250729611
 251598010
 250742054
 251448633
 253937673
 250739044
 251346453
 250461022
 251849130
 251359875
 250818076
 251162242
 251267786
 250800197
 253846986
 251639456
 251061863
 251432069
 250712126
 251770825
 251520129
 250532494
 251329699
 252326615
 251451115
 253797351
 250784145
 251789509
 252107712
 251781973
 250826347
 251186293
 251129482
 250543743
 251126793
 253215329
 251471268
 251651453
 250955884
 251629869
 251378997
 250600033
 251138757
 251024719
 251182953
 252879990
 253042562
 251198460
 251323324
 253052142
 251553648
 251133521
 250932338
 251479336
 251869248
 252054660
 250636067
 251154650
 250410327
 252014514
 251419368
 250475784
 251247437
 251829386
 253127051
 251189254
 250554781
 251451135
 251298832
 250616242
 251125794
 251884669
 251042995
 252974528
 250718927
 251444395
 250759722
 251360894
 251381244
 251300733
 251696462
 251661166
 253783721
 250836182
 251344173
 252030688
 251738516
 251096860
 251442320
 251315171
 250764585
 251237975
 250571669
 251308269
 251934154
 250564340
 253132994
 251075589
 252226923
 251110145
 251645387
 250716765
 252219866
 253417767
 250802426
 251441503
 251138331
 250607435
 251191196
 250808106
 251367037
 250741770
 251296963
 253908883
 250741595
 251560639
 251679338
 253122383
 251471285
 251724135
 250773607
 251940435
 252045296
 252148946
 252221434
 252185684
 251217537
 250719954
 251435169
 253986863
 250517698
 251457663
 251290594
 251254217
 250999840
 250627313
 251160890
 250702733
 250992072
 250736529
 251481344
 251347976
 251940065
 251780161
 251318840
 253052905
 250716798
 253135894
 250994356
 251293920
 253335347
 251235916
 251350125
 251096198
 253235174
 251123417
 250774583
 251780360
 251128475
 251830239
 251351311
 250774843
 251437997
 250566160
 251017869
 251857381
 252963397
 252812820
 250671220
 252021750
 251207214
 250511974
 252704851
 251620692
 251434787
 250614029
 251376531
 250517812
 251965801
 251377157
 251752837
 250634686
 251117327
 250756838
 251643250
 251823813
 250529801
 252793385
 251156230
 253383414
 251951383
 251175498
 251188678
 251146187
 250629730
 252900757
 251244433
 251363826
 250522898
 252447780
 253189751
 250890145
 251276902
 250676985
 251941345
 251423185
 253976968
 251073292
 251740840
 251447856
 252988580
 251620017
 251467499
 251735986
 250818546
 252326442
 251799908
 251404864
 250570157
 253587474
 250545819
 251341703
 251408109
 250501944
 251268213
 251049033
 251188446
 250568260
 251685704
 251641516
 251663246
 250858449
 252068354
 251077211
 250721859
 251105563
 250699430
 250955242
 251572100
 250728063
 252615800
 251244630
 251481503
 250826225
 250552522
 252938245
 251624202
 251063248
 251967040
 251149811
 250525433
 251101805
 250747242
 251375223
 251943335
 250585811
 251377611
 251918262
 250516350
 251742652
 251932419
 251636572
 251368784
 250667686
 252441597
 253117365
 251241352
 252117405
 251214775
 253919038
 251114842
 251000892
 251789862
 250743228
 252334193
 251239098
 253614260
 250908105
 251797557
 251433000
 250825067
 252236924
 253152169
 251183087
 251148318
 251372318
 251119743
 252155049
 251362751
 251493783
 250659541
 251479848
 251661317
 250739909
 252064126
 251002180
 252807957
 251165951
 250531052
 251243403
 251832929
 250554883
 251393658
 251857410
 250669690
 253722745
 251089959
 251276256
 251515193
 250540599
 251606562
 250375698
 251250423
 251619387
 250736021
 253618569
 250768375
 251459028
 252907972
 251320964
 251937567
 250490947
 251415852
 251288225
 252297938
 250783886
 251638701
 251452861
 252023781
 250802829
 251499162
 251403124
 250961490
 251170803
 250553680
 252184757
 251394451
 251950575
 251533059
 250792096
 251761205
 252467000
 251358417
 251860366
 250752483
 252146558
 252068643
 251859790
 251403969
 251714893
 250678663
 251407500
 251316000
 251270061
 251085299
 251629300
 251151485
 251121650
 251715640
 250708242
 253222531
 250826485
 251625920
 253754865
 252227012
 251839120
 250776784
 251306181
 250763512
 251254555
 252042423
 250532064
 251767815
 252088208
 251437583
 251808598
 250761599
 251628032
 251312844
 250738458
 251320408
 251998699
 251959322
 252899769
 250501896
 251109950
 250527826
 251190517
 251295432
 250904725
 251510370
 251484419
 250603868
 251316788
 250617786
 253181492
 250776098
 251330081
 251759982
 250560737
 251297446
 251869358
 250788443
 253836115
 251890562
 250741666
 253048250
 251095865
 251996839
 251886606
 251092729
 250716379
 250516553
 251418083
 252953748
 251178919
 252134776
 251606798
 251182616
 250564206
 251655645
 252803087
 251275265
 251887866
 252072307
 252089874
 251863430
 251290613
 251370324
 251844320
 251541644
 251707933
 251444969
 251412793
 251305945
 250689904
 251859286
 251374756
 250522098
 251390653
 251743484
 251138376
 251595772
 251130270
 251748287
 252325190
 250874366
 251062053
 253173318
 251618542
 251134504
 250828175
 252334648
 253125778
 250826713
 250950016
 253394653
 251518588
 251289675
 250873245
 251967682
 253464997
 251244955
 251644748
 251365272
 250747075
 251951440
 250992182
 250565847
 250490509
 250887970
 250476704
 250826656
 252998960
 251337610
 253905375
 251088365
 251339803
 251414877
 250740080
 251681450
 251713276
 250571729
 253399141
 251974637
 251102755
 251847489
 252037857
 251842496
 251712358
 253804476
 250816508
 251626558
 253819702
 250597441
 251431692
 251007080
 253036558
 251061582
 251266242
 251546218
 252018975
 253232903
 252433106
 251306108
 251621715
 250725881
 251232175
 250523572
 251312235
 250531429
 251959969
 251145540
 250558360
 251925468
 251454739
 251435616
 251282285
 251090194
 250557032
 251747568
 252342244
 250907723
 251849414
 251196311
 251906224
 251328769
 251661361
 250666764
 251712719
 253845609
 251073680
 252979236
 250711240
 253650366
 250789825
 251572555
 252019165
 251449311
 252006455
 251707556
 250982586
 250534457
 250836966
 251323418
 250520181
 251240892
 251054631
 251396572
 251213068
 250774680
 251577840
 253845349
 251122784
 251582867
 251522650
 253326799
 251830451
 252032076
 251344958
 251920211
 251951865
 252966202
 251576373
 251585283
 251213597
 250655750
 251768664
 253011281
 251880277
 250541830
 252047112
 251450916
 251853672
 252165875
 250656595
 252993638
 250880459
 251276833
 250545962
 251443107
 251998009
 251716160
 250975753
 252837431
 251282098
 251481080
 251360712
 250804036
 251431627
 251212650
 251328199
 251192984
 253530099
 250986438
 251444886
 250792186
 250946223
 253091617
 251431428
 251581232
 252101777
 252005439
 250857088
 251429226
 252004553
 251318348
 250662210
 251828777
 253785268
 250816280
 251326872
 250617770
 252199130
 251579616
 251918442
 251633466
 250694186
 251279884
 251826384
 251836126
 250571121
 251758637
 250656193
 251638145
 251636580
 251483228
 252082769
 250693771
 251513649
 251436331
 251223846
 251458216
 253910670
 250706227
 251388991
 250581927
 251371542
 251317723
 251998215
 251126972
 251784914
 252301786
 251134955
 252124783
 250535719
 251219073
 251721633
 253240130
 251486820
 251669299
 250510626
 251232003
 251915605
 250782655
 251684217
 251344640
 251832015
 252087278
 250626358
 251690891
 253837440
 251336316
 251500661
 251882179
 251938586
 251561676
 251107427
 251475733
 251180589
 251144924
 252783034
 250599635
 250483813
 251963213
 251284154
 251646533
 251776318
 250990728
 251504455
 251857178
 250547424
 251528905
 250555933
 251051287
 253756897
 250607581
 253827344
 250855910
 251603811
 253745725
 250480441
 251505800
 253959270
 250598046
 251332705
 252189499
 251873228
 250812466
 251231841
 251943660
 253267597
 252311654
 251308679
 251557698
 250523500
 251444347
 250484231
 251812812
 251329325
 250972064
 251245569
 251880760
 250609337
 251652809
 251978415
 253837350
 250826042
 251272016
 252042826
 250683444
 251691753
 251353574
 251757484
 251865547
 251033087
 251925611
 251576593
 251364644
 250627195
 251389893
 251851555
 250579059
 251181381
 251108235
 253195443
 251807782
 251186987
 253020015
 251211647
 252041676
 252926826
 251122093
 251572019
 251761530
 250703127
 251940301
 250803524
 250999637
 251893667
 251558937
 251526775
 250677241
 251193796
 250530264
 251861244
 251250403
 250725288
 251293290
 253032147
 251976973
 251022236
 253321019
 252847424
 250959784
 251647093
 253966384
 250743285
 251574675
 251748226
 250744776
 251449778
 251922543
 250562695
 251271288
 250517138
 251199496
 250512246
 250922462
 250634767
 252901210
 250806670
 251938822
 252523367
 253285329
 251616999
 250998617
 253486444
 250627345
 252007978
 251514441
 252300961
 251861090
 252014624
 251022818
 251076312
 253690657
 250769334
 251269115
 251131111
 252057721
 251520484
 251008554
 250735965
 253399384
 250549467
 251575545
 250703058
 251347070
 251904008
 252021155
 250561126
 251286856
 250539827
 251510890
 251210684
 250547103
 251727377
 250655774
 251437319
 251210294
 252122820
 251069037
 251458821
 251139834
 250629112
 251961308
 253649858
 251892145
 250656555
 251471429
 251932180
 250596296
 250535378
 251376450
 251764520
 251558142
 250640824
 251481295
 251782570
 250620045
 251448799
 251255136
 251263196
 253392286
 250631632
 251538970
 251542887
 250591055
 251687032
 251884843
 251372648
 250733124
 251469283
 250659130
 251018491
 250823414
 252697875
 251293413
 251367179
 251442636
 251109763
 251193191
 250451561
 253458774
 251912322
 250740380
 251359636
 251885038
 250512872
 251602845
 253977848
 252054956
 251010996
 251501750
 251530890
 250780168
 252023151
 251393135
 250358859
 251906192
 251443223
 251320532
 251134487
 252024793
 251970330
 251210278
 250749610
 250857681
 250718313
 251919163
 251411055
 251545685
 250837214
 251992248
 250526429
 250662559
 251170595
 251187714
 253270258
 250752535
 251227226
 250860659
 251959492
 251759109
 253260625
 250524418
 251726747
 250563227
 251829301
 251814944
 251670872
 251909600
 251804264
 251203984
 251780982
 251273263
 251910262
 250771991
 251403482
 251642958
 251841622
 251221486
 251250293
 252963064
 251622446
 251911632
 252573547
 251628837
 251959963
 250522569
 251243736
 253541682
 250791173
 254031757
 250798495
 251448120
 253422565
 253069330
 253758140
 250704740
 251926061
 252543164
 251411700
 251445033
 250673040
 251356390
 253262677
 252212983
 251489335
 251874322
 251262718
 250502799
 251885676
 251444664
 250866456
 253440330
 250758040
 251359542
 251703936
 250749541
 253484286
 251566917
 250758340
 251340985
 250984577
 251702230
 253911807
 251930531
 250635933
 251839888
 253927631
 250730086
 251321972
 253900213
 250644363
 253559662
 251201120
 250377547
 251268598
 251647070
 251464322
 251548115
 251256598
 251420674
 250349133
 251680025
 251817702
 251947065
 251780457
 251962186
 250501338
 252223567
 251714718
 251234998
 251869710
 250655934
 251799933
 251681718
 253344053
 252023354
 251166750
 250699697
 251627025
 252080708
 251386131
 251700682
 251012849
 251459585
 252785983
 253032276
 250623051
 254064570
 250474945
 251694568
 251382357
 250978357
 251200020
 250251491
 251326424
 250501042
 252972931
 250719650
 252008847
 251452496
 251766840
 251153585
 253070692
 250673231
 252639812
 251384752
 253666461
 250653764
 254034454
 250567013
 251449063
 251262111
 251125904
 252079845
 251261110
 250427133
 251331742
 251684192
 251864316
 251200771
 251464432
 251768774
 251611603
 250625530
 251207616
 250787721
 251274985
 251727255
 253081055
 253321540
 251145968
 253243171
 250979942
 251388800
 251569305
 251867984
 250892525
 252910698
 250879890
 253374794
 250696469
 252005812
 251858827
 252657410
 251296772
 250885379
 251709112
 253591252
 252040522
 251948507
 251104189
 251171972
 251796550
 251928003
 250793948
 251223700
 254030734
 251111014
 251201543
 250267786
 251224496
 251940378
 252042180
 250792644
 251217663
 250750293
 252188324
 252889435
 250667881
 251464249
 250743524
 250989095
 251480369
 251452151
 252823821
 250697240
 251453764
 251589183
 252474487
 251774973
 250714807
 253596248
 251848172
 250956647
 251755977
 250502415
 251971239
 251234618
 251319957
 251183359
 251680943
 251398070
 250723387
 252231878
 251200768
 251428259
 250658423
 251766917
 251347582
 250698976
 253366286
 252021250
 250547863
 251458793
 250836413
 251290126
 250646216
 253298793
 250680982
 251120415
 250749509
 250994380
 251699272
 250640874
 251473873
 251519710
 250822495
 253755235
 251880533
 251888942
 250558706
 251237464
 251066400
 250973433
 251383730
 250819823
 251270264
 251169872
 251174487
 251344340
 251188251
 252107691
 251879262
 251237322
 250682814
 252840531
 250691561
 253660903
 251222429
 251263179
 251913586
 251566363
 250794587
 251582613
 251545637
 253388720
 251454954
 253894278
 250974624
 252886497
 250830942
 251467868
 250537374
 251227080
 252037008
 250790187
 251571645
 251635052
 250522850
 251416295
 251235826
 250578267
 251953284
 250523479
 251366335
 253676499
 250581155
 251565218
 250570462
 251796220
 251527746
 253734995
 250679565
 250462196
 251283906
 250506495
 251009870
 251338295
 251236334
 252008596
 251895470
 253273175
 250598107
 251294201
 251927483
 251100769
 251162218
 253910305
 251330068
 251504301
 251741328
 251539689
 250817621
 251204468
 250526437
 251833184
 251717485
 253993391
 251784333
 251054005
 253053962
 250613094
 251333225
 251226332
 251922450
 253398162
 250788135
 251520957
 251356316
 250812319
 251760657
 253551903
 250566663
 250496765
 251510764
 251251987
 250702421
 251315053
 253964303
 250921170
 251653553
 251783984
 251556565
 250988197
 251216464
 251691164
 250595219
 251862309
 253950137
 253353782
 251449775
 251859855
 253971367
 250864624
 251300429
 250529110
 251082861
 251594846
 250620703
 251655552
 251233287
 250701844
 251265487
 250644338
 251699322
 253971286
 250974080
 252316602
 251553916
 253877199
 252041217
 250716749
 251176904
 251636287
 250638392
 252002623
 251078027
 250667633
 251262948
 251944924
 250910843
 251431505
 251431513
 251025693
 251311077
 250619090
 251994295
 252725883
 250823511
 251399176
 250641239
 251388528
 251865079
 250831900
 251487564
 251457862
 251706350
 251194823
 251152302
 254065943
 253208897
 251451615
 251552981
 251057126
 252919887
 250818953
 251381504
 250812819
 252126578
 252018353
 251201909
 251912993
 252042606
 250550386
 250500985
 250716550
 251387760
 250791490
 251255688
 252101651
 254177410
 250778019
 253396947
 250750752
 251121032
 250728221
 251353993
 253123313
 251251829
 251643543
 250691622
 251332063
 251894017
 250702517
 251955787
 251016850
 251699179
 251171932
 251918984
 253174586
 250593830
 252699248
 251769270
 253658527
 250633500
 251708827
 251178988
 250771227
 253789136
 251871702
 250774773
 251821062
 252557720
 251394369
 252135378
 253630142
 250666248
 253655846
 251231760
 251321273
 251173532
 250691842
 252253084
 251530370
 251748522
 250766174
 250957330
 250943533
 251666931
 251713231
 250553368
 252737753
 251172106
 251790094
 251154645
 250773827
 252741739
 250923692
 251796273
 251738598
 250539440
 252558232
 251675031
 251998500
 253202796
 251302025
 251882312
 251819612
 254008881
 250805982
 251158107
 250370227
 251389643
 250582792
 251259137
 251313904
 251207816
 251284231
 251188697
 251253605
 251724829
 251662430
 253732753
 250739933
 251927228
 250571969
 251054233
 251779702
 251899123
 250722314
 251113850
 251644141
 250586529
 252357276
 251332160
 251790618
 250815342
 251351668
 250411050
 251248449
 251991630
 250733616
 251323020
 251347818
 251095812
 251075659
 251459524
 250776874
 253475527
 250647386
 253822392
 250773347
 251240519
 250541777
 251184960
 251571750
 251944290
 251089934
 252997018
 250915210
 251401447
 251563942
 251003139
 251803374
 252318974
 251751013
 251252694
 250769890
 251289273
 250765511
 251062833
 250628186
 251300368
 251381317
 251977277
 250963725
 251408952
 251312175
 251309423
 251309004
 251543541
 250651074
 250551438
 250951236
 251808261
 253619194
 251195587
 251135788
 253710291
 250933138
 252013600
 250526583
 251222417
 251572319
 251760836
 250845221
 252131604
 253298028
 250534757
 250519364
 252578617
 251245008
 251388735
 251972841
 250508578
 251801567
 250490849
 250740579
 253768142
 251139850
 251931598
 251673582
 251326696
 251917449
 250980495
 252227807
 251027376
 250533335
 251193077
 252006389
 254063814
 250812933
 252553632
 251996258
 251320582
 252000727
 251369635
 250256859
 250466861
 251499007
 250524056
 251623727
 251677948
 250538572
 251934290
 251421948
 251597064
 251726666
 251027635
 251119741
 251712768
 250647621
 252003977
 251684757
 251811678
 252183855
 250811123
 251846028
 251853806
 251172783
 250991436
 251292284
 251810585
 251517934
 250579331
 251866920
 251746625
 250501558
 251688324
 250458768
 251224675
 251576032
 251574156
 251312583
 252132331
 251009903
 251890588
 250728229
 250741664
 250874557
 251496586
 251282606
 250603543
 250489152
 251176587
 251247153
 251220705
 252912055
 250564267
 251583910
 251866306
 252047636
 250796626
 251676404
 251922731
 251314517
 251242603
 252072685
 251511727
 253685100
 251961641
 250815845
 251275257
 251972606
 250734189
 251190217
 251540993
 251175267
 252253548
 251432557
 251096658
 250573245
 251789293
 251662422
 250823084
 252283651
 251539113
 251547002
 250650205
 251458553
 253331491
 251216384
 251433755
 251860257
 250687670
 251528428
 251290167
 250707088
 251507904
 251495368
 251949644
 251208981
 251278857
 251535688
 250882698
 251245292
 250563280
 251695502
 251473820
 251809732
 250758771
 251863065
 250532843
 250725057
 253684701
 251387163
 251109873
 250612578
 251350820
 251541501
 250781716
 251330056
 250534790
 251939317
 251646468
 253477149
 250620423
 250440596
 251431448
 253791111
 250743642
 252961032
 250714275
 251012556
 251056316
 252267942
 251214376
 251661231
 250859554
 251101728
 251692106
 251090702
 251680110
 253659193
 250637717
 253750493
 250540965
 252071328
 251173711
 251547985
 251043585
 251550792
 251643531
 251549586
 250762196
 251257390
 250690497
 251877401
 251835309
 251592409
 253357780
 251380642
 251866875
 250666723
 250977899
 250810986
 250900061
 250700666
 253278610
 250735907
 251410291
 251486446
 250935803
 251922421
 251610869
 253543322
 250811454
 251182640
 251174621
 251402406
 250542272
 251729530
 252051849
 251115069
 251583056
 251216948
 252952290
 251089918
 251821901
 251608457
 250416745
 251896520
 250929006
 251178249
 251629828
 251108438
 250794969
 251258446
 251778617
 251056650
 251279324
 251297231
 250934934
 251220872
 252807649
 251500267
 253777773
 251241482
 251383340
 251423510
 253182410
 251240189
 250699699
 252079299
 251046108
 251862280
 250497857
 251436811
 250686645
 251605348
 253837760
 250970744
 251220650
 252029293
 251593323
 250704537
 251392655
 251971659
 250739816
 250976415
 250633155
 251114683
 250660832
 251430855
 250548257
 251241108
 252030813
 250505364
 250764963
 251941597
 251721352
 252131315
 252189243
 251965398
 251206699
 252807327
 251285991
 251065896
 250739044
 251392911
 251472219
 251866221
 251243952
 251215416
 250524089
 252073197
 251547148
 251815355
 251266998
 250774339
 253809270
 251869190
 251804065
 250637286
 251646822
 250549633
 251717741
 251273620
 251675247
 250526733
 250498406
 251764155
 251577649
 252680484
 251427439
 250625310
 251454645
 251852700
 251273767
 250697017
 251500007
 250657119
 251484541
 251678789
 251712419
 250779186
 251802468
 253839617
 250728028
 251515544
 251526848
 250804190
 250786067
 250756045
 250909393
 250790060
 251635195
 251151091
 251161434
 253033621
 251282736
 250964330
 250555004
 253178575
 251008741
 252098547
 251285016
 253914440
 251265153
 251568066
 250453938
 251371071
 251435555
 251835172
 250642543
 251616877
 251512580
 251930973
 250784190
 253550652
 250821179
 251555903
 251784784
 251816008
 250702144
 251738240
 250334972
 251283053
 253628781
 250777658
 250507258
 250960953
 251476177
 250589864
 253376549
 251987357
 252047327
 251197383
 251510110
 251561347
 250832128
 252050528
 251608520
 251680220
 251906370
 251945269
 250813189
 251832307
 251532954
 251248493
 250616868
 251103178
 250059875
 250550274
 251212546
 250751764
 252013474
 251282574
 251632972
 250826814
 251817508
 253331248
 251205272
 252291650
 251487113
 251025653
 250928746
 253211644
 251129031
 251615943
 251336658
 251736298
 251282074
 251054696
 251675117
 251023142
 253057358
 250611839
 253620096
 251968482
 250593395
 251209063
 250706767
 251665062
 251691732
 251860847
 250756268
 251326604
 251827334
 250726861
 251680715
 251909068
 251552145
 251014197
 251450745
 252596276
 252989880
 251132521
 251381403
 250638895
 251927479
 251897587
 251559742
 251191777
 251224618
 250750777
 252186518
 250480192
 251827269
 250520892
 251044804
 251717375
 250717471
 251174764
 250644952
 250921515
 251827371
 250591181
 251734251
 251943396
 253762080
 250774871
 251342536
 250834622
 252168934
 250433776
 250661710
 252464513
 251252804
 250559416
 251366172
 251702790
 250561456
 251329886
 250750878
 250906760
 251876235
 251682210
 250629352
 251940016
 251679712
 251925842
 252131587
 251796740
 250827135
 252493788
 251766613
 251381918
 250548772
 253000772
 251343113
 252991355
 250548610
 252392790
 251442010
 251465797
 250640869
 251133671
 251092530
 253151299
 250702579
 251208791
 251733946
 250678728
 251448071
 252091784
 251718983
 250740620
 251340083
 251745329
 250709335
 250961530
 250710208
 251736944
 252925884
 251520758
 253456044
 251118757
 251176275
 250788545
 251553490
 251214575
 250623783
 252314351
 251359607
 251468222
 251912155
 250639017
 250410883
 250913772
 250742611
 251273636
 251316313
 251125444
 251354647
 251886424
 253917681
 250841297
 251358592
 251699589
 251136551
 253296343
 252010090
 251695377
 250601674
 251465569
 250798661
 253158722
 250652963
 251795493
 251494730
 251957960
 251087968
 251210464
 251205001
 251440995
 253009250
 250820265
 251497801
 251527571
 251120768
 250999962
 250648353
 251242562
 251482562
 252016538
 251204293
 250892212
 251872368
 251993751
 250775793
 251270516
 251632713
 250827192
 253165566
 250884132
 251273811
 250955027
 251795675
 251817857
 253854441
 250546636
 251383608
 251763740
 251050670
 251583073
 250678492
 250931347
 250566720
 251198204
 251336089
 251942336
 251825555
 251194779
 251888927
 251524020
 251405570
 250893821
 251383409
 250634987
 251724578
 251440141
 252670905
 252041904
 253610293
 253238647
 251210810
 250516240
 251904489
 251691131
 250564540
 251388231
 251773429
 251389393
 251242351
 253084163
 252096223
 251181751
 251923689
 250976870
 251776010
 251771820
 250841305
 251855070
 252012487
 253110028
 251229225
 251238756
 250670485
 250523382
 251269927
 251613233
 250571465
 251224635
 250605468
 251961117
 251469827
 251278292
 251051072
 253314799
 251552990
 250902462
 252015432
 251357718
 250985390
 253073593
 250901335
 251105839
 250773083
 252099063
 252978294
 250620821
 253728252
 253146330
 251291536
 251806291
 250485865
 250975245
 251255006
 251750476
 251287786
 250717635
 251789975
 252003835
 251121910
 251057375
 250833767
 250324701
 251382402
 250791701
 252048912
 251496119
 251952139
 251289732
 251164087
 252074225
 251876403
 251587966
 252062172
 250231337
 251716132
 251456278
 253277257
 252075456
 251397884
 251891900
 250557490
 251427036
 253768682
 252039641
 250705398
 251850641
 253679425
 251282127
 251244154
 251126883
 252128203
 250853810
 251357104
 250550796
 253623045
 250748578
 252076813
 251056504
 250840265
 251924607
 251348447
 253730352
 251284069
 251422189
 251887301
 253068567
 251411323
 253618653
 250767542
 252484099
 251317036
 251310345
 253118182
 253770266
 251028001
 250807911
 250704273
 252126639
 251307660
 251805881
 251859156
 251873164
 253346937
 250469875
 250891627
 251772897
 252056228
 250647662
 251696941
 250530735
 250988424
 251372804
 251734842
 250778949
 251664270
 251656795
 253130106
 252180792
 251460304
 251591474
 251868992
 251220795
 251638022
 251812166
 252325799
 253759716
 250885058
 251351132
 253918235
 251804735
 251321167
 251921796
 251401528
 253080518
 251582025
 251751151
 252018625
 253066133
 252932867
 250559839
 250453186
 250924830
 252987353
 253067161
 251252637
 251296362
 251678745
 253127282
 251863149
 251434337
 251493564
 250558977
 251708291
 250512300
 250932297
 250780725
 251687686
 253664407
 250858195
 250764426
 251056878
 253030688
 250583705
 251302858
 250808017
 251282834
 251791061
 250652987
 251753918
 251243638
 250790244
 251853903
 251210180
 250999653
 251175747
 251868430
 250504524
 252180484
 251555293
 251476819
 250715802
 251456176
 252062976
 251547941
 253080165
 251402795
 250680312
 251504488
 251833392
 253076277
 251532824
 251439138
 251552397
 251235957
 251686426
 252116427
 252024995
 250475969
 250970856
 253762777
 250771275
 251593542
 250631054
 252814194
 250582162
 252594566
 252217160
 250928909
 251520794
 250886164
 251709717
 253709820
 251217188
 250893747
 250766340
 251146537
 253285004
 251390397
 250544787
 250902698
