# bitfield for header selection is:  0x8000
 daperf
 22036056
 9666916
 11023356
 9127010
 10226101
 25930246
 9533216
 18589954
 18471387
 9935132
 9981110
 10137552
 9547546
 9531998
 10470887
 14022165
 72045830
 18053718
 9097790
 9728430
 10274914
 9325354
 10635333
 24052750
 28599938
 18186262
 9569549
 8006188
 5607410
 4755334
 5362264
 5111081
 5042305
 4690702
 6056548
 5148003
 5066744
 5132798
 5469241
 4050843
 4973429
 4881951
 5076837
 5426543
 5525728
 11620906
 10518997
 5713441
 4936459
 4976961
 5301910
 4505199
 4801907
 5139496
 5599866
 5153119
 6281810
 5856657
 6568170
