# bitfield for header selection is:  0x4000
 dmperf
 61722050
 28137575
 32204850
 26844100
 28349925
 71477875
 27903075
 52599725
 53013325
 28685325
 28296800
 29159350
 27817500
 27494275
 30973225
 36397725
 92832875
 51720100
 26310225
 28367725
 30016500
 27486900
 29020075
 67493625
 79596150
 50224925
 27120775
 23399025
 15842675
 14101625
 15698825
 15416900
 14983450
 14012025
 17836100
 15658475
 15145875
 15455925
 16471050
 12027350
 15005950
 14881175
 15224600
 16492075
 16676600
 33619525
 29040850
 17290775
 14911650
 15159050
 16000925
 13449050
 14457725
 15613250
 16818350
 15525675
 18775525
 17280350
 19780275
