# bitfield for header selection is:  0x10000
 dtsc
 24959808366
 24960136281
 24961016730
 24960333157
 24960565236
 24960000037
 24959814213
 24960385570
 24959581760
 24960433046
 24959549062
 24960521093
 24959880746
 24960363581
 24959500244
 24960083821
 24959707594
 24960280913
 24959772870
 24960282766
 24959923658
 24959853998
 24959802672
 24960091357
 24960356570
 24960185949
 24960226334
 24960030290
 24960963353
 24959530440
 24959667232
 24959616728
 24959952696
 24959559714
 24960287820
 24959854993
 24960198344
 24960405441
 24959735410
 24959764322
 24959674118
 24959765009
 24960480261
 24961329668
 24960735772
 24960759106
 24960280073
 24960592658
 24960508873
 24960800970
 24959934172
 24959696092
 24959843838
 24960078568
 24960431320
 24959755344
 24959979395
 24959983340
 24960343285
