# bitfield for header selection is:  0x80000
 dmsrdata
 649892
 652075
 653651
 641377
 776732
 647514
 636819
 642928
 662405
 654335
 644054
 648078
 646150
 655681
 646663
 652279
 672391
 644632
 642754
 656395
 641626
 647821
 658504
 663151
 636327
 655463
 786316
 646860
 650699
 645771
 642767
 646555
 685457
 650213
 658156
 650293
 641905
 648593
 652038
 643459
 637894
 662072
 639321
 652212
 648072
 642754
 775447
 646137
 637493
 642081
 646633
 638762
 642164
 640952
 643012
 653694
 647317
 658327
 650670
