# bitfield for header selection is:  0x8000
 daperf
 85301
 22760
 22603
 22351
 109238
 617973
 25637
 24758
 138608
 25951
 506963
 78284
 121123
 28601
 30602
 115652
 224183
 309204
 6842769
 658796
 7164054
 635707
 6410191
 25802
 175778
 105367
 24017
 25509
 101219
 32409
 25176
 25904
 111502
 25942
 504866
 26714
 188064
 26154
 27269
 98618
 152277
 22835
 25640
 22672
 243281
 24800
 106947
 25558
 110081
 25149
 24785
 24381
 112100
 38550
 24691
 25639
 109158
 25271
 25512
 25330
 108126
 25380
 25425
 49871
 127117
 26160
 29413
 24832
 112519
 23373
 6267267
 685028
 151651
 63119
 25161
 699782
 6493888
 1503764
 6810025
 229273
 169762
 935544
 4912724
 121673
 179301
 39325
 25566
 212778
 8242074
 26823
 26423
 26496
 88450
 26829
 54482
 25743
 112530
 25948
 29359126
 25381
 89199
 37907
 26018
 26059
 651029
 25681
 110758
 25077
 109059
 7128378
 201933
 37988
 252451
 25768
 25177
 24585
 107486
 23923
 24809
 26889409
 104838
 25333
 25073
 25525
 234435
 26691
 24851
 25583
 75577
 7095780
 25672
 25656
 110950
 24891
 24596
 25778
 111192
 25521
 39882
 131971
 123955
 39034
 25366
 26421
 108864
 25110
 25472
 121355
 92724
 25173
 23165
 27335
 80644
 24646
 37516
 24556
 107964
 75465
 24378
 346796
 6848713
 838151
 6407509
 481928
 172368
 150946
 25601
 40633
 126481
 38470
 38749
 23979
 241332
 25190
 590490
 26714
 217360
 24914
 25456
 95550
 152295
 24390
 79579
 25074
 139404
 199213
 4827068
 35826
 169634
 37900
 24970
 25463
 1449210
 704450
 5855194
 41201
 185109
 17025
 25401
 24598
 103160
 25976
 4938000
 26133
 175797
 25512
 817273
 498024
 139645
 87379
 143859
 25410
 561983
 73739
 220487
 150830736
 52092476
 21881766
 913153
 821970
 933562
 818537
 29141
 823852
 885262
 1269687
 777656
 41674
 932260
 778043
 828937
 824150
 200620
 786571
 801243
 1558120
 900417
 28066
 932368
 761002
 894946
 790379
 25442
 803004
 969627
 784988
 760852
 25683
 996921
 929639
 1810504
 1016313
 250683
 1257351
 920265
 961321
 958358
 199637
 975735
 969553
 1036465
 991425
 284941
 1661899
 1066586
 999307
 969810
 203441
 1036191
 1508398
 973329
 963768
 276293
 973300
 1070007
 1529219
 1032577
 226216
 932976
 946860
 979117
 957796
 749894
 957987
 1058695
 1826317
 1132369
 395278
 1131064
 999960
 1003081
 970398
 284341
 966237
 1012068
 997252
 1056491
 273156
 1495949
 919574
 1389353
 1001096
 221381
 1019677
 1041761
 967316
 1005292
 733134
 1044789
 975317
 1011469
 959065
 311445
 1085429
 1000857
 1014142
 1188087
 201307
 981173
 1520455
 1013352
 995980
 131423
 944302
 1048579
 1069089
 1065548
 292951
 950140
 915059
 1015395
 869211
 519159
 1798757
 423416
 258475
 326382
 217651
 332044
 240589
 430093
 244293
 229174
 215058
 263615
 231222
 219086
 226414
 296330
 205101
 217752
 215256
 303817
 217939
 232234
 231474
 291908
 249789
 247472
 226176
 309756
 247004
 206338
 196488
 313797
 254935
 249423
 236630
 307312
 212081
 389850
 271479
 303686
 242349
 202795
 212357
 244037
 200398
 212516
 214322
 341108
 221205
 214829
 223821
 312610
 225469
 238768
 473876
 229724
 236855
 225083
 217769
 316737
 220561
 278819
 239815
 310869
 223592
 208173
 211036
 447007
 208091
 197978
 227462
 283083
 216194
 222606
 243229
 297202
 235890
 219597
 236932
 440308
 228839
 215301
 215088
 295858
 249223
 221827
 197611
 292861
 226528
 229095
 241855
 369216
 213810
 238484
 248259
 277071
 220060
 233614
 246121
 304501
 248446
 212828
 223581
 546019
 255239
 233002
 225019
 292063
 215295
 232396
 235600
 298008
 214461
 195085
 267677
 279369
 218222
 237066
 230807
 292854
 198996
 113862
 206656
 303945
 212303
 217025
 252453
 492438
 237715
 236959
 234781
 322163
 221630
 214385
 210888
 311409
 228699
 234060
 227033
 433767
 233282
 241453
 196404
 264774
 225136
 202385
 216426
 298151
 201999
 204632
 232294
 311972
 216420
 199031
 236296
 300554
 218136
 403243
 213947
 295528
 215385
 237884
 236045
 337837
 198064
 216404
 234357
 293211
 199240
 379036
 211181
 311672
 211973
 213823
 1004509
 352700
 205272
 238558
 203797
 377420
 213013
 339167
 220705
 323457
 206140
 223222
 218816
 209264
 215226
 347028
 207353
 430242
 244954
 464829
 194376
 387652
 279018
 177607
 218250
 285146
 201156
 214925
 223720
 338159
 214341
 439699
 224979
 321995
 250271
 334695
 213117
 551432
 238311
 480138
 226825
 355882
 280682
 335620
 239938
 431767
 226188
 247153
 225596
 273560
 211364
 232212
 200735
 277152
 227779
 280789
 221477
 296053
 216945
 226530
 233328
 325381
 190300
 213344
 254325
 325479
 304013
 458926
 210403
 346971
 232697
 234662
 170157
 712750
 935216
 6766196
 583847
 322669
 202889
 287485
 213162
 304025
 212652
 220689
 244039
 301322
 243542
 204510
 217041
 339931
 233385
 376196
