# bitfield for header selection is:  0x4000
 dmperf
 221300
 63300
 62800
 62100
 312200
 1923200
 71200
 68800
 393100
 72100
 1378400
 227400
 344200
 79500
 81700
 322300
 632700
 895600
 21178400
 1927800
 21347600
 1869000
 18145000
 71700
 503300
 301700
 66700
 70900
 292200
 83400
 70000
 72000
 314500
 70500
 1468700
 66800
 535400
 72600
 73100
 279400
 448100
 68200
 71200
 66000
 700100
 74100
 307900
 73900
 318800
 72800
 74400
 70700
 328000
 117400
 68500
 71200
 310900
 70200
 70900
 70400
 308400
 70500
 70600
 138500
 380900
 72700
 81600
 69100
 320700
 62300
 19493300
 2105200
 453900
 188500
 69800
 2063000
 20191500
 4340000
 21126600
 646300
 502300
 2692700
 15338100
 345300
 529200
 109200
 71000
 318000
 22707000
 69600
 70800
 68700
 253600
 74500
 159800
 71600
 321700
 72100
 68933700
 66000
 255100
 105400
 72200
 72400
 1870400
 71300
 318000
 69600
 314100
 20899700
 617100
 118700
 571100
 71600
 72800
 76900
 315800
 74700
 74300
 70090000
 321800
 76000
 69800
 70800
 597900
 74200
 69000
 71200
 209900
 21723700
 71400
 71200
 315900
 69200
 68400
 71500
 318000
 71000
 110700
 375800
 352200
 108400
 70500
 70800
 308600
 69800
 70800
 263100
 253000
 69900
 64300
 75900
 222900
 68500
 104300
 68200
 328500
 219400
 67600
 983300
 21251200
 2482700
 19903400
 1446000
 511100
 428100
 71000
 113000
 358700
 106800
 110500
 72000
 691500
 70000
 1691600
 74200
 621800
 69200
 70700
 272400
 453400
 76300
 248700
 75200
 404900
 595200
 14786300
 108700
 503300
 105300
 69400
 70700
 4191200
 2040100
 18229200
 114500
 544100
 46300
 68700
 73900
 294100
 72100
 14698000
 69800
 498800
 70900
 2368700
 1444400
 395900
 242700
 436700
 70600
 1530700
 214400
 508000
 244106600
 91767100
 43859300
 2566500
 2290100
 2444100
 2281900
 81100
 2295300
 2473200
 3666000
 2299200
 115700
 2606500
 2417400
 2309100
 2296200
 573900
 2192100
 2233000
 4526400
 2773400
 78000
 2410300
 2369100
 2500500
 2201900
 70700
 2237800
 2715100
 2187000
 2368700
 71300
 2771600
 2853200
 5022000
 2853100
 726800
 3672900
 2573700
 2713600
 2678300
 586200
 2883200
 2735600
 2913500
 2757800
 788900
 4996100
 2991300
 2825000
 2714900
 599300
 2708500
 4651800
 2724500
 2695100
 813100
 2749900
 3281700
 4376700
 2713400
 622500
 2614400
 2925600
 2988800
 2664300
 2219800
 2683800
 2969400
 5372400
 3132300
 1128700
 3188300
 2796700
 2767600
 2726500
 812600
 2703500
 2835200
 2746900
 2941500
 744900
 3921100
 2554600
 3973000
 2751600
 628900
 2854100
 2906700
 2497400
 2808500
 2232400
 2747800
 2974100
 2809700
 2691300
 897100
 3048400
 2961700
 2832200
 3170000
 569600
 1642700
 4386900
 2881000
 2797400
 372100
 2644100
 2942800
 3060300
 2831200
 787700
 2930900
 2330900
 2567100
 2143400
 1524700
 5535800
 1228800
 793000
 929700
 619000
 942600
 700100
 1202800
 684200
 651600
 611600
 766600
 684800
 599700
 642500
 847000
 566900
 602200
 596200
 847700
 620300
 659000
 657400
 832300
 684600
 679200
 642800
 903100
 678400
 568500
 560300
 935000
 724200
 708100
 671100
 902400
 603900
 1062700
 746400
 883600
 687800
 580200
 613700
 694300
 566100
 626900
 611100
 1022900
 637400
 613600
 639000
 904100
 656900
 688600
 1094000
 681000
 689900
 641600
 664100
 900500
 653200
 801500
 701400
 882900
 662400
 620100
 624300
 1248800
 616600
 587200
 645700
 808700
 666900
 658500
 668100
 828600
 669500
 604100
 671900
 1223600
 649700
 611400
 588300
 841600
 684900
 610500
 548800
 859100
 619400
 632200
 687400
 1041900
 609300
 677000
 703500
 811500
 608400
 639300
 697600
 862300
 681500
 605600
 636000
 1411800
 707700
 654000
 645700
 836000
 613700
 716600
 677500
 856600
 611000
 578900
 732000
 782900
 613000
 673900
 631000
 857600
 600800
 320900
 610100
 866500
 626100
 639000
 715100
 1443500
 700900
 675700
 692300
 943300
 629700
 632600
 650500
 888300
 649500
 663900
 640900
 1222300
 662400
 654500
 592500
 789200
 639400
 576500
 615100
 850400
 532700
 580500
 659500
 917100
 617600
 559400
 669900
 878000
 607400
 1152100
 612600
 841800
 613200
 675200
 668700
 969900
 562600
 618200
 647500
 818900
 568200
 1034000
 612700
 890500
 614100
 609100
 3101000
 1009100
 569000
 678100
 560300
 1077900
 609900
 1002700
 640200
 896300
 597500
 637900
 622000
 579900
 613000
 1022800
 616100
 1220400
 724300
 1252600
 598500
 1092500
 835300
 527200
 634300
 796200
 572500
 612100
 662200
 946600
 612400
 1050600
 639200
 896700
 684200
 960900
 606500
 1584600
 644300
 1385600
 669000
 1018600
 800300
 844000
 707800
 1232400
 596600
 712500
 640900
 822500
 617800
 659100
 572400
 809900
 646600
 736200
 639000
 851600
 617200
 647600
 672300
 927800
 537700
 611200
 720000
 932600
 843500
 1271800
 597600
 986400
 660300
 661900
 455000
 2052700
 2768500
 21070400
 1689700
 932200
 578500
 806100
 628600
 894700
 655800
 626000
 716600
 854700
 688100
 577000
 618500
 957800
 689500
 1042500
