# bitfield for header selection is:  0x80000
 dmsrdata
 72055
 64943
 64525
 63357
 62945
 67438
 65000
 63363
 65604
 62932
 65584
 62892
 66473
 64326
 63600
 67788
 66850
 68559
 65796
 62904
 65120
 63136
 65145
 63735
 64347
 62927
 64335
 65145
 82894
 62007
 65539
 62891
 64170
 63241
 64370
 62742
 64886
 62648
 69495
 62070
 65636
 62905
 64807
 62458
 63861
 63711
 65813
 62959
 64475
 63143
 64472
 64468
 64631
 63877
 64676
 62987
 63674
 62809
 64813
 62240
 64453
 71540
 64542
 62834
 66946
 62428
 64325
 65936
 64473
 63127
 65182
 63536
 65918
 62858
 63883
 62035
 64240
 76735
 66040
 63593
 64220
 63626
 63708
 63799
 64817
 63211
 72517
 64870
 65986
 62892
 64305
 62811
 64001
 67133
 64903
 62358
 66618
 63450
 69978
 63415
 64034
 64245
 65878
 63610
 64852
 63870
 64708
 63251
 65100
 63942
 64445
 64169
 65040
 62736
 65152
 63182
 65067
 65298
 75015
 78591
 65254
 64885
 66442
 64121
 67464
 64003
 64249
 63939
 66395
 64766
 64566
 63208
 63873
 63799
 64950
 62711
 63667
 68236
 64323
 63181
 65081
 63666
 63891
 63670
 68761
 63374
 64750
 64669
 64092
 65800
 69166
 62637
 65068
 63488
 64235
 62259
 64462
 63668
 68789
 70289
 65298
 63560
 65640
 63068
 64438
 64994
 65506
 63544
 65154
 65488
 64148
 64981
 65575
 63359
 65069
 62150
 64278
 63941
 63992
 62764
 65237
 63445
 68078
 64013
 64361
 63431
 64812
 63171
 64367
 67090
 65144
 62994
 67918
 66659
 64794
 67538
 65041
 101418
 66571
 62945
 63744
 63088
 66947
 62780
 66345
 63276
 65472
 68491
 63710
 67432
 63963
 62794
 63759
 64164
 66598
 138456
 125294
 93673
 64152
 70054
 67221
 63692
 65357
 64504
 64422
 64606
 67290
 63488
 69856
 63754
 65531
 68924
 64837
 62969
 69224
 64683
 68041
 63069
 65584
 63145
 65910
 63620
 77724
 63176
 65099
 63467
 63655
 62933
 65113
 78389
 67593
 65514
 66406
 65626
 63844
 66795
 66875
 66487
 64464
 63296
 64563
 63899
 65570
 64089
 66398
 63892
 65295
 62986
 64789
 65033
 68446
 63386
 64196
 63662
 66534
 63864
 66305
 63932
 69661
 62970
 64181
 63672
 65390
 63191
 64155
 71362
 66483
 63177
 68046
 63200
 64583
 62949
 63353
 65727
 64716
 68215
 65678
 63329
 76138
 67432
 69675
 66108
 64182
 68074
 69421
 70718
 69707
 68901
 64820
 65915
 63147
 62709
 66735
 64740
 64599
 68092
 70200
 64211
 65109
 64493
 64744
 63305
 64377
 62826
 65101
 65358
 64832
 65614
 85819
 99466
 94239
 93395
 78399
 64139
 63456
 62728
 64289
 63145
 78491
 72718
 65875
 63684
 64932
 63203
 64941
 63282
 65285
 62770
 65069
 64622
 63510
 62921
 64223
 62449
 64459
 63188
 63843
 63106
 64319
 77601
 65715
 63377
 63956
 62681
 68221
 63033
 64792
 62181
 64197
 64025
 67950
 63015
 65786
 62442
 67043
 62354
 68139
 63886
 64322
 62639
 65164
 63358
 64788
 63182
 65239
 63324
 72356
 64124
 64303
 64567
 65276
 62242
 68063
 63622
 64015
 63206
 64495
 62921
 64285
 77477
 65094
 63849
 64884
 63032
 64750
 63795
 64025
 63185
 67803
 65701
 63879
 62740
 64992
 63025
 65227
 62927
 63506
 63027
 63804
 77561
 65001
 63501
 64630
 62847
 65872
 63461
 65194
 64937
 68121
 63459
 67480
 62766
 66506
 63205
 63540
 65418
 72622
 63406
 64902
 63991
 63912
 62857
 63945
 62606
 64544
 68249
 65340
 64274
 69301
 62582
 68795
 63030
 63513
 62236
 63642
 62435
 65291
 63066
 64050
 69222
 67038
 63333
 64574
 61927
 65535
 63720
 65006
 62335
 64167
 62829
 66744
 63089
 69168
 62910
 64052
 62956
 63517
 63437
 63933
 62919
 65302
 71320
 63868
 63989
 64088
 63153
 64990
 62691
 63902
 72736
 66234
 62677
 67839
 64586
 67182
 63373
 68596
 65068
 68982
 63020
 64132
 63368
 66384
 63314
 65325
 63344
 64986
 65945
 65918
 76240
 64156
 63837
 63924
 62720
 69532
 61987
 65116
 63100
 63561
 66826
 64322
 63838
 64296
 63014
 64566
 62857
 69909
 63656
 65928
 64472
 68127
 62772
 64495
 63768
 67728
 63866
 65699
 63756
 65506
 63664
 74685
 72883
 64925
 62662
 64136
 64093
 65393
 63031
 64191
 63333
 67624
 62538
 65526
 64593
 63531
 62934
 74472
 61648
 70446
 62720
 64443
 63092
 65962
 63330
 65700
 64115
 63508
 62649
 64384
 65622
 63953
 62922
 62858
 63002
 66572
 62463
 64806
 62664
 72024
 69796
 64025
 62840
 64221
 62924
 63667
 69314
 65875
 63153
 64895
 63105
 65559
 64942
 63515
 63228
 64775
 64680
 65600
 62895
 70002
