# bitfield for header selection is:  0x8000
 daperf
 2155101
 2338530
 2334668
 2060251
 2241395
 2629817
 2364211
 2251231
 2075743
 2010765
 2279985
 2059734
 2215158
 2194957
 2365931
 1559398
 290302
 190611
 244128
 317061
 5020324
 372086
 6411208
 248164
 371654
 183551
 1136406
 15852398
 1197556
 489858
 1554766
 2110292
 22711566
 375082
 467880
 10480303
 433040
 547532
 610443
 1639122
 1023445
 551651
 687496
 364429
 498361
 659388
 926592
 419242
 5696732
 5019371
 640767
 315701
 737411
 410263
 8150406
 607784
 562324
 793814
 1377648
