# bitfield for header selection is:  0x4000
 dmperf
 6067300
 6677700
 6638800
 5780200
 6408400
 7579400
 6752900
 6447900
 5591100
 5479900
 6346300
 5831600
 6317800
 6194700
 6461200
 4463400
 791900
 543100
 684900
 659000
 13122400
 791800
 17980500
 714800
 953400
 505200
 3178700
 44235400
 3447200
 1115700
 4379700
 5891400
 63291400
 1027300
 1391500
 29001500
 1271500
 1482300
 1722700
 4788600
 2665100
 1613500
 1849500
 1028500
 1373600
 1859000
 2676100
 1218800
 17354700
 12926900
 1579100
 877300
 1810000
 1166700
 24785600
 1479300
 1475200
 2191500
 3901700
