# bitfield for header selection is:  0x80000
 dmsrdata
 652547
 655890
 674757
 640253
 642254
 649362
 643184
 650488
 706349
 720016
 642181
 653704
 638154
 644517
 642481
 640883
 648219
 637416
 634595
 646882
 664162
 643553
 638410
 643766
 642856
 646523
 645764
 649090
 665545
 652421
 641548
 774044
 677598
 645721
 644349
 649399
 649414
 653499
 647645
 661928
 637667
 644709
 647342
 649230
 700479
 648224
 646143
 648580
 645498
 659313
 644003
 646452
 640373
 640049
 649159
 648703
 647817
 643364
 649335
